wandb: [wandb.login()] Loaded credentials for https://api.wandb.ai from WANDB_API_KEY.
wandb: Currently logged in as: pjh6029 (pjh6029-seoul-national-university) to https://api.wandb.ai. Use `wandb login --relogin` to force relogin
wandb: setting up run coo38865
wandb: Tracking run with wandb version 0.27.0
wandb: Run data is saved locally in outputs/wandb/wandb/run-20260529_062658-coo38865
wandb: Run `wandb offline` to turn off syncing.
wandb: Syncing run g005_idm_temporal_masked_diffusion_raw96_patch_axisclass_prefix80k
wandb: ‚≠źÔłŹ View project at https://wandb.ai/pjh6029-seoul-national-university/fdm-d2e-reproduction
wandb: ūüöÄ View run at https://wandb.ai/pjh6029-seoul-national-university/fdm-d2e-reproduction/runs/coo38865
wandb: WARNING Tried to log to step 1 that is less than the current step 45. Steps must be monotonically increasing, so this data will be ignored. See https://wandb.me/define-metric to log data out of order.
wandb: WARNING Tried to log to step 2 that is less than the current step 45. Steps must be monotonically increasing, so this data will be ignored. See https://wandb.me/define-metric to log data out of order.
wandb: WARNING Tried to log to step 3 that is less than the current step 45. Steps must be monotonically increasing, so this data will be ignored. See https://wandb.me/define-metric to log data out of order.
wandb: WARNING Tried to log to step 4 that is less than the current step 45. Steps must be monotonically increasing, so this data will be ignored. See https://wandb.me/define-metric to log data out of order.
wandb: updating run metadata
wandb: uploading output.log; uploading wandb-summary.json; uploading config.yaml
wandb: uploading history steps 64-64, summary
wandb: 
wandb: Run history:
wandb:        gpu/0/memory_used_mib ‚ĖĀ‚ĖĀ‚ĖÖ‚ĖÖ‚ĖÖ‚ĖÖ‚ĖÜ‚ĖÜ‚ĖÜ‚ĖÜ‚ĖÜ‚ĖÜ‚ĖÜ‚ĖÜ‚ĖÜ‚ĖÜ‚ĖÜ‚ĖÜ‚ĖÜ‚ĖÜ‚ĖÜ‚ĖÜ‚ĖÜ‚ĖÜ‚ĖÜ‚ĖÜ‚ĖÜ‚ĖÜ‚Ėą‚Ėą‚Ėą‚Ėą‚Ėą‚Ėą‚Ėą‚Ėą‚Ėą‚Ėą‚Ėą‚Ėą
wandb:           gpu/0/power_draw_w ‚ĖÖ‚ĖĄ‚ĖÖ‚ĖÖ‚ĖĄ‚ĖÖ‚ĖĄ‚ĖĄ‚Ėá‚Ėá‚Ėá‚Ėá‚ĖÜ‚Ėą‚Ėá‚ĖÜ‚Ėá‚Ėá‚Ėá‚Ėą‚Ėą‚ĖÜ‚ĖÜ‚Ėá‚Ėá‚Ėá‚Ėá‚Ėá‚Ėá‚Ėá‚Ėā‚ĖĀ‚ĖĀ‚ĖĀ‚ĖÖ‚ĖÖ‚ĖÖ‚ĖĀ‚ĖÖ‚ĖÉ
wandb:    gpu/0/utilization_gpu_pct ‚ĖĀ‚ĖĀ‚ĖÉ‚ĖÉ‚ĖÉ‚ĖÉ‚ĖÉ‚ĖÉ‚Ėą‚ĖÖ‚ĖĄ‚ĖÖ‚ĖÖ‚ĖÖ‚ĖÖ‚ĖÖ‚ĖÖ‚ĖÖ‚ĖÜ‚Ėā‚Ėą‚ĖÜ‚Ėá‚ĖÖ‚Ėá‚ĖÖ‚ĖÖ‚ĖĀ‚ĖĀ‚ĖĀ‚ĖĀ‚ĖĀ‚ĖĀ‚ĖÖ‚ĖĀ‚ĖĀ‚ĖĄ‚ĖĀ‚Ėá‚ĖĀ
wandb: gpu/0/utilization_memory_pct ‚ĖĀ‚ĖÉ‚ĖĄ‚ĖÖ‚ĖÉ‚ĖĄ‚ĖÉ‚Ėá‚ĖÉ‚ĖĄ‚ĖÖ‚ĖÉ‚ĖÖ‚ĖÖ‚ĖÖ‚ĖÖ‚ĖÖ‚ĖÖ‚ĖÖ‚ĖÖ‚Ėą‚ĖÜ‚Ėá‚ĖÖ‚ĖÖ‚ĖÖ‚ĖÖ‚ĖĀ‚ĖĀ‚ĖĀ‚ĖĀ‚Ėá‚Ėá‚ĖĀ‚ĖÜ‚ĖĀ‚ĖĀ‚ĖĄ‚ĖĀ‚ĖĀ
wandb:               rank/0/batches ‚ĖĀ‚ĖĀ‚ĖĀ‚ĖĀ‚ĖĀ‚ĖĀ‚ĖĀ‚ĖĀ‚ĖĀ‚ĖĀ‚ĖĀ‚ĖĀ‚ĖĀ‚ĖĀ‚ĖĀ‚ĖĀ‚ĖĀ‚ĖĀ‚ĖĀ‚ĖĀ‚ĖĀ‚ĖĀ‚ĖĀ‚ĖĀ‚ĖĀ‚ĖĀ‚ĖĀ‚ĖĀ‚ĖĀ‚ĖĀ‚ĖĀ‚ĖĀ‚ĖĀ‚ĖĀ‚ĖĀ‚ĖĀ‚ĖĀ‚ĖĀ‚ĖĀ‚ĖĀ
wandb:              rank/0/examples ‚Ėā‚ĖÉ‚ĖÖ‚ĖÜ‚Ėą‚ĖÉ‚ĖÜ‚Ėą‚Ėā‚ĖÉ‚ĖÜ‚Ėá‚Ėá‚ĖĀ‚ĖĄ‚ĖÖ‚ĖÜ‚Ėá‚Ėā‚ĖÉ‚ĖÖ‚ĖÜ‚Ėá‚Ėą‚ĖĀ‚ĖÖ‚ĖÜ‚Ėą‚Ėą‚Ėą‚Ėą‚Ėą‚Ėą‚Ėą‚Ėą‚Ėą‚Ėą‚Ėą‚Ėą‚Ėą
wandb:     rank/0/heartbeat_age_sec ‚ĖĀ‚ĖĀ‚ĖĀ‚ĖĀ‚ĖĀ‚ĖĀ‚ĖĀ‚ĖĀ‚ĖĀ‚ĖĀ‚ĖĀ‚ĖĀ‚ĖĀ‚ĖĀ‚ĖĀ‚ĖĀ‚ĖĀ‚ĖĀ‚ĖĀ‚ĖĀ‚ĖĀ‚ĖĀ‚ĖĀ‚ĖĀ‚ĖĀ‚ĖĀ‚ĖĀ‚ĖĀ‚ĖĀ‚ĖĀ‚ĖĀ‚ĖĀ‚Ėā‚Ėā‚ĖĄ‚ĖÜ‚Ėá‚Ėá‚Ėá‚Ėą
wandb:                  rank/0/loss ‚ĖĀ‚ĖĀ‚ĖĀ‚ĖĀ‚ĖĀ‚ĖĀ‚ĖĀ‚Ėą‚Ėá‚Ėá‚Ėá‚ĖÜ‚ĖÜ‚ĖÖ‚ĖÖ‚ĖÖ‚ĖÖ‚ĖÜ‚ĖÖ‚ĖÖ‚ĖÖ‚ĖÖ‚ĖÖ‚ĖĄ‚ĖĄ‚ĖĄ‚ĖĄ‚ĖĄ‚ĖĄ‚ĖĄ‚ĖĄ‚ĖĄ‚ĖĄ‚ĖĄ‚ĖĄ‚ĖĄ‚ĖĄ‚ĖĄ‚ĖĄ‚ĖĄ
wandb:                 sidecar/loop ‚ĖĀ‚ĖĀ‚ĖĀ‚ĖĀ‚ĖĀ‚Ėā‚Ėā‚Ėā‚Ėā‚Ėā‚ĖÉ‚ĖÉ‚ĖÉ‚ĖÉ‚ĖÉ‚ĖÉ‚ĖĄ‚ĖĄ‚ĖĄ‚ĖĄ‚ĖĄ‚ĖÖ‚ĖÖ‚ĖÖ‚ĖÖ‚ĖÖ‚ĖÖ‚ĖÖ‚ĖÜ‚ĖÜ‚ĖÜ‚ĖÜ‚ĖÜ‚Ėá‚Ėá‚Ėá‚Ėá‚Ėą‚Ėą‚Ėą
wandb:                 sidecar/time ‚ĖĀ‚ĖĀ‚ĖĀ‚ĖĀ‚ĖĀ‚Ėā‚Ėā‚Ėā‚Ėā‚ĖÉ‚ĖÉ‚ĖÉ‚ĖÉ‚ĖÉ‚ĖĄ‚ĖĄ‚ĖĄ‚ĖĄ‚ĖĄ‚ĖĄ‚ĖÖ‚ĖÖ‚ĖÖ‚ĖÖ‚ĖÖ‚ĖÜ‚ĖÜ‚ĖÜ‚ĖÜ‚ĖÜ‚ĖÜ‚Ėá‚Ėá‚Ėá‚Ėá‚Ėá‚Ėą‚Ėą‚Ėą‚Ėą
wandb: 
wandb: Run summary:
wandb:        gpu/0/memory_used_mib 5741
wandb:           gpu/0/power_draw_w 162.15
wandb:    gpu/0/utilization_gpu_pct 0
wandb: gpu/0/utilization_memory_pct 0
wandb:               rank/0/batches 2438
wandb:              rank/0/examples 78000
wandb:     rank/0/heartbeat_age_sec 581.42504
wandb:                  rank/0/loss 12.35201
wandb:                 sidecar/loop 65
wandb:                 sidecar/time 1780037942.43086
wandb: 
wandb: ūüöÄ View run g005_idm_temporal_masked_diffusion_raw96_patch_axisclass_prefix80k at: https://wandb.ai/pjh6029-seoul-national-university/fdm-d2e-reproduction/runs/coo38865
wandb: ‚≠źÔłŹ View project at: https://wandb.ai/pjh6029-seoul-national-university/fdm-d2e-reproduction
wandb: Synced 5 W&B file(s), 0 media file(s), 0 artifact file(s) and 0 other file(s)
wandb: Find logs at: outputs/wandb/wandb/run-20260529_062658-coo38865/logs
