wandb: [wandb.login()] Loaded credentials for https://api.wandb.ai from WANDB_API_KEY.
wandb: Currently logged in as: pjh6029 (pjh6029-seoul-national-university) to https://api.wandb.ai. Use `wandb login --relogin` to force relogin
wandb: setting up run eoogvkyp
wandb: Tracking run with wandb version 0.27.0
wandb: Run data is saved locally in outputs/wandb/wandb/run-20260529_141111-eoogvkyp
wandb: Run `wandb offline` to turn off syncing.
wandb: Syncing run g005-frozen-frame-embedding-prefix320k
wandb: ⭐️ View project at https://wandb.ai/pjh6029-seoul-national-university/fdm-d2e-reproduction
wandb: 🚀 View run at https://wandb.ai/pjh6029-seoul-national-university/fdm-d2e-reproduction/runs/eoogvkyp
wandb: uploading data; updating run metadata
wandb: uploading history steps 2-4, summary
wandb: WARNING Tried to log to step 1 that is less than the current step 2. Steps must be monotonically increasing, so this data will be ignored. See https://wandb.me/define-metric to log data out of order.
wandb: 
wandb: Run history:
wandb:        gpu/0/memory_used_mib ▁▃█
wandb:           gpu/0/power_draw_w ▁██
wandb:    gpu/0/utilization_gpu_pct ▁▁█
wandb: gpu/0/utilization_memory_pct ▁▁▁
wandb:        gpu/1/memory_used_mib ▁█▁
wandb:           gpu/1/power_draw_w ▁▆█
wandb:    gpu/1/utilization_gpu_pct ▁▁▁
wandb: gpu/1/utilization_memory_pct ▁▁▁
wandb:        gpu/2/memory_used_mib ▁█▁
wandb:           gpu/2/power_draw_w ▁██
wandb:                          +29 ...
wandb: 
wandb: Run summary:
wandb:        gpu/0/memory_used_mib 1857
wandb:           gpu/0/power_draw_w 120.85
wandb:    gpu/0/utilization_gpu_pct 2
wandb: gpu/0/utilization_memory_pct 0
wandb:        gpu/1/memory_used_mib 4
wandb:           gpu/1/power_draw_w 121
wandb:    gpu/1/utilization_gpu_pct 0
wandb: gpu/1/utilization_memory_pct 0
wandb:        gpu/2/memory_used_mib 4
wandb:           gpu/2/power_draw_w 123.27
wandb:                          +29 ...
wandb: 
wandb: 🚀 View run g005-frozen-frame-embedding-prefix320k at: https://wandb.ai/pjh6029-seoul-national-university/fdm-d2e-reproduction/runs/eoogvkyp
wandb: ⭐️ View project at: https://wandb.ai/pjh6029-seoul-national-university/fdm-d2e-reproduction
wandb: Synced 4 W&B file(s), 0 media file(s), 0 artifact file(s) and 0 other file(s)
wandb: Find logs at: outputs/wandb/wandb/run-20260529_141111-eoogvkyp/logs
