Using CPython 3.11.11 interpreter at: /opt/conda/bin/python3
Creating virtual environment at: .venv
   Building fdm-d2e @ file:///mnt/ddn/prod-runs/jeonghunpark/code/continuous-gui-poc/fdm-d2e-reproduction-code-20b0451
      Built fdm-d2e @ file:///mnt/ddn/prod-runs/jeonghunpark/code/continuous-gui-poc/fdm-d2e-reproduction-code-20b0451
warning: Failed to hardlink files; falling back to full copy. This may lead to degraded performance.
         If the cache and target directories are on different filesystems, hardlinking may not be supported.
         If this is intentional, set `export UV_LINK_MODE=copy` or use `--link-mode=copy` to suppress this warning.
Installed 1 package in 45ms
wandb: [wandb.login()] Loaded credentials for https://api.wandb.ai from WANDB_API_KEY.
wandb: Currently logged in as: pjh6029 (pjh6029-seoul-national-university) to https://api.wandb.ai. Use `wandb login --relogin` to force relogin
wandb: setting up run 1aphyal5
wandb: Tracking run with wandb version 0.27.0
wandb: Run data is saved locally in outputs/wandb/wandb/run-20260527_153439-1aphyal5
wandb: Run `wandb offline` to turn off syncing.
wandb: Syncing run g005-context-dropout-closed-loop-prefix320k-2gpu
wandb: ⭐️ View project at https://wandb.ai/pjh6029-seoul-national-university/fdm-d2e-reproduction
wandb: 🚀 View run at https://wandb.ai/pjh6029-seoul-national-university/fdm-d2e-reproduction/runs/1aphyal5
wandb: WARNING Tried to log to step 1 that is less than the current step 34. Steps must be monotonically increasing, so this data will be ignored. See https://wandb.me/define-metric to log data out of order.
wandb: WARNING Tried to log to step 2 that is less than the current step 34. Steps must be monotonically increasing, so this data will be ignored. See https://wandb.me/define-metric to log data out of order.
wandb: WARNING Tried to log to step 3 that is less than the current step 34. Steps must be monotonically increasing, so this data will be ignored. See https://wandb.me/define-metric to log data out of order.
wandb: WARNING Tried to log to step 4 that is less than the current step 34. Steps must be monotonically increasing, so this data will be ignored. See https://wandb.me/define-metric to log data out of order.
wandb: updating run metadata
wandb: uploading output.log; uploading wandb-summary.json; uploading config.yaml
wandb: 
wandb: Run history:
wandb:        gpu/0/memory_used_mib ▁▁▁▁▁▁▁▁▁▁▁▁▁▁▁▁▁▂▂▂▂██████████████████▁
wandb:           gpu/0/power_draw_w ▁▁▁▁▁▁▁▁▁▁▁▁▁▁▁▁▁▇▇▇███████████████████▁
wandb:    gpu/0/utilization_gpu_pct ▁▁▁▁▁▁▁▁▁▁▁▁▁▁▁▁▁▁▁▁▁▆███████▆▆▆▆██████▁
wandb: gpu/0/utilization_memory_pct ▁▁▁▁▁▁▁▁▁▁▁▁▁▁▁▁▁▁▁▁▁▁▁▁▁▁▁▁▁▁▁▁▁▁▁▁▁▁▁▁
wandb:        gpu/1/memory_used_mib ▁▁▁▁▁▁▁▁▁▁▁▄▄▄███▁▁▁▁▁▁▁▁▁▁▁▁▁▁▁▁▁▁▁▁▁▁▁
wandb:           gpu/1/power_draw_w ▁▁▁▁▁▁▁▁▁▁▁▁▁▁▁█████▁▁▁▁▁▁▁▁▁▁▁▁▁▁▁▁▁▁▁▁
wandb:    gpu/1/utilization_gpu_pct ▁▁▁▁▁▁▁▁▁▁▁▁▁▁▁▁▁▁▁██▁▁▁▁▁▁▁▁▁▁▁▁▁▁▁▁▁▁▁
wandb: gpu/1/utilization_memory_pct ▁▁▁▁▁▁▁▁▁▁▁▁▁▁▁▁▁▁▁▁▁▁▁▁▁▁▁▁▁▁▁▁▁▁▁▁▁▁▁▁
wandb:               rank/0/batches ▁▁▁▁▁▁▁▁▁▁▁▁▁▁▁▁▁▁▁▁▁▁▁▁▁▁▁▁▁▁▁▁▁▁▁▁▁▁▁▁
wandb:              rank/0/examples ▁▁▁▁▁▁▁▁▁▁▁▁▁▁▁▁▁▁▁▁▁▁▁▁▁▁▁▁▁▁▁▁▁▁▁▁▁▁▁▁
wandb:                           +8 ...
wandb: 
wandb: Run summary:
wandb:        gpu/0/memory_used_mib 0
wandb:           gpu/0/power_draw_w 80.16
wandb:    gpu/0/utilization_gpu_pct 0
wandb: gpu/0/utilization_memory_pct 0
wandb:        gpu/1/memory_used_mib 0
wandb:           gpu/1/power_draw_w 77.43
wandb:    gpu/1/utilization_gpu_pct 0
wandb: gpu/1/utilization_memory_pct 0
wandb:               rank/0/batches 1
wandb:              rank/0/examples 4096
wandb:                           +8 ...
wandb: 
wandb: 🚀 View run g005-context-dropout-closed-loop-prefix320k-2gpu at: https://wandb.ai/pjh6029-seoul-national-university/fdm-d2e-reproduction/runs/1aphyal5
wandb: ⭐️ View project at: https://wandb.ai/pjh6029-seoul-national-university/fdm-d2e-reproduction
wandb: Synced 5 W&B file(s), 0 media file(s), 0 artifact file(s) and 0 other file(s)
wandb: Find logs at: outputs/wandb/wandb/run-20260527_153439-1aphyal5/logs
