wandb: [wandb.login()] Loaded credentials for https://api.wandb.ai from WANDB_API_KEY_REDACTED.
wandb: Currently logged in as: pjh6029 (pjh6029-seoul-national-university) to https://api.wandb.ai. Use `wandb login --relogin` to force relogin
wandb: setting up run 4a1vn49s
wandb: Tracking run with wandb version 0.27.0
wandb: Run data is saved locally in outputs/wandb/wandb/run-20260529_053137-4a1vn49s
wandb: Run `wandb offline` to turn off syncing.
wandb: Syncing run g005_idm_temporal_masked_diffusion_raw96_patch_metricbins_prefix80k
wandb: ‚≠źÔłŹ View project at https://wandb.ai/pjh6029-seoul-national-university/fdm-d2e-reproduction
wandb: ūüöÄ View run at https://wandb.ai/pjh6029-seoul-national-university/fdm-d2e-reproduction/runs/4a1vn49s
wandb: WARNING Tried to log to step 1 that is less than the current step 49. Steps must be monotonically increasing, so this data will be ignored. See https://wandb.me/define-metric to log data out of order.
wandb: WARNING Tried to log to step 2 that is less than the current step 49. Steps must be monotonically increasing, so this data will be ignored. See https://wandb.me/define-metric to log data out of order.
wandb: WARNING Tried to log to step 3 that is less than the current step 49. Steps must be monotonically increasing, so this data will be ignored. See https://wandb.me/define-metric to log data out of order.
wandb: WARNING Tried to log to step 4 that is less than the current step 49. Steps must be monotonically increasing, so this data will be ignored. See https://wandb.me/define-metric to log data out of order.
wandb: updating run metadata
wandb: uploading output.log; uploading wandb-summary.json; uploading config.yaml
wandb: uploading history steps 66-66, summary
wandb: 
wandb: Run history:
wandb:        gpu/0/memory_used_mib ‚ĖĀ‚ĖĀ‚ĖÖ‚ĖÖ‚ĖÖ‚ĖÖ‚ĖÜ‚ĖÜ‚ĖÜ‚ĖÜ‚ĖÜ‚ĖÜ‚ĖÜ‚ĖÜ‚ĖÜ‚ĖÜ‚ĖÜ‚ĖÜ‚ĖÜ‚ĖÜ‚ĖÜ‚ĖÜ‚ĖÜ‚ĖÜ‚ĖÜ‚ĖÜ‚ĖÜ‚ĖÜ‚ĖÜ‚Ėą‚Ėą‚Ėą‚Ėą‚Ėą‚Ėą‚Ėą‚Ėą‚Ėą‚Ėą‚Ėą
wandb:           gpu/0/power_draw_w ‚ĖĀ‚ĖĀ‚ĖÖ‚ĖÖ‚ĖÖ‚ĖÖ‚ĖÖ‚ĖÖ‚Ėą‚Ėá‚Ėá‚Ėá‚Ėá‚Ėą‚Ėá‚Ėá‚Ėá‚Ėą‚Ėá‚Ėá‚Ėá‚Ėá‚Ėą‚Ėą‚Ėą‚Ėá‚Ėá‚Ėá‚Ėá‚Ėá‚ĖÉ‚ĖÜ‚ĖÉ‚ĖÜ‚ĖÜ‚ĖÉ‚ĖÉ‚ĖÉ‚ĖÉ‚ĖĄ
wandb:    gpu/0/utilization_gpu_pct ‚ĖĀ‚ĖĀ‚ĖÖ‚ĖÉ‚ĖÖ‚ĖÜ‚ĖÖ‚ĖÖ‚Ėá‚ĖÉ‚Ėá‚Ėá‚Ėá‚Ėą‚Ėá‚ĖÖ‚ĖÖ‚Ėá‚Ėá‚Ėá‚ĖÜ‚Ėá‚Ėá‚ĖÜ‚Ėą‚Ėą‚Ėá‚ĖÉ‚ĖĀ‚ĖĀ‚ĖĀ‚ĖĀ‚ĖĀ‚ĖĀ‚ĖĀ‚ĖĀ‚ĖĀ‚ĖÉ‚ĖÉ‚Ėá
wandb: gpu/0/utilization_memory_pct ‚ĖĀ‚ĖĀ‚ĖÜ‚ĖĄ‚ĖÖ‚ĖÖ‚ĖÜ‚ĖÜ‚ĖÖ‚ĖÜ‚Ėá‚Ėá‚ĖÜ‚ĖĄ‚ĖÜ‚Ėą‚ĖÜ‚Ėá‚ĖĄ‚ĖÖ‚Ėá‚Ėá‚Ėá‚Ėą‚ĖĄ‚Ėá‚Ėá‚ĖÜ‚Ėą‚ĖÜ‚Ėą‚Ėá‚Ėá‚Ėá‚ĖĀ‚ĖĀ‚ĖĀ‚ĖĀ‚ĖĀ‚Ėą
wandb:               rank/0/batches ‚ĖĀ‚ĖĀ‚ĖĀ‚ĖĀ‚ĖĀ‚ĖĀ‚ĖĀ‚ĖĀ‚ĖĀ‚ĖĀ‚ĖĀ‚ĖĀ‚ĖĀ‚ĖĀ‚ĖĀ‚ĖĀ‚ĖĀ‚ĖĀ‚ĖĀ‚ĖĀ‚ĖĀ‚ĖĀ‚ĖĀ‚ĖĀ‚ĖĀ‚ĖĀ‚ĖĀ‚ĖĀ‚ĖĀ‚ĖĀ‚ĖĀ‚ĖĀ‚ĖĀ‚ĖĀ‚ĖĀ‚ĖĀ‚ĖĀ‚ĖĀ‚ĖĀ‚ĖĀ
wandb:              rank/0/examples ‚Ėā‚ĖÉ‚ĖÖ‚ĖÜ‚Ėá‚ĖÉ‚ĖÜ‚Ėá‚ĖĀ‚Ėā‚ĖĄ‚ĖÜ‚Ėá‚ĖĀ‚Ėā‚ĖÜ‚Ėá‚ĖĀ‚ĖÉ‚ĖĄ‚ĖÜ‚Ėá‚Ėą‚Ėā‚Ėā‚ĖÖ‚ĖÖ‚ĖÜ‚Ėá‚Ėą‚Ėą‚Ėą‚Ėą‚Ėą‚Ėą‚Ėą‚Ėą‚Ėą‚Ėą‚Ėą
wandb:     rank/0/heartbeat_age_sec ‚ĖĀ‚ĖĀ‚ĖĀ‚ĖĀ‚ĖĀ‚ĖĀ‚ĖĀ‚ĖĀ‚ĖĀ‚ĖĀ‚ĖĀ‚ĖĀ‚ĖĀ‚ĖĀ‚ĖĀ‚ĖĀ‚ĖĀ‚ĖĀ‚ĖĀ‚ĖĀ‚ĖĀ‚ĖĀ‚ĖĀ‚ĖĀ‚ĖĀ‚ĖĀ‚ĖĀ‚ĖĀ‚ĖĀ‚Ėā‚ĖÉ‚ĖÉ‚ĖÉ‚ĖĄ‚ĖĄ‚ĖÜ‚ĖÜ‚ĖÜ‚Ėá‚Ėą
wandb:                  rank/0/loss ‚ĖĀ‚ĖĀ‚ĖĀ‚ĖĀ‚ĖĀ‚ĖĀ‚ĖĀ‚Ėą‚Ėą‚Ėá‚Ėá‚Ėá‚Ėá‚ĖÜ‚ĖÖ‚ĖÖ‚ĖÖ‚ĖÖ‚ĖÖ‚ĖÖ‚ĖÖ‚ĖÖ‚ĖÖ‚ĖÖ‚ĖÖ‚ĖÖ‚ĖÖ‚ĖÖ‚ĖÖ‚ĖÖ‚ĖÖ‚ĖÖ‚ĖÖ‚ĖÖ‚ĖÖ‚ĖÖ‚ĖÖ‚ĖÖ‚ĖÖ‚ĖÖ
wandb:                 sidecar/loop ‚ĖĀ‚ĖĀ‚ĖĀ‚ĖĀ‚Ėā‚Ėā‚Ėā‚Ėā‚Ėā‚Ėā‚ĖÉ‚ĖÉ‚ĖÉ‚ĖÉ‚ĖĄ‚ĖĄ‚ĖĄ‚ĖĄ‚ĖĄ‚ĖĄ‚ĖÖ‚ĖÖ‚ĖÖ‚ĖÖ‚ĖÖ‚ĖÜ‚ĖÜ‚ĖÜ‚ĖÜ‚ĖÜ‚ĖÜ‚ĖÜ‚ĖÜ‚Ėá‚Ėá‚Ėá‚Ėá‚Ėą‚Ėą‚Ėą
wandb:                 sidecar/time ‚ĖĀ‚ĖĀ‚ĖĀ‚ĖĀ‚ĖĀ‚Ėā‚Ėā‚Ėā‚Ėā‚Ėā‚ĖÉ‚ĖÉ‚ĖÉ‚ĖÉ‚ĖÉ‚ĖĄ‚ĖĄ‚ĖĄ‚ĖĄ‚ĖĄ‚ĖĄ‚ĖÖ‚ĖÖ‚ĖÖ‚ĖÖ‚ĖÜ‚ĖÜ‚ĖÜ‚ĖÜ‚ĖÜ‚Ėá‚Ėá‚Ėá‚Ėá‚Ėą‚Ėą‚Ėą‚Ėą‚Ėą‚Ėą
wandb: 
wandb: Run summary:
wandb:        gpu/0/memory_used_mib 5739
wandb:           gpu/0/power_draw_w 162.47
wandb:    gpu/0/utilization_gpu_pct 38
wandb: gpu/0/utilization_memory_pct 9
wandb:               rank/0/batches 2438
wandb:              rank/0/examples 78000
wandb:     rank/0/heartbeat_age_sec 535.23761
wandb:                  rank/0/loss 6.91566
wandb:                 sidecar/loop 67
wandb:                 sidecar/time 1780034680.62696
wandb: 
wandb: ūüöÄ View run g005_idm_temporal_masked_diffusion_raw96_patch_metricbins_prefix80k at: https://wandb.ai/pjh6029-seoul-national-university/fdm-d2e-reproduction/runs/4a1vn49s
wandb: ‚≠źÔłŹ View project at: https://wandb.ai/pjh6029-seoul-national-university/fdm-d2e-reproduction
wandb: Synced 5 W&B file(s), 0 media file(s), 0 artifact file(s) and 0 other file(s)
wandb: Find logs at: outputs/wandb/wandb/run-20260529_053137-4a1vn49s/logs
