cache_precompute_started_at=2026-05-26T07:48:10+00:00
{
  "bytes": 209182643775,
  "cache_dir": "outputs/idm_streaming_d2e_full_state_sequence_stack5_prior_paper_target/train_cache",
  "claim_boundary": "Standalone cache precompute prepares streaming IDM DDP input; it is not model-quality evidence.",
  "config": "configs/model/idm_streaming_d2e_full_state_sequence_stack5_prior_paper_target.yaml",
  "force_rebuild": false,
  "manifest_count": 64,
  "manifest_paths": [
    "outputs/idm_streaming_d2e_full_state_sequence_stack5_prior_paper_target/train_cache/train_core-3368840e684e5f819a9c.manifest.json",
    "outputs/idm_streaming_d2e_full_state_sequence_stack5_prior_paper_target/train_cache/train_core-313ba453fe2277e62eb5.manifest.json",
    "outputs/idm_streaming_d2e_full_state_sequence_stack5_prior_paper_target/train_cache/train_core-a4e9ee64e2a4265e4894.manifest.json",
    "outputs/idm_streaming_d2e_full_state_sequence_stack5_prior_paper_target/train_cache/train_core-00f8f1d6226f15fde767.manifest.json",
    "outputs/idm_streaming_d2e_full_state_sequence_stack5_prior_paper_target/train_cache/train_core-3580bfec2cd778cc1a32.manifest.json",
    "outputs/idm_streaming_d2e_full_state_sequence_stack5_prior_paper_target/train_cache/train_core-03441be2fa121e698379.manifest.json",
    "outputs/idm_streaming_d2e_full_state_sequence_stack5_prior_paper_target/train_cache/train_core-a175295506c50187523b.manifest.json",
    "outputs/idm_streaming_d2e_full_state_sequence_stack5_prior_paper_target/train_cache/train_core-b1b4aafdf22f1030eada.manifest.json",
    "outputs/idm_streaming_d2e_full_state_sequence_stack5_prior_paper_target/train_cache/train_core-2cb7ed2f939e260d2896.manifest.json",
    "outputs/idm_streaming_d2e_full_state_sequence_stack5_prior_paper_target/train_cache/train_core-bbd591e79fbf3f82f4f1.manifest.json",
    "outputs/idm_streaming_d2e_full_state_sequence_stack5_prior_paper_target/train_cache/train_core-dc6b67d547a5c28b636e.manifest.json",
    "outputs/idm_streaming_d2e_full_state_sequence_stack5_prior_paper_target/train_cache/train_core-fba581f961f9188b8ac4.manifest.json",
    "outputs/idm_streaming_d2e_full_state_sequence_stack5_prior_paper_target/train_cache/train_core-b8df45e729017672d056.manifest.json",
    "outputs/idm_streaming_d2e_full_state_sequence_stack5_prior_paper_target/train_cache/train_core-8a6c2ce54b182d197cce.manifest.json",
    "outputs/idm_streaming_d2e_full_state_sequence_stack5_prior_paper_target/train_cache/train_core-ea391084f62a67cca8ca.manifest.json",
    "outputs/idm_streaming_d2e_full_state_sequence_stack5_prior_paper_target/train_cache/train_core-c3ab69598c1d5d55d4bf.manifest.json",
    "outputs/idm_streaming_d2e_full_state_sequence_stack5_prior_paper_target/train_cache/train_core-6fb6b8dbbe9209c9e302.manifest.json",
    "outputs/idm_streaming_d2e_full_state_sequence_stack5_prior_paper_target/train_cache/train_core-f908448e49f0fd1185ba.manifest.json",
    "outputs/idm_streaming_d2e_full_state_sequence_stack5_prior_paper_target/train_cache/train_core-c75df0ff2a7fa8977523.manifest.json",
    "outputs/idm_streaming_d2e_full_state_sequence_stack5_prior_paper_target/train_cache/train_core-04980c0fb25960644479.manifest.json",
    "outputs/idm_streaming_d2e_full_state_sequence_stack5_prior_paper_target/train_cache/train_core-f333b4f2be9ef53df89c.manifest.json",
    "outputs/idm_streaming_d2e_full_state_sequence_stack5_prior_paper_target/train_cache/train_core-83498b157cb994468067.manifest.json",
    "outputs/idm_streaming_d2e_full_state_sequence_stack5_prior_paper_target/train_cache/train_core-48a5da162283110c0259.manifest.json",
    "outputs/idm_streaming_d2e_full_state_sequence_stack5_prior_paper_target/train_cache/train_core-ffbc68f4e9ef43d646e7.manifest.json",
    "outputs/idm_streaming_d2e_full_state_sequence_stack5_prior_paper_target/train_cache/train_core-30578ed4b74a2f34fc6d.manifest.json",
    "outputs/idm_streaming_d2e_full_state_sequence_stack5_prior_paper_target/train_cache/train_core-fbb8b4b032a0932d44d0.manifest.json",
    "outputs/idm_streaming_d2e_full_state_sequence_stack5_prior_paper_target/train_cache/train_core-92d367a8e43b8e3a2e47.manifest.json",
    "outputs/idm_streaming_d2e_full_state_sequence_stack5_prior_paper_target/train_cache/train_core-2a9d55d31dedde8213ea.manifest.json",
    "outputs/idm_streaming_d2e_full_state_sequence_stack5_prior_paper_target/train_cache/train_core-e612d5373777d318f78d.manifest.json",
    "outputs/idm_streaming_d2e_full_state_sequence_stack5_prior_paper_target/train_cache/train_core-00e02355f7a7fde149ed.manifest.json",
    "outputs/idm_streaming_d2e_full_state_sequence_stack5_prior_paper_target/train_cache/train_core-7be97a5c50482a270577.manifest.json",
    "outputs/idm_streaming_d2e_full_state_sequence_stack5_prior_paper_target/train_cache/train_core-d9c6c25f0abbe41e1c59.manifest.json",
    "outputs/idm_streaming_d2e_full_state_sequence_stack5_prior_paper_target/train_cache/train_core-f3d712158ac0717d469e.manifest.json",
    "outputs/idm_streaming_d2e_full_state_sequence_stack5_prior_paper_target/train_cache/train_core-adebefd5c8acc3de2e7b.manifest.json",
    "outputs/idm_streaming_d2e_full_state_sequence_stack5_prior_paper_target/train_cache/train_core-35ec0e119a7e1aa7f23e.manifest.json",
    "outputs/idm_streaming_d2e_full_state_sequence_stack5_prior_paper_target/train_cache/train_core-2f28fb8c5c919d7c85ba.manifest.json",
    "outputs/idm_streaming_d2e_full_state_sequence_stack5_prior_paper_target/train_cache/train_core-6fae1df254544b1d4fa0.manifest.json",
    "outputs/idm_streaming_d2e_full_state_sequence_stack5_prior_paper_target/train_cache/train_core-46a9f45c4a19eff1ffd7.manifest.json",
    "outputs/idm_streaming_d2e_full_state_sequence_stack5_prior_paper_target/train_cache/train_core-faa98718519af6099a3f.manifest.json",
    "outputs/idm_streaming_d2e_full_state_sequence_stack5_prior_paper_target/train_cache/train_core-e7ab188e8282a5768692.manifest.json",
    "outputs/idm_streaming_d2e_full_state_sequence_stack5_prior_paper_target/train_cache/train_core-4958707158ca7ca21ffa.manifest.json",
    "outputs/idm_streaming_d2e_full_state_sequence_stack5_prior_paper_target/train_cache/train_core-dbbd905a7a7ce9c8c257.manifest.json",
    "outputs/idm_streaming_d2e_full_state_sequence_stack5_prior_paper_target/train_cache/train_core-3bf77b3c2296f129e802.manifest.json",
    "outputs/idm_streaming_d2e_full_state_sequence_stack5_prior_paper_target/train_cache/train_core-76f3b99572b7bdec140a.manifest.json",
    "outputs/idm_streaming_d2e_full_state_sequence_stack5_prior_paper_target/train_cache/train_core-867a180e61797db2c4b7.manifest.json",
    "outputs/idm_streaming_d2e_full_state_sequence_stack5_prior_paper_target/train_cache/train_core-b7634c4b6070b64e847c.manifest.json",
    "outputs/idm_streaming_d2e_full_state_sequence_stack5_prior_paper_target/train_cache/train_core-0188a1f6ee2bcb48cb71.manifest.json",
    "outputs/idm_streaming_d2e_full_state_sequence_stack5_prior_paper_target/train_cache/train_core-bbbfa8cccb937efe4722.manifest.json",
    "outputs/idm_streaming_d2e_full_state_sequence_stack5_prior_paper_target/train_cache/train_core-f202bfd0f09bc9edd599.manifest.json",
    "outputs/idm_streaming_d2e_full_state_sequence_stack5_prior_paper_target/train_cache/train_core-1e201e67f7a464edfa63.manifest.json",
    "outputs/idm_streaming_d2e_full_state_sequence_stack5_prior_paper_target/train_cache/train_core-b832ec2d5cec7390451f.manifest.json",
    "outputs/idm_streaming_d2e_full_state_sequence_stack5_prior_paper_target/train_cache/train_core-decb457d0926cbdd1e1f.manifest.json",
    "outputs/idm_streaming_d2e_full_state_sequence_stack5_prior_paper_target/train_cache/train_core-e217e08cd4b5f52b76eb.manifest.json",
    "outputs/idm_streaming_d2e_full_state_sequence_stack5_prior_paper_target/train_cache/train_core-19ed2057bcf40255bd5f.manifest.json",
    "outputs/idm_streaming_d2e_full_state_sequence_stack5_prior_paper_target/train_cache/train_core-92704957b81648fda03d.manifest.json",
    "outputs/idm_streaming_d2e_full_state_sequence_stack5_prior_paper_target/train_cache/train_core-29534f13ec8ba7c51b35.manifest.json",
    "outputs/idm_streaming_d2e_full_state_sequence_stack5_prior_paper_target/train_cache/train_core-fad0ff5e7fa7c322356a.manifest.json",
    "outputs/idm_streaming_d2e_full_state_sequence_stack5_prior_paper_target/train_cache/train_core-3683f373f316cde71385.manifest.json",
    "outputs/idm_streaming_d2e_full_state_sequence_stack5_prior_paper_target/train_cache/train_core-5f1407defb3e2161e654.manifest.json",
    "outputs/idm_streaming_d2e_full_state_sequence_stack5_prior_paper_target/train_cache/train_core-ed84e4d12196cf2d75b3.manifest.json",
    "outputs/idm_streaming_d2e_full_state_sequence_stack5_prior_paper_target/train_cache/train_core-3bb903169323704ca077.manifest.json",
    "outputs/idm_streaming_d2e_full_state_sequence_stack5_prior_paper_target/train_cache/train_core-09fddc8795bf9b125fef.manifest.json",
    "outputs/idm_streaming_d2e_full_state_sequence_stack5_prior_paper_target/train_cache/train_core-24dd34cc8f89cfc5d314.manifest.json",
    "outputs/idm_streaming_d2e_full_state_sequence_stack5_prior_paper_target/train_cache/train_core-591d6e6da7cd28646591.manifest.json"
  ],
  "record_paths": 64,
  "rows": 19211006,
  "schema": "streaming_idm_training_cache_precompute_summary.v1",
  "stats_path": "outputs/idm_streaming_d2e_full_state_sequence_stack5_prior_paper_target/streaming_stats.json",
  "stats_precomputed": true,
  "status": "pass",
  "validate_only": false,
  "wall_clock_seconds": 576.6486623287201,
  "workers": 32
}
cache_precompute_finished_at=2026-05-26T08:13:02+00:00
wandb: [wandb.login()] Loaded credentials for https://api.wandb.ai from WANDB_API_KEY.
wandb: Currently logged in as: pjh6029 (pjh6029-seoul-national-university) to https://api.wandb.ai. Use `wandb login --relogin` to force relogin
wandb: setting up run x0xoowxf
wandb: Tracking run with wandb version 0.27.0
wandb: Run data is saved locally in outputs/wandb/wandb/run-20260526_081306-x0xoowxf
wandb: Run `wandb offline` to turn off syncing.
wandb: Syncing run g005_idm_state_sequence_stack5_prior-cache-precompute
wandb: ⭐️ View project at https://wandb.ai/pjh6029-seoul-national-university/fdm-d2e-reproduction
wandb: 🚀 View run at https://wandb.ai/pjh6029-seoul-national-university/fdm-d2e-reproduction/runs/x0xoowxf
wandb: updating run metadata; uploading artifact g005_idm_state_sequence_stack5_prior-cache-precompute
wandb: uploading artifact g005_idm_state_sequence_stack5_prior-cache-precompute
wandb: uploading requirements.txt; uploading wandb-summary.json
wandb:
wandb: Run history:
wandb:              g005_idm_state_sequence_stack5_prior_precompute_progress/bytes ▁
wandb:      g005_idm_state_sequence_stack5_prior_precompute_progress/force_rebuild ▁
wandb:     g005_idm_state_sequence_stack5_prior_precompute_progress/manifest_count ▁
wandb:       g005_idm_state_sequence_stack5_prior_precompute_progress/record_paths ▁
wandb:               g005_idm_state_sequence_stack5_prior_precompute_progress/rows ▁
wandb:  g005_idm_state_sequence_stack5_prior_precompute_progress/stats_precomputed ▁
wandb:      g005_idm_state_sequence_stack5_prior_precompute_progress/validate_only ▁
wandb: g005_idm_state_sequence_stack5_prior_precompute_progress/wall_clock_seconds ▁
wandb:            g005_idm_state_sequence_stack5_prior_precompute_progress/workers ▁
wandb:     g005_idm_state_sequence_stack5_prior_precomputed_cache_validation/bytes ▁
wandb:                                                                          +8 ...
wandb:
wandb: Run summary:
wandb:              g005_idm_state_sequence_stack5_prior_precompute_progress/bytes 209182643775
wandb:      g005_idm_state_sequence_stack5_prior_precompute_progress/force_rebuild 0
wandb:     g005_idm_state_sequence_stack5_prior_precompute_progress/manifest_count 64
wandb:       g005_idm_state_sequence_stack5_prior_precompute_progress/record_paths 64
wandb:               g005_idm_state_sequence_stack5_prior_precompute_progress/rows 19211006
wandb:  g005_idm_state_sequence_stack5_prior_precompute_progress/stats_precomputed 1
wandb:      g005_idm_state_sequence_stack5_prior_precompute_progress/validate_only 0
wandb: g005_idm_state_sequence_stack5_prior_precompute_progress/wall_clock_seconds 576.64866
wandb:            g005_idm_state_sequence_stack5_prior_precompute_progress/workers 32
wandb:     g005_idm_state_sequence_stack5_prior_precomputed_cache_validation/bytes 209182643775
wandb:                                                                          +8 ...
wandb:
wandb: 🚀 View run g005_idm_state_sequence_stack5_prior-cache-precompute at: https://wandb.ai/pjh6029-seoul-national-university/fdm-d2e-reproduction/runs/x0xoowxf
wandb: ⭐️ View project at: https://wandb.ai/pjh6029-seoul-national-university/fdm-d2e-reproduction
wandb: Synced 4 W&B file(s), 0 media file(s), 3 artifact file(s) and 0 other file(s)
wandb: Find logs at: outputs/wandb/wandb/run-20260526_081306-x0xoowxf/logs
{"status": "complete", "wandb_run_url": "https://wandb.ai/pjh6029-seoul-national-university/fdm-d2e-reproduction/runs/x0xoowxf"}
started_at=2026-05-26T08:13:14+00:00
git_head=af91676bcd290ab0bee2c1f9052ab5a82e507d04
config=configs/model/idm_streaming_d2e_full_state_sequence_stack5_prior_paper_target.yaml
nproc_per_node=4
gpu_monitor_log=artifacts/idm/g005_idm_state_sequence_stack5_prior_4xh200_gpu_monitor.csv
split_stats_config=configs/eval/g005_idm_state_sequence_stack5_prior_split_statistics.yaml
paper_target_config=configs/eval/g005_idm_state_sequence_stack5_prior_paper_target.yaml
{"cuda_available": true, "cuda_device_count": 4, "cuda_visible_devices": null, "expected_gpus": 4, "hostname": "prod-rsv-jeonghunpark-20260525-22e263", "rank": 0, "schema": "cluster_gpu_smoke.v1", "status": "passed", "torch_imported": true, "torch_version": "2.12.0+cu130", "world_size": 1}
validating precomputed streaming IDM stats/cache via artifacts/idm/g005_idm_state_sequence_stack5_prior_precomputed_cache_validation.json
{
  "bytes": 209182643775,
  "cache_dir": "outputs/idm_streaming_d2e_full_state_sequence_stack5_prior_paper_target/train_cache",
  "claim_boundary": "Standalone cache precompute prepares streaming IDM DDP input; it is not model-quality evidence.",
  "config": "configs/model/idm_streaming_d2e_full_state_sequence_stack5_prior_paper_target.yaml",
  "force_rebuild": false,
  "manifest_count": 64,
  "manifest_paths": [
    "outputs/idm_streaming_d2e_full_state_sequence_stack5_prior_paper_target/train_cache/train_core-3368840e684e5f819a9c.manifest.json",
    "outputs/idm_streaming_d2e_full_state_sequence_stack5_prior_paper_target/train_cache/train_core-313ba453fe2277e62eb5.manifest.json",
    "outputs/idm_streaming_d2e_full_state_sequence_stack5_prior_paper_target/train_cache/train_core-a4e9ee64e2a4265e4894.manifest.json",
    "outputs/idm_streaming_d2e_full_state_sequence_stack5_prior_paper_target/train_cache/train_core-00f8f1d6226f15fde767.manifest.json",
    "outputs/idm_streaming_d2e_full_state_sequence_stack5_prior_paper_target/train_cache/train_core-3580bfec2cd778cc1a32.manifest.json",
    "outputs/idm_streaming_d2e_full_state_sequence_stack5_prior_paper_target/train_cache/train_core-03441be2fa121e698379.manifest.json",
    "outputs/idm_streaming_d2e_full_state_sequence_stack5_prior_paper_target/train_cache/train_core-a175295506c50187523b.manifest.json",
    "outputs/idm_streaming_d2e_full_state_sequence_stack5_prior_paper_target/train_cache/train_core-b1b4aafdf22f1030eada.manifest.json",
    "outputs/idm_streaming_d2e_full_state_sequence_stack5_prior_paper_target/train_cache/train_core-2cb7ed2f939e260d2896.manifest.json",
    "outputs/idm_streaming_d2e_full_state_sequence_stack5_prior_paper_target/train_cache/train_core-bbd591e79fbf3f82f4f1.manifest.json",
    "outputs/idm_streaming_d2e_full_state_sequence_stack5_prior_paper_target/train_cache/train_core-dc6b67d547a5c28b636e.manifest.json",
    "outputs/idm_streaming_d2e_full_state_sequence_stack5_prior_paper_target/train_cache/train_core-fba581f961f9188b8ac4.manifest.json",
    "outputs/idm_streaming_d2e_full_state_sequence_stack5_prior_paper_target/train_cache/train_core-b8df45e729017672d056.manifest.json",
    "outputs/idm_streaming_d2e_full_state_sequence_stack5_prior_paper_target/train_cache/train_core-8a6c2ce54b182d197cce.manifest.json",
    "outputs/idm_streaming_d2e_full_state_sequence_stack5_prior_paper_target/train_cache/train_core-ea391084f62a67cca8ca.manifest.json",
    "outputs/idm_streaming_d2e_full_state_sequence_stack5_prior_paper_target/train_cache/train_core-c3ab69598c1d5d55d4bf.manifest.json",
    "outputs/idm_streaming_d2e_full_state_sequence_stack5_prior_paper_target/train_cache/train_core-6fb6b8dbbe9209c9e302.manifest.json",
    "outputs/idm_streaming_d2e_full_state_sequence_stack5_prior_paper_target/train_cache/train_core-f908448e49f0fd1185ba.manifest.json",
    "outputs/idm_streaming_d2e_full_state_sequence_stack5_prior_paper_target/train_cache/train_core-c75df0ff2a7fa8977523.manifest.json",
    "outputs/idm_streaming_d2e_full_state_sequence_stack5_prior_paper_target/train_cache/train_core-04980c0fb25960644479.manifest.json",
    "outputs/idm_streaming_d2e_full_state_sequence_stack5_prior_paper_target/train_cache/train_core-f333b4f2be9ef53df89c.manifest.json",
    "outputs/idm_streaming_d2e_full_state_sequence_stack5_prior_paper_target/train_cache/train_core-83498b157cb994468067.manifest.json",
    "outputs/idm_streaming_d2e_full_state_sequence_stack5_prior_paper_target/train_cache/train_core-48a5da162283110c0259.manifest.json",
    "outputs/idm_streaming_d2e_full_state_sequence_stack5_prior_paper_target/train_cache/train_core-ffbc68f4e9ef43d646e7.manifest.json",
    "outputs/idm_streaming_d2e_full_state_sequence_stack5_prior_paper_target/train_cache/train_core-30578ed4b74a2f34fc6d.manifest.json",
    "outputs/idm_streaming_d2e_full_state_sequence_stack5_prior_paper_target/train_cache/train_core-fbb8b4b032a0932d44d0.manifest.json",
    "outputs/idm_streaming_d2e_full_state_sequence_stack5_prior_paper_target/train_cache/train_core-92d367a8e43b8e3a2e47.manifest.json",
    "outputs/idm_streaming_d2e_full_state_sequence_stack5_prior_paper_target/train_cache/train_core-2a9d55d31dedde8213ea.manifest.json",
    "outputs/idm_streaming_d2e_full_state_sequence_stack5_prior_paper_target/train_cache/train_core-e612d5373777d318f78d.manifest.json",
    "outputs/idm_streaming_d2e_full_state_sequence_stack5_prior_paper_target/train_cache/train_core-00e02355f7a7fde149ed.manifest.json",
    "outputs/idm_streaming_d2e_full_state_sequence_stack5_prior_paper_target/train_cache/train_core-7be97a5c50482a270577.manifest.json",
    "outputs/idm_streaming_d2e_full_state_sequence_stack5_prior_paper_target/train_cache/train_core-d9c6c25f0abbe41e1c59.manifest.json",
    "outputs/idm_streaming_d2e_full_state_sequence_stack5_prior_paper_target/train_cache/train_core-f3d712158ac0717d469e.manifest.json",
    "outputs/idm_streaming_d2e_full_state_sequence_stack5_prior_paper_target/train_cache/train_core-adebefd5c8acc3de2e7b.manifest.json",
    "outputs/idm_streaming_d2e_full_state_sequence_stack5_prior_paper_target/train_cache/train_core-35ec0e119a7e1aa7f23e.manifest.json",
    "outputs/idm_streaming_d2e_full_state_sequence_stack5_prior_paper_target/train_cache/train_core-2f28fb8c5c919d7c85ba.manifest.json",
    "outputs/idm_streaming_d2e_full_state_sequence_stack5_prior_paper_target/train_cache/train_core-6fae1df254544b1d4fa0.manifest.json",
    "outputs/idm_streaming_d2e_full_state_sequence_stack5_prior_paper_target/train_cache/train_core-46a9f45c4a19eff1ffd7.manifest.json",
    "outputs/idm_streaming_d2e_full_state_sequence_stack5_prior_paper_target/train_cache/train_core-faa98718519af6099a3f.manifest.json",
    "outputs/idm_streaming_d2e_full_state_sequence_stack5_prior_paper_target/train_cache/train_core-e7ab188e8282a5768692.manifest.json",
    "outputs/idm_streaming_d2e_full_state_sequence_stack5_prior_paper_target/train_cache/train_core-4958707158ca7ca21ffa.manifest.json",
    "outputs/idm_streaming_d2e_full_state_sequence_stack5_prior_paper_target/train_cache/train_core-dbbd905a7a7ce9c8c257.manifest.json",
    "outputs/idm_streaming_d2e_full_state_sequence_stack5_prior_paper_target/train_cache/train_core-3bf77b3c2296f129e802.manifest.json",
    "outputs/idm_streaming_d2e_full_state_sequence_stack5_prior_paper_target/train_cache/train_core-76f3b99572b7bdec140a.manifest.json",
    "outputs/idm_streaming_d2e_full_state_sequence_stack5_prior_paper_target/train_cache/train_core-867a180e61797db2c4b7.manifest.json",
    "outputs/idm_streaming_d2e_full_state_sequence_stack5_prior_paper_target/train_cache/train_core-b7634c4b6070b64e847c.manifest.json",
    "outputs/idm_streaming_d2e_full_state_sequence_stack5_prior_paper_target/train_cache/train_core-0188a1f6ee2bcb48cb71.manifest.json",
    "outputs/idm_streaming_d2e_full_state_sequence_stack5_prior_paper_target/train_cache/train_core-bbbfa8cccb937efe4722.manifest.json",
    "outputs/idm_streaming_d2e_full_state_sequence_stack5_prior_paper_target/train_cache/train_core-f202bfd0f09bc9edd599.manifest.json",
    "outputs/idm_streaming_d2e_full_state_sequence_stack5_prior_paper_target/train_cache/train_core-1e201e67f7a464edfa63.manifest.json",
    "outputs/idm_streaming_d2e_full_state_sequence_stack5_prior_paper_target/train_cache/train_core-b832ec2d5cec7390451f.manifest.json",
    "outputs/idm_streaming_d2e_full_state_sequence_stack5_prior_paper_target/train_cache/train_core-decb457d0926cbdd1e1f.manifest.json",
    "outputs/idm_streaming_d2e_full_state_sequence_stack5_prior_paper_target/train_cache/train_core-e217e08cd4b5f52b76eb.manifest.json",
    "outputs/idm_streaming_d2e_full_state_sequence_stack5_prior_paper_target/train_cache/train_core-19ed2057bcf40255bd5f.manifest.json",
    "outputs/idm_streaming_d2e_full_state_sequence_stack5_prior_paper_target/train_cache/train_core-92704957b81648fda03d.manifest.json",
    "outputs/idm_streaming_d2e_full_state_sequence_stack5_prior_paper_target/train_cache/train_core-29534f13ec8ba7c51b35.manifest.json",
    "outputs/idm_streaming_d2e_full_state_sequence_stack5_prior_paper_target/train_cache/train_core-fad0ff5e7fa7c322356a.manifest.json",
    "outputs/idm_streaming_d2e_full_state_sequence_stack5_prior_paper_target/train_cache/train_core-3683f373f316cde71385.manifest.json",
    "outputs/idm_streaming_d2e_full_state_sequence_stack5_prior_paper_target/train_cache/train_core-5f1407defb3e2161e654.manifest.json",
    "outputs/idm_streaming_d2e_full_state_sequence_stack5_prior_paper_target/train_cache/train_core-ed84e4d12196cf2d75b3.manifest.json",
    "outputs/idm_streaming_d2e_full_state_sequence_stack5_prior_paper_target/train_cache/train_core-3bb903169323704ca077.manifest.json",
    "outputs/idm_streaming_d2e_full_state_sequence_stack5_prior_paper_target/train_cache/train_core-09fddc8795bf9b125fef.manifest.json",
    "outputs/idm_streaming_d2e_full_state_sequence_stack5_prior_paper_target/train_cache/train_core-24dd34cc8f89cfc5d314.manifest.json",
    "outputs/idm_streaming_d2e_full_state_sequence_stack5_prior_paper_target/train_cache/train_core-591d6e6da7cd28646591.manifest.json"
  ],
  "record_paths": 64,
  "rows": 19211006,
  "schema": "streaming_idm_training_cache_precompute_summary.v1",
  "stats_path": "outputs/idm_streaming_d2e_full_state_sequence_stack5_prior_paper_target/streaming_stats.json",
  "stats_precomputed": true,
  "status": "pass",
  "validate_only": true,
  "wall_clock_seconds": 0.6470170021057129,
  "workers": 32
}
W0526 08:13:23.020000 628405 torch/distributed/run.py:862]
W0526 08:13:23.020000 628405 torch/distributed/run.py:862] *****************************************
W0526 08:13:23.020000 628405 torch/distributed/run.py:862] Setting OMP_NUM_THREADS environment variable for each process to be 1 in default, to avoid your system being overloaded, please further tune the variable for optimal performance in your application as needed.
W0526 08:13:23.020000 628405 torch/distributed/run.py:862] *****************************************
[W526 08:13:24.854611942 socket.cpp:764] [c10d] The client socket cannot be initialized to connect to [localhost]:45579 (errno: 97 - Address family not supported by protocol).
[W526 08:13:24.860523416 socket.cpp:764] [c10d] The client socket cannot be initialized to connect to [::ffff:127.0.0.1]:45579 (errno: 97 - Address family not supported by protocol).
[W526 08:13:24.862128445 socket.cpp:764] [c10d] The client socket cannot be initialized to connect to [::ffff:127.0.0.1]:45579 (errno: 97 - Address family not supported by protocol).
[W526 08:13:24.185084188 socket.cpp:764] [c10d] The client socket cannot be initialized to connect to [::ffff:198.18.84.78]:36501 (errno: 97 - Address family not supported by protocol).
[W526 08:13:28.752926534 socket.cpp:764] [c10d] The client socket cannot be initialized to connect to [::ffff:198.18.84.78]:36501 (errno: 97 - Address family not supported by protocol).
[W526 08:13:28.775217134 socket.cpp:764] [c10d] The client socket cannot be initialized to connect to [::ffff:198.18.84.78]:36501 (errno: 97 - Address family not supported by protocol).
[W526 08:13:28.777750486 socket.cpp:764] [c10d] The client socket cannot be initialized to connect to [::ffff:198.18.84.78]:36501 (errno: 97 - Address family not supported by protocol).
[W526 08:13:28.778123507 socket.cpp:764] [c10d] The client socket cannot be initialized to connect to [::ffff:198.18.84.78]:36501 (errno: 97 - Address family not supported by protocol).
/mnt/ddn/prod-runs/jeonghunpark/code/continuous-gui-poc/fdm-d2e-reproduction/.venv/lib/python3.11/site-packages/torch/distributed/c10d_logger.py:83: UserWarning: barrier(): using the device under current context. You can specify `device_id` in `init_process_group` to mute this warning.
  return func(*args, **kwargs)
[rank0]:[W526 08:13:28.789188057 ProcessGroupNCCL.cpp:5324] Guessing device ID based on global rank. This can cause a hang if rank to GPU mapping is heterogeneous. You can specify device_id in init_process_group()
/mnt/ddn/prod-runs/jeonghunpark/code/continuous-gui-poc/fdm-d2e-reproduction/.venv/lib/python3.11/site-packages/torch/distributed/c10d_logger.py:83: UserWarning: barrier(): using the device under current context. You can specify `device_id` in `init_process_group` to mute this warning.
  return func(*args, **kwargs)
/mnt/ddn/prod-runs/jeonghunpark/code/continuous-gui-poc/fdm-d2e-reproduction/.venv/lib/python3.11/site-packages/torch/distributed/c10d_logger.py:83: UserWarning: barrier(): using the device under current context. You can specify `device_id` in `init_process_group` to mute this warning.
  return func(*args, **kwargs)
/mnt/ddn/prod-runs/jeonghunpark/code/continuous-gui-poc/fdm-d2e-reproduction/.venv/lib/python3.11/site-packages/torch/distributed/c10d_logger.py:83: UserWarning: barrier(): using the device under current context. You can specify `device_id` in `init_process_group` to mute this warning.
  return func(*args, **kwargs)
/mnt/ddn/prod-runs/jeonghunpark/code/continuous-gui-poc/fdm-d2e-reproduction/.venv/lib/python3.11/site-packages/torch/distributed/c10d_logger.py:83: UserWarning: barrier(): using the device under current context. You can specify `device_id` in `init_process_group` to mute this warning.
  return func(*args, **kwargs)
/mnt/ddn/prod-runs/jeonghunpark/code/continuous-gui-poc/fdm-d2e-reproduction/.venv/lib/python3.11/site-packages/torch/distributed/c10d_logger.py:83: UserWarning: barrier(): using the device under current context. You can specify `device_id` in `init_process_group` to mute this warning.
  return func(*args, **kwargs)
/mnt/ddn/prod-runs/jeonghunpark/code/continuous-gui-poc/fdm-d2e-reproduction/.venv/lib/python3.11/site-packages/torch/distributed/c10d_logger.py:83: UserWarning: barrier(): using the device under current context. You can specify `device_id` in `init_process_group` to mute this warning.
  return func(*args, **kwargs)
/mnt/ddn/prod-runs/jeonghunpark/code/continuous-gui-poc/fdm-d2e-reproduction/.venv/lib/python3.11/site-packages/torch/distributed/c10d_logger.py:83: UserWarning: barrier(): using the device under current context. You can specify `device_id` in `init_process_group` to mute this warning.
  return func(*args, **kwargs)
/mnt/ddn/prod-runs/jeonghunpark/code/continuous-gui-poc/fdm-d2e-reproduction/.venv/lib/python3.11/site-packages/torch/distributed/c10d_logger.py:83: UserWarning: barrier(): using the device under current context. You can specify `device_id` in `init_process_group` to mute this warning.
  return func(*args, **kwargs)
streaming IDM worker complete: rank=1 world_size=4 status=worker_complete
streaming IDM worker complete: rank=2 world_size=4 status=worker_complete
streaming IDM worker complete: rank=3 world_size=4 status=worker_complete
trained streaming IDM: model=streaming_idm_d2e_full_state_sequence_stack5_prior_paper_target device=cuda:0 train=19211006 target=16698646 metrics=outputs/idm_streaming_d2e_full_state_sequence_stack5_prior_paper_target/metrics.json
split statistical comparisons: status=pass outputs=3
g005 paper metrics: status=pass rows=16698646 output=artifacts/idm/g005_idm_state_sequence_stack5_prior_paper_metrics.json
finished_at=2026-05-26T10:38:05+00:00
{
  "checkpoint_path": "outputs/idm_streaming_d2e_full_state_sequence_stack5_prior_paper_target/checkpoint.pt",
  "config": "configs/model/idm_streaming_d2e_full_state_sequence_stack5_prior_paper_target.yaml",
  "exit_code": 0,
  "expected_gpus": 4,
  "git_diff_sha256": null,
  "git_head": "af91676bcd290ab0bee2c1f9052ab5a82e507d04",
  "git_status_short": "?? .venv\n?? artifacts/eval/g005_idm_state_sequence_prior_emptyseed_recovery_split_statistical_comparisons_summary.json\n?? artifacts/eval/g005_idm_state_sequence_stack5_prior_split_statistical_comparisons_summary.json\n?? artifacts/idm/g005_idm_state_sequence_prior_emptyseed_recovery_paper_metrics.json\n?? artifacts/idm/g005_idm_state_sequence_prior_emptyseed_recovery_paper_metrics_progress.json\n?? artifacts/idm/g005_idm_state_sequence_prior_emptyseed_recovery_paper_target_audit.json\n?? artifacts/idm/g005_idm_state_sequence_prior_emptyseed_recovery_run.json\n?? artifacts/idm/g005_idm_state_sequence_stack5_prior_4xh200.launcher.log\n?? artifacts/idm/g005_idm_state_sequence_stack5_prior_4xh200.log\n?? artifacts/idm/g005_idm_state_sequence_stack5_prior_4xh200_gpu_monitor.csv\n?? artifacts/idm/g005_idm_state_sequence_stack5_prior_paper_metrics.json\n?? artifacts/idm/g005_idm_state_sequence_stack5_prior_paper_metrics_progress.json\n?? artifacts/idm/g005_idm_state_sequence_stack5_prior_precompute.log\n?? artifacts/idm/g005_idm_state_sequence_stack5_prior_precompute_progress.json\n?? artifacts/idm/g005_idm_state_sequence_stack5_prior_precompute_wandb_status.json\n?? artifacts/idm/g005_idm_state_sequence_stack5_prior_precomputed_cache_validation.json\n?? artifacts/idm/g005_idm_state_sequence_stack5_prior_wandb_sidecar.log\n?? artifacts/idm/g005_idm_state_sequence_stack5_prior_wandb_sidecar_status.json\n?? artifacts/idm/g005_state_sequence_emptyseed_recovery.log\n?? artifacts/idm/g005_state_sequence_emptyseed_recovery_finalization.log\n?? artifacts/idm/g005_state_sequence_emptyseed_recovery_wandb_prediction.log\n?? artifacts/idm/g005_state_sequence_emptyseed_recovery_wandb_prediction_status.json\n?? artifacts/idm/idm_streaming_d2e_full_state_sequence_prior_emptyseed_recovery_summary.json\n?? artifacts/idm/idm_streaming_d2e_full_state_sequence_stack5_prior_paper_target_summary.json",
  "gpu_monitor_log": "artifacts/idm/g005_idm_state_sequence_stack5_prior_4xh200_gpu_monitor.csv",
  "gpu_monitor_sha256": "86f5ed0e546fd66ff51363689c590293118b2f05183474c55ed535f4ea488a1c",
  "gpu_monitor_status": {
    "covers_expected_gpus": true,
    "expected_gpus": 4,
    "rows": 1160,
    "unique_gpu_indices": [
      "0",
      "1",
      "2",
      "3"
    ]
  },
  "gpu_smoke_report": "outputs/cluster/g005_idm_state_sequence_stack5_prior_gpu_smoke.json",
  "log_path": "artifacts/idm/g005_idm_state_sequence_stack5_prior_4xh200.log",
  "metadata_exists": true,
  "metadata_path": "outputs/idm_streaming_d2e_full_state_sequence_stack5_prior_paper_target/checkpoint_metadata.json",
  "metrics_exists": true,
  "metrics_path": "outputs/idm_streaming_d2e_full_state_sequence_stack5_prior_paper_target/metrics.json",
  "nproc_per_node": 4,
  "paper_metrics_path": "artifacts/idm/g005_idm_state_sequence_stack5_prior_paper_metrics.json",
  "paper_metrics_rows": 16698646,
  "paper_metrics_status": "pass",
  "paper_target_config": "configs/eval/g005_idm_state_sequence_stack5_prior_paper_target.yaml",
  "pid_file": "outputs/cluster/g005_idm_state_sequence_stack5_prior_4xh200.pid",
  "precompute_cache_validation_path": "artifacts/idm/g005_idm_state_sequence_stack5_prior_precomputed_cache_validation.json",
  "precompute_cache_validation_rows": 19211006,
  "precompute_cache_validation_status": "pass",
  "prediction_resume": {
    "action_history_seed_state_summary": {
      "history_len": 4,
      "recordings": 0,
      "source": "empty"
    },
    "enabled": false,
    "existing_rows": 0,
    "parts": [
      {
        "part_index": 0,
        "predictions_path": "outputs/idm_streaming_d2e_full_state_sequence_stack5_prior_paper_target/prediction_recovery_parts/part_000/predictions.jsonl",
        "pseudo_label_path": "outputs/idm_streaming_d2e_full_state_sequence_stack5_prior_paper_target/prediction_recovery_parts/part_000/pseudolabels.jsonl",
        "record_paths": [
          "outputs/data/d2e_state_corpus_shards_accel64/shard_0/target_all_eval.jsonl",
          "outputs/data/d2e_state_corpus_shards_accel64/shard_1/target_all_eval.jsonl",
          "outputs/data/d2e_state_corpus_shards_accel64/shard_10/target_all_eval.jsonl",
          "outputs/data/d2e_state_corpus_shards_accel64/shard_11/target_all_eval.jsonl"
        ],
        "records": 1089390
      },
      {
        "part_index": 1,
        "predictions_path": "outputs/idm_streaming_d2e_full_state_sequence_stack5_prior_paper_target/prediction_recovery_parts/part_001/predictions.jsonl",
        "pseudo_label_path": "outputs/idm_streaming_d2e_full_state_sequence_stack5_prior_paper_target/prediction_recovery_parts/part_001/pseudolabels.jsonl",
        "record_paths": [
          "outputs/data/d2e_state_corpus_shards_accel64/shard_12/target_all_eval.jsonl",
          "outputs/data/d2e_state_corpus_shards_accel64/shard_13/target_all_eval.jsonl",
          "outputs/data/d2e_state_corpus_shards_accel64/shard_14/target_all_eval.jsonl",
          "outputs/data/d2e_state_corpus_shards_accel64/shard_15/target_all_eval.jsonl"
        ],
        "records": 1018173
      },
      {
        "part_index": 2,
        "predictions_path": "outputs/idm_streaming_d2e_full_state_sequence_stack5_prior_paper_target/prediction_recovery_parts/part_002/predictions.jsonl",
        "pseudo_label_path": "outputs/idm_streaming_d2e_full_state_sequence_stack5_prior_paper_target/prediction_recovery_parts/part_002/pseudolabels.jsonl",
        "record_paths": [
          "outputs/data/d2e_state_corpus_shards_accel64/shard_16/target_all_eval.jsonl",
          "outputs/data/d2e_state_corpus_shards_accel64/shard_17/target_all_eval.jsonl",
          "outputs/data/d2e_state_corpus_shards_accel64/shard_18/target_all_eval.jsonl",
          "outputs/data/d2e_state_corpus_shards_accel64/shard_19/target_all_eval.jsonl"
        ],
        "records": 898692
      },
      {
        "part_index": 3,
        "predictions_path": "outputs/idm_streaming_d2e_full_state_sequence_stack5_prior_paper_target/prediction_recovery_parts/part_003/predictions.jsonl",
        "pseudo_label_path": "outputs/idm_streaming_d2e_full_state_sequence_stack5_prior_paper_target/prediction_recovery_parts/part_003/pseudolabels.jsonl",
        "record_paths": [
          "outputs/data/d2e_state_corpus_shards_accel64/shard_2/target_all_eval.jsonl",
          "outputs/data/d2e_state_corpus_shards_accel64/shard_20/target_all_eval.jsonl",
          "outputs/data/d2e_state_corpus_shards_accel64/shard_21/target_all_eval.jsonl",
          "outputs/data/d2e_state_corpus_shards_accel64/shard_22/target_all_eval.jsonl"
        ],
        "records": 986551
      },
      {
        "part_index": 4,
        "predictions_path": "outputs/idm_streaming_d2e_full_state_sequence_stack5_prior_paper_target/prediction_recovery_parts/part_004/predictions.jsonl",
        "pseudo_label_path": "outputs/idm_streaming_d2e_full_state_sequence_stack5_prior_paper_target/prediction_recovery_parts/part_004/pseudolabels.jsonl",
        "record_paths": [
          "outputs/data/d2e_state_corpus_shards_accel64/shard_23/target_all_eval.jsonl",
          "outputs/data/d2e_state_corpus_shards_accel64/shard_24/target_all_eval.jsonl",
          "outputs/data/d2e_state_corpus_shards_accel64/shard_25/target_all_eval.jsonl",
          "outputs/data/d2e_state_corpus_shards_accel64/shard_26/target_all_eval.jsonl"
        ],
        "records": 681790
      },
      {
        "part_index": 5,
        "predictions_path": "outputs/idm_streaming_d2e_full_state_sequence_stack5_prior_paper_target/prediction_recovery_parts/part_005/predictions.jsonl",
        "pseudo_label_path": "outputs/idm_streaming_d2e_full_state_sequence_stack5_prior_paper_target/prediction_recovery_parts/part_005/pseudolabels.jsonl",
        "record_paths": [
          "outputs/data/d2e_state_corpus_shards_accel64/shard_27/target_all_eval.jsonl",
          "outputs/data/d2e_state_corpus_shards_accel64/shard_28/target_all_eval.jsonl",
          "outputs/data/d2e_state_corpus_shards_accel64/shard_29/target_all_eval.jsonl",
          "outputs/data/d2e_state_corpus_shards_accel64/shard_3/target_all_eval.jsonl"
        ],
        "records": 907924
      },
      {
        "part_index": 6,
        "predictions_path": "outputs/idm_streaming_d2e_full_state_sequence_stack5_prior_paper_target/prediction_recovery_parts/part_006/predictions.jsonl",
        "pseudo_label_path": "outputs/idm_streaming_d2e_full_state_sequence_stack5_prior_paper_target/prediction_recovery_parts/part_006/pseudolabels.jsonl",
        "record_paths": [
          "outputs/data/d2e_state_corpus_shards_accel64/shard_30/target_all_eval.jsonl",
          "outputs/data/d2e_state_corpus_shards_accel64/shard_31/target_all_eval.jsonl",
          "outputs/data/d2e_state_corpus_shards_accel64/shard_32/target_all_eval.jsonl",
          "outputs/data/d2e_state_corpus_shards_accel64/shard_33/target_all_eval.jsonl"
        ],
        "records": 769740
      },
      {
        "part_index": 7,
        "predictions_path": "outputs/idm_streaming_d2e_full_state_sequence_stack5_prior_paper_target/prediction_recovery_parts/part_007/predictions.jsonl",
        "pseudo_label_path": "outputs/idm_streaming_d2e_full_state_sequence_stack5_prior_paper_target/prediction_recovery_parts/part_007/pseudolabels.jsonl",
        "record_paths": [
          "outputs/data/d2e_state_corpus_shards_accel64/shard_34/target_all_eval.jsonl",
          "outputs/data/d2e_state_corpus_shards_accel64/shard_35/target_all_eval.jsonl",
          "outputs/data/d2e_state_corpus_shards_accel64/shard_36/target_all_eval.jsonl",
          "outputs/data/d2e_state_corpus_shards_accel64/shard_37/target_all_eval.jsonl"
        ],
        "records": 898715
      },
      {
        "part_index": 8,
        "predictions_path": "outputs/idm_streaming_d2e_full_state_sequence_stack5_prior_paper_target/prediction_recovery_parts/part_008/predictions.jsonl",
        "pseudo_label_path": "outputs/idm_streaming_d2e_full_state_sequence_stack5_prior_paper_target/prediction_recovery_parts/part_008/pseudolabels.jsonl",
        "record_paths": [
          "outputs/data/d2e_state_corpus_shards_accel64/shard_38/target_all_eval.jsonl",
          "outputs/data/d2e_state_corpus_shards_accel64/shard_39/target_all_eval.jsonl",
          "outputs/data/d2e_state_corpus_shards_accel64/shard_4/target_all_eval.jsonl",
          "outputs/data/d2e_state_corpus_shards_accel64/shard_40/target_all_eval.jsonl"
        ],
        "records": 888529
      },
      {
        "part_index": 9,
        "predictions_path": "outputs/idm_streaming_d2e_full_state_sequence_stack5_prior_paper_target/prediction_recovery_parts/part_009/predictions.jsonl",
        "pseudo_label_path": "outputs/idm_streaming_d2e_full_state_sequence_stack5_prior_paper_target/prediction_recovery_parts/part_009/pseudolabels.jsonl",
        "record_paths": [
          "outputs/data/d2e_state_corpus_shards_accel64/shard_41/target_all_eval.jsonl",
          "outputs/data/d2e_state_corpus_shards_accel64/shard_42/target_all_eval.jsonl",
          "outputs/data/d2e_state_corpus_shards_accel64/shard_43/target_all_eval.jsonl",
          "outputs/data/d2e_state_corpus_shards_accel64/shard_44/target_all_eval.jsonl"
        ],
        "records": 1015028
      },
      {
        "part_index": 10,
        "predictions_path": "outputs/idm_streaming_d2e_full_state_sequence_stack5_prior_paper_target/prediction_recovery_parts/part_010/predictions.jsonl",
        "pseudo_label_path": "outputs/idm_streaming_d2e_full_state_sequence_stack5_prior_paper_target/prediction_recovery_parts/part_010/pseudolabels.jsonl",
        "record_paths": [
          "outputs/data/d2e_state_corpus_shards_accel64/shard_45/target_all_eval.jsonl",
          "outputs/data/d2e_state_corpus_shards_accel64/shard_46/target_all_eval.jsonl",
          "outputs/data/d2e_state_corpus_shards_accel64/shard_47/target_all_eval.jsonl",
          "outputs/data/d2e_state_corpus_shards_accel64/shard_48/target_all_eval.jsonl"
        ],
        "records": 1519495
      },
      {
        "part_index": 11,
        "predictions_path": "outputs/idm_streaming_d2e_full_state_sequence_stack5_prior_paper_target/prediction_recovery_parts/part_011/predictions.jsonl",
        "pseudo_label_path": "outputs/idm_streaming_d2e_full_state_sequence_stack5_prior_paper_target/prediction_recovery_parts/part_011/pseudolabels.jsonl",
        "record_paths": [
          "outputs/data/d2e_state_corpus_shards_accel64/shard_49/target_all_eval.jsonl",
          "outputs/data/d2e_state_corpus_shards_accel64/shard_5/target_all_eval.jsonl",
          "outputs/data/d2e_state_corpus_shards_accel64/shard_50/target_all_eval.jsonl",
          "outputs/data/d2e_state_corpus_shards_accel64/shard_51/target_all_eval.jsonl"
        ],
        "records": 861540
      },
      {
        "part_index": 12,
        "predictions_path": "outputs/idm_streaming_d2e_full_state_sequence_stack5_prior_paper_target/prediction_recovery_parts/part_012/predictions.jsonl",
        "pseudo_label_path": "outputs/idm_streaming_d2e_full_state_sequence_stack5_prior_paper_target/prediction_recovery_parts/part_012/pseudolabels.jsonl",
        "record_paths": [
          "outputs/data/d2e_state_corpus_shards_accel64/shard_52/target_all_eval.jsonl",
          "outputs/data/d2e_state_corpus_shards_accel64/shard_53/target_all_eval.jsonl",
          "outputs/data/d2e_state_corpus_shards_accel64/shard_54/target_all_eval.jsonl",
          "outputs/data/d2e_state_corpus_shards_accel64/shard_55/target_all_eval.jsonl"
        ],
        "records": 1186839
      },
      {
        "part_index": 13,
        "predictions_path": "outputs/idm_streaming_d2e_full_state_sequence_stack5_prior_paper_target/prediction_recovery_parts/part_013/predictions.jsonl",
        "pseudo_label_path": "outputs/idm_streaming_d2e_full_state_sequence_stack5_prior_paper_target/prediction_recovery_parts/part_013/pseudolabels.jsonl",
        "record_paths": [
          "outputs/data/d2e_state_corpus_shards_accel64/shard_56/target_all_eval.jsonl",
          "outputs/data/d2e_state_corpus_shards_accel64/shard_57/target_all_eval.jsonl",
          "outputs/data/d2e_state_corpus_shards_accel64/shard_58/target_all_eval.jsonl",
          "outputs/data/d2e_state_corpus_shards_accel64/shard_59/target_all_eval.jsonl"
        ],
        "records": 1381352
      },
      {
        "part_index": 14,
        "predictions_path": "outputs/idm_streaming_d2e_full_state_sequence_stack5_prior_paper_target/prediction_recovery_parts/part_014/predictions.jsonl",
        "pseudo_label_path": "outputs/idm_streaming_d2e_full_state_sequence_stack5_prior_paper_target/prediction_recovery_parts/part_014/pseudolabels.jsonl",
        "record_paths": [
          "outputs/data/d2e_state_corpus_shards_accel64/shard_6/target_all_eval.jsonl",
          "outputs/data/d2e_state_corpus_shards_accel64/shard_60/target_all_eval.jsonl",
          "outputs/data/d2e_state_corpus_shards_accel64/shard_61/target_all_eval.jsonl",
          "outputs/data/d2e_state_corpus_shards_accel64/shard_62/target_all_eval.jsonl"
        ],
        "records": 1246917
      },
      {
        "part_index": 15,
        "predictions_path": "outputs/idm_streaming_d2e_full_state_sequence_stack5_prior_paper_target/prediction_recovery_parts/part_015/predictions.jsonl",
        "pseudo_label_path": "outputs/idm_streaming_d2e_full_state_sequence_stack5_prior_paper_target/prediction_recovery_parts/part_015/pseudolabels.jsonl",
        "record_paths": [
          "outputs/data/d2e_state_corpus_shards_accel64/shard_63/target_all_eval.jsonl",
          "outputs/data/d2e_state_corpus_shards_accel64/shard_7/target_all_eval.jsonl",
          "outputs/data/d2e_state_corpus_shards_accel64/shard_8/target_all_eval.jsonl",
          "outputs/data/d2e_state_corpus_shards_accel64/shard_9/target_all_eval.jsonl"
        ],
        "records": 1347971
      }
    ],
    "pseudolabel_validation": true,
    "workers": 16,
    "write_mode": "parallel_parts"
  },
  "require_precomputed_cache": true,
  "runtime_config": "configs/model/idm_streaming_d2e_full_state_sequence_stack5_prior_paper_target.yaml",
  "schema": "g005_idm_state_sequence_stack5_prior_4xh200_run.v1",
  "split_stats_config": "configs/eval/g005_idm_state_sequence_stack5_prior_split_statistics.yaml",
  "split_stats_outputs": [
    {
      "comparisons": 21,
      "path": "outputs/idm_streaming_d2e_full_state_sequence_stack5_prior_paper_target/split_temporal_statistical_comparison.json",
      "split": "temporal",
      "status": "pass"
    },
    {
      "comparisons": 21,
      "path": "outputs/idm_streaming_d2e_full_state_sequence_stack5_prior_paper_target/split_heldout_recording_statistical_comparison.json",
      "split": "heldout_recording",
      "status": "pass"
    },
    {
      "comparisons": 21,
      "path": "outputs/idm_streaming_d2e_full_state_sequence_stack5_prior_paper_target/split_heldout_game_statistical_comparison.json",
      "split": "heldout_game",
      "status": "pass"
    }
  ],
  "split_stats_status": "pass",
  "split_stats_summary_path": "artifacts/eval/g005_idm_state_sequence_stack5_prior_split_statistical_comparisons_summary.json",
  "summary_exists": true,
  "summary_path": "artifacts/idm/idm_streaming_d2e_full_state_sequence_stack5_prior_paper_target_summary.json",
  "target_records": 16698646,
  "train_records": 19211006,
  "wall_clock_seconds": 8692
}
g005 paper-target audit: status=fail errors=8 output=artifacts/idm/g005_idm_state_sequence_stack5_prior_paper_target_audit.json
{"g005_audit_status": "fail", "validation_exit_code": 2}
