started_at=2026-05-26T08:13:14+00:00
git_head=af91676bcd290ab0bee2c1f9052ab5a82e507d04
config=configs/model/idm_streaming_d2e_full_state_sequence_stack5_prior_paper_target.yaml
nproc_per_node=4
gpu_monitor_log=artifacts/idm/g005_idm_state_sequence_stack5_prior_4xh200_gpu_monitor.csv
split_stats_config=configs/eval/g005_idm_state_sequence_stack5_prior_split_statistics.yaml
paper_target_config=configs/eval/g005_idm_state_sequence_stack5_prior_paper_target.yaml
{"cuda_available": true, "cuda_device_count": 4, "cuda_visible_devices": null, "expected_gpus": 4, "hostname": "prod-rsv-jeonghunpark-20260525-22e263", "rank": 0, "schema": "cluster_gpu_smoke.v1", "status": "passed", "torch_imported": true, "torch_version": "2.12.0+cu130", "world_size": 1}
validating precomputed streaming IDM stats/cache via artifacts/idm/g005_idm_state_sequence_stack5_prior_precomputed_cache_validation.json
{
  "bytes": 209182643775,
  "cache_dir": "outputs/idm_streaming_d2e_full_state_sequence_stack5_prior_paper_target/train_cache",
  "claim_boundary": "Standalone cache precompute prepares streaming IDM DDP input; it is not model-quality evidence.",
  "config": "configs/model/idm_streaming_d2e_full_state_sequence_stack5_prior_paper_target.yaml",
  "force_rebuild": false,
  "manifest_count": 64,
  "manifest_paths": [
    "outputs/idm_streaming_d2e_full_state_sequence_stack5_prior_paper_target/train_cache/train_core-3368840e684e5f819a9c.manifest.json",
    "outputs/idm_streaming_d2e_full_state_sequence_stack5_prior_paper_target/train_cache/train_core-313ba453fe2277e62eb5.manifest.json",
    "outputs/idm_streaming_d2e_full_state_sequence_stack5_prior_paper_target/train_cache/train_core-a4e9ee64e2a4265e4894.manifest.json",
    "outputs/idm_streaming_d2e_full_state_sequence_stack5_prior_paper_target/train_cache/train_core-00f8f1d6226f15fde767.manifest.json",
    "outputs/idm_streaming_d2e_full_state_sequence_stack5_prior_paper_target/train_cache/train_core-3580bfec2cd778cc1a32.manifest.json",
    "outputs/idm_streaming_d2e_full_state_sequence_stack5_prior_paper_target/train_cache/train_core-03441be2fa121e698379.manifest.json",
    "outputs/idm_streaming_d2e_full_state_sequence_stack5_prior_paper_target/train_cache/train_core-a175295506c50187523b.manifest.json",
    "outputs/idm_streaming_d2e_full_state_sequence_stack5_prior_paper_target/train_cache/train_core-b1b4aafdf22f1030eada.manifest.json",
    "outputs/idm_streaming_d2e_full_state_sequence_stack5_prior_paper_target/train_cache/train_core-2cb7ed2f939e260d2896.manifest.json",
    "outputs/idm_streaming_d2e_full_state_sequence_stack5_prior_paper_target/train_cache/train_core-bbd591e79fbf3f82f4f1.manifest.json",
    "outputs/idm_streaming_d2e_full_state_sequence_stack5_prior_paper_target/train_cache/train_core-dc6b67d547a5c28b636e.manifest.json",
    "outputs/idm_streaming_d2e_full_state_sequence_stack5_prior_paper_target/train_cache/train_core-fba581f961f9188b8ac4.manifest.json",
    "outputs/idm_streaming_d2e_full_state_sequence_stack5_prior_paper_target/train_cache/train_core-b8df45e729017672d056.manifest.json",
    "outputs/idm_streaming_d2e_full_state_sequence_stack5_prior_paper_target/train_cache/train_core-8a6c2ce54b182d197cce.manifest.json",
    "outputs/idm_streaming_d2e_full_state_sequence_stack5_prior_paper_target/train_cache/train_core-ea391084f62a67cca8ca.manifest.json",
    "outputs/idm_streaming_d2e_full_state_sequence_stack5_prior_paper_target/train_cache/train_core-c3ab69598c1d5d55d4bf.manifest.json",
    "outputs/idm_streaming_d2e_full_state_sequence_stack5_prior_paper_target/train_cache/train_core-6fb6b8dbbe9209c9e302.manifest.json",
    "outputs/idm_streaming_d2e_full_state_sequence_stack5_prior_paper_target/train_cache/train_core-f908448e49f0fd1185ba.manifest.json",
    "outputs/idm_streaming_d2e_full_state_sequence_stack5_prior_paper_target/train_cache/train_core-c75df0ff2a7fa8977523.manifest.json",
    "outputs/idm_streaming_d2e_full_state_sequence_stack5_prior_paper_target/train_cache/train_core-04980c0fb25960644479.manifest.json",
    "outputs/idm_streaming_d2e_full_state_sequence_stack5_prior_paper_target/train_cache/train_core-f333b4f2be9ef53df89c.manifest.json",
    "outputs/idm_streaming_d2e_full_state_sequence_stack5_prior_paper_target/train_cache/train_core-83498b157cb994468067.manifest.json",
    "outputs/idm_streaming_d2e_full_state_sequence_stack5_prior_paper_target/train_cache/train_core-48a5da162283110c0259.manifest.json",
    "outputs/idm_streaming_d2e_full_state_sequence_stack5_prior_paper_target/train_cache/train_core-ffbc68f4e9ef43d646e7.manifest.json",
    "outputs/idm_streaming_d2e_full_state_sequence_stack5_prior_paper_target/train_cache/train_core-30578ed4b74a2f34fc6d.manifest.json",
    "outputs/idm_streaming_d2e_full_state_sequence_stack5_prior_paper_target/train_cache/train_core-fbb8b4b032a0932d44d0.manifest.json",
    "outputs/idm_streaming_d2e_full_state_sequence_stack5_prior_paper_target/train_cache/train_core-92d367a8e43b8e3a2e47.manifest.json",
    "outputs/idm_streaming_d2e_full_state_sequence_stack5_prior_paper_target/train_cache/train_core-2a9d55d31dedde8213ea.manifest.json",
    "outputs/idm_streaming_d2e_full_state_sequence_stack5_prior_paper_target/train_cache/train_core-e612d5373777d318f78d.manifest.json",
    "outputs/idm_streaming_d2e_full_state_sequence_stack5_prior_paper_target/train_cache/train_core-00e02355f7a7fde149ed.manifest.json",
    "outputs/idm_streaming_d2e_full_state_sequence_stack5_prior_paper_target/train_cache/train_core-7be97a5c50482a270577.manifest.json",
    "outputs/idm_streaming_d2e_full_state_sequence_stack5_prior_paper_target/train_cache/train_core-d9c6c25f0abbe41e1c59.manifest.json",
    "outputs/idm_streaming_d2e_full_state_sequence_stack5_prior_paper_target/train_cache/train_core-f3d712158ac0717d469e.manifest.json",
    "outputs/idm_streaming_d2e_full_state_sequence_stack5_prior_paper_target/train_cache/train_core-adebefd5c8acc3de2e7b.manifest.json",
    "outputs/idm_streaming_d2e_full_state_sequence_stack5_prior_paper_target/train_cache/train_core-35ec0e119a7e1aa7f23e.manifest.json",
    "outputs/idm_streaming_d2e_full_state_sequence_stack5_prior_paper_target/train_cache/train_core-2f28fb8c5c919d7c85ba.manifest.json",
    "outputs/idm_streaming_d2e_full_state_sequence_stack5_prior_paper_target/train_cache/train_core-6fae1df254544b1d4fa0.manifest.json",
    "outputs/idm_streaming_d2e_full_state_sequence_stack5_prior_paper_target/train_cache/train_core-46a9f45c4a19eff1ffd7.manifest.json",
    "outputs/idm_streaming_d2e_full_state_sequence_stack5_prior_paper_target/train_cache/train_core-faa98718519af6099a3f.manifest.json",
    "outputs/idm_streaming_d2e_full_state_sequence_stack5_prior_paper_target/train_cache/train_core-e7ab188e8282a5768692.manifest.json",
    "outputs/idm_streaming_d2e_full_state_sequence_stack5_prior_paper_target/train_cache/train_core-4958707158ca7ca21ffa.manifest.json",
    "outputs/idm_streaming_d2e_full_state_sequence_stack5_prior_paper_target/train_cache/train_core-dbbd905a7a7ce9c8c257.manifest.json",
    "outputs/idm_streaming_d2e_full_state_sequence_stack5_prior_paper_target/train_cache/train_core-3bf77b3c2296f129e802.manifest.json",
    "outputs/idm_streaming_d2e_full_state_sequence_stack5_prior_paper_target/train_cache/train_core-76f3b99572b7bdec140a.manifest.json",
    "outputs/idm_streaming_d2e_full_state_sequence_stack5_prior_paper_target/train_cache/train_core-867a180e61797db2c4b7.manifest.json",
    "outputs/idm_streaming_d2e_full_state_sequence_stack5_prior_paper_target/train_cache/train_core-b7634c4b6070b64e847c.manifest.json",
    "outputs/idm_streaming_d2e_full_state_sequence_stack5_prior_paper_target/train_cache/train_core-0188a1f6ee2bcb48cb71.manifest.json",
    "outputs/idm_streaming_d2e_full_state_sequence_stack5_prior_paper_target/train_cache/train_core-bbbfa8cccb937efe4722.manifest.json",
    "outputs/idm_streaming_d2e_full_state_sequence_stack5_prior_paper_target/train_cache/train_core-f202bfd0f09bc9edd599.manifest.json",
    "outputs/idm_streaming_d2e_full_state_sequence_stack5_prior_paper_target/train_cache/train_core-1e201e67f7a464edfa63.manifest.json",
    "outputs/idm_streaming_d2e_full_state_sequence_stack5_prior_paper_target/train_cache/train_core-b832ec2d5cec7390451f.manifest.json",
    "outputs/idm_streaming_d2e_full_state_sequence_stack5_prior_paper_target/train_cache/train_core-decb457d0926cbdd1e1f.manifest.json",
    "outputs/idm_streaming_d2e_full_state_sequence_stack5_prior_paper_target/train_cache/train_core-e217e08cd4b5f52b76eb.manifest.json",
    "outputs/idm_streaming_d2e_full_state_sequence_stack5_prior_paper_target/train_cache/train_core-19ed2057bcf40255bd5f.manifest.json",
    "outputs/idm_streaming_d2e_full_state_sequence_stack5_prior_paper_target/train_cache/train_core-92704957b81648fda03d.manifest.json",
    "outputs/idm_streaming_d2e_full_state_sequence_stack5_prior_paper_target/train_cache/train_core-29534f13ec8ba7c51b35.manifest.json",
    "outputs/idm_streaming_d2e_full_state_sequence_stack5_prior_paper_target/train_cache/train_core-fad0ff5e7fa7c322356a.manifest.json",
    "outputs/idm_streaming_d2e_full_state_sequence_stack5_prior_paper_target/train_cache/train_core-3683f373f316cde71385.manifest.json",
    "outputs/idm_streaming_d2e_full_state_sequence_stack5_prior_paper_target/train_cache/train_core-5f1407defb3e2161e654.manifest.json",
    "outputs/idm_streaming_d2e_full_state_sequence_stack5_prior_paper_target/train_cache/train_core-ed84e4d12196cf2d75b3.manifest.json",
    "outputs/idm_streaming_d2e_full_state_sequence_stack5_prior_paper_target/train_cache/train_core-3bb903169323704ca077.manifest.json",
    "outputs/idm_streaming_d2e_full_state_sequence_stack5_prior_paper_target/train_cache/train_core-09fddc8795bf9b125fef.manifest.json",
    "outputs/idm_streaming_d2e_full_state_sequence_stack5_prior_paper_target/train_cache/train_core-24dd34cc8f89cfc5d314.manifest.json",
    "outputs/idm_streaming_d2e_full_state_sequence_stack5_prior_paper_target/train_cache/train_core-591d6e6da7cd28646591.manifest.json"
  ],
  "record_paths": 64,
  "rows": 19211006,
  "schema": "streaming_idm_training_cache_precompute_summary.v1",
  "stats_path": "outputs/idm_streaming_d2e_full_state_sequence_stack5_prior_paper_target/streaming_stats.json",
  "stats_precomputed": true,
  "status": "pass",
  "validate_only": true,
  "wall_clock_seconds": 0.6470170021057129,
  "workers": 32
}
W0526 08:13:23.020000 628405 torch/distributed/run.py:862]
W0526 08:13:23.020000 628405 torch/distributed/run.py:862] *****************************************
W0526 08:13:23.020000 628405 torch/distributed/run.py:862] Setting OMP_NUM_THREADS environment variable for each process to be 1 in default, to avoid your system being overloaded, please further tune the variable for optimal performance in your application as needed.
W0526 08:13:23.020000 628405 torch/distributed/run.py:862] *****************************************
[W526 08:13:24.854611942 socket.cpp:764] [c10d] The client socket cannot be initialized to connect to [localhost]:45579 (errno: 97 - Address family not supported by protocol).
[W526 08:13:24.860523416 socket.cpp:764] [c10d] The client socket cannot be initialized to connect to [::ffff:127.0.0.1]:45579 (errno: 97 - Address family not supported by protocol).
[W526 08:13:24.862128445 socket.cpp:764] [c10d] The client socket cannot be initialized to connect to [::ffff:127.0.0.1]:45579 (errno: 97 - Address family not supported by protocol).
[W526 08:13:24.185084188 socket.cpp:764] [c10d] The client socket cannot be initialized to connect to [::ffff:198.18.84.78]:36501 (errno: 97 - Address family not supported by protocol).
[W526 08:13:28.752926534 socket.cpp:764] [c10d] The client socket cannot be initialized to connect to [::ffff:198.18.84.78]:36501 (errno: 97 - Address family not supported by protocol).
[W526 08:13:28.775217134 socket.cpp:764] [c10d] The client socket cannot be initialized to connect to [::ffff:198.18.84.78]:36501 (errno: 97 - Address family not supported by protocol).
[W526 08:13:28.777750486 socket.cpp:764] [c10d] The client socket cannot be initialized to connect to [::ffff:198.18.84.78]:36501 (errno: 97 - Address family not supported by protocol).
[W526 08:13:28.778123507 socket.cpp:764] [c10d] The client socket cannot be initialized to connect to [::ffff:198.18.84.78]:36501 (errno: 97 - Address family not supported by protocol).
/mnt/ddn/prod-runs/jeonghunpark/code/continuous-gui-poc/fdm-d2e-reproduction/.venv/lib/python3.11/site-packages/torch/distributed/c10d_logger.py:83: UserWarning: barrier(): using the device under current context. You can specify `device_id` in `init_process_group` to mute this warning.
  return func(*args, **kwargs)
[rank0]:[W526 08:13:28.789188057 ProcessGroupNCCL.cpp:5324] Guessing device ID based on global rank. This can cause a hang if rank to GPU mapping is heterogeneous. You can specify device_id in init_process_group()
/mnt/ddn/prod-runs/jeonghunpark/code/continuous-gui-poc/fdm-d2e-reproduction/.venv/lib/python3.11/site-packages/torch/distributed/c10d_logger.py:83: UserWarning: barrier(): using the device under current context. You can specify `device_id` in `init_process_group` to mute this warning.
  return func(*args, **kwargs)
/mnt/ddn/prod-runs/jeonghunpark/code/continuous-gui-poc/fdm-d2e-reproduction/.venv/lib/python3.11/site-packages/torch/distributed/c10d_logger.py:83: UserWarning: barrier(): using the device under current context. You can specify `device_id` in `init_process_group` to mute this warning.
  return func(*args, **kwargs)
/mnt/ddn/prod-runs/jeonghunpark/code/continuous-gui-poc/fdm-d2e-reproduction/.venv/lib/python3.11/site-packages/torch/distributed/c10d_logger.py:83: UserWarning: barrier(): using the device under current context. You can specify `device_id` in `init_process_group` to mute this warning.
  return func(*args, **kwargs)
/mnt/ddn/prod-runs/jeonghunpark/code/continuous-gui-poc/fdm-d2e-reproduction/.venv/lib/python3.11/site-packages/torch/distributed/c10d_logger.py:83: UserWarning: barrier(): using the device under current context. You can specify `device_id` in `init_process_group` to mute this warning.
  return func(*args, **kwargs)
/mnt/ddn/prod-runs/jeonghunpark/code/continuous-gui-poc/fdm-d2e-reproduction/.venv/lib/python3.11/site-packages/torch/distributed/c10d_logger.py:83: UserWarning: barrier(): using the device under current context. You can specify `device_id` in `init_process_group` to mute this warning.
  return func(*args, **kwargs)
/mnt/ddn/prod-runs/jeonghunpark/code/continuous-gui-poc/fdm-d2e-reproduction/.venv/lib/python3.11/site-packages/torch/distributed/c10d_logger.py:83: UserWarning: barrier(): using the device under current context. You can specify `device_id` in `init_process_group` to mute this warning.
  return func(*args, **kwargs)
/mnt/ddn/prod-runs/jeonghunpark/code/continuous-gui-poc/fdm-d2e-reproduction/.venv/lib/python3.11/site-packages/torch/distributed/c10d_logger.py:83: UserWarning: barrier(): using the device under current context. You can specify `device_id` in `init_process_group` to mute this warning.
  return func(*args, **kwargs)
/mnt/ddn/prod-runs/jeonghunpark/code/continuous-gui-poc/fdm-d2e-reproduction/.venv/lib/python3.11/site-packages/torch/distributed/c10d_logger.py:83: UserWarning: barrier(): using the device under current context. You can specify `device_id` in `init_process_group` to mute this warning.
  return func(*args, **kwargs)
streaming IDM worker complete: rank=1 world_size=4 status=worker_complete
streaming IDM worker complete: rank=2 world_size=4 status=worker_complete
streaming IDM worker complete: rank=3 world_size=4 status=worker_complete
trained streaming IDM: model=streaming_idm_d2e_full_state_sequence_stack5_prior_paper_target device=cuda:0 train=19211006 target=16698646 metrics=outputs/idm_streaming_d2e_full_state_sequence_stack5_prior_paper_target/metrics.json
split statistical comparisons: status=pass outputs=3
g005 paper metrics: status=pass rows=16698646 output=artifacts/idm/g005_idm_state_sequence_stack5_prior_paper_metrics.json
finished_at=2026-05-26T10:38:05+00:00
