{
  "action_loss": 0.8810974122756844,
  "calibration_rows": 2000,
  "diagnostic_ground_truth_examples": 50,
  "diagnostic_predicted_examples": 18,
  "exact_button_tp": 0,
  "family_budget_status": "pass",
  "family_budgets": {
    "keyboard": {
      "keyboard_key_accuracy": 0.01003671970624235,
      "mouse_button_accuracy": 0.0,
      "mouse_button_f1": 0.0,
      "mouse_move_pearson_x": null,
      "mouse_move_pearson_y": null,
      "no_button_false_positive_rate": 0.0,
      "predicted_non_noop_tokens": 3918,
      "score": 0.011147830817353462,
      "threshold": 0.007493532728403807
    },
    "mouse_button": {
      "keyboard_key_accuracy": 0.0,
      "mouse_button_accuracy": 0.0,
      "mouse_button_f1": 0.0,
      "mouse_move_pearson_x": null,
      "mouse_move_pearson_y": null,
      "no_button_false_positive_rate": 0.017543859649122806,
      "predicted_non_noop_tokens": 40,
      "score": 0.0,
      "threshold": 0.002123183337971568
    },
    "mouse_move": {
      "keyboard_key_accuracy": 0.0,
      "mouse_button_accuracy": 0.0,
      "mouse_button_f1": 0.0,
      "mouse_move_pearson_x": 0.022997661661641047,
      "mouse_move_pearson_y": null,
      "no_button_false_positive_rate": 0.0,
      "predicted_non_noop_tokens": 403,
      "score": 0.011498830830820523,
      "threshold": 0.811433421207428
    }
  },
  "fit_rows": 78000,
  "keyboard_key_accuracy": 0.011649755730928222,
  "keyboard_strict_accuracy": 0.004570383912248629,
  "mouse_button_accuracy": 0.0,
  "mouse_button_f1_strict": 0.0,
  "mouse_move_pearson_x": -0.010852574641553906,
  "mouse_move_pearson_y": null,
  "no_button_fpr": 0.004529544986617253,
  "non_noop_budget_status": "pass",
  "semantic_overlap": 0,
  "target_rows": 5000,
  "temporal_window": 7,
  "train_loss": 0.8814614309438646,
  "train_rows": 80000,
  "video_pretrain_loss": 0.011170322109109317,
  "video_reconstruction_loss": 0.0072803628739829245,
  "vocab_size": 148,
  "wall_clock_seconds": 661.3341481685638
}
