wandb: [wandb.login()] Loaded credentials for https://api.wandb.ai from configured W&B credential env var.
wandb: Currently logged in as: pjh6029 (pjh6029-seoul-national-university) to https://api.wandb.ai. Use `wandb login --relogin` to force relogin
wandb: setting up run ettchybq
wandb: Tracking run with wandb version 0.27.0
wandb: Run data is saved locally in outputs/wandb/wandb/run-20260528_023231-ettchybq
wandb: Run `wandb offline` to turn off syncing.
wandb: Syncing run g005-frozen-frame-embedding-prefix320k
wandb: ⭐️ View project at https://wandb.ai/pjh6029-seoul-national-university/fdm-d2e-reproduction
wandb: 🚀 View run at https://wandb.ai/pjh6029-seoul-national-university/fdm-d2e-reproduction/runs/ettchybq
wandb: WARNING Tried to log to step 1 that is less than the current step 15. Steps must be monotonically increasing, so this data will be ignored. See https://wandb.me/define-metric to log data out of order.
wandb: WARNING Tried to log to step 2 that is less than the current step 15. Steps must be monotonically increasing, so this data will be ignored. See https://wandb.me/define-metric to log data out of order.
wandb: WARNING Tried to log to step 3 that is less than the current step 15. Steps must be monotonically increasing, so this data will be ignored. See https://wandb.me/define-metric to log data out of order.
wandb: WARNING Tried to log to step 4 that is less than the current step 15. Steps must be monotonically increasing, so this data will be ignored. See https://wandb.me/define-metric to log data out of order.
wandb: WARNING Tried to log to step 5 that is less than the current step 15. Steps must be monotonically increasing, so this data will be ignored. See https://wandb.me/define-metric to log data out of order.
wandb: WARNING Tried to log to step 6 that is less than the current step 15. Steps must be monotonically increasing, so this data will be ignored. See https://wandb.me/define-metric to log data out of order.
wandb: updating run metadata
wandb: uploading output.log; uploading wandb-summary.json; uploading config.yaml
wandb: uploading history steps 25-25, summary
wandb:
wandb: Run history:
wandb:        gpu/0/memory_used_mib █▁▁▁▁▁▁▁▁▁▁▁▁▁▁▁▂▂▂▂▂▂▂▂▂▁
wandb:           gpu/0/power_draw_w █████████████████████████▁
wandb:    gpu/0/utilization_gpu_pct ▁▁▁▁▁▁▁▁▁▁▁▁▁▁▁▁▁▁▁▁▁▁▁▁▁▁
wandb: gpu/0/utilization_memory_pct ▁▁▁▁▁▁▁▁▁▁▁▁▁▁▁▁▁▁▁▁▁▁▁▁▁▁
wandb:        gpu/1/memory_used_mib █▁▁▁▁▁▁▁▁▁▁▁▁▁▁▁▁▁▁▁▁▁▁▁▁▁
wandb:           gpu/1/power_draw_w █▃▃▃▃▃▃▃▃▃▃▃▃▃▃▃▁▁▁▁▁▁▁▁▁▁
wandb:    gpu/1/utilization_gpu_pct ▇▁▁▁▁▁▁▁▁▁▁▁████▁▁▁▁▁▁▁▁▁▁
wandb: gpu/1/utilization_memory_pct █▁▁▁▁▁▁▁▁▁▁▁▁▁▁▁▁▁▁▁▁▁▁▁▁▁
wandb:               rank/0/batches ▁▁▁▁▁▁▁▁▁▁▁
wandb:              rank/0/examples ▁▁▁▁▁▁▁▁▁▁▁
wandb:                           +8 ...
wandb:
wandb: Run summary:
wandb:        gpu/0/memory_used_mib 0
wandb:           gpu/0/power_draw_w 83.56
wandb:    gpu/0/utilization_gpu_pct 0
wandb: gpu/0/utilization_memory_pct 0
wandb:        gpu/1/memory_used_mib 0
wandb:           gpu/1/power_draw_w 77.41
wandb:    gpu/1/utilization_gpu_pct 0
wandb: gpu/1/utilization_memory_pct 0
wandb:               rank/0/batches 25
wandb:              rank/0/examples 102400
wandb:                           +8 ...
wandb:
wandb: 🚀 View run g005-frozen-frame-embedding-prefix320k at: https://wandb.ai/pjh6029-seoul-national-university/fdm-d2e-reproduction/runs/ettchybq
wandb: ⭐️ View project at: https://wandb.ai/pjh6029-seoul-national-university/fdm-d2e-reproduction
wandb: Synced 5 W&B file(s), 0 media file(s), 0 artifact file(s) and 0 other file(s)
wandb: Find logs at: outputs/wandb/wandb/run-20260528_023231-ettchybq/logs
