Using CPython 3.11.11 interpreter at: /opt/conda/bin/python3
Creating virtual environment at: .venv
wandb: [wandb.login()] Loaded credentials for https://api.wandb.ai from <redacted_wandb_env_key_name>.
wandb: Currently logged in as: pjh6029 (pjh6029-seoul-national-university) to https://api.wandb.ai. Use `wandb login --relogin` to force relogin
wandb: setting up run itixp40j
wandb: Tracking run with wandb version 0.27.0
wandb: Run data is saved locally in outputs/wandb/wandb/run-20260528_164546-itixp40j
wandb: Run `wandb offline` to turn off syncing.
wandb: Syncing run g005_idm_temporal_masked_diffusion_luma_window5_budget_prefix80k_h200
wandb: 猸愶笍 View project at https://wandb.ai/pjh6029-seoul-national-university/fdm-d2e-reproduction
wandb: 馃殌 View run at https://wandb.ai/pjh6029-seoul-national-university/fdm-d2e-reproduction/runs/itixp40j
wandb: updating run metadata
wandb: uploading history steps 42-42, summary
wandb: WARNING Tried to log to step 1 that is less than the current step 42. Steps must be monotonically increasing, so this data will be ignored. See https://wandb.me/define-metric to log data out of order.
wandb: WARNING Tried to log to step 2 that is less than the current step 42. Steps must be monotonically increasing, so this data will be ignored. See https://wandb.me/define-metric to log data out of order.
wandb: 
wandb: Run history:
wandb:        gpu/0/memory_used_mib 鈻佲杹鈻佲杹鈻佲杹鈻呪枀鈻呪枅鈻堚枅鈻堚枅鈻堚枅鈻堚枅鈻堚枅鈻堚枅鈻堚枅鈻堚枅鈻堚枅鈻堚枅鈻堚枅鈻堚枅鈻堚枅鈻堚枅鈻堚枅
wandb:           gpu/0/power_draw_w 鈻佲杹鈻佲杹鈻佲杹鈻呪枀鈻呪枅鈻堚枅鈻堚枅鈻堚枅鈻堚枅鈻傗杺鈻傗杺鈻傗杺鈻傗杽鈻冣杺鈻傗杺鈻傗杺鈻傗杺鈻傗杺鈻傗杻鈻傗杽
wandb:    gpu/0/utilization_gpu_pct 鈻佲杹鈻佲杹鈻佲杹鈻冣枀鈻冣枀鈻団枅鈻団枃鈻堚枅鈻呪枀鈻傗杺鈻傗杺鈻傗杺鈻傗杺鈻傗杺鈻傗杺鈻傗杺鈻傗杺鈻傗杺鈻傗枀鈻傗杺
wandb: gpu/0/utilization_memory_pct 鈻佲杹鈻佲杹鈻佲杹鈻冣杽鈻冣枀鈻団枅鈻団枃鈻堚枅鈻呪枀鈻佲杹鈻佲杹鈻佲杹鈻佲杹鈻佲杹鈻佲杹鈻佲杹鈻佲杹鈻佲杹鈻佲枀鈻佲杹
wandb:                 sidecar/loop 鈻佲杹鈻佲杹鈻傗杺鈻傗杺鈻傗杻鈻冣杻鈻冣杻鈻冣杽鈻勨杽鈻勨杽鈻呪枀鈻呪枀鈻呪枀鈻嗏枂鈻嗏枂鈻嗏枃鈻団枃鈻団枃鈻団枃鈻堚枅
wandb:                 sidecar/time 鈻佲杺鈻傗杺鈻傗杺鈻傗杺鈻傗杽鈻勨杽鈻勨杽鈻勨杽鈻勨枀鈻呪枀鈻呪枀鈻呪枀鈻呪枃鈻団枃鈻団枃鈻団枃鈻団枅鈻堚枅鈻堚枅鈻堚枅
wandb: 
wandb: Run summary:
wandb:        gpu/0/memory_used_mib 7213
wandb:           gpu/0/power_draw_w 212.69
wandb:    gpu/0/utilization_gpu_pct 13
wandb: gpu/0/utilization_memory_pct 0
wandb:                 sidecar/loop 43
wandb:                 sidecar/time 1779987378.24807
wandb: 
wandb: 馃殌 View run g005_idm_temporal_masked_diffusion_luma_window5_budget_prefix80k_h200 at: https://wandb.ai/pjh6029-seoul-national-university/fdm-d2e-reproduction/runs/itixp40j
wandb: 猸愶笍 View project at: https://wandb.ai/pjh6029-seoul-national-university/fdm-d2e-reproduction
wandb: Synced 4 W&B file(s), 0 media file(s), 0 artifact file(s) and 0 other file(s)
wandb: Find logs at: outputs/wandb/wandb/run-20260528_164546-itixp40j/logs
