wandb: [wandb.login()] Loaded credentials for https://api.wandb.ai from WANDB_API_KEY.
wandb: Currently logged in as: pjh6029 (pjh6029-seoul-national-university) to https://api.wandb.ai. Use `wandb login --relogin` to force relogin
wandb: setting up run 636kotno
wandb: Tracking run with wandb version 0.27.0
wandb: Run data is saved locally in outputs/wandb/wandb/run-20260529_142825-636kotno
wandb: Run `wandb offline` to turn off syncing.
wandb: Syncing run g005_idm_temporal_masked_diffusion_raw96_patch_axisclass_realvideo_prefix32k
wandb: ⭐️ View project at https://wandb.ai/pjh6029-seoul-national-university/fdm-d2e-reproduction
wandb: 🚀 View run at https://wandb.ai/pjh6029-seoul-national-university/fdm-d2e-reproduction/runs/636kotno
wandb: uploading data; updating run metadata
wandb: uploading wandb-summary.json; uploading config.yaml
wandb: uploading history steps 6-6, summary
wandb: 
wandb: Run history:
wandb:        gpu/0/memory_used_mib ▁██████
wandb:           gpu/0/power_draw_w ▁██████
wandb:    gpu/0/utilization_gpu_pct ▁▁▁▁▁▁▁
wandb: gpu/0/utilization_memory_pct ▁▁▁▁▁▁▁
wandb:        gpu/1/memory_used_mib ▁██████
wandb:           gpu/1/power_draw_w ▁██████
wandb:    gpu/1/utilization_gpu_pct ▁▁▁▁▁▁▁
wandb: gpu/1/utilization_memory_pct ▁▁▁▁▁▁▁
wandb:        gpu/2/memory_used_mib ▁██████
wandb:           gpu/2/power_draw_w ▁██████
wandb:                           +8 ...
wandb: 
wandb: Run summary:
wandb:        gpu/0/memory_used_mib 529
wandb:           gpu/0/power_draw_w 119.21
wandb:    gpu/0/utilization_gpu_pct 0
wandb: gpu/0/utilization_memory_pct 0
wandb:        gpu/1/memory_used_mib 529
wandb:           gpu/1/power_draw_w 117.29
wandb:    gpu/1/utilization_gpu_pct 0
wandb: gpu/1/utilization_memory_pct 0
wandb:        gpu/2/memory_used_mib 529
wandb:           gpu/2/power_draw_w 119.63
wandb:                           +8 ...
wandb: 
wandb: 🚀 View run g005_idm_temporal_masked_diffusion_raw96_patch_axisclass_realvideo_prefix32k at: https://wandb.ai/pjh6029-seoul-national-university/fdm-d2e-reproduction/runs/636kotno
wandb: ⭐️ View project at: https://wandb.ai/pjh6029-seoul-national-university/fdm-d2e-reproduction
wandb: Synced 4 W&B file(s), 0 media file(s), 0 artifact file(s) and 0 other file(s)
wandb: Find logs at: outputs/wandb/wandb/run-20260529_142825-636kotno/logs
