started_at=2026-05-24T10:11:07+00:00
git_head=31ffc65b0c761b733a392ac8ef7b1140f780ec33
source_config=configs/model/idm_video_pair_d2e_full_raw112_paper_target.yaml
target_config=configs/model/idm_video_pair_d2e_full_raw112_keysoftmax_paper_target.yaml
output=artifacts/idm/g005_video_pair_raw112_keysoftmax_train_cache_migration_summary.json
progress_output=artifacts/idm/g005_video_pair_raw112_keysoftmax_train_cache_migration_progress.json
splits=train
{
  "schema": "video_idm_keysoftmax_cache_migration_summary.v1",
  "source_stats_path": "outputs/idm_video_pair_d2e_full_raw112_paper_target/video_idm_stats.json",
  "splits": [
    "train"
  ],
  "status": "pass",
  "target_cache": {
    "bytes": 0,
    "manifest_paths": [],
    "rows": 0
  },
  "target_category_vocab": 2,
  "target_keyboard_classes": 2374,
  "target_stats_path": "outputs/idm_video_pair_d2e_full_raw112_keysoftmax_paper_target/video_idm_stats.json",
  "train_cache": {
    "bytes": 327595466,
    "manifest_paths": [
      "outputs/idm_video_pair_d2e_full_raw112_keysoftmax_paper_target/video_cache/train/train_core-31891f4358c024f15bef.manifest.json",
      "outputs/idm_video_pair_d2e_full_raw112_keysoftmax_paper_target/video_cache/train/train_core-168d3a5362a0cdd3deb0.manifest.json",
      "outputs/idm_video_pair_d2e_full_raw112_keysoftmax_paper_target/video_cache/train/train_core-8aa89b1ce9a0097e1373.manifest.json",
      "outputs/idm_video_pair_d2e_full_raw112_keysoftmax_paper_target/video_cache/train/train_core-00058c19dd778deef53b.manifest.json",
      "outputs/idm_video_pair_d2e_full_raw112_keysoftmax_paper_target/video_cache/train/train_core-dff5d03766d8c7732c65.manifest.json",
      "outputs/idm_video_pair_d2e_full_raw112_keysoftmax_paper_target/video_cache/train/train_core-043f836cc3cc7d924414.manifest.json",
      "outputs/idm_video_pair_d2e_full_raw112_keysoftmax_paper_target/video_cache/train/train_core-926ff0071700798b6a3f.manifest.json",
      "outputs/idm_video_pair_d2e_full_raw112_keysoftmax_paper_target/video_cache/train/train_core-8a18c285625fd13e23df.manifest.json",
      "outputs/idm_video_pair_d2e_full_raw112_keysoftmax_paper_target/video_cache/train/train_core-960d39b249aae32fe228.manifest.json",
      "outputs/idm_video_pair_d2e_full_raw112_keysoftmax_paper_target/video_cache/train/train_core-d72b925d7a2d86b5c4f2.manifest.json",
      "outputs/idm_video_pair_d2e_full_raw112_keysoftmax_paper_target/video_cache/train/train_core-173b2a1ff03398c02128.manifest.json",
      "outputs/idm_video_pair_d2e_full_raw112_keysoftmax_paper_target/video_cache/train/train_core-32365329597b9eccfed7.manifest.json",
      "outputs/idm_video_pair_d2e_full_raw112_keysoftmax_paper_target/video_cache/train/train_core-9378a4dee9002e54f223.manifest.json",
      "outputs/idm_video_pair_d2e_full_raw112_keysoftmax_paper_target/video_cache/train/train_core-cca6382d3f17043fb5a9.manifest.json",
      "outputs/idm_video_pair_d2e_full_raw112_keysoftmax_paper_target/video_cache/train/train_core-d946d3e5d27afb6333ba.manifest.json",
      "outputs/idm_video_pair_d2e_full_raw112_keysoftmax_paper_target/video_cache/train/train_core-fcd823e28dfe00561930.manifest.json",
      "outputs/idm_video_pair_d2e_full_raw112_keysoftmax_paper_target/video_cache/train/train_core-4c4f606551780006255c.manifest.json",
      "outputs/idm_video_pair_d2e_full_raw112_keysoftmax_paper_target/video_cache/train/train_core-a42ae8a38db52e6374c2.manifest.json",
      "outputs/idm_video_pair_d2e_full_raw112_keysoftmax_paper_target/video_cache/train/train_core-c782edc4381efcafb343.manifest.json",
      "outputs/idm_video_pair_d2e_full_raw112_keysoftmax_paper_target/video_cache/train/train_core-690370be7f23bd1e658c.manifest.json",
      "outputs/idm_video_pair_d2e_full_raw112_keysoftmax_paper_target/video_cache/train/train_core-f8f59099325d08983712.manifest.json",
      "outputs/idm_video_pair_d2e_full_raw112_keysoftmax_paper_target/video_cache/train/train_core-3a244001161339f5b520.manifest.json",
      "outputs/idm_video_pair_d2e_full_raw112_keysoftmax_paper_target/video_cache/train/train_core-1f08fa0cf2b3f898c5a8.manifest.json",
      "outputs/idm_video_pair_d2e_full_raw112_keysoftmax_paper_target/video_cache/train/train_core-684b20e4a2174abc831b.manifest.json",
      "outputs/idm_video_pair_d2e_full_raw112_keysoftmax_paper_target/video_cache/train/train_core-2a918b4a82eac1510dc5.manifest.json",
      "outputs/idm_video_pair_d2e_full_raw112_keysoftmax_paper_target/video_cache/train/train_core-b221db700685f6afe826.manifest.json",
      "outputs/idm_video_pair_d2e_full_raw112_keysoftmax_paper_target/video_cache/train/train_core-7fc298303bd3d94d14f1.manifest.json",
      "outputs/idm_video_pair_d2e_full_raw112_keysoftmax_paper_target/video_cache/train/train_core-bb7611357708f8fe09ce.manifest.json",
      "outputs/idm_video_pair_d2e_full_raw112_keysoftmax_paper_target/video_cache/train/train_core-35b20716817ca2d2fa08.manifest.json",
      "outputs/idm_video_pair_d2e_full_raw112_keysoftmax_paper_target/video_cache/train/train_core-208e6b349ee26669b58b.manifest.json",
      "outputs/idm_video_pair_d2e_full_raw112_keysoftmax_paper_target/video_cache/train/train_core-1480abb246040e0e938c.manifest.json",
      "outputs/idm_video_pair_d2e_full_raw112_keysoftmax_paper_target/video_cache/train/train_core-862b454bb3b57c6e6706.manifest.json",
      "outputs/idm_video_pair_d2e_full_raw112_keysoftmax_paper_target/video_cache/train/train_core-677331986749a6458333.manifest.json",
      "outputs/idm_video_pair_d2e_full_raw112_keysoftmax_paper_target/video_cache/train/train_core-8a0b3378f7b92434fb17.manifest.json",
      "outputs/idm_video_pair_d2e_full_raw112_keysoftmax_paper_target/video_cache/train/train_core-4c24a4cca48b7b55a04e.manifest.json",
      "outputs/idm_video_pair_d2e_full_raw112_keysoftmax_paper_target/video_cache/train/train_core-aae42847d5a9e22e707e.manifest.json",
      "outputs/idm_video_pair_d2e_full_raw112_keysoftmax_paper_target/video_cache/train/train_core-7464309caadf9d0d0451.manifest.json",
      "outputs/idm_video_pair_d2e_full_raw112_keysoftmax_paper_target/video_cache/train/train_core-d4f744069481d703b71f.manifest.json",
      "outputs/idm_video_pair_d2e_full_raw112_keysoftmax_paper_target/video_cache/train/train_core-60c17bcbfda66c8c145b.manifest.json",
      "outputs/idm_video_pair_d2e_full_raw112_keysoftmax_paper_target/video_cache/train/train_core-5b75bf685630175f72da.manifest.json",
      "outputs/idm_video_pair_d2e_full_raw112_keysoftmax_paper_target/video_cache/train/train_core-e5a465768925c4c34d40.manifest.json",
      "outputs/idm_video_pair_d2e_full_raw112_keysoftmax_paper_target/video_cache/train/train_core-18855b6561bc2132a80c.manifest.json",
      "outputs/idm_video_pair_d2e_full_raw112_keysoftmax_paper_target/video_cache/train/train_core-0471a59700f0a1608c4d.manifest.json",
      "outputs/idm_video_pair_d2e_full_raw112_keysoftmax_paper_target/video_cache/train/train_core-42defc51d30cb695ce4d.manifest.json",
      "outputs/idm_video_pair_d2e_full_raw112_keysoftmax_paper_target/video_cache/train/train_core-f152c86775b577383289.manifest.json",
      "outputs/idm_video_pair_d2e_full_raw112_keysoftmax_paper_target/video_cache/train/train_core-8e1cbfea74b35df2f61c.manifest.json",
      "outputs/idm_video_pair_d2e_full_raw112_keysoftmax_paper_target/video_cache/train/train_core-39e66c4a6f3338409910.manifest.json",
      "outputs/idm_video_pair_d2e_full_raw112_keysoftmax_paper_target/video_cache/train/train_core-e67f59e8f80a62ea124d.manifest.json",
      "outputs/idm_video_pair_d2e_full_raw112_keysoftmax_paper_target/video_cache/train/train_core-773723d35574ee895d68.manifest.json",
      "outputs/idm_video_pair_d2e_full_raw112_keysoftmax_paper_target/video_cache/train/train_core-33aee46e389c87667d9c.manifest.json",
      "outputs/idm_video_pair_d2e_full_raw112_keysoftmax_paper_target/video_cache/train/train_core-859d2294168140307c35.manifest.json",
      "outputs/idm_video_pair_d2e_full_raw112_keysoftmax_paper_target/video_cache/train/train_core-17b91f581719d4a2bc1e.manifest.json",
      "outputs/idm_video_pair_d2e_full_raw112_keysoftmax_paper_target/video_cache/train/train_core-3ffc6e6090e161e81ccd.manifest.json",
      "outputs/idm_video_pair_d2e_full_raw112_keysoftmax_paper_target/video_cache/train/train_core-959105b769a4321610d2.manifest.json",
      "outputs/idm_video_pair_d2e_full_raw112_keysoftmax_paper_target/video_cache/train/train_core-2f7cb2eb1007f1513efe.manifest.json",
      "outputs/idm_video_pair_d2e_full_raw112_keysoftmax_paper_target/video_cache/train/train_core-02538392962de6cbc838.manifest.json",
      "outputs/idm_video_pair_d2e_full_raw112_keysoftmax_paper_target/video_cache/train/train_core-d4ef5c27c459c2ee1f80.manifest.json",
      "outputs/idm_video_pair_d2e_full_raw112_keysoftmax_paper_target/video_cache/train/train_core-c8cefe15725afe7b8bdc.manifest.json",
      "outputs/idm_video_pair_d2e_full_raw112_keysoftmax_paper_target/video_cache/train/train_core-c701bbe8d5e4080db864.manifest.json",
      "outputs/idm_video_pair_d2e_full_raw112_keysoftmax_paper_target/video_cache/train/train_core-41dfed88458998d97f0f.manifest.json",
      "outputs/idm_video_pair_d2e_full_raw112_keysoftmax_paper_target/video_cache/train/train_core-6524ae21d3fdd97ccb18.manifest.json",
      "outputs/idm_video_pair_d2e_full_raw112_keysoftmax_paper_target/video_cache/train/train_core-efe58b13fc63bcf24b2b.manifest.json",
      "outputs/idm_video_pair_d2e_full_raw112_keysoftmax_paper_target/video_cache/train/train_core-d3178c5c0ea2e331808a.manifest.json",
      "outputs/idm_video_pair_d2e_full_raw112_keysoftmax_paper_target/video_cache/train/train_core-00d1eb5a2fcbf2409603.manifest.json"
    ],
    "rows": 19211006
  }
}
finished_at=2026-05-24T11:31:31+00:00
{
  "claim_boundary": "Cache migration lifecycle evidence only; no training or model-quality claim.",
  "exit_code": 0,
  "git_head": "31ffc65b0c761b733a392ac8ef7b1140f780ec33",
  "git_status_short": "?? artifacts/aux/g005_aux_examples_atari_head_probe.json\n?? artifacts/aux/g005_aux_materialization_execute.log\n?? artifacts/aux/g005_aux_materialization_execute_summary.json\n?? artifacts/aux/g005_aux_materialization_watcher.log\n?? artifacts/aux/g005_d2e_aux_train_run.log\n?? artifacts/aux/g005_postrun_watcher.log\n?? artifacts/aux/g005_pre3868187_20260523T044702Z/\n?? artifacts/eval/g002_pvc_action_error_diagnostics_progress.json\n?? artifacts/eval/g002_pvc_action_error_diagnostics_smoke.json\n?? artifacts/eval/g006_gidm_manifest_runner_dry_run.json\n?? artifacts/eval/gidm_manifest_inference_logs/\n?? artifacts/fdm/fdm_bth05_gain_probe_cpu.json\n?? artifacts/fdm/fdm_bth05_gain_probe_cpu.log\n?? artifacts/fdm/fdm_bth05_gain_sweep_h200.json\n?? artifacts/fdm/fdm_bth05_gain_sweep_h200.log\n?? artifacts/fdm/fdm_bth05_pipeline_h200.log\n?? artifacts/fdm/fdm_bth05_regression_h200.log\n?? artifacts/fdm/fdm_knn_shooter64_surface_motion_cpu.log\n?? artifacts/fdm/fdm_knn_shooter64_surface_sweep_h200.log\n?? artifacts/fdm/fdm_regression_gain_probe_cpu.json\n?? artifacts/fdm/fdm_regression_gain_probe_cpu.log\n?? artifacts/fdm/fdm_shooter64_fulltrain_button_sweep_h200.log\n?? artifacts/fdm/fdm_shooter64_recall_beta_sweep_h200.log\n?? artifacts/fdm/fdm_shooter64_surface_motion_fulltrain_h200.log\n?? artifacts/fdm/fdm_shooter64_surface_motion_h200.log\n?? artifacts/fdm/g003_to_g004_chain.log\n?? artifacts/fdm/g003_to_g004_chain_watcher.log\n?? artifacts/fdm/g004_d2e_full_fdm_4xh200.launch.log\n?? artifacts/fdm/g004_d2e_full_fdm_4xh200.log\n?? artifacts/fdm/g004_d2e_full_fdm_4xh200.nohup.log\n?? artifacts/fdm/g004_d2e_full_fdm_4xh200_launcher.log\n?? artifacts/fdm/g004_gpu_idle_restart_backup_20260522T235357Z/\n?? artifacts/fdm/g004_postrun_watcher.log\n?? artifacts/fdm/g004_pull_conflict_backup_20260522T234011Z/\n?? artifacts/fdm/g004_serial_restart_backup_20260522T233926Z/\n?? artifacts/fdm/idm_predict_shooter64_train_from_selected_h200.log\n?? artifacts/idm/g003_accel64_attached_gpu_monitor.log\n?? artifacts/idm/g003_accel64_failed_training_timeout.json\n?? artifacts/idm/g003_accel64_integrated_finalization.log\n?? artifacts/idm/g003_accel64_launch.log\n?? artifacts/idm/g003_accel64_live_health.json\n?? artifacts/idm/g003_accel64_live_health_report.json\n?? artifacts/idm/g003_accel64_parallel_recover_idm_outputs.log\n?? artifacts/idm/g003_accel64_postrun_watcher.log\n?? artifacts/idm/g003_accel64_postrun_watcher_once_probe.json\n?? artifacts/idm/g003_accel64_postrun_watcher_summary.json\n?? artifacts/idm/g003_accel64_progress.json\n?? artifacts/idm/g003_accel64_promotion_backups/\n?? artifacts/idm/g003_accel64_recover_idm_outputs.log\n?? artifacts/idm/g003_accel64_resume_plan.json\n?? artifacts/idm/g003_accel64_shard_29_repair.json\n?? artifacts/idm/g003_accel64_training_resume.log\n?? artifacts/idm/g003_attached_gpu_monitor.log\n?? artifacts/idm/g003_canonical_stop_20260521T171444Z.json\n?? artifacts/idm/g003_d2e_full_idm_4xh200_gpu_monitor_accel64.csv\n?? artifacts/idm/g003_d2e_full_idm_4xh200_gpu_monitor_accel64_attached.json\n?? artifacts/idm/g003_d2e_full_idm_4xh200_gpu_monitor_attached.json\n?? artifacts/idm/g003_d2e_full_idm_run_accel64_isolated.log\n?? artifacts/idm/g003_d2e_full_idm_run_full_compact.log\n?? artifacts/idm/g003_d2e_full_idm_run_full_compact_parallel.json\n?? artifacts/idm/g003_d2e_full_idm_run_full_compact_parallel.log\n?? artifacts/idm/g003_full_idm_progress.json\n?? artifacts/idm/g003_live_health.json\n?? artifacts/idm/g003_postrun_watcher.log\n?? artifacts/idm/g003_postrun_watcher_summary.json\n?? artifacts/idm/g003_restart_20260521T161028Z.json\n?? artifacts/idm/g003_restart_20260521T161637Z.json\n?? artifacts/idm/g005_idm_paper_sum_4xh200.log\n?? artifacts/idm/g005_idm_paper_sum_4xh200_gpu_monitor.csv\n?? artifacts/idm/g005_idm_paper_sum_launcher.log\n?? artifacts/idm/g005_idm_video_pair_raw112_epoch12_closed_target_probe_paper_metrics_progress.json\n?? artifacts/idm/g005_idm_video_pair_raw112_epoch12_recal_fpr05_closed_target_probe_paper_metrics_progress.json\n?? artifacts/idm/g005_idm_video_pair_raw112_epoch12_recal_fpr08_closed_target_probe_paper_metrics_progress.json\n?? artifacts/idm/g005_idm_video_pair_raw112_epoch6_closed_target_probe_paper_metrics_progress.json\n?? artifacts/idm/g005_idm_video_pair_raw112_resume_to12_4xh200.log\n?? artifacts/idm/g005_idm_video_pair_raw112_resume_to6_4xh200.log\n?? artifacts/idm/g005_idm_video_pair_raw112_trainfirst_4xh200.log\n?? artifacts/idm/g005_precompute_pause_governor.log\n?? artifacts/idm/g005_video_pair_raw112_cache_precompute.log\n?? artifacts/idm/g005_video_pair_raw112_cache_precompute_bounded.log\n?? artifacts/idm/g005_video_pair_raw112_cache_precompute_restart.log\n?? artifacts/idm/g005_video_pair_raw112_cache_to_prefix_train_watcher.log\n?? artifacts/idm/g005_video_pair_raw112_keysoftmax_cache_migration.log\n?? artifacts/idm/g005_video_pair_raw112_keysoftmax_cache_migration.nohup.log\n?? artifacts/idm/g005_video_pair_raw112_keysoftmax_cache_migration_gpu_monitor.csv\n?? artifacts/idm/g005_video_pair_raw112_keysoftmax_cache_migration_run.json\n?? artifacts/idm/g005_video_pair_raw112_keysoftmax_train_cache_migration.log\n?? artifacts/idm/g005_video_pair_raw112_keysoftmax_train_cache_migration.nohup.log\n?? artifacts/idm/g005_video_pair_raw112_keysoftmax_train_cache_migration_gpu_monitor.csv\n?? artifacts/idm/g005_video_pair_raw112_keysoftmax_train_cache_migration_progress.json\n?? artifacts/idm/g005_video_pair_raw112_keysoftmax_train_cache_migration_summary.json\n?? artifacts/idm/g4_h200_residual_runs.log\n?? artifacts/idm/g4_h200_richmotion16_run.log\n?? artifacts/idm/g4_h200_richmotion36_run.log\n?? artifacts/idm/g4_h200_richmotion36b_run.log\n?? artifacts/idm/g4_h200_shooter32_run.log\n?? artifacts/idm/idm_streaming_d2e_probe_summary.json\n?? artifacts/idm/idm_torch_apex16_capacity_sweep_h200.log\n?? artifacts/idm/idm_torch_apex16_sweep_h200.log\n?? artifacts/idm/idm_torch_shooter32_axis_softmax_motion_sweep_h200.log\n?? artifacts/idm/idm_torch_shooter32_focal_calibrated_sweep_h200.json\n?? artifacts/idm/idm_torch_shooter32_focal_calibrated_sweep_h200.log\n?? artifacts/idm/idm_torch_shooter32_grid8_group_calibrated_sweep_h200.json\n?? artifacts/idm/idm_torch_shooter32_grid8_group_calibrated_sweep_h200.log\n?? artifacts/idm/idm_torch_shooter32_grid8_time_group_calibrated_sweep_h200.log\n?? artifacts/idm/idm_torch_shooter32_luma_temporal_conv_h256_sweep_h200.log\n?? artifacts/idm/idm_torch_shooter32_luma_temporal_conv_sweep_h200.log\n?? artifacts/idm/idm_torch_shooter32_motion_only_residual_sweep_h200.log\n?? artifacts/idm/idm_torch_shooter32_seq_button_softmax_residual_sweep_h200.log\n?? artifacts/idm/idm_torch_shooter32_seq_button_softmax_sweep_h200.log\n?? artifacts/idm/idm_torch_shooter32_seq_button_softmax_sweep_h200_rerun.json\n?? artifacts/idm/idm_torch_shooter32_seq_button_softmax_sweep_h200_rerun.log\n?? artifacts/idm/idm_torch_shooter32_seq_history_sweep_h200.log\n?? artifacts/idm/idm_torch_shooter32_surface_motion_sweep_h200.log\n?? artifacts/idm/idm_torch_shooter32_sweep_h200.log\n?? artifacts/idm/idm_torch_shooter64_surface_motion_sweep_h200.log\n?? artifacts/idm/idm_video_pair_d2e_full_raw112_paper_target_summary.json\n?? artifacts/sources/d2e_full_corpus_decode_summary_accel64.json\n?? artifacts/sources/d2e_full_corpus_probe_fast_summary.json\n?? artifacts/sources/d2e_full_corpus_probe_summary.json\n?? artifacts/sources/d2e_full_corpus_shard_0.log\n?? artifacts/sources/d2e_full_corpus_shard_1.log\n?? artifacts/sources/d2e_full_corpus_shard_10.log\n?? artifacts/sources/d2e_full_corpus_shard_11.log\n?? artifacts/sources/d2e_full_corpus_shard_12.log\n?? artifacts/sources/d2e_full_corpus_shard_13.log\n?? artifacts/sources/d2e_full_corpus_shard_14.log\n?? artifacts/sources/d2e_full_corpus_shard_15.log\n?? artifacts/sources/d2e_full_corpus_shard_16.log\n?? artifacts/sources/d2e_full_corpus_shard_17.log\n?? artifacts/sources/d2e_full_corpus_shard_18.log\n?? artifacts/sources/d2e_full_corpus_shard_19.log\n?? artifacts/sources/d2e_full_corpus_shard_2.log\n?? artifacts/sources/d2e_full_corpus_shard_20.log\n?? artifacts/sources/d2e_full_corpus_shard_21.log\n?? artifacts/sources/d2e_full_corpus_shard_22.log\n?? artifacts/sources/d2e_full_corpus_shard_23.log\n?? artifacts/sources/d2e_full_corpus_shard_24.log\n?? artifacts/sources/d2e_full_corpus_shard_25.log\n?? artifacts/sources/d2e_full_corpus_shard_26.log\n?? artifacts/sources/d2e_full_corpus_shard_27.log\n?? artifacts/sources/d2e_full_corpus_shard_28.log\n?? artifacts/sources/d2e_full_corpus_shard_29.log\n?? artifacts/sources/d2e_full_corpus_shard_3.log\n?? artifacts/sources/d2e_full_corpus_shard_30.log\n?? artifacts/sources/d2e_full_corpus_shard_31.log\n?? artifacts/sources/d2e_full_corpus_shard_32.log\n?? artifacts/sources/d2e_full_corpus_shard_33.log\n?? artifacts/sources/d2e_full_corpus_shard_34.log\n?? artifacts/sources/d2e_full_corpus_shard_35.log\n?? artifacts/sources/d2e_full_corpus_shard_36.log\n?? artifacts/sources/d2e_full_corpus_shard_37.log\n?? artifacts/sources/d2e_full_corpus_shard_38.log\n?? artifacts/sources/d2e_full_corpus_shard_39.log\n?? artifacts/sources/d2e_full_corpus_shard_4.log\n?? artifacts/sources/d2e_full_corpus_shard_40.log\n?? artifacts/sources/d2e_full_corpus_shard_41.log\n?? artifacts/sources/d2e_full_corpus_shard_42.log\n?? artifacts/sources/d2e_full_corpus_shard_43.log\n?? artifacts/sources/d2e_full_corpus_shard_44.log\n?? artifacts/sources/d2e_full_corpus_shard_45.log\n?? artifacts/sources/d2e_full_corpus_shard_46.log\n?? artifacts/sources/d2e_full_corpus_shard_47.log\n?? artifacts/sources/d2e_full_corpus_shard_48.log\n?? artifacts/sources/d2e_full_corpus_shard_49.log\n?? artifacts/sources/d2e_full_corpus_shard_5.log\n?? artifacts/sources/d2e_full_corpus_shard_50.log\n?? artifacts/sources/d2e_full_corpus_shard_51.log\n?? artifacts/sources/d2e_full_corpus_shard_52.log\n?? artifacts/sources/d2e_full_corpus_shard_53.log\n?? artifacts/sources/d2e_full_corpus_shard_54.log\n?? artifacts/sources/d2e_full_corpus_shard_55.log\n?? artifacts/sources/d2e_full_corpus_shard_56.log\n?? artifacts/sources/d2e_full_corpus_shard_57.log\n?? artifacts/sources/d2e_full_corpus_shard_58.log\n?? artifacts/sources/d2e_full_corpus_shard_59.log\n?? artifacts/sources/d2e_full_corpus_shard_6.log\n?? artifacts/sources/d2e_full_corpus_shard_60.log\n?? artifacts/sources/d2e_full_corpus_shard_61.log\n?? artifacts/sources/d2e_full_corpus_shard_62.log\n?? artifacts/sources/d2e_full_corpus_shard_63.log\n?? artifacts/sources/d2e_full_corpus_shard_7.log\n?? artifacts/sources/d2e_full_corpus_shard_8.log\n?? artifacts/sources/d2e_full_corpus_shard_9.log\n?? artifacts/sources/decode_d2e_shooter64_h200.log\n?? artifacts/sources/g003_accel64/\n?? artifacts/sources/g003_restart_archive_20260521T161028Z/\n?? artifacts/sources/g003_restart_archive_20260521T161637Z/",
  "gpu_monitor_log": "artifacts/idm/g005_video_pair_raw112_keysoftmax_train_cache_migration_gpu_monitor.csv",
  "gpu_monitor_sha256": "65cc771d243a0010d31c20dedbd7cb10c94e1d1688cd6d13ca4dcfeb17754443",
  "gpu_monitor_status": {
    "rows": 161,
    "unique_gpu_indices": [
      "0"
    ]
  },
  "log_path": "artifacts/idm/g005_video_pair_raw112_keysoftmax_train_cache_migration.log",
  "output": "artifacts/idm/g005_video_pair_raw112_keysoftmax_train_cache_migration_summary.json",
  "pid_file": "outputs/cluster/g005_video_pair_raw112_keysoftmax_train_cache_migration.pid",
  "progress_output": "artifacts/idm/g005_video_pair_raw112_keysoftmax_train_cache_migration_progress.json",
  "progress_sha256": "6b643d8ccfb04c16ec821850e097093cf7ec3eaf47d1bc345f6d7d7fc7bfcf92",
  "schema": "g005_keysoftmax_cache_migration_run.v1",
  "source_config": "configs/model/idm_video_pair_d2e_full_raw112_paper_target.yaml",
  "splits": "train",
  "summary_sha256": "d50ffd2dcc13f2d82e3c75659b5a023a86c61be34617a784745abc0d62339532",
  "summary_status": "pass",
  "target_cache_bytes": 0,
  "target_cache_rows": 0,
  "target_category_vocab": 2,
  "target_config": "configs/model/idm_video_pair_d2e_full_raw112_keysoftmax_paper_target.yaml",
  "target_keyboard_classes": 2374,
  "train_cache_bytes": 327595466,
  "train_cache_rows": 19211006,
  "wall_clock_seconds": 4824
}
