{
  "metrics_path": "outputs/g005_idm_temporal_masked_diffusion_raw96_patch_axisclass_realvideo_statectx_train320k_mouseprior_keyadapt_predict24k/paper_metrics.json",
  "status": "pass",
  "summary_path": "artifacts/idm/g005_idm_temporal_masked_diffusion_raw96_patch_axisclass_realvideo_statectx_train320k_mouseprior_keyadapt_predict24k_summary.json",
  "target_rows": 24000
}
{
  "compact_summary": "artifacts/idm/g005_idm_temporal_masked_diffusion_raw96_patch_axisclass_realvideo_statectx_train320k_mouseprior_keyadapt_predict24k_compact_summary.json",
  "observed": {
    "keyboard_key_accuracy": 0.25179499876206984,
    "mouse_button_accuracy": 0.6906158357771262,
    "mouse_button_f1": 0.8017699115044248,
    "mouse_move_pearson_x": null,
    "mouse_move_pearson_y": null,
    "no_button_false_positive_rate": 0.004477039184752484
  },
  "status": "nonterminal_negative_probe"
}
wandb: [wandb.login()] Loaded credentials for https://api.wandb.ai from WANDB_API_KEY.
wandb: Currently logged in as: pjh6029 (pjh6029-seoul-national-university) to https://api.wandb.ai. Use `wandb login --relogin` to force relogin
wandb: setting up run eh4fixhh
wandb: Tracking run with wandb version 0.27.0
wandb: Run data is saved locally in outputs/wandb/wandb/run-20260531_074855-eh4fixhh
wandb: Run `wandb offline` to turn off syncing.
wandb: Syncing run g005_idm_temporal_masked_diffusion_raw96_patch_axisclass_realvideo_statectx_train320k_mouseprior_keyadapt_predict24k
wandb: ⭐️ View project at https://wandb.ai/pjh6029-seoul-national-university/fdm-d2e-reproduction
wandb: 🚀 View run at https://wandb.ai/pjh6029-seoul-national-university/fdm-d2e-reproduction/runs/eh4fixhh
wandb: updating run metadata; uploading artifact g005_idm_temporal_masked_diffusion_raw96_patch_axisclass_realvideo_statectx_train320k_mouseprior_keyadapt_predict24k-evidence
wandb: uploading artifact g005_idm_temporal_masked_diffusion_raw96_patch_axisclass_realvideo_statectx_train320k_mouseprior_keyadapt_predict24k-evidence
wandb: uploading requirements.txt; uploading wandb-summary.json; uploading config.yaml; uploading wandb-metadata.json
wandb: uploading history steps 0-0, summary
wandb: 
wandb: Run history:
wandb:                                                                            g005_idm_temporal_masked_diffusion_raw96_patch_axisclass_realvideo_statectx_train320k_mouseprior_keyadapt_predict24k_summary/calibration_rows ▁
wandb: g005_idm_temporal_masked_diffusion_raw96_patch_axisclass_realvideo_statectx_train320k_mouseprior_keyadapt_predict24k_summary/candidate_family_diagnostics/calibration/families/keyboard/all_family_candidate_score/count ▁
wandb:   g005_idm_temporal_masked_diffusion_raw96_patch_axisclass_realvideo_statectx_train320k_mouseprior_keyadapt_predict24k_summary/candidate_family_diagnostics/calibration/families/keyboard/all_family_candidate_score/max ▁
wandb:  g005_idm_temporal_masked_diffusion_raw96_patch_axisclass_realvideo_statectx_train320k_mouseprior_keyadapt_predict24k_summary/candidate_family_diagnostics/calibration/families/keyboard/all_family_candidate_score/mean ▁
wandb:   g005_idm_temporal_masked_diffusion_raw96_patch_axisclass_realvideo_statectx_train320k_mouseprior_keyadapt_predict24k_summary/candidate_family_diagnostics/calibration/families/keyboard/all_family_candidate_score/min ▁
wandb:   g005_idm_temporal_masked_diffusion_raw96_patch_axisclass_realvideo_statectx_train320k_mouseprior_keyadapt_predict24k_summary/candidate_family_diagnostics/calibration/families/keyboard/all_family_candidate_score/p50 ▁
wandb:   g005_idm_temporal_masked_diffusion_raw96_patch_axisclass_realvideo_statectx_train320k_mouseprior_keyadapt_predict24k_summary/candidate_family_diagnostics/calibration/families/keyboard/all_family_candidate_score/p90 ▁
wandb:   g005_idm_temporal_masked_diffusion_raw96_patch_axisclass_realvideo_statectx_train320k_mouseprior_keyadapt_predict24k_summary/candidate_family_diagnostics/calibration/families/keyboard/all_family_candidate_score/p99 ▁
wandb:               g005_idm_temporal_masked_diffusion_raw96_patch_axisclass_realvideo_statectx_train320k_mouseprior_keyadapt_predict24k_summary/candidate_family_diagnostics/calibration/families/keyboard/candidate_row_rate ▁
wandb:       g005_idm_temporal_masked_diffusion_raw96_patch_axisclass_realvideo_statectx_train320k_mouseprior_keyadapt_predict24k_summary/candidate_family_diagnostics/calibration/families/keyboard/exact_candidate_rank/count ▁
wandb:                                                                                                                                                                                                                     +246 ...
wandb: 
wandb: Run summary:
wandb:                                                                            g005_idm_temporal_masked_diffusion_raw96_patch_axisclass_realvideo_statectx_train320k_mouseprior_keyadapt_predict24k_summary/calibration_rows 2400
wandb: g005_idm_temporal_masked_diffusion_raw96_patch_axisclass_realvideo_statectx_train320k_mouseprior_keyadapt_predict24k_summary/candidate_family_diagnostics/calibration/families/keyboard/all_family_candidate_score/count 64654
wandb:   g005_idm_temporal_masked_diffusion_raw96_patch_axisclass_realvideo_statectx_train320k_mouseprior_keyadapt_predict24k_summary/candidate_family_diagnostics/calibration/families/keyboard/all_family_candidate_score/max 0.99922
wandb:  g005_idm_temporal_masked_diffusion_raw96_patch_axisclass_realvideo_statectx_train320k_mouseprior_keyadapt_predict24k_summary/candidate_family_diagnostics/calibration/families/keyboard/all_family_candidate_score/mean 0.14282
wandb:   g005_idm_temporal_masked_diffusion_raw96_patch_axisclass_realvideo_statectx_train320k_mouseprior_keyadapt_predict24k_summary/candidate_family_diagnostics/calibration/families/keyboard/all_family_candidate_score/min 4e-05
wandb:   g005_idm_temporal_masked_diffusion_raw96_patch_axisclass_realvideo_statectx_train320k_mouseprior_keyadapt_predict24k_summary/candidate_family_diagnostics/calibration/families/keyboard/all_family_candidate_score/p50 0.01841
wandb:   g005_idm_temporal_masked_diffusion_raw96_patch_axisclass_realvideo_statectx_train320k_mouseprior_keyadapt_predict24k_summary/candidate_family_diagnostics/calibration/families/keyboard/all_family_candidate_score/p90 0.6356
wandb:   g005_idm_temporal_masked_diffusion_raw96_patch_axisclass_realvideo_statectx_train320k_mouseprior_keyadapt_predict24k_summary/candidate_family_diagnostics/calibration/families/keyboard/all_family_candidate_score/p99 0.98624
wandb:               g005_idm_temporal_masked_diffusion_raw96_patch_axisclass_realvideo_statectx_train320k_mouseprior_keyadapt_predict24k_summary/candidate_family_diagnostics/calibration/families/keyboard/candidate_row_rate 1
wandb:       g005_idm_temporal_masked_diffusion_raw96_patch_axisclass_realvideo_statectx_train320k_mouseprior_keyadapt_predict24k_summary/candidate_family_diagnostics/calibration/families/keyboard/exact_candidate_rank/count 700
wandb:                                                                                                                                                                                                                     +246 ...
wandb: 
wandb: 🚀 View run g005_idm_temporal_masked_diffusion_raw96_patch_axisclass_realvideo_statectx_train320k_mouseprior_keyadapt_predict24k at: https://wandb.ai/pjh6029-seoul-national-university/fdm-d2e-reproduction/runs/eh4fixhh
wandb: ⭐️ View project at: https://wandb.ai/pjh6029-seoul-national-university/fdm-d2e-reproduction
wandb: Synced 4 W&B file(s), 0 media file(s), 4 artifact file(s) and 0 other file(s)
wandb: Find logs at: outputs/wandb/wandb/run-20260531_074855-eh4fixhh/logs
{"status": "complete", "wandb_run_url": "https://wandb.ai/pjh6029-seoul-national-university/fdm-d2e-reproduction/runs/eh4fixhh"}
