wandb: [wandb.login()] Loaded credentials for https://api.wandb.ai from WANDB_API_KEY.
wandb: Currently logged in as: pjh6029 (pjh6029-seoul-national-university) to https://api.wandb.ai. Use `wandb login --relogin` to force relogin
wandb: setting up run kkwawbbs
wandb: Tracking run with wandb version 0.27.0
wandb: Run data is saved locally in outputs/wandb/wandb/run-20260525_095515-kkwawbbs
wandb: Run `wandb offline` to turn off syncing.
wandb: Resuming run g005-video-stack-luma96-target-cache
wandb: ⭐️ View project at https://wandb.ai/pjh6029-seoul-national-university/fdm-d2e-reproduction
wandb: 🚀 View run at https://wandb.ai/pjh6029-seoul-national-university/fdm-d2e-reproduction/runs/kkwawbbs
wandb: updating run metadata
wandb: uploading wandb-summary.json; uploading config.yaml
wandb: uploading history steps 313-313, summary
wandb: 
wandb: Run history:
wandb:                   cache/bytes ▁▁▁▁▁▁▁▁▁▁▂▂▂▂▂▃▃▃▃▃▃▃▃▃▄▄▄▄▅▅▅▅▅▅▅▆▆▇▇█
wandb:        cache/chunk_file_bytes ▁▁▁▁▁▁▂▂▂▂▂▂▃▃▃▄▄▄▄▄▄▅▅▅▅▆▆▆▇▇▇▇▇▇██████
wandb:        cache/chunk_file_count ▁▁▁▁▁▂▂▂▂▂▂▃▃▃▄▄▄▄▅▅▅▅▅▅▆▆▆▇▇▇▇▇▇▇▇█████
wandb:                  cache/chunks ▁▁▁▁▁▁▁▁▁▁▁▁▂▂▂▂▂▂▂▂▂▃▃▄▄▅▅▅▅▅▅▆▆▆▆▆▇▇██
wandb:          cache/manifest_count ▁▁▁▁▁▁▁▁▁▁▂▂▂▃▃▃▃▄▄▅▅▅▅▅▅▅▅▅▅▅▆▆▆▆▆▇▇▇▇█
wandb: cache/readable_manifest_count ▁▁▁▁▁▁▁▁▁▂▂▂▂▂▂▃▃▃▃▃▃▃▃▄▄▄▅▅▅▅▅▅▆▆▆▆▇▇▇█
wandb:                    cache/rows ▁▁▁▁▁▁▁▁▁▁▁▁▂▂▂▂▂▂▂▂▃▃▃▃▃▃▃▃▃▄▄▄▅▅▅▅▆▆▆█
wandb:                  sidecar/loop ▁▁▁▂▂▂▂▂▂▂▂▂▃▃▃▃▃▄▄▄▄▄▄▄▄▅▅▅▅▅▆▆▆▆▇▇▇███
wandb:                  sidecar/time ▁▁▁▁▁▂▂▂▂▂▃▃▃▃▃▃▄▄▄▄▄▄▅▅▅▆▆▆▆▆▆▇▇▇▇▇▇███
wandb: 
wandb: Run summary:
wandb:                   cache/bytes 464635698854
wandb:        cache/chunk_file_bytes 464635698854
wandb:        cache/chunk_file_count 4110
wandb:                  cache/chunks 4110
wandb:          cache/manifest_count 64
wandb:         cache/process_running False
wandb: cache/readable_manifest_count 64
wandb:                    cache/rows 16698646
wandb:      cache/run_summary_exists True
wandb:          cache/summary_exists True
wandb:                            +2 ...
wandb: 
wandb: 🚀 View run g005-video-stack-luma96-target-cache at: https://wandb.ai/pjh6029-seoul-national-university/fdm-d2e-reproduction/runs/kkwawbbs
wandb: ⭐️ View project at: https://wandb.ai/pjh6029-seoul-national-university/fdm-d2e-reproduction
wandb: Synced 4 W&B file(s), 0 media file(s), 0 artifact file(s) and 0 other file(s)
wandb: Find logs at: outputs/wandb/wandb/run-20260525_095515-kkwawbbs/logs
