started_at=2026-05-26T15:28:58+00:00
git_head=e152ffedac56acebcb1b33d44fe80ce4ef43835e
config=configs/model/idm_streaming_d2e_full_compact_luma_window5_paper_target.yaml
nproc_per_node=4
gpu_monitor_log=artifacts/idm/g005_idm_compact_luma_window5_4xh200_gpu_monitor.csv
split_stats_config=configs/eval/g005_idm_compact_luma_window5_split_statistics.yaml
paper_target_config=configs/eval/g005_idm_compact_luma_window5_paper_target.yaml
{"cuda_available": true, "cuda_device_count": 4, "cuda_visible_devices": null, "expected_gpus": 4, "hostname": "prod-rsv-jeonghunpark-20260525-22e263", "rank": 0, "schema": "cluster_gpu_smoke.v1", "status": "passed", "torch_imported": true, "torch_version": "2.12.0+cu130", "world_size": 1}
validating precomputed streaming IDM stats/cache via artifacts/idm/g005_idm_compact_luma_window5_precomputed_cache_validation.json
{
  "bytes": 180212446911,
  "cache_dir": "outputs/idm_streaming_d2e_full_compact_luma_window5_paper_target/train_cache",
  "claim_boundary": "Standalone cache precompute prepares streaming IDM DDP input; it is not model-quality evidence.",
  "config": "configs/model/idm_streaming_d2e_full_compact_luma_window5_paper_target.yaml",
  "force_rebuild": false,
  "manifest_count": 64,
  "manifest_paths": [
    "outputs/idm_streaming_d2e_full_compact_luma_window5_paper_target/train_cache/train_core-73aa8023c36647d3fc77.manifest.json",
    "outputs/idm_streaming_d2e_full_compact_luma_window5_paper_target/train_cache/train_core-f69af1c31ed01231ef53.manifest.json",
    "outputs/idm_streaming_d2e_full_compact_luma_window5_paper_target/train_cache/train_core-0c823ce1536c43549c57.manifest.json",
    "outputs/idm_streaming_d2e_full_compact_luma_window5_paper_target/train_cache/train_core-5e24e1879e5a41b23b90.manifest.json",
    "outputs/idm_streaming_d2e_full_compact_luma_window5_paper_target/train_cache/train_core-d9640ab6cfd6c5fb7b06.manifest.json",
    "outputs/idm_streaming_d2e_full_compact_luma_window5_paper_target/train_cache/train_core-ff04a50bf53815257584.manifest.json",
    "outputs/idm_streaming_d2e_full_compact_luma_window5_paper_target/train_cache/train_core-43de7239f7f2efd5f127.manifest.json",
    "outputs/idm_streaming_d2e_full_compact_luma_window5_paper_target/train_cache/train_core-fdd5e375725cc20712af.manifest.json",
    "outputs/idm_streaming_d2e_full_compact_luma_window5_paper_target/train_cache/train_core-e4061f2bfbbb8ed96fab.manifest.json",
    "outputs/idm_streaming_d2e_full_compact_luma_window5_paper_target/train_cache/train_core-cabda658f32150c5c79d.manifest.json",
    "outputs/idm_streaming_d2e_full_compact_luma_window5_paper_target/train_cache/train_core-026453f777a06e338d40.manifest.json",
    "outputs/idm_streaming_d2e_full_compact_luma_window5_paper_target/train_cache/train_core-ec90493e4c5e2f48b596.manifest.json",
    "outputs/idm_streaming_d2e_full_compact_luma_window5_paper_target/train_cache/train_core-b6d61ab36f03f4f948b5.manifest.json",
    "outputs/idm_streaming_d2e_full_compact_luma_window5_paper_target/train_cache/train_core-b009e56b46b6a81fbc96.manifest.json",
    "outputs/idm_streaming_d2e_full_compact_luma_window5_paper_target/train_cache/train_core-d60e015f9f2a35a93b8d.manifest.json",
    "outputs/idm_streaming_d2e_full_compact_luma_window5_paper_target/train_cache/train_core-996ccad6d111fde2760d.manifest.json",
    "outputs/idm_streaming_d2e_full_compact_luma_window5_paper_target/train_cache/train_core-411b4afa99b8e2897794.manifest.json",
    "outputs/idm_streaming_d2e_full_compact_luma_window5_paper_target/train_cache/train_core-80ad9bbe6629fb04541a.manifest.json",
    "outputs/idm_streaming_d2e_full_compact_luma_window5_paper_target/train_cache/train_core-40886054b8ab68f55be7.manifest.json",
    "outputs/idm_streaming_d2e_full_compact_luma_window5_paper_target/train_cache/train_core-cffcd949f22dd2e34bd0.manifest.json",
    "outputs/idm_streaming_d2e_full_compact_luma_window5_paper_target/train_cache/train_core-ba470a0d7a0e61354320.manifest.json",
    "outputs/idm_streaming_d2e_full_compact_luma_window5_paper_target/train_cache/train_core-062f31214d6a97765851.manifest.json",
    "outputs/idm_streaming_d2e_full_compact_luma_window5_paper_target/train_cache/train_core-1b8baecff22a07a9ec17.manifest.json",
    "outputs/idm_streaming_d2e_full_compact_luma_window5_paper_target/train_cache/train_core-7059e7a44880383d283c.manifest.json",
    "outputs/idm_streaming_d2e_full_compact_luma_window5_paper_target/train_cache/train_core-db220531c71df7c8b2b0.manifest.json",
    "outputs/idm_streaming_d2e_full_compact_luma_window5_paper_target/train_cache/train_core-8c7ae924a5ab53ffb7f0.manifest.json",
    "outputs/idm_streaming_d2e_full_compact_luma_window5_paper_target/train_cache/train_core-08ca755a67077864de84.manifest.json",
    "outputs/idm_streaming_d2e_full_compact_luma_window5_paper_target/train_cache/train_core-c10282dc7ac731421ff2.manifest.json",
    "outputs/idm_streaming_d2e_full_compact_luma_window5_paper_target/train_cache/train_core-efb0f44f16d51e5cbe44.manifest.json",
    "outputs/idm_streaming_d2e_full_compact_luma_window5_paper_target/train_cache/train_core-ca58b6c664e994961e49.manifest.json",
    "outputs/idm_streaming_d2e_full_compact_luma_window5_paper_target/train_cache/train_core-32d2aeb069602cf4a0c0.manifest.json",
    "outputs/idm_streaming_d2e_full_compact_luma_window5_paper_target/train_cache/train_core-9a56ad33baff8f4da0a9.manifest.json",
    "outputs/idm_streaming_d2e_full_compact_luma_window5_paper_target/train_cache/train_core-b4381d566e0a8f85eae1.manifest.json",
    "outputs/idm_streaming_d2e_full_compact_luma_window5_paper_target/train_cache/train_core-3afcf1fafbbf953791e7.manifest.json",
    "outputs/idm_streaming_d2e_full_compact_luma_window5_paper_target/train_cache/train_core-790677dec76925306f2b.manifest.json",
    "outputs/idm_streaming_d2e_full_compact_luma_window5_paper_target/train_cache/train_core-0acd1e834e5301a7bdd4.manifest.json",
    "outputs/idm_streaming_d2e_full_compact_luma_window5_paper_target/train_cache/train_core-47712fdd6a809cd94da6.manifest.json",
    "outputs/idm_streaming_d2e_full_compact_luma_window5_paper_target/train_cache/train_core-f063b37a00fa47813633.manifest.json",
    "outputs/idm_streaming_d2e_full_compact_luma_window5_paper_target/train_cache/train_core-5c088a2f3044f9caa690.manifest.json",
    "outputs/idm_streaming_d2e_full_compact_luma_window5_paper_target/train_cache/train_core-1ee15d53402d68d86edd.manifest.json",
    "outputs/idm_streaming_d2e_full_compact_luma_window5_paper_target/train_cache/train_core-5ea3ce9b8b74268ce672.manifest.json",
    "outputs/idm_streaming_d2e_full_compact_luma_window5_paper_target/train_cache/train_core-aae3b14c7f205bd44245.manifest.json",
    "outputs/idm_streaming_d2e_full_compact_luma_window5_paper_target/train_cache/train_core-d489c49568ac953c1224.manifest.json",
    "outputs/idm_streaming_d2e_full_compact_luma_window5_paper_target/train_cache/train_core-ca762b03434a1c288a74.manifest.json",
    "outputs/idm_streaming_d2e_full_compact_luma_window5_paper_target/train_cache/train_core-954aac33aed2bd7086f2.manifest.json",
    "outputs/idm_streaming_d2e_full_compact_luma_window5_paper_target/train_cache/train_core-0afe3f336c23f4b4c0c0.manifest.json",
    "outputs/idm_streaming_d2e_full_compact_luma_window5_paper_target/train_cache/train_core-7cfaeb11e37ab4e2f224.manifest.json",
    "outputs/idm_streaming_d2e_full_compact_luma_window5_paper_target/train_cache/train_core-0350a8bd19c902b33ed0.manifest.json",
    "outputs/idm_streaming_d2e_full_compact_luma_window5_paper_target/train_cache/train_core-fb6a9f426dd545323781.manifest.json",
    "outputs/idm_streaming_d2e_full_compact_luma_window5_paper_target/train_cache/train_core-ea6a52b984ea85cb6731.manifest.json",
    "outputs/idm_streaming_d2e_full_compact_luma_window5_paper_target/train_cache/train_core-b1e9ec00c5d7bf01c188.manifest.json",
    "outputs/idm_streaming_d2e_full_compact_luma_window5_paper_target/train_cache/train_core-0e4f8bb2c88527344e01.manifest.json",
    "outputs/idm_streaming_d2e_full_compact_luma_window5_paper_target/train_cache/train_core-7025d8be4852c0ebc3e5.manifest.json",
    "outputs/idm_streaming_d2e_full_compact_luma_window5_paper_target/train_cache/train_core-6709c1f8c0009eb12ecc.manifest.json",
    "outputs/idm_streaming_d2e_full_compact_luma_window5_paper_target/train_cache/train_core-9d3c4f8a31abbbbbd588.manifest.json",
    "outputs/idm_streaming_d2e_full_compact_luma_window5_paper_target/train_cache/train_core-07bd9743efaa6df244b4.manifest.json",
    "outputs/idm_streaming_d2e_full_compact_luma_window5_paper_target/train_cache/train_core-66ac5342154a42fedb33.manifest.json",
    "outputs/idm_streaming_d2e_full_compact_luma_window5_paper_target/train_cache/train_core-34c6df8d1b7032f5ecea.manifest.json",
    "outputs/idm_streaming_d2e_full_compact_luma_window5_paper_target/train_cache/train_core-fc07135d64e2c9911435.manifest.json",
    "outputs/idm_streaming_d2e_full_compact_luma_window5_paper_target/train_cache/train_core-261d872a23cdeb331429.manifest.json",
    "outputs/idm_streaming_d2e_full_compact_luma_window5_paper_target/train_cache/train_core-11636746a5947cc63bac.manifest.json",
    "outputs/idm_streaming_d2e_full_compact_luma_window5_paper_target/train_cache/train_core-9bfa834761dcffdb3564.manifest.json",
    "outputs/idm_streaming_d2e_full_compact_luma_window5_paper_target/train_cache/train_core-39dc933cb91afe4e32b8.manifest.json",
    "outputs/idm_streaming_d2e_full_compact_luma_window5_paper_target/train_cache/train_core-827388739c537153ab00.manifest.json"
  ],
  "record_paths": 64,
  "rows": 19211006,
  "schema": "streaming_idm_training_cache_precompute_summary.v1",
  "stats_path": "outputs/idm_streaming_d2e_full_compact_luma_window5_paper_target/streaming_stats.json",
  "stats_precomputed": true,
  "status": "pass",
  "validate_only": true,
  "wall_clock_seconds": 0.9954047203063965,
  "workers": 32
}
W0526 15:29:10.572000 639084 torch/distributed/run.py:862] 
W0526 15:29:10.572000 639084 torch/distributed/run.py:862] *****************************************
W0526 15:29:10.572000 639084 torch/distributed/run.py:862] Setting OMP_NUM_THREADS environment variable for each process to be 1 in default, to avoid your system being overloaded, please further tune the variable for optimal performance in your application as needed. 
W0526 15:29:10.572000 639084 torch/distributed/run.py:862] *****************************************
[W526 15:29:12.512237261 socket.cpp:764] [c10d] The client socket cannot be initialized to connect to [localhost]:43527 (errno: 97 - Address family not supported by protocol).
[W526 15:29:12.517431716 socket.cpp:764] [c10d] The client socket cannot be initialized to connect to [::ffff:127.0.0.1]:43527 (errno: 97 - Address family not supported by protocol).
[W526 15:29:12.520977751 socket.cpp:764] [c10d] The client socket cannot be initialized to connect to [::ffff:127.0.0.1]:43527 (errno: 97 - Address family not supported by protocol).
[W526 15:29:12.819248751 socket.cpp:764] [c10d] The client socket cannot be initialized to connect to [::ffff:198.18.84.78]:33455 (errno: 97 - Address family not supported by protocol).
[W526 15:29:15.236556318 socket.cpp:764] [c10d] The client socket cannot be initialized to connect to [::ffff:198.18.84.78]:33455 (errno: 97 - Address family not supported by protocol).
[W526 15:29:15.301863129 socket.cpp:764] [c10d] The client socket cannot be initialized to connect to [::ffff:198.18.84.78]:33455 (errno: 97 - Address family not supported by protocol).
[W526 15:29:15.302725066 socket.cpp:764] [c10d] The client socket cannot be initialized to connect to [::ffff:198.18.84.78]:33455 (errno: 97 - Address family not supported by protocol).
[W526 15:29:15.304124269 socket.cpp:764] [c10d] The client socket cannot be initialized to connect to [::ffff:198.18.84.78]:33455 (errno: 97 - Address family not supported by protocol).
streaming IDM worker complete: rank=3 world_size=4 status=worker_complete
streaming IDM worker complete: rank=1 world_size=4 status=worker_complete
streaming IDM worker complete: rank=2 world_size=4 status=worker_complete
trained streaming IDM: model=streaming_idm_d2e_full_compact_luma_window5_paper_target device=cuda:0 train=19211006 target=16698646 metrics=outputs/idm_streaming_d2e_full_compact_luma_window5_paper_target/metrics.json
split statistical comparisons: status=pass outputs=3
