wandb: [wandb.login()] Loaded credentials for https://api.wandb.ai from WANDB_ENV.
wandb: Currently logged in as: pjh6029 (pjh6029-seoul-national-university) to https://api.wandb.ai. Use `wandb login --relogin` to force relogin
wandb: setting up run v4gxczt0
wandb: Tracking run with wandb version 0.27.0
wandb: Run data is saved locally in outputs/wandb/wandb/run-20260527_204522-v4gxczt0
wandb: Run `wandb offline` to turn off syncing.
wandb: Syncing run g005-hierarchical-exactset-prefix320k
wandb: ⭐️ View project at https://wandb.ai/pjh6029-seoul-national-university/fdm-d2e-reproduction
wandb: 🚀 View run at https://wandb.ai/pjh6029-seoul-national-university/fdm-d2e-reproduction/runs/v4gxczt0
wandb: WARNING Tried to log to step 1 that is less than the current step 47. Steps must be monotonically increasing, so this data will be ignored. See https://wandb.me/define-metric to log data out of order.
wandb: WARNING Tried to log to step 2 that is less than the current step 47. Steps must be monotonically increasing, so this data will be ignored. See https://wandb.me/define-metric to log data out of order.
wandb: WARNING Tried to log to step 3 that is less than the current step 47. Steps must be monotonically increasing, so this data will be ignored. See https://wandb.me/define-metric to log data out of order.
wandb: WARNING Tried to log to step 4 that is less than the current step 48. Steps must be monotonically increasing, so this data will be ignored. See https://wandb.me/define-metric to log data out of order.
wandb: WARNING Tried to log to step 5 that is less than the current step 48. Steps must be monotonically increasing, so this data will be ignored. See https://wandb.me/define-metric to log data out of order.
wandb: WARNING Tried to log to step 6 that is less than the current step 48. Steps must be monotonically increasing, so this data will be ignored. See https://wandb.me/define-metric to log data out of order.
wandb: updating run metadata
wandb: uploading history steps 78-78, summary
wandb: 
wandb: Run history:
wandb:        gpu/0/memory_used_mib ▁▁▁▁▁▁▁▁▁▁▁▁▁▁▁▁▁▁▁▁▁▁▁▁▃███████████████
wandb:           gpu/0/power_draw_w ▁▁▁▁▁▁▁▁▁▁▁▁▁▁▁▁▁▁▁▁▁▁▁█████████████████
wandb:    gpu/0/utilization_gpu_pct ▁▁▁▁▁▁▁▁▁▁▁▁▁▁▁▁▁▁▁▁▁▁▁▁▁█▁▁▁▁▁▁▁▁▁▁▁▁▁▁
wandb: gpu/0/utilization_memory_pct ▁▁▁▁▁▁▁▁▁▁▁▁▁▁▁▁▁▁▁▁▁▁▁▁▁█▁▁▁▁▁▁▁▁▁▁▁▁▁▁
wandb:               rank/0/batches ▁███████████████████████████████
wandb:              rank/0/examples ▁███████████████████████████████
wandb:     rank/0/heartbeat_age_sec ▁▁▁▂▂▂▂▃▃▃▃▃▄▄▄▄▅▅▅▅▅▆▆▆▆▇▇▇▇███
wandb:                  rank/0/loss █▁▁▁▁▁▁▁▁▁▁▁▁▁▁▁▁▁▁▁▁▁▁▁▁▁▁▁▁▁▁▁
wandb:                 sidecar/loop ▁▁▁▂▂▂▂▂▃▃▃▃▃▄▄▄▄▄▄▅▅▅▅▅▅▆▆▆▆▆▆▆▆▇▇▇▇▇██
wandb:                 sidecar/time ▁▁▁▂▂▃▃▃▃▃▄▄▄▄▄▄▄▅▅▅▅▅▅▅▅▆▆▆▆▆▇▇▇▇▇█████
wandb: 
wandb: Run summary:
wandb:        gpu/0/memory_used_mib 25079
wandb:           gpu/0/power_draw_w 119.57
wandb:    gpu/0/utilization_gpu_pct 0
wandb: gpu/0/utilization_memory_pct 0
wandb:               rank/0/batches 75
wandb:              rank/0/examples 307200
wandb:     rank/0/heartbeat_age_sec 919.72141
wandb:                  rank/0/loss 51.29597
wandb:                 sidecar/loop 79
wandb:                 sidecar/time 1779917064.9925
wandb: 
wandb: 🚀 View run g005-hierarchical-exactset-prefix320k at: https://wandb.ai/pjh6029-seoul-national-university/fdm-d2e-reproduction/runs/v4gxczt0
wandb: ⭐️ View project at: https://wandb.ai/pjh6029-seoul-national-university/fdm-d2e-reproduction
wandb: Synced 5 W&B file(s), 0 media file(s), 0 artifact file(s) and 0 other file(s)
wandb: Find logs at: outputs/wandb/wandb/run-20260527_204522-v4gxczt0/logs
