started_at=2026-05-25T15:19:21+00:00
git_head=b40e42d6e9719b21854258d3590600f499bf441e
config=configs/model/idm_video_stack_d2e_full_luma96_offsets012_keysoftmax_paper_target.yaml
checkpoint=outputs/idm_video_stack_d2e_full_luma96_offsets012_keysoftmax_paper_target/checkpoint.pt
prediction_workers=16
{
  "checkpoint_metadata_path": "outputs/idm_video_stack_d2e_full_luma96_offsets012_keysoftmax_paper_target/checkpoint_metadata.json",
  "checkpoint_path": "outputs/idm_video_stack_d2e_full_luma96_offsets012_keysoftmax_paper_target/checkpoint.pt",
  "metrics_path": "outputs/idm_video_stack_d2e_full_luma96_offsets012_keysoftmax_paper_target/metrics.json",
  "output_dir": "outputs/idm_video_stack_d2e_full_luma96_offsets012_keysoftmax_paper_target",
  "parallel_prediction": {
    "enabled": true,
    "parts": [
      {
        "part_index": 0,
        "predictions_path": "outputs/idm_video_stack_d2e_full_luma96_offsets012_keysoftmax_paper_target/prediction_parts/part_000/predictions.jsonl",
        "pseudo_label_path": "outputs/idm_video_stack_d2e_full_luma96_offsets012_keysoftmax_paper_target/prediction_parts/part_000/pseudolabels.jsonl",
        "record_paths": [
          "outputs/data/d2e_full_corpus_shards_accel64/shard_0/target_all_eval.jsonl",
          "outputs/data/d2e_full_corpus_shards_accel64/shard_1/target_all_eval.jsonl",
          "outputs/data/d2e_full_corpus_shards_accel64/shard_10/target_all_eval.jsonl",
          "outputs/data/d2e_full_corpus_shards_accel64/shard_11/target_all_eval.jsonl"
        ],
        "records": 1089390
      },
      {
        "part_index": 1,
        "predictions_path": "outputs/idm_video_stack_d2e_full_luma96_offsets012_keysoftmax_paper_target/prediction_parts/part_001/predictions.jsonl",
        "pseudo_label_path": "outputs/idm_video_stack_d2e_full_luma96_offsets012_keysoftmax_paper_target/prediction_parts/part_001/pseudolabels.jsonl",
        "record_paths": [
          "outputs/data/d2e_full_corpus_shards_accel64/shard_12/target_all_eval.jsonl",
          "outputs/data/d2e_full_corpus_shards_accel64/shard_13/target_all_eval.jsonl",
          "outputs/data/d2e_full_corpus_shards_accel64/shard_14/target_all_eval.jsonl",
          "outputs/data/d2e_full_corpus_shards_accel64/shard_15/target_all_eval.jsonl"
        ],
        "records": 1018173
      },
      {
        "part_index": 2,
        "predictions_path": "outputs/idm_video_stack_d2e_full_luma96_offsets012_keysoftmax_paper_target/prediction_parts/part_002/predictions.jsonl",
        "pseudo_label_path": "outputs/idm_video_stack_d2e_full_luma96_offsets012_keysoftmax_paper_target/prediction_parts/part_002/pseudolabels.jsonl",
        "record_paths": [
          "outputs/data/d2e_full_corpus_shards_accel64/shard_16/target_all_eval.jsonl",
          "outputs/data/d2e_full_corpus_shards_accel64/shard_17/target_all_eval.jsonl",
          "outputs/data/d2e_full_corpus_shards_accel64/shard_18/target_all_eval.jsonl",
          "outputs/data/d2e_full_corpus_shards_accel64/shard_19/target_all_eval.jsonl"
        ],
        "records": 898692
      },
      {
        "part_index": 3,
        "predictions_path": "outputs/idm_video_stack_d2e_full_luma96_offsets012_keysoftmax_paper_target/prediction_parts/part_003/predictions.jsonl",
        "pseudo_label_path": "outputs/idm_video_stack_d2e_full_luma96_offsets012_keysoftmax_paper_target/prediction_parts/part_003/pseudolabels.jsonl",
        "record_paths": [
          "outputs/data/d2e_full_corpus_shards_accel64/shard_2/target_all_eval.jsonl",
          "outputs/data/d2e_full_corpus_shards_accel64/shard_20/target_all_eval.jsonl",
          "outputs/data/d2e_full_corpus_shards_accel64/shard_21/target_all_eval.jsonl",
          "outputs/data/d2e_full_corpus_shards_accel64/shard_22/target_all_eval.jsonl"
        ],
        "records": 986551
      },
      {
        "part_index": 4,
        "predictions_path": "outputs/idm_video_stack_d2e_full_luma96_offsets012_keysoftmax_paper_target/prediction_parts/part_004/predictions.jsonl",
        "pseudo_label_path": "outputs/idm_video_stack_d2e_full_luma96_offsets012_keysoftmax_paper_target/prediction_parts/part_004/pseudolabels.jsonl",
        "record_paths": [
          "outputs/data/d2e_full_corpus_shards_accel64/shard_23/target_all_eval.jsonl",
          "outputs/data/d2e_full_corpus_shards_accel64/shard_24/target_all_eval.jsonl",
          "outputs/data/d2e_full_corpus_shards_accel64/shard_25/target_all_eval.jsonl",
          "outputs/data/d2e_full_corpus_shards_accel64/shard_26/target_all_eval.jsonl"
        ],
        "records": 681790
      },
      {
        "part_index": 5,
        "predictions_path": "outputs/idm_video_stack_d2e_full_luma96_offsets012_keysoftmax_paper_target/prediction_parts/part_005/predictions.jsonl",
        "pseudo_label_path": "outputs/idm_video_stack_d2e_full_luma96_offsets012_keysoftmax_paper_target/prediction_parts/part_005/pseudolabels.jsonl",
        "record_paths": [
          "outputs/data/d2e_full_corpus_shards_accel64/shard_27/target_all_eval.jsonl",
          "outputs/data/d2e_full_corpus_shards_accel64/shard_28/target_all_eval.jsonl",
          "outputs/data/d2e_full_corpus_shards_accel64/shard_29/target_all_eval.jsonl",
          "outputs/data/d2e_full_corpus_shards_accel64/shard_3/target_all_eval.jsonl"
        ],
        "records": 907924
      },
      {
        "part_index": 6,
        "predictions_path": "outputs/idm_video_stack_d2e_full_luma96_offsets012_keysoftmax_paper_target/prediction_parts/part_006/predictions.jsonl",
        "pseudo_label_path": "outputs/idm_video_stack_d2e_full_luma96_offsets012_keysoftmax_paper_target/prediction_parts/part_006/pseudolabels.jsonl",
        "record_paths": [
          "outputs/data/d2e_full_corpus_shards_accel64/shard_30/target_all_eval.jsonl",
          "outputs/data/d2e_full_corpus_shards_accel64/shard_31/target_all_eval.jsonl",
          "outputs/data/d2e_full_corpus_shards_accel64/shard_32/target_all_eval.jsonl",
          "outputs/data/d2e_full_corpus_shards_accel64/shard_33/target_all_eval.jsonl"
        ],
        "records": 769740
      },
      {
        "part_index": 7,
        "predictions_path": "outputs/idm_video_stack_d2e_full_luma96_offsets012_keysoftmax_paper_target/prediction_parts/part_007/predictions.jsonl",
        "pseudo_label_path": "outputs/idm_video_stack_d2e_full_luma96_offsets012_keysoftmax_paper_target/prediction_parts/part_007/pseudolabels.jsonl",
        "record_paths": [
          "outputs/data/d2e_full_corpus_shards_accel64/shard_34/target_all_eval.jsonl",
          "outputs/data/d2e_full_corpus_shards_accel64/shard_35/target_all_eval.jsonl",
          "outputs/data/d2e_full_corpus_shards_accel64/shard_36/target_all_eval.jsonl",
          "outputs/data/d2e_full_corpus_shards_accel64/shard_37/target_all_eval.jsonl"
        ],
        "records": 898715
      },
      {
        "part_index": 8,
        "predictions_path": "outputs/idm_video_stack_d2e_full_luma96_offsets012_keysoftmax_paper_target/prediction_parts/part_008/predictions.jsonl",
        "pseudo_label_path": "outputs/idm_video_stack_d2e_full_luma96_offsets012_keysoftmax_paper_target/prediction_parts/part_008/pseudolabels.jsonl",
        "record_paths": [
          "outputs/data/d2e_full_corpus_shards_accel64/shard_38/target_all_eval.jsonl",
          "outputs/data/d2e_full_corpus_shards_accel64/shard_39/target_all_eval.jsonl",
          "outputs/data/d2e_full_corpus_shards_accel64/shard_4/target_all_eval.jsonl",
          "outputs/data/d2e_full_corpus_shards_accel64/shard_40/target_all_eval.jsonl"
        ],
        "records": 888529
      },
      {
        "part_index": 9,
        "predictions_path": "outputs/idm_video_stack_d2e_full_luma96_offsets012_keysoftmax_paper_target/prediction_parts/part_009/predictions.jsonl",
        "pseudo_label_path": "outputs/idm_video_stack_d2e_full_luma96_offsets012_keysoftmax_paper_target/prediction_parts/part_009/pseudolabels.jsonl",
        "record_paths": [
          "outputs/data/d2e_full_corpus_shards_accel64/shard_41/target_all_eval.jsonl",
          "outputs/data/d2e_full_corpus_shards_accel64/shard_42/target_all_eval.jsonl",
          "outputs/data/d2e_full_corpus_shards_accel64/shard_43/target_all_eval.jsonl",
          "outputs/data/d2e_full_corpus_shards_accel64/shard_44/target_all_eval.jsonl"
        ],
        "records": 1015028
      },
      {
        "part_index": 10,
        "predictions_path": "outputs/idm_video_stack_d2e_full_luma96_offsets012_keysoftmax_paper_target/prediction_parts/part_010/predictions.jsonl",
        "pseudo_label_path": "outputs/idm_video_stack_d2e_full_luma96_offsets012_keysoftmax_paper_target/prediction_parts/part_010/pseudolabels.jsonl",
        "record_paths": [
          "outputs/data/d2e_full_corpus_shards_accel64/shard_45/target_all_eval.jsonl",
          "outputs/data/d2e_full_corpus_shards_accel64/shard_46/target_all_eval.jsonl",
          "outputs/data/d2e_full_corpus_shards_accel64/shard_47/target_all_eval.jsonl",
          "outputs/data/d2e_full_corpus_shards_accel64/shard_48/target_all_eval.jsonl"
        ],
        "records": 1519495
      },
      {
        "part_index": 11,
        "predictions_path": "outputs/idm_video_stack_d2e_full_luma96_offsets012_keysoftmax_paper_target/prediction_parts/part_011/predictions.jsonl",
        "pseudo_label_path": "outputs/idm_video_stack_d2e_full_luma96_offsets012_keysoftmax_paper_target/prediction_parts/part_011/pseudolabels.jsonl",
        "record_paths": [
          "outputs/data/d2e_full_corpus_shards_accel64/shard_49/target_all_eval.jsonl",
          "outputs/data/d2e_full_corpus_shards_accel64/shard_5/target_all_eval.jsonl",
          "outputs/data/d2e_full_corpus_shards_accel64/shard_50/target_all_eval.jsonl",
          "outputs/data/d2e_full_corpus_shards_accel64/shard_51/target_all_eval.jsonl"
        ],
        "records": 861540
      },
      {
        "part_index": 12,
        "predictions_path": "outputs/idm_video_stack_d2e_full_luma96_offsets012_keysoftmax_paper_target/prediction_parts/part_012/predictions.jsonl",
        "pseudo_label_path": "outputs/idm_video_stack_d2e_full_luma96_offsets012_keysoftmax_paper_target/prediction_parts/part_012/pseudolabels.jsonl",
        "record_paths": [
          "outputs/data/d2e_full_corpus_shards_accel64/shard_52/target_all_eval.jsonl",
          "outputs/data/d2e_full_corpus_shards_accel64/shard_53/target_all_eval.jsonl",
          "outputs/data/d2e_full_corpus_shards_accel64/shard_54/target_all_eval.jsonl",
          "outputs/data/d2e_full_corpus_shards_accel64/shard_55/target_all_eval.jsonl"
        ],
        "records": 1186839
      },
      {
        "part_index": 13,
        "predictions_path": "outputs/idm_video_stack_d2e_full_luma96_offsets012_keysoftmax_paper_target/prediction_parts/part_013/predictions.jsonl",
        "pseudo_label_path": "outputs/idm_video_stack_d2e_full_luma96_offsets012_keysoftmax_paper_target/prediction_parts/part_013/pseudolabels.jsonl",
        "record_paths": [
          "outputs/data/d2e_full_corpus_shards_accel64/shard_56/target_all_eval.jsonl",
          "outputs/data/d2e_full_corpus_shards_accel64/shard_57/target_all_eval.jsonl",
          "outputs/data/d2e_full_corpus_shards_accel64/shard_58/target_all_eval.jsonl",
          "outputs/data/d2e_full_corpus_shards_accel64/shard_59/target_all_eval.jsonl"
        ],
        "records": 1381352
      },
      {
        "part_index": 14,
        "predictions_path": "outputs/idm_video_stack_d2e_full_luma96_offsets012_keysoftmax_paper_target/prediction_parts/part_014/predictions.jsonl",
        "pseudo_label_path": "outputs/idm_video_stack_d2e_full_luma96_offsets012_keysoftmax_paper_target/prediction_parts/part_014/pseudolabels.jsonl",
        "record_paths": [
          "outputs/data/d2e_full_corpus_shards_accel64/shard_6/target_all_eval.jsonl",
          "outputs/data/d2e_full_corpus_shards_accel64/shard_60/target_all_eval.jsonl",
          "outputs/data/d2e_full_corpus_shards_accel64/shard_61/target_all_eval.jsonl",
          "outputs/data/d2e_full_corpus_shards_accel64/shard_62/target_all_eval.jsonl"
        ],
        "records": 1246917
      },
      {
        "part_index": 15,
        "predictions_path": "outputs/idm_video_stack_d2e_full_luma96_offsets012_keysoftmax_paper_target/prediction_parts/part_015/predictions.jsonl",
        "pseudo_label_path": "outputs/idm_video_stack_d2e_full_luma96_offsets012_keysoftmax_paper_target/prediction_parts/part_015/pseudolabels.jsonl",
        "record_paths": [
          "outputs/data/d2e_full_corpus_shards_accel64/shard_63/target_all_eval.jsonl",
          "outputs/data/d2e_full_corpus_shards_accel64/shard_7/target_all_eval.jsonl",
          "outputs/data/d2e_full_corpus_shards_accel64/shard_8/target_all_eval.jsonl",
          "outputs/data/d2e_full_corpus_shards_accel64/shard_9/target_all_eval.jsonl"
        ],
        "records": 1347971
      }
    ],
    "parts_dir": "outputs/idm_video_stack_d2e_full_luma96_offsets012_keysoftmax_paper_target/prediction_parts",
    "workers": 16
  },
  "prediction_summary_path": "artifacts/idm/g005_idm_video_stack_luma96_offsets012_keysoftmax_prediction_summary.json",
  "predictions_path": "outputs/idm_video_stack_d2e_full_luma96_offsets012_keysoftmax_paper_target/predictions.jsonl",
  "schema": "video_idm_recovery_summary.v1",
  "status": "pass",
  "target_records": 16698646,
  "train_summary_path": "artifacts/idm/idm_video_stack_d2e_full_luma96_offsets012_keysoftmax_paper_target_summary.json"
}
Traceback (most recent call last):
  File "/mnt/ddn/prod-runs/jeonghunpark/code/continuous-gui-poc/fdm-d2e-reproduction/scripts/build_split_statistical_comparisons.py", line 26, in <module>
    raise SystemExit(main())
                     ^^^^^^
  File "/mnt/ddn/prod-runs/jeonghunpark/code/continuous-gui-poc/fdm-d2e-reproduction/scripts/build_split_statistical_comparisons.py", line 20, in main
    payload = write_split_statistical_comparisons(load_config(args.config), root=args.root)
              ^^^^^^^^^^^^^^^^^^^^^^^^^^^^^^^^^^^^^^^^^^^^^^^^^^^^^^^^^^^^^^^^^^^^^^^^^^^^^
  File "/mnt/ddn/prod-runs/jeonghunpark/code/continuous-gui-poc/fdm-d2e-reproduction/src/fdm_d2e/eval/split_statistics.py", line 403, in write_split_statistical_comparisons
    payloads = compare_split_predictions_streaming(
               ^^^^^^^^^^^^^^^^^^^^^^^^^^^^^^^^^^^^
  File "/mnt/ddn/prod-runs/jeonghunpark/code/continuous-gui-poc/fdm-d2e-reproduction/src/fdm_d2e/eval/split_statistics.py", line 311, in compare_split_predictions_streaming
    gt = next(gt_iter)
         ^^^^^^^^^^^^^
  File "/mnt/ddn/prod-runs/jeonghunpark/code/continuous-gui-poc/fdm-d2e-reproduction/src/fdm_d2e/eval/split_statistics.py", line 75, in _iter_jsonl_paths
    with Path(path).open() as handle:
         ^^^^^^^^^^^^^^^^^
  File "/opt/conda/lib/python3.11/pathlib.py", line 1044, in open
    return io.open(self, mode, buffering, encoding, errors, newline)
           ^^^^^^^^^^^^^^^^^^^^^^^^^^^^^^^^^^^^^^^^^^^^^^^^^^^^^^^^^
FileNotFoundError: [Errno 2] No such file or directory: 'outputs/data/d2e_full_corpus_shards_accel64/shard_*/target_all_eval.jsonl'
