started_at=2026-05-24T10:01:54+00:00
git_head=c4c38f9f8d0bebc047ad704613d2db00eac5ac40
source_config=configs/model/idm_video_pair_d2e_full_raw112_paper_target.yaml
target_config=configs/model/idm_video_pair_d2e_full_raw112_keysoftmax_paper_target.yaml
output=artifacts/idm/g005_video_pair_raw112_keysoftmax_cache_migration_summary.json
progress_output=artifacts/idm/g005_video_pair_raw112_keysoftmax_cache_migration_progress.json
Traceback (most recent call last):
  File "/mnt/ddn/prod-runs/jeonghunpark/code/continuous-gui-poc/fdm-d2e-reproduction/scripts/migrate_video_idm_cache_keysoftmax.py", line 299, in <module>
    raise SystemExit(main())
                     ^^^^^^
  File "/mnt/ddn/prod-runs/jeonghunpark/code/continuous-gui-poc/fdm-d2e-reproduction/scripts/migrate_video_idm_cache_keysoftmax.py", line 281, in main
    summary = migrate_cache(
              ^^^^^^^^^^^^^^
  File "/mnt/ddn/prod-runs/jeonghunpark/code/continuous-gui-poc/fdm-d2e-reproduction/scripts/migrate_video_idm_cache_keysoftmax.py", line 204, in migrate_cache
    source_target_manifests = load_video_idm_cache_manifests(
                              ^^^^^^^^^^^^^^^^^^^^^^^^^^^^^^^
  File "/mnt/ddn/prod-runs/jeonghunpark/code/continuous-gui-poc/fdm-d2e-reproduction/src/fdm_d2e/training/video_idm.py", line 801, in load_video_idm_cache_manifests
    raise FileNotFoundError(f"missing video IDM cache manifest: {manifest_path}")
FileNotFoundError: missing video IDM cache manifest: outputs/idm_video_pair_d2e_full_raw112_paper_target/video_cache/target/target_all_eval-5a5c1194b95c41b3a229.manifest.json
{
  "claim_boundary": "Cache migration lifecycle evidence only; no training or model-quality claim.",
  "exit_code": 1,
  "git_head": "c4c38f9f8d0bebc047ad704613d2db00eac5ac40",
  "git_status_short": "?? artifacts/aux/g005_aux_examples_atari_head_probe.json\n?? artifacts/aux/g005_aux_materialization_execute.log\n?? artifacts/aux/g005_aux_materialization_execute_summary.json\n?? artifacts/aux/g005_aux_materialization_watcher.log\n?? artifacts/aux/g005_d2e_aux_train_run.log\n?? artifacts/aux/g005_postrun_watcher.log\n?? artifacts/aux/g005_pre3868187_20260523T044702Z/\n?? artifacts/eval/g002_pvc_action_error_diagnostics_progress.json\n?? artifacts/eval/g002_pvc_action_error_diagnostics_smoke.json\n?? artifacts/eval/g006_gidm_manifest_runner_dry_run.json\n?? artifacts/eval/gidm_manifest_inference_logs/\n?? artifacts/fdm/fdm_bth05_gain_probe_cpu.json\n?? artifacts/fdm/fdm_bth05_gain_probe_cpu.log\n?? artifacts/fdm/fdm_bth05_gain_sweep_h200.json\n?? artifacts/fdm/fdm_bth05_gain_sweep_h200.log\n?? artifacts/fdm/fdm_bth05_pipeline_h200.log\n?? artifacts/fdm/fdm_bth05_regression_h200.log\n?? artifacts/fdm/fdm_knn_shooter64_surface_motion_cpu.log\n?? artifacts/fdm/fdm_knn_shooter64_surface_sweep_h200.log\n?? artifacts/fdm/fdm_regression_gain_probe_cpu.json\n?? artifacts/fdm/fdm_regression_gain_probe_cpu.log\n?? artifacts/fdm/fdm_shooter64_fulltrain_button_sweep_h200.log\n?? artifacts/fdm/fdm_shooter64_recall_beta_sweep_h200.log\n?? artifacts/fdm/fdm_shooter64_surface_motion_fulltrain_h200.log\n?? artifacts/fdm/fdm_shooter64_surface_motion_h200.log\n?? artifacts/fdm/g003_to_g004_chain.log\n?? artifacts/fdm/g003_to_g004_chain_watcher.log\n?? artifacts/fdm/g004_d2e_full_fdm_4xh200.launch.log\n?? artifacts/fdm/g004_d2e_full_fdm_4xh200.log\n?? artifacts/fdm/g004_d2e_full_fdm_4xh200.nohup.log\n?? artifacts/fdm/g004_d2e_full_fdm_4xh200_launcher.log\n?? artifacts/fdm/g004_gpu_idle_restart_backup_20260522T235357Z/\n?? artifacts/fdm/g004_postrun_watcher.log\n?? artifacts/fdm/g004_pull_conflict_backup_20260522T234011Z/\n?? artifacts/fdm/g004_serial_restart_backup_20260522T233926Z/\n?? artifacts/fdm/idm_predict_shooter64_train_from_selected_h200.log\n?? artifacts/idm/g003_accel64_attached_gpu_monitor.log\n?? artifacts/idm/g003_accel64_failed_training_timeout.json\n?? artifacts/idm/g003_accel64_integrated_finalization.log\n?? artifacts/idm/g003_accel64_launch.log\n?? artifacts/idm/g003_accel64_live_health.json\n?? artifacts/idm/g003_accel64_live_health_report.json\n?? artifacts/idm/g003_accel64_parallel_recover_idm_outputs.log\n?? artifacts/idm/g003_accel64_postrun_watcher.log\n?? artifacts/idm/g003_accel64_postrun_watcher_once_probe.json\n?? artifacts/idm/g003_accel64_postrun_watcher_summary.json\n?? artifacts/idm/g003_accel64_progress.json\n?? artifacts/idm/g003_accel64_promotion_backups/\n?? artifacts/idm/g003_accel64_recover_idm_outputs.log\n?? artifacts/idm/g003_accel64_resume_plan.json\n?? artifacts/idm/g003_accel64_shard_29_repair.json\n?? artifacts/idm/g003_accel64_training_resume.log\n?? artifacts/idm/g003_attached_gpu_monitor.log\n?? artifacts/idm/g003_canonical_stop_20260521T171444Z.json\n?? artifacts/idm/g003_d2e_full_idm_4xh200_gpu_monitor_accel64.csv\n?? artifacts/idm/g003_d2e_full_idm_4xh200_gpu_monitor_accel64_attached.json\n?? artifacts/idm/g003_d2e_full_idm_4xh200_gpu_monitor_attached.json\n?? artifacts/idm/g003_d2e_full_idm_run_accel64_isolated.log\n?? artifacts/idm/g003_d2e_full_idm_run_full_compact.log\n?? artifacts/idm/g003_d2e_full_idm_run_full_compact_parallel.json\n?? artifacts/idm/g003_d2e_full_idm_run_full_compact_parallel.log\n?? artifacts/idm/g003_full_idm_progress.json\n?? artifacts/idm/g003_live_health.json\n?? artifacts/idm/g003_postrun_watcher.log\n?? artifacts/idm/g003_postrun_watcher_summary.json\n?? artifacts/idm/g003_restart_20260521T161028Z.json\n?? artifacts/idm/g003_restart_20260521T161637Z.json\n?? artifacts/idm/g005_idm_paper_sum_4xh200.log\n?? artifacts/idm/g005_idm_paper_sum_4xh200_gpu_monitor.csv\n?? artifacts/idm/g005_idm_paper_sum_launcher.log\n?? artifacts/idm/g005_idm_video_pair_raw112_epoch12_closed_target_probe_paper_metrics_progress.json\n?? artifacts/idm/g005_idm_video_pair_raw112_epoch12_recal_fpr05_closed_target_probe_paper_metrics_progress.json\n?? artifacts/idm/g005_idm_video_pair_raw112_epoch12_recal_fpr08_closed_target_probe_paper_metrics_progress.json\n?? artifacts/idm/g005_idm_video_pair_raw112_epoch6_closed_target_probe_paper_metrics_progress.json\n?? artifacts/idm/g005_idm_video_pair_raw112_resume_to12_4xh200.log\n?? artifacts/idm/g005_idm_video_pair_raw112_resume_to6_4xh200.log\n?? artifacts/idm/g005_idm_video_pair_raw112_trainfirst_4xh200.log\n?? artifacts/idm/g005_precompute_pause_governor.log\n?? artifacts/idm/g005_video_pair_raw112_cache_precompute.log\n?? artifacts/idm/g005_video_pair_raw112_cache_precompute_bounded.log\n?? artifacts/idm/g005_video_pair_raw112_cache_precompute_restart.log\n?? artifacts/idm/g005_video_pair_raw112_cache_to_prefix_train_watcher.log\n?? artifacts/idm/g005_video_pair_raw112_keysoftmax_cache_migration.log\n?? artifacts/idm/g005_video_pair_raw112_keysoftmax_cache_migration.nohup.log\n?? artifacts/idm/g005_video_pair_raw112_keysoftmax_cache_migration_gpu_monitor.csv\n?? artifacts/idm/g4_h200_residual_runs.log\n?? artifacts/idm/g4_h200_richmotion16_run.log\n?? artifacts/idm/g4_h200_richmotion36_run.log\n?? artifacts/idm/g4_h200_richmotion36b_run.log\n?? artifacts/idm/g4_h200_shooter32_run.log\n?? artifacts/idm/idm_streaming_d2e_probe_summary.json\n?? artifacts/idm/idm_torch_apex16_capacity_sweep_h200.log\n?? artifacts/idm/idm_torch_apex16_sweep_h200.log\n?? artifacts/idm/idm_torch_shooter32_axis_softmax_motion_sweep_h200.log\n?? artifacts/idm/idm_torch_shooter32_focal_calibrated_sweep_h200.json\n?? artifacts/idm/idm_torch_shooter32_focal_calibrated_sweep_h200.log\n?? artifacts/idm/idm_torch_shooter32_grid8_group_calibrated_sweep_h200.json\n?? artifacts/idm/idm_torch_shooter32_grid8_group_calibrated_sweep_h200.log\n?? artifacts/idm/idm_torch_shooter32_grid8_time_group_calibrated_sweep_h200.log\n?? artifacts/idm/idm_torch_shooter32_luma_temporal_conv_h256_sweep_h200.log\n?? artifacts/idm/idm_torch_shooter32_luma_temporal_conv_sweep_h200.log\n?? artifacts/idm/idm_torch_shooter32_motion_only_residual_sweep_h200.log\n?? artifacts/idm/idm_torch_shooter32_seq_button_softmax_residual_sweep_h200.log\n?? artifacts/idm/idm_torch_shooter32_seq_button_softmax_sweep_h200.log\n?? artifacts/idm/idm_torch_shooter32_seq_button_softmax_sweep_h200_rerun.json\n?? artifacts/idm/idm_torch_shooter32_seq_button_softmax_sweep_h200_rerun.log\n?? artifacts/idm/idm_torch_shooter32_seq_history_sweep_h200.log\n?? artifacts/idm/idm_torch_shooter32_surface_motion_sweep_h200.log\n?? artifacts/idm/idm_torch_shooter32_sweep_h200.log\n?? artifacts/idm/idm_torch_shooter64_surface_motion_sweep_h200.log\n?? artifacts/idm/idm_video_pair_d2e_full_raw112_paper_target_summary.json\n?? artifacts/sources/d2e_full_corpus_decode_summary_accel64.json\n?? artifacts/sources/d2e_full_corpus_probe_fast_summary.json\n?? artifacts/sources/d2e_full_corpus_probe_summary.json\n?? artifacts/sources/d2e_full_corpus_shard_0.log\n?? artifacts/sources/d2e_full_corpus_shard_1.log\n?? artifacts/sources/d2e_full_corpus_shard_10.log\n?? artifacts/sources/d2e_full_corpus_shard_11.log\n?? artifacts/sources/d2e_full_corpus_shard_12.log\n?? artifacts/sources/d2e_full_corpus_shard_13.log\n?? artifacts/sources/d2e_full_corpus_shard_14.log\n?? artifacts/sources/d2e_full_corpus_shard_15.log\n?? artifacts/sources/d2e_full_corpus_shard_16.log\n?? artifacts/sources/d2e_full_corpus_shard_17.log\n?? artifacts/sources/d2e_full_corpus_shard_18.log\n?? artifacts/sources/d2e_full_corpus_shard_19.log\n?? artifacts/sources/d2e_full_corpus_shard_2.log\n?? artifacts/sources/d2e_full_corpus_shard_20.log\n?? artifacts/sources/d2e_full_corpus_shard_21.log\n?? artifacts/sources/d2e_full_corpus_shard_22.log\n?? artifacts/sources/d2e_full_corpus_shard_23.log\n?? artifacts/sources/d2e_full_corpus_shard_24.log\n?? artifacts/sources/d2e_full_corpus_shard_25.log\n?? artifacts/sources/d2e_full_corpus_shard_26.log\n?? artifacts/sources/d2e_full_corpus_shard_27.log\n?? artifacts/sources/d2e_full_corpus_shard_28.log\n?? artifacts/sources/d2e_full_corpus_shard_29.log\n?? artifacts/sources/d2e_full_corpus_shard_3.log\n?? artifacts/sources/d2e_full_corpus_shard_30.log\n?? artifacts/sources/d2e_full_corpus_shard_31.log\n?? artifacts/sources/d2e_full_corpus_shard_32.log\n?? artifacts/sources/d2e_full_corpus_shard_33.log\n?? artifacts/sources/d2e_full_corpus_shard_34.log\n?? artifacts/sources/d2e_full_corpus_shard_35.log\n?? artifacts/sources/d2e_full_corpus_shard_36.log\n?? artifacts/sources/d2e_full_corpus_shard_37.log\n?? artifacts/sources/d2e_full_corpus_shard_38.log\n?? artifacts/sources/d2e_full_corpus_shard_39.log\n?? artifacts/sources/d2e_full_corpus_shard_4.log\n?? artifacts/sources/d2e_full_corpus_shard_40.log\n?? artifacts/sources/d2e_full_corpus_shard_41.log\n?? artifacts/sources/d2e_full_corpus_shard_42.log\n?? artifacts/sources/d2e_full_corpus_shard_43.log\n?? artifacts/sources/d2e_full_corpus_shard_44.log\n?? artifacts/sources/d2e_full_corpus_shard_45.log\n?? artifacts/sources/d2e_full_corpus_shard_46.log\n?? artifacts/sources/d2e_full_corpus_shard_47.log\n?? artifacts/sources/d2e_full_corpus_shard_48.log\n?? artifacts/sources/d2e_full_corpus_shard_49.log\n?? artifacts/sources/d2e_full_corpus_shard_5.log\n?? artifacts/sources/d2e_full_corpus_shard_50.log\n?? artifacts/sources/d2e_full_corpus_shard_51.log\n?? artifacts/sources/d2e_full_corpus_shard_52.log\n?? artifacts/sources/d2e_full_corpus_shard_53.log\n?? artifacts/sources/d2e_full_corpus_shard_54.log\n?? artifacts/sources/d2e_full_corpus_shard_55.log\n?? artifacts/sources/d2e_full_corpus_shard_56.log\n?? artifacts/sources/d2e_full_corpus_shard_57.log\n?? artifacts/sources/d2e_full_corpus_shard_58.log\n?? artifacts/sources/d2e_full_corpus_shard_59.log\n?? artifacts/sources/d2e_full_corpus_shard_6.log\n?? artifacts/sources/d2e_full_corpus_shard_60.log\n?? artifacts/sources/d2e_full_corpus_shard_61.log\n?? artifacts/sources/d2e_full_corpus_shard_62.log\n?? artifacts/sources/d2e_full_corpus_shard_63.log\n?? artifacts/sources/d2e_full_corpus_shard_7.log\n?? artifacts/sources/d2e_full_corpus_shard_8.log\n?? artifacts/sources/d2e_full_corpus_shard_9.log\n?? artifacts/sources/decode_d2e_shooter64_h200.log\n?? artifacts/sources/g003_accel64/\n?? artifacts/sources/g003_restart_archive_20260521T161028Z/\n?? artifacts/sources/g003_restart_archive_20260521T161637Z/",
  "gpu_monitor_log": "artifacts/idm/g005_video_pair_raw112_keysoftmax_cache_migration_gpu_monitor.csv",
  "gpu_monitor_sha256": "21d4a54ea555cde73c4311fca559275491567377447e974e4a1fd968372a7eb1",
  "gpu_monitor_status": {
    "rows": 12,
    "unique_gpu_indices": [
      "0"
    ]
  },
  "log_path": "artifacts/idm/g005_video_pair_raw112_keysoftmax_cache_migration.log",
  "output": "artifacts/idm/g005_video_pair_raw112_keysoftmax_cache_migration_summary.json",
  "pid_file": "outputs/cluster/g005_video_pair_raw112_keysoftmax_cache_migration.pid",
  "progress_output": "artifacts/idm/g005_video_pair_raw112_keysoftmax_cache_migration_progress.json",
  "progress_sha256": null,
  "schema": "g005_keysoftmax_cache_migration_run.v1",
  "source_config": "configs/model/idm_video_pair_d2e_full_raw112_paper_target.yaml",
  "summary_sha256": null,
  "summary_status": null,
  "target_cache_bytes": null,
  "target_cache_rows": null,
  "target_category_vocab": null,
  "target_config": "configs/model/idm_video_pair_d2e_full_raw112_keysoftmax_paper_target.yaml",
  "target_keyboard_classes": null,
  "train_cache_bytes": null,
  "train_cache_rows": null,
  "wall_clock_seconds": 339
}
