started_at=2026-05-26T11:10:14+00:00
git_head=af91676bcd290ab0bee2c1f9052ab5a82e507d04
reservation_id=rsv-jeonghunpark-20260526-2fda44
reservation_end_at=2026-05-27T06:00:00+09:00
streaming idm prediction complete: records=16698646 pseudo_labels=outputs/idm_streaming_d2e_full_state_sequence_stack5_prior_trainseed_paper_target/pseudolabels.jsonl
g005 paper metrics: status=pass rows=16698646 output=artifacts/idm/g005_idm_state_sequence_stack5_prior_trainseed_paper_metrics.json
finished_at=2026-05-26T13:01:43+00:00
{
  "exit_code": 0,
  "git_head": "af91676bcd290ab0bee2c1f9052ab5a82e507d04",
  "gpu_monitor": "artifacts/idm/g005_idm_state_sequence_stack5_prior_trainseed_predict_gpu_monitor.csv",
  "gpu_monitor_sha256": "e4067da70ce4a5572aecbac8502e5bd20e6eb1e00b6d7a860f1e39033ed5ee21",
  "gpu_monitor_status": {
    "covers_expected_gpus": true,
    "expected_gpus": 4,
    "rows": 892,
    "unique_gpu_indices": [
      "0",
      "1",
      "2",
      "3"
    ]
  },
  "log_path": "artifacts/idm/g005_idm_state_sequence_stack5_prior_trainseed_predict.log",
  "paper_metrics_alignment": {
    "examples": [],
    "missing_prediction_rows": 0,
    "missing_target_rows": 0,
    "rows_seen": 16698646,
    "sequence_id_mismatches": 0
  },
  "paper_metrics_config": "/tmp/g005_stack5_trainseed_paper_metrics_config.json",
  "paper_metrics_path": "artifacts/idm/g005_idm_state_sequence_stack5_prior_trainseed_paper_metrics.json",
  "paper_metrics_rows": 16698646,
  "paper_metrics_status": "pass",
  "predict_config": "/tmp/g005_stack5_trainseed_predict_config.json",
  "prediction_resume": {
    "action_history_seed_state_summary": {
      "history_len": 4,
      "recordings": 642,
      "source": "parent_train_scan_parallel"
    },
    "enabled": false,
    "existing_rows": 0,
    "parts": [
      {
        "part_index": 0,
        "predictions_path": "outputs/idm_streaming_d2e_full_state_sequence_stack5_prior_trainseed_paper_target/prediction_recovery_parts/part_000/predictions.jsonl",
        "pseudo_label_path": "outputs/idm_streaming_d2e_full_state_sequence_stack5_prior_trainseed_paper_target/prediction_recovery_parts/part_000/pseudolabels.jsonl",
        "record_paths": [
          "outputs/data/d2e_state_corpus_shards_accel64/shard_0/target_all_eval.jsonl",
          "outputs/data/d2e_state_corpus_shards_accel64/shard_1/target_all_eval.jsonl",
          "outputs/data/d2e_state_corpus_shards_accel64/shard_10/target_all_eval.jsonl",
          "outputs/data/d2e_state_corpus_shards_accel64/shard_11/target_all_eval.jsonl"
        ],
        "records": 1089390
      },
      {
        "part_index": 1,
        "predictions_path": "outputs/idm_streaming_d2e_full_state_sequence_stack5_prior_trainseed_paper_target/prediction_recovery_parts/part_001/predictions.jsonl",
        "pseudo_label_path": "outputs/idm_streaming_d2e_full_state_sequence_stack5_prior_trainseed_paper_target/prediction_recovery_parts/part_001/pseudolabels.jsonl",
        "record_paths": [
          "outputs/data/d2e_state_corpus_shards_accel64/shard_12/target_all_eval.jsonl",
          "outputs/data/d2e_state_corpus_shards_accel64/shard_13/target_all_eval.jsonl",
          "outputs/data/d2e_state_corpus_shards_accel64/shard_14/target_all_eval.jsonl",
          "outputs/data/d2e_state_corpus_shards_accel64/shard_15/target_all_eval.jsonl"
        ],
        "records": 1018173
      },
      {
        "part_index": 2,
        "predictions_path": "outputs/idm_streaming_d2e_full_state_sequence_stack5_prior_trainseed_paper_target/prediction_recovery_parts/part_002/predictions.jsonl",
        "pseudo_label_path": "outputs/idm_streaming_d2e_full_state_sequence_stack5_prior_trainseed_paper_target/prediction_recovery_parts/part_002/pseudolabels.jsonl",
        "record_paths": [
          "outputs/data/d2e_state_corpus_shards_accel64/shard_16/target_all_eval.jsonl",
          "outputs/data/d2e_state_corpus_shards_accel64/shard_17/target_all_eval.jsonl",
          "outputs/data/d2e_state_corpus_shards_accel64/shard_18/target_all_eval.jsonl",
          "outputs/data/d2e_state_corpus_shards_accel64/shard_19/target_all_eval.jsonl"
        ],
        "records": 898692
      },
      {
        "part_index": 3,
        "predictions_path": "outputs/idm_streaming_d2e_full_state_sequence_stack5_prior_trainseed_paper_target/prediction_recovery_parts/part_003/predictions.jsonl",
        "pseudo_label_path": "outputs/idm_streaming_d2e_full_state_sequence_stack5_prior_trainseed_paper_target/prediction_recovery_parts/part_003/pseudolabels.jsonl",
        "record_paths": [
          "outputs/data/d2e_state_corpus_shards_accel64/shard_2/target_all_eval.jsonl",
          "outputs/data/d2e_state_corpus_shards_accel64/shard_20/target_all_eval.jsonl",
          "outputs/data/d2e_state_corpus_shards_accel64/shard_21/target_all_eval.jsonl",
          "outputs/data/d2e_state_corpus_shards_accel64/shard_22/target_all_eval.jsonl"
        ],
        "records": 986551
      },
      {
        "part_index": 4,
        "predictions_path": "outputs/idm_streaming_d2e_full_state_sequence_stack5_prior_trainseed_paper_target/prediction_recovery_parts/part_004/predictions.jsonl",
        "pseudo_label_path": "outputs/idm_streaming_d2e_full_state_sequence_stack5_prior_trainseed_paper_target/prediction_recovery_parts/part_004/pseudolabels.jsonl",
        "record_paths": [
          "outputs/data/d2e_state_corpus_shards_accel64/shard_23/target_all_eval.jsonl",
          "outputs/data/d2e_state_corpus_shards_accel64/shard_24/target_all_eval.jsonl",
          "outputs/data/d2e_state_corpus_shards_accel64/shard_25/target_all_eval.jsonl",
          "outputs/data/d2e_state_corpus_shards_accel64/shard_26/target_all_eval.jsonl"
        ],
        "records": 681790
      },
      {
        "part_index": 5,
        "predictions_path": "outputs/idm_streaming_d2e_full_state_sequence_stack5_prior_trainseed_paper_target/prediction_recovery_parts/part_005/predictions.jsonl",
        "pseudo_label_path": "outputs/idm_streaming_d2e_full_state_sequence_stack5_prior_trainseed_paper_target/prediction_recovery_parts/part_005/pseudolabels.jsonl",
        "record_paths": [
          "outputs/data/d2e_state_corpus_shards_accel64/shard_27/target_all_eval.jsonl",
          "outputs/data/d2e_state_corpus_shards_accel64/shard_28/target_all_eval.jsonl",
          "outputs/data/d2e_state_corpus_shards_accel64/shard_29/target_all_eval.jsonl",
          "outputs/data/d2e_state_corpus_shards_accel64/shard_3/target_all_eval.jsonl"
        ],
        "records": 907924
      },
      {
        "part_index": 6,
        "predictions_path": "outputs/idm_streaming_d2e_full_state_sequence_stack5_prior_trainseed_paper_target/prediction_recovery_parts/part_006/predictions.jsonl",
        "pseudo_label_path": "outputs/idm_streaming_d2e_full_state_sequence_stack5_prior_trainseed_paper_target/prediction_recovery_parts/part_006/pseudolabels.jsonl",
        "record_paths": [
          "outputs/data/d2e_state_corpus_shards_accel64/shard_30/target_all_eval.jsonl",
          "outputs/data/d2e_state_corpus_shards_accel64/shard_31/target_all_eval.jsonl",
          "outputs/data/d2e_state_corpus_shards_accel64/shard_32/target_all_eval.jsonl",
          "outputs/data/d2e_state_corpus_shards_accel64/shard_33/target_all_eval.jsonl"
        ],
        "records": 769740
      },
      {
        "part_index": 7,
        "predictions_path": "outputs/idm_streaming_d2e_full_state_sequence_stack5_prior_trainseed_paper_target/prediction_recovery_parts/part_007/predictions.jsonl",
        "pseudo_label_path": "outputs/idm_streaming_d2e_full_state_sequence_stack5_prior_trainseed_paper_target/prediction_recovery_parts/part_007/pseudolabels.jsonl",
        "record_paths": [
          "outputs/data/d2e_state_corpus_shards_accel64/shard_34/target_all_eval.jsonl",
          "outputs/data/d2e_state_corpus_shards_accel64/shard_35/target_all_eval.jsonl",
          "outputs/data/d2e_state_corpus_shards_accel64/shard_36/target_all_eval.jsonl",
          "outputs/data/d2e_state_corpus_shards_accel64/shard_37/target_all_eval.jsonl"
        ],
        "records": 898715
      },
      {
        "part_index": 8,
        "predictions_path": "outputs/idm_streaming_d2e_full_state_sequence_stack5_prior_trainseed_paper_target/prediction_recovery_parts/part_008/predictions.jsonl",
        "pseudo_label_path": "outputs/idm_streaming_d2e_full_state_sequence_stack5_prior_trainseed_paper_target/prediction_recovery_parts/part_008/pseudolabels.jsonl",
        "record_paths": [
          "outputs/data/d2e_state_corpus_shards_accel64/shard_38/target_all_eval.jsonl",
          "outputs/data/d2e_state_corpus_shards_accel64/shard_39/target_all_eval.jsonl",
          "outputs/data/d2e_state_corpus_shards_accel64/shard_4/target_all_eval.jsonl",
          "outputs/data/d2e_state_corpus_shards_accel64/shard_40/target_all_eval.jsonl"
        ],
        "records": 888529
      },
      {
        "part_index": 9,
        "predictions_path": "outputs/idm_streaming_d2e_full_state_sequence_stack5_prior_trainseed_paper_target/prediction_recovery_parts/part_009/predictions.jsonl",
        "pseudo_label_path": "outputs/idm_streaming_d2e_full_state_sequence_stack5_prior_trainseed_paper_target/prediction_recovery_parts/part_009/pseudolabels.jsonl",
        "record_paths": [
          "outputs/data/d2e_state_corpus_shards_accel64/shard_41/target_all_eval.jsonl",
          "outputs/data/d2e_state_corpus_shards_accel64/shard_42/target_all_eval.jsonl",
          "outputs/data/d2e_state_corpus_shards_accel64/shard_43/target_all_eval.jsonl",
          "outputs/data/d2e_state_corpus_shards_accel64/shard_44/target_all_eval.jsonl"
        ],
        "records": 1015028
      },
      {
        "part_index": 10,
        "predictions_path": "outputs/idm_streaming_d2e_full_state_sequence_stack5_prior_trainseed_paper_target/prediction_recovery_parts/part_010/predictions.jsonl",
        "pseudo_label_path": "outputs/idm_streaming_d2e_full_state_sequence_stack5_prior_trainseed_paper_target/prediction_recovery_parts/part_010/pseudolabels.jsonl",
        "record_paths": [
          "outputs/data/d2e_state_corpus_shards_accel64/shard_45/target_all_eval.jsonl",
          "outputs/data/d2e_state_corpus_shards_accel64/shard_46/target_all_eval.jsonl",
          "outputs/data/d2e_state_corpus_shards_accel64/shard_47/target_all_eval.jsonl",
          "outputs/data/d2e_state_corpus_shards_accel64/shard_48/target_all_eval.jsonl"
        ],
        "records": 1519495
      },
      {
        "part_index": 11,
        "predictions_path": "outputs/idm_streaming_d2e_full_state_sequence_stack5_prior_trainseed_paper_target/prediction_recovery_parts/part_011/predictions.jsonl",
        "pseudo_label_path": "outputs/idm_streaming_d2e_full_state_sequence_stack5_prior_trainseed_paper_target/prediction_recovery_parts/part_011/pseudolabels.jsonl",
        "record_paths": [
          "outputs/data/d2e_state_corpus_shards_accel64/shard_49/target_all_eval.jsonl",
          "outputs/data/d2e_state_corpus_shards_accel64/shard_5/target_all_eval.jsonl",
          "outputs/data/d2e_state_corpus_shards_accel64/shard_50/target_all_eval.jsonl",
          "outputs/data/d2e_state_corpus_shards_accel64/shard_51/target_all_eval.jsonl"
        ],
        "records": 861540
      },
      {
        "part_index": 12,
        "predictions_path": "outputs/idm_streaming_d2e_full_state_sequence_stack5_prior_trainseed_paper_target/prediction_recovery_parts/part_012/predictions.jsonl",
        "pseudo_label_path": "outputs/idm_streaming_d2e_full_state_sequence_stack5_prior_trainseed_paper_target/prediction_recovery_parts/part_012/pseudolabels.jsonl",
        "record_paths": [
          "outputs/data/d2e_state_corpus_shards_accel64/shard_52/target_all_eval.jsonl",
          "outputs/data/d2e_state_corpus_shards_accel64/shard_53/target_all_eval.jsonl",
          "outputs/data/d2e_state_corpus_shards_accel64/shard_54/target_all_eval.jsonl",
          "outputs/data/d2e_state_corpus_shards_accel64/shard_55/target_all_eval.jsonl"
        ],
        "records": 1186839
      },
      {
        "part_index": 13,
        "predictions_path": "outputs/idm_streaming_d2e_full_state_sequence_stack5_prior_trainseed_paper_target/prediction_recovery_parts/part_013/predictions.jsonl",
        "pseudo_label_path": "outputs/idm_streaming_d2e_full_state_sequence_stack5_prior_trainseed_paper_target/prediction_recovery_parts/part_013/pseudolabels.jsonl",
        "record_paths": [
          "outputs/data/d2e_state_corpus_shards_accel64/shard_56/target_all_eval.jsonl",
          "outputs/data/d2e_state_corpus_shards_accel64/shard_57/target_all_eval.jsonl",
          "outputs/data/d2e_state_corpus_shards_accel64/shard_58/target_all_eval.jsonl",
          "outputs/data/d2e_state_corpus_shards_accel64/shard_59/target_all_eval.jsonl"
        ],
        "records": 1381352
      },
      {
        "part_index": 14,
        "predictions_path": "outputs/idm_streaming_d2e_full_state_sequence_stack5_prior_trainseed_paper_target/prediction_recovery_parts/part_014/predictions.jsonl",
        "pseudo_label_path": "outputs/idm_streaming_d2e_full_state_sequence_stack5_prior_trainseed_paper_target/prediction_recovery_parts/part_014/pseudolabels.jsonl",
        "record_paths": [
          "outputs/data/d2e_state_corpus_shards_accel64/shard_6/target_all_eval.jsonl",
          "outputs/data/d2e_state_corpus_shards_accel64/shard_60/target_all_eval.jsonl",
          "outputs/data/d2e_state_corpus_shards_accel64/shard_61/target_all_eval.jsonl",
          "outputs/data/d2e_state_corpus_shards_accel64/shard_62/target_all_eval.jsonl"
        ],
        "records": 1246917
      },
      {
        "part_index": 15,
        "predictions_path": "outputs/idm_streaming_d2e_full_state_sequence_stack5_prior_trainseed_paper_target/prediction_recovery_parts/part_015/predictions.jsonl",
        "pseudo_label_path": "outputs/idm_streaming_d2e_full_state_sequence_stack5_prior_trainseed_paper_target/prediction_recovery_parts/part_015/pseudolabels.jsonl",
        "record_paths": [
          "outputs/data/d2e_state_corpus_shards_accel64/shard_63/target_all_eval.jsonl",
          "outputs/data/d2e_state_corpus_shards_accel64/shard_7/target_all_eval.jsonl",
          "outputs/data/d2e_state_corpus_shards_accel64/shard_8/target_all_eval.jsonl",
          "outputs/data/d2e_state_corpus_shards_accel64/shard_9/target_all_eval.jsonl"
        ],
        "records": 1347971
      }
    ],
    "pseudolabel_validation": false,
    "workers": 16,
    "write_mode": "parallel_parts"
  },
  "predictions_path": "outputs/idm_streaming_d2e_full_state_sequence_stack5_prior_trainseed_paper_target/predictions.jsonl",
  "records": 16698646,
  "reservation_end_at": "2026-05-27T06:00:00+09:00",
  "reservation_id": "rsv-jeonghunpark-20260526-2fda44",
  "schema": "g005_stack5_trainseed_prediction_run.v1",
  "summary_path": "artifacts/idm/g005_idm_state_sequence_stack5_prior_trainseed_predict_summary.json",
  "wall_clock_seconds": 6690
}
