START 2026-05-28T11:18:13+00:00
trained masked-diffusion IDM: model=idm_factorized_masked_diffusion_d2e_prefix20k_per_token_h200 train=20000 target=2000 device=cuda metrics=outputs/idm_factorized_masked_diffusion_d2e_prefix20k_per_token_h200/paper_metrics.json
Using CPython 3.11.11 interpreter at: /opt/conda/bin/python3
Creating virtual environment at: .venv
   Building fdm-d2e @ file:///mnt/ddn/prod-runs/jeonghunpark/code/continuous-gui-poc/fdm-d2e-reproduction-per-token-prefix
      Built fdm-d2e @ file:///mnt/ddn/prod-runs/jeonghunpark/code/continuous-gui-poc/fdm-d2e-reproduction-per-token-prefix
warning: Failed to hardlink files; falling back to full copy. This may lead to degraded performance.
         If the cache and target directories are on different filesystems, hardlinking may not be supported.
         If this is intentional, set `export UV_LINK_MODE=copy` or use `--link-mode=copy` to suppress this warning.
Installed 1 package in 44ms
Downloading pydantic-core (2.0MiB)
Downloading wandb (26.0MiB)
 Downloaded pydantic-core
 Downloaded wandb
Installed 20 packages in 87ms
wandb: [wandb.login()] Loaded credentials for https://api.wandb.ai from WANDB_API_KEY.
wandb: Currently logged in as: pjh6029 (pjh6029-seoul-national-university) to https://api.wandb.ai. Use `wandb login --relogin` to force relogin
wandb: setting up run g2gs9ga2
wandb: Tracking run with wandb version 0.27.0
wandb: Run data is saved locally in outputs/wandb/wandb/run-20260528_111929-g2gs9ga2
wandb: Run `wandb offline` to turn off syncing.
wandb: Syncing run g005-idm-factorized-md-prefix20k-per-token-h200
wandb: ⭐️ View project at https://wandb.ai/pjh6029-seoul-national-university/fdm-d2e-reproduction
wandb: 🚀 View run at https://wandb.ai/pjh6029-seoul-national-university/fdm-d2e-reproduction/runs/g2gs9ga2
wandb: updating run metadata; uploading artifact g005-idm-factorized-md-prefix20k-per-token-h200
wandb: uploading artifact g005-idm-factorized-md-prefix20k-per-token-h200
wandb: uploading wandb-metadata.json; uploading requirements.txt
wandb: uploading history steps 0-0, summary
wandb: 
wandb: Run history:
wandb:                        g005_idm_factorized_masked_diffusion_prefix20k_per_token_h200_paper_metrics/alignment/missing_prediction_rows ▁
wandb:                            g005_idm_factorized_masked_diffusion_prefix20k_per_token_h200_paper_metrics/alignment/missing_target_rows ▁
wandb:                                      g005_idm_factorized_masked_diffusion_prefix20k_per_token_h200_paper_metrics/alignment/rows_seen ▁
wandb:                         g005_idm_factorized_masked_diffusion_prefix20k_per_token_h200_paper_metrics/alignment/sequence_id_mismatches ▁
wandb:                                              g005_idm_factorized_masked_diffusion_prefix20k_per_token_h200_paper_metrics/error_count ▁
wandb:        g005_idm_factorized_masked_diffusion_prefix20k_per_token_h200_paper_metrics/groups/all/paper_compatible/empty_bins_as_correct ▁
wandb:        g005_idm_factorized_masked_diffusion_prefix20k_per_token_h200_paper_metrics/groups/all/paper_compatible/keyboard/key_accuracy ▁
wandb:        g005_idm_factorized_masked_diffusion_prefix20k_per_token_h200_paper_metrics/groups/all/paper_compatible/keyboard/sample_count ▁
wandb: g005_idm_factorized_masked_diffusion_prefix20k_per_token_h200_paper_metrics/groups/all/paper_compatible/mouse_button/button_accuracy ▁
wandb:    g005_idm_factorized_masked_diffusion_prefix20k_per_token_h200_paper_metrics/groups/all/paper_compatible/mouse_button/sample_count ▁
wandb:                                                                                                                                 +134 ...
wandb: 
wandb: Run summary:
wandb:                        g005_idm_factorized_masked_diffusion_prefix20k_per_token_h200_paper_metrics/alignment/missing_prediction_rows 0
wandb:                            g005_idm_factorized_masked_diffusion_prefix20k_per_token_h200_paper_metrics/alignment/missing_target_rows 0
wandb:                                      g005_idm_factorized_masked_diffusion_prefix20k_per_token_h200_paper_metrics/alignment/rows_seen 2000
wandb:                         g005_idm_factorized_masked_diffusion_prefix20k_per_token_h200_paper_metrics/alignment/sequence_id_mismatches 0
wandb:                                              g005_idm_factorized_masked_diffusion_prefix20k_per_token_h200_paper_metrics/error_count 0
wandb:        g005_idm_factorized_masked_diffusion_prefix20k_per_token_h200_paper_metrics/groups/all/paper_compatible/empty_bins_as_correct 0
wandb:        g005_idm_factorized_masked_diffusion_prefix20k_per_token_h200_paper_metrics/groups/all/paper_compatible/keyboard/key_accuracy 0.0192
wandb:        g005_idm_factorized_masked_diffusion_prefix20k_per_token_h200_paper_metrics/groups/all/paper_compatible/keyboard/sample_count 8332
wandb: g005_idm_factorized_masked_diffusion_prefix20k_per_token_h200_paper_metrics/groups/all/paper_compatible/mouse_button/button_accuracy 0
wandb:    g005_idm_factorized_masked_diffusion_prefix20k_per_token_h200_paper_metrics/groups/all/paper_compatible/mouse_button/sample_count 58
wandb:                                                                                                                                 +134 ...
wandb: 
wandb: 🚀 View run g005-idm-factorized-md-prefix20k-per-token-h200 at: https://wandb.ai/pjh6029-seoul-national-university/fdm-d2e-reproduction/runs/g2gs9ga2
wandb: ⭐️ View project at: https://wandb.ai/pjh6029-seoul-national-university/fdm-d2e-reproduction
wandb: Synced 4 W&B file(s), 0 media file(s), 6 artifact file(s) and 0 other file(s)
wandb: Find logs at: outputs/wandb/wandb/run-20260528_111929-g2gs9ga2/logs
{"status": "complete", "wandb_run_url": "https://wandb.ai/pjh6029-seoul-national-university/fdm-d2e-reproduction/runs/g2gs9ga2"}
