Using CPython 3.11.11 interpreter at: /opt/conda/bin/python3
Creating virtual environment at: .venv
wandb: [wandb.login()] Loaded credentials for https://api.wandb.ai from <redacted_wandb_env_key_name>.
wandb: Currently logged in as: pjh6029 (pjh6029-seoul-national-university) to https://api.wandb.ai. Use `wandb login --relogin` to force relogin
wandb: setting up run z8z90vt7
wandb: Tracking run with wandb version 0.27.0
wandb: Run data is saved locally in outputs/wandb/wandb/run-20260528_173115-z8z90vt7
wandb: Run `wandb offline` to turn off syncing.
wandb: Syncing run g005_idm_temporal_masked_diffusion_luma_window5_event_aux_prefix80k_h200
wandb: ⭐️ View project at https://wandb.ai/pjh6029-seoul-national-university/fdm-d2e-reproduction
wandb: 🚀 View run at https://wandb.ai/pjh6029-seoul-national-university/fdm-d2e-reproduction/runs/z8z90vt7
wandb: updating run metadata
wandb: uploading history steps 54-54, summary
wandb: WARNING Tried to log to step 1 that is less than the current step 54. Steps must be monotonically increasing, so this data will be ignored. See https://wandb.me/define-metric to log data out of order.
wandb: WARNING Tried to log to step 2 that is less than the current step 54. Steps must be monotonically increasing, so this data will be ignored. See https://wandb.me/define-metric to log data out of order.
wandb: 
wandb: Run history:
wandb:        gpu/0/memory_used_mib ▁▁▁▂▅▅██████████████████████████████████
wandb:           gpu/0/power_draw_w ▁▁▁▁▂▅███████▃▂▃▂▂▂▂▂▂▂▂▂▂▂▂▃▂▂▂▂▂▂▂▂▂▂▂
wandb:    gpu/0/utilization_gpu_pct ▁▁▁▁▁▃▄▃▅▇▅█▇▂▂▂▅▂▂▂▁▂▂▂▂▂▂▂▃▂▂▂▂▂▂▂▂▂▂▂
wandb: gpu/0/utilization_memory_pct ▁▁▁▁▁▃▃▃▅█▇▇▇▅█▁▁▁▅▁▁▁▁▁▁▁▁▁▁▂▁▁▁▁▁▁▁▁▁▁
wandb:                 sidecar/loop ▁▁▁▂▂▂▂▂▂▃▃▃▃▃▃▄▄▄▅▅▅▅▅▅▆▆▆▆▆▆▇▇▇▇▇▇▇███
wandb:                 sidecar/time ▁▁▁▁▁▂▂▂▂▂▂▂▃▃▃▃▃▃▃▅▅▅▅▅▅▆▆▆▆▆▇▇▇▇▇▇████
wandb: 
wandb: Run summary:
wandb:        gpu/0/memory_used_mib 7215
wandb:           gpu/0/power_draw_w 125.28
wandb:    gpu/0/utilization_gpu_pct 13
wandb: gpu/0/utilization_memory_pct 0
wandb:                 sidecar/loop 55
wandb:                 sidecar/time 1779990287.28912
wandb: 
wandb: 🚀 View run g005_idm_temporal_masked_diffusion_luma_window5_event_aux_prefix80k_h200 at: https://wandb.ai/pjh6029-seoul-national-university/fdm-d2e-reproduction/runs/z8z90vt7
wandb: ⭐️ View project at: https://wandb.ai/pjh6029-seoul-national-university/fdm-d2e-reproduction
wandb: Synced 4 W&B file(s), 0 media file(s), 0 artifact file(s) and 0 other file(s)
wandb: Find logs at: outputs/wandb/wandb/run-20260528_173115-z8z90vt7/logs
