wandb_sidecar_pid=141318
wandb_sidecar_status=artifacts/idm/g005_idm_video_stack_luma96_offsets012_keysoftmax_prediction_wandb_sidecar_status.json
started_at=2026-05-25T15:19:21+00:00
git_head=b40e42d6e9719b21854258d3590600f499bf441e
config=configs/model/idm_video_stack_d2e_full_luma96_offsets012_keysoftmax_paper_target.yaml
checkpoint=outputs/idm_video_stack_d2e_full_luma96_offsets012_keysoftmax_paper_target/checkpoint.pt
prediction_workers=16
{
  "checkpoint_metadata_path": "outputs/idm_video_stack_d2e_full_luma96_offsets012_keysoftmax_paper_target/checkpoint_metadata.json",
  "checkpoint_path": "outputs/idm_video_stack_d2e_full_luma96_offsets012_keysoftmax_paper_target/checkpoint.pt",
  "metrics_path": "outputs/idm_video_stack_d2e_full_luma96_offsets012_keysoftmax_paper_target/metrics.json",
  "output_dir": "outputs/idm_video_stack_d2e_full_luma96_offsets012_keysoftmax_paper_target",
  "parallel_prediction": {
    "enabled": true,
    "parts": [
      {
        "part_index": 0,
        "predictions_path": "outputs/idm_video_stack_d2e_full_luma96_offsets012_keysoftmax_paper_target/prediction_parts/part_000/predictions.jsonl",
        "pseudo_label_path": "outputs/idm_video_stack_d2e_full_luma96_offsets012_keysoftmax_paper_target/prediction_parts/part_000/pseudolabels.jsonl",
        "record_paths": [
          "outputs/data/d2e_full_corpus_shards_accel64/shard_0/target_all_eval.jsonl",
          "outputs/data/d2e_full_corpus_shards_accel64/shard_1/target_all_eval.jsonl",
          "outputs/data/d2e_full_corpus_shards_accel64/shard_10/target_all_eval.jsonl",
          "outputs/data/d2e_full_corpus_shards_accel64/shard_11/target_all_eval.jsonl"
        ],
        "records": 1089390
      },
      {
        "part_index": 1,
        "predictions_path": "outputs/idm_video_stack_d2e_full_luma96_offsets012_keysoftmax_paper_target/prediction_parts/part_001/predictions.jsonl",
        "pseudo_label_path": "outputs/idm_video_stack_d2e_full_luma96_offsets012_keysoftmax_paper_target/prediction_parts/part_001/pseudolabels.jsonl",
        "record_paths": [
          "outputs/data/d2e_full_corpus_shards_accel64/shard_12/target_all_eval.jsonl",
          "outputs/data/d2e_full_corpus_shards_accel64/shard_13/target_all_eval.jsonl",
          "outputs/data/d2e_full_corpus_shards_accel64/shard_14/target_all_eval.jsonl",
          "outputs/data/d2e_full_corpus_shards_accel64/shard_15/target_all_eval.jsonl"
        ],
        "records": 1018173
      },
      {
        "part_index": 2,
        "predictions_path": "outputs/idm_video_stack_d2e_full_luma96_offsets012_keysoftmax_paper_target/prediction_parts/part_002/predictions.jsonl",
        "pseudo_label_path": "outputs/idm_video_stack_d2e_full_luma96_offsets012_keysoftmax_paper_target/prediction_parts/part_002/pseudolabels.jsonl",
        "record_paths": [
          "outputs/data/d2e_full_corpus_shards_accel64/shard_16/target_all_eval.jsonl",
          "outputs/data/d2e_full_corpus_shards_accel64/shard_17/target_all_eval.jsonl",
          "outputs/data/d2e_full_corpus_shards_accel64/shard_18/target_all_eval.jsonl",
          "outputs/data/d2e_full_corpus_shards_accel64/shard_19/target_all_eval.jsonl"
        ],
        "records": 898692
      },
      {
        "part_index": 3,
        "predictions_path": "outputs/idm_video_stack_d2e_full_luma96_offsets012_keysoftmax_paper_target/prediction_parts/part_003/predictions.jsonl",
        "pseudo_label_path": "outputs/idm_video_stack_d2e_full_luma96_offsets012_keysoftmax_paper_target/prediction_parts/part_003/pseudolabels.jsonl",
        "record_paths": [
          "outputs/data/d2e_full_corpus_shards_accel64/shard_2/target_all_eval.jsonl",
          "outputs/data/d2e_full_corpus_shards_accel64/shard_20/target_all_eval.jsonl",
          "outputs/data/d2e_full_corpus_shards_accel64/shard_21/target_all_eval.jsonl",
          "outputs/data/d2e_full_corpus_shards_accel64/shard_22/target_all_eval.jsonl"
        ],
        "records": 986551
      },
      {
        "part_index": 4,
        "predictions_path": "outputs/idm_video_stack_d2e_full_luma96_offsets012_keysoftmax_paper_target/prediction_parts/part_004/predictions.jsonl",
        "pseudo_label_path": "outputs/idm_video_stack_d2e_full_luma96_offsets012_keysoftmax_paper_target/prediction_parts/part_004/pseudolabels.jsonl",
        "record_paths": [
          "outputs/data/d2e_full_corpus_shards_accel64/shard_23/target_all_eval.jsonl",
          "outputs/data/d2e_full_corpus_shards_accel64/shard_24/target_all_eval.jsonl",
          "outputs/data/d2e_full_corpus_shards_accel64/shard_25/target_all_eval.jsonl",
          "outputs/data/d2e_full_corpus_shards_accel64/shard_26/target_all_eval.jsonl"
        ],
        "records": 681790
      },
      {
        "part_index": 5,
        "predictions_path": "outputs/idm_video_stack_d2e_full_luma96_offsets012_keysoftmax_paper_target/prediction_parts/part_005/predictions.jsonl",
        "pseudo_label_path": "outputs/idm_video_stack_d2e_full_luma96_offsets012_keysoftmax_paper_target/prediction_parts/part_005/pseudolabels.jsonl",
        "record_paths": [
          "outputs/data/d2e_full_corpus_shards_accel64/shard_27/target_all_eval.jsonl",
          "outputs/data/d2e_full_corpus_shards_accel64/shard_28/target_all_eval.jsonl",
          "outputs/data/d2e_full_corpus_shards_accel64/shard_29/target_all_eval.jsonl",
          "outputs/data/d2e_full_corpus_shards_accel64/shard_3/target_all_eval.jsonl"
        ],
        "records": 907924
      },
      {
        "part_index": 6,
        "predictions_path": "outputs/idm_video_stack_d2e_full_luma96_offsets012_keysoftmax_paper_target/prediction_parts/part_006/predictions.jsonl",
        "pseudo_label_path": "outputs/idm_video_stack_d2e_full_luma96_offsets012_keysoftmax_paper_target/prediction_parts/part_006/pseudolabels.jsonl",
        "record_paths": [
          "outputs/data/d2e_full_corpus_shards_accel64/shard_30/target_all_eval.jsonl",
          "outputs/data/d2e_full_corpus_shards_accel64/shard_31/target_all_eval.jsonl",
          "outputs/data/d2e_full_corpus_shards_accel64/shard_32/target_all_eval.jsonl",
          "outputs/data/d2e_full_corpus_shards_accel64/shard_33/target_all_eval.jsonl"
        ],
        "records": 769740
      },
      {
        "part_index": 7,
        "predictions_path": "outputs/idm_video_stack_d2e_full_luma96_offsets012_keysoftmax_paper_target/prediction_parts/part_007/predictions.jsonl",
        "pseudo_label_path": "outputs/idm_video_stack_d2e_full_luma96_offsets012_keysoftmax_paper_target/prediction_parts/part_007/pseudolabels.jsonl",
        "record_paths": [
          "outputs/data/d2e_full_corpus_shards_accel64/shard_34/target_all_eval.jsonl",
          "outputs/data/d2e_full_corpus_shards_accel64/shard_35/target_all_eval.jsonl",
          "outputs/data/d2e_full_corpus_shards_accel64/shard_36/target_all_eval.jsonl",
          "outputs/data/d2e_full_corpus_shards_accel64/shard_37/target_all_eval.jsonl"
        ],
        "records": 898715
      },
      {
        "part_index": 8,
        "predictions_path": "outputs/idm_video_stack_d2e_full_luma96_offsets012_keysoftmax_paper_target/prediction_parts/part_008/predictions.jsonl",
        "pseudo_label_path": "outputs/idm_video_stack_d2e_full_luma96_offsets012_keysoftmax_paper_target/prediction_parts/part_008/pseudolabels.jsonl",
        "record_paths": [
          "outputs/data/d2e_full_corpus_shards_accel64/shard_38/target_all_eval.jsonl",
          "outputs/data/d2e_full_corpus_shards_accel64/shard_39/target_all_eval.jsonl",
          "outputs/data/d2e_full_corpus_shards_accel64/shard_4/target_all_eval.jsonl",
          "outputs/data/d2e_full_corpus_shards_accel64/shard_40/target_all_eval.jsonl"
        ],
        "records": 888529
      },
      {
        "part_index": 9,
        "predictions_path": "outputs/idm_video_stack_d2e_full_luma96_offsets012_keysoftmax_paper_target/prediction_parts/part_009/predictions.jsonl",
        "pseudo_label_path": "outputs/idm_video_stack_d2e_full_luma96_offsets012_keysoftmax_paper_target/prediction_parts/part_009/pseudolabels.jsonl",
        "record_paths": [
          "outputs/data/d2e_full_corpus_shards_accel64/shard_41/target_all_eval.jsonl",
          "outputs/data/d2e_full_corpus_shards_accel64/shard_42/target_all_eval.jsonl",
          "outputs/data/d2e_full_corpus_shards_accel64/shard_43/target_all_eval.jsonl",
          "outputs/data/d2e_full_corpus_shards_accel64/shard_44/target_all_eval.jsonl"
        ],
        "records": 1015028
      },
      {
        "part_index": 10,
        "predictions_path": "outputs/idm_video_stack_d2e_full_luma96_offsets012_keysoftmax_paper_target/prediction_parts/part_010/predictions.jsonl",
        "pseudo_label_path": "outputs/idm_video_stack_d2e_full_luma96_offsets012_keysoftmax_paper_target/prediction_parts/part_010/pseudolabels.jsonl",
        "record_paths": [
          "outputs/data/d2e_full_corpus_shards_accel64/shard_45/target_all_eval.jsonl",
          "outputs/data/d2e_full_corpus_shards_accel64/shard_46/target_all_eval.jsonl",
          "outputs/data/d2e_full_corpus_shards_accel64/shard_47/target_all_eval.jsonl",
          "outputs/data/d2e_full_corpus_shards_accel64/shard_48/target_all_eval.jsonl"
        ],
        "records": 1519495
      },
      {
        "part_index": 11,
        "predictions_path": "outputs/idm_video_stack_d2e_full_luma96_offsets012_keysoftmax_paper_target/prediction_parts/part_011/predictions.jsonl",
        "pseudo_label_path": "outputs/idm_video_stack_d2e_full_luma96_offsets012_keysoftmax_paper_target/prediction_parts/part_011/pseudolabels.jsonl",
        "record_paths": [
          "outputs/data/d2e_full_corpus_shards_accel64/shard_49/target_all_eval.jsonl",
          "outputs/data/d2e_full_corpus_shards_accel64/shard_5/target_all_eval.jsonl",
          "outputs/data/d2e_full_corpus_shards_accel64/shard_50/target_all_eval.jsonl",
          "outputs/data/d2e_full_corpus_shards_accel64/shard_51/target_all_eval.jsonl"
        ],
        "records": 861540
      },
      {
        "part_index": 12,
        "predictions_path": "outputs/idm_video_stack_d2e_full_luma96_offsets012_keysoftmax_paper_target/prediction_parts/part_012/predictions.jsonl",
        "pseudo_label_path": "outputs/idm_video_stack_d2e_full_luma96_offsets012_keysoftmax_paper_target/prediction_parts/part_012/pseudolabels.jsonl",
        "record_paths": [
          "outputs/data/d2e_full_corpus_shards_accel64/shard_52/target_all_eval.jsonl",
          "outputs/data/d2e_full_corpus_shards_accel64/shard_53/target_all_eval.jsonl",
          "outputs/data/d2e_full_corpus_shards_accel64/shard_54/target_all_eval.jsonl",
          "outputs/data/d2e_full_corpus_shards_accel64/shard_55/target_all_eval.jsonl"
        ],
        "records": 1186839
      },
      {
        "part_index": 13,
        "predictions_path": "outputs/idm_video_stack_d2e_full_luma96_offsets012_keysoftmax_paper_target/prediction_parts/part_013/predictions.jsonl",
        "pseudo_label_path": "outputs/idm_video_stack_d2e_full_luma96_offsets012_keysoftmax_paper_target/prediction_parts/part_013/pseudolabels.jsonl",
        "record_paths": [
          "outputs/data/d2e_full_corpus_shards_accel64/shard_56/target_all_eval.jsonl",
          "outputs/data/d2e_full_corpus_shards_accel64/shard_57/target_all_eval.jsonl",
          "outputs/data/d2e_full_corpus_shards_accel64/shard_58/target_all_eval.jsonl",
          "outputs/data/d2e_full_corpus_shards_accel64/shard_59/target_all_eval.jsonl"
        ],
        "records": 1381352
      },
      {
        "part_index": 14,
        "predictions_path": "outputs/idm_video_stack_d2e_full_luma96_offsets012_keysoftmax_paper_target/prediction_parts/part_014/predictions.jsonl",
        "pseudo_label_path": "outputs/idm_video_stack_d2e_full_luma96_offsets012_keysoftmax_paper_target/prediction_parts/part_014/pseudolabels.jsonl",
        "record_paths": [
          "outputs/data/d2e_full_corpus_shards_accel64/shard_6/target_all_eval.jsonl",
          "outputs/data/d2e_full_corpus_shards_accel64/shard_60/target_all_eval.jsonl",
          "outputs/data/d2e_full_corpus_shards_accel64/shard_61/target_all_eval.jsonl",
          "outputs/data/d2e_full_corpus_shards_accel64/shard_62/target_all_eval.jsonl"
        ],
        "records": 1246917
      },
      {
        "part_index": 15,
        "predictions_path": "outputs/idm_video_stack_d2e_full_luma96_offsets012_keysoftmax_paper_target/prediction_parts/part_015/predictions.jsonl",
        "pseudo_label_path": "outputs/idm_video_stack_d2e_full_luma96_offsets012_keysoftmax_paper_target/prediction_parts/part_015/pseudolabels.jsonl",
        "record_paths": [
          "outputs/data/d2e_full_corpus_shards_accel64/shard_63/target_all_eval.jsonl",
          "outputs/data/d2e_full_corpus_shards_accel64/shard_7/target_all_eval.jsonl",
          "outputs/data/d2e_full_corpus_shards_accel64/shard_8/target_all_eval.jsonl",
          "outputs/data/d2e_full_corpus_shards_accel64/shard_9/target_all_eval.jsonl"
        ],
        "records": 1347971
      }
    ],
    "parts_dir": "outputs/idm_video_stack_d2e_full_luma96_offsets012_keysoftmax_paper_target/prediction_parts",
    "workers": 16
  },
  "prediction_summary_path": "artifacts/idm/g005_idm_video_stack_luma96_offsets012_keysoftmax_prediction_summary.json",
  "predictions_path": "outputs/idm_video_stack_d2e_full_luma96_offsets012_keysoftmax_paper_target/predictions.jsonl",
  "schema": "video_idm_recovery_summary.v1",
  "status": "pass",
  "target_records": 16698646,
  "train_summary_path": "artifacts/idm/idm_video_stack_d2e_full_luma96_offsets012_keysoftmax_paper_target_summary.json"
}
Traceback (most recent call last):
  File "/mnt/ddn/prod-runs/jeonghunpark/code/continuous-gui-poc/fdm-d2e-reproduction/scripts/build_split_statistical_comparisons.py", line 26, in <module>
    raise SystemExit(main())
                     ^^^^^^
  File "/mnt/ddn/prod-runs/jeonghunpark/code/continuous-gui-poc/fdm-d2e-reproduction/scripts/build_split_statistical_comparisons.py", line 20, in main
    payload = write_split_statistical_comparisons(load_config(args.config), root=args.root)
              ^^^^^^^^^^^^^^^^^^^^^^^^^^^^^^^^^^^^^^^^^^^^^^^^^^^^^^^^^^^^^^^^^^^^^^^^^^^^^
  File "/mnt/ddn/prod-runs/jeonghunpark/code/continuous-gui-poc/fdm-d2e-reproduction/src/fdm_d2e/eval/split_statistics.py", line 403, in write_split_statistical_comparisons
    payloads = compare_split_predictions_streaming(
               ^^^^^^^^^^^^^^^^^^^^^^^^^^^^^^^^^^^^
  File "/mnt/ddn/prod-runs/jeonghunpark/code/continuous-gui-poc/fdm-d2e-reproduction/src/fdm_d2e/eval/split_statistics.py", line 311, in compare_split_predictions_streaming
    gt = next(gt_iter)
         ^^^^^^^^^^^^^
  File "/mnt/ddn/prod-runs/jeonghunpark/code/continuous-gui-poc/fdm-d2e-reproduction/src/fdm_d2e/eval/split_statistics.py", line 75, in _iter_jsonl_paths
    with Path(path).open() as handle:
         ^^^^^^^^^^^^^^^^^
  File "/opt/conda/lib/python3.11/pathlib.py", line 1044, in open
    return io.open(self, mode, buffering, encoding, errors, newline)
           ^^^^^^^^^^^^^^^^^^^^^^^^^^^^^^^^^^^^^^^^^^^^^^^^^^^^^^^^^
FileNotFoundError: [Errno 2] No such file or directory: 'outputs/data/d2e_full_corpus_shards_accel64/shard_*/target_all_eval.jsonl'
{
  "audit_error_count": null,
  "audit_status": null,
  "checkpoint_path": "outputs/idm_video_stack_d2e_full_luma96_offsets012_keysoftmax_paper_target/checkpoint.pt",
  "claim_boundary": "Checkpoint recovery rebuilds full-target video IDM predictions and validation artifacts; it does not retrain the checkpoint.",
  "config": "configs/model/idm_video_stack_d2e_full_luma96_offsets012_keysoftmax_paper_target.yaml",
  "exit_code": 1,
  "git_head": "b40e42d6e9719b21854258d3590600f499bf441e",
  "git_status_short": "M artifacts/idm/g005_idm_exactset_history_precomputed_cache_validation.json\n M artifacts/idm/idm_video_stack_d2e_full_luma96_offsets012_keysoftmax_paper_target_summary.json\n?? artifacts/aux/g005_aux_examples_atari_head_probe.json\n?? artifacts/aux/g005_aux_materialization_execute.log\n?? artifacts/aux/g005_aux_materialization_execute_summary.json\n?? artifacts/aux/g005_aux_materialization_watcher.log\n?? artifacts/aux/g005_d2e_aux_train_run.log\n?? artifacts/aux/g005_postrun_watcher.log\n?? artifacts/aux/g005_pre3868187_20260523T044702Z/\n?? artifacts/eval/g002_pvc_action_error_diagnostics_progress.json\n?? artifacts/eval/g002_pvc_action_error_diagnostics_smoke.json\n?? artifacts/eval/g006_gidm_manifest_runner_dry_run.json\n?? artifacts/eval/gidm_manifest_inference_logs/\n?? artifacts/fdm/fdm_bth05_gain_probe_cpu.json\n?? artifacts/fdm/fdm_bth05_gain_probe_cpu.log\n?? artifacts/fdm/fdm_bth05_gain_sweep_h200.json\n?? artifacts/fdm/fdm_bth05_gain_sweep_h200.log\n?? artifacts/fdm/fdm_bth05_pipeline_h200.log\n?? artifacts/fdm/fdm_bth05_regression_h200.log\n?? artifacts/fdm/fdm_knn_shooter64_surface_motion_cpu.log\n?? artifacts/fdm/fdm_knn_shooter64_surface_sweep_h200.log\n?? artifacts/fdm/fdm_regression_gain_probe_cpu.json\n?? artifacts/fdm/fdm_regression_gain_probe_cpu.log\n?? artifacts/fdm/fdm_shooter64_fulltrain_button_sweep_h200.log\n?? artifacts/fdm/fdm_shooter64_recall_beta_sweep_h200.log\n?? artifacts/fdm/fdm_shooter64_surface_motion_fulltrain_h200.log\n?? artifacts/fdm/fdm_shooter64_surface_motion_h200.log\n?? artifacts/fdm/g003_to_g004_chain.log\n?? artifacts/fdm/g003_to_g004_chain_watcher.log\n?? artifacts/fdm/g004_d2e_full_fdm_4xh200.launch.log\n?? artifacts/fdm/g004_d2e_full_fdm_4xh200.log\n?? artifacts/fdm/g004_d2e_full_fdm_4xh200.nohup.log\n?? artifacts/fdm/g004_d2e_full_fdm_4xh200_launcher.log\n?? artifacts/fdm/g004_gpu_idle_restart_backup_20260522T235357Z/\n?? artifacts/fdm/g004_postrun_watcher.log\n?? artifacts/fdm/g004_pull_conflict_backup_20260522T234011Z/\n?? artifacts/fdm/g004_serial_restart_backup_20260522T233926Z/\n?? artifacts/fdm/idm_predict_shooter64_train_from_selected_h200.log\n?? artifacts/idm/g003_accel64_attached_gpu_monitor.log\n?? artifacts/idm/g003_accel64_failed_training_timeout.json\n?? artifacts/idm/g003_accel64_integrated_finalization.log\n?? artifacts/idm/g003_accel64_launch.log\n?? artifacts/idm/g003_accel64_live_health.json\n?? artifacts/idm/g003_accel64_live_health_report.json\n?? artifacts/idm/g003_accel64_parallel_recover_idm_outputs.log\n?? artifacts/idm/g003_accel64_postrun_watcher.log\n?? artifacts/idm/g003_accel64_postrun_watcher_once_probe.json\n?? artifacts/idm/g003_accel64_postrun_watcher_summary.json\n?? artifacts/idm/g003_accel64_progress.json\n?? artifacts/idm/g003_accel64_promotion_backups/\n?? artifacts/idm/g003_accel64_recover_idm_outputs.log\n?? artifacts/idm/g003_accel64_resume_plan.json\n?? artifacts/idm/g003_accel64_shard_29_repair.json\n?? artifacts/idm/g003_accel64_training_resume.log\n?? artifacts/idm/g003_attached_gpu_monitor.log\n?? artifacts/idm/g003_canonical_stop_20260521T171444Z.json\n?? artifacts/idm/g003_d2e_full_idm_4xh200_gpu_monitor_accel64.csv\n?? artifacts/idm/g003_d2e_full_idm_4xh200_gpu_monitor_accel64_attached.json\n?? artifacts/idm/g003_d2e_full_idm_4xh200_gpu_monitor_attached.json\n?? artifacts/idm/g003_d2e_full_idm_run_accel64_isolated.log\n?? artifacts/idm/g003_d2e_full_idm_run_full_compact.log\n?? artifacts/idm/g003_d2e_full_idm_run_full_compact_parallel.json\n?? artifacts/idm/g003_d2e_full_idm_run_full_compact_parallel.log\n?? artifacts/idm/g003_full_idm_progress.json\n?? artifacts/idm/g003_live_health.json\n?? artifacts/idm/g003_postrun_watcher.log\n?? artifacts/idm/g003_postrun_watcher_summary.json\n?? artifacts/idm/g003_restart_20260521T161028Z.json\n?? artifacts/idm/g003_restart_20260521T161637Z.json\n?? artifacts/idm/g005_idm_exactset_history_4xh200_run.json\n?? artifacts/idm/g005_idm_exactset_history_pre_launch_cache_validation.json\n?? artifacts/idm/g005_idm_paper_sum_4xh200.log\n?? artifacts/idm/g005_idm_paper_sum_4xh200_gpu_monitor.csv\n?? artifacts/idm/g005_idm_paper_sum_launcher.log\n?? artifacts/idm/g005_idm_video_pair_raw112_epoch12_closed_target_probe_paper_metrics_progress.json\n?? artifacts/idm/g005_idm_video_pair_raw112_epoch12_recal_fpr05_closed_target_probe_paper_metrics_progress.json\n?? artifacts/idm/g005_idm_video_pair_raw112_epoch12_recal_fpr08_closed_target_probe_paper_metrics_progress.json\n?? artifacts/idm/g005_idm_video_pair_raw112_epoch6_closed_target_probe_paper_metrics_progress.json\n?? artifacts/idm/g005_idm_video_pair_raw112_resume_to12_4xh200.log\n?? artifacts/idm/g005_idm_video_pair_raw112_resume_to6_4xh200.log\n?? artifacts/idm/g005_idm_video_pair_raw112_trainfirst_4xh200.log\n?? artifacts/idm/g005_idm_video_stack_luma96_offsets012_keysoftmax_checkpoint_recovery.log\n?? artifacts/idm/g005_idm_video_stack_luma96_offsets012_keysoftmax_checkpoint_recovery_launcher.log\n?? artifacts/idm/g005_idm_video_stack_luma96_offsets012_keysoftmax_precompute.log\n?? artifacts/idm/g005_idm_video_stack_luma96_offsets012_keysoftmax_precompute_launcher.log\n?? artifacts/idm/g005_idm_video_stack_luma96_offsets012_keysoftmax_precompute_launcher_rerun.log\n?? artifacts/idm/g005_idm_video_stack_luma96_offsets012_keysoftmax_precompute_run.json\n?? artifacts/idm/g005_idm_video_stack_luma96_offsets012_keysoftmax_prediction_summary.json\n?? artifacts/idm/g005_idm_video_stack_luma96_offsets012_keysoftmax_prediction_wandb_sidecar.log\n?? artifacts/idm/g005_idm_video_stack_luma96_offsets012_keysoftmax_prediction_wandb_sidecar_status.json\n?? artifacts/idm/g005_pre_5b53f16_pull_precompute_evidence_backup_20260524T161256Z/\n?? artifacts/idm/g005_pre_b654b6e_pull_conflict_backup_20260524T131152Z/\n?? artifacts/idm/g005_precompute_pause_governor.log\n?? artifacts/idm/g005_video_pair_raw112_cache_precompute.log\n?? artifacts/idm/g005_video_pair_raw112_cache_precompute_bounded.log\n?? artifacts/idm/g005_video_pair_raw112_cache_precompute_restart.log\n?? artifacts/idm/g005_video_pair_raw112_cache_to_prefix_train_watcher.log\n?? artifacts/idm/g4_h200_residual_runs.log\n?? artifacts/idm/g4_h200_richmotion16_run.log\n?? artifacts/idm/g4_h200_richmotion36_run.log\n?? artifacts/idm/g4_h200_richmotion36b_run.log\n?? artifacts/idm/g4_h200_shooter32_run.log\n?? artifacts/idm/idm_streaming_d2e_probe_summary.json\n?? artifacts/idm/idm_torch_apex16_capacity_sweep_h200.log\n?? artifacts/idm/idm_torch_apex16_sweep_h200.log\n?? artifacts/idm/idm_torch_shooter32_axis_softmax_motion_sweep_h200.log\n?? artifacts/idm/idm_torch_shooter32_focal_calibrated_sweep_h200.json\n?? artifacts/idm/idm_torch_shooter32_focal_calibrated_sweep_h200.log\n?? artifacts/idm/idm_torch_shooter32_grid8_group_calibrated_sweep_h200.json\n?? artifacts/idm/idm_torch_shooter32_grid8_group_calibrated_sweep_h200.log\n?? artifacts/idm/idm_torch_shooter32_grid8_time_group_calibrated_sweep_h200.log\n?? artifacts/idm/idm_torch_shooter32_luma_temporal_conv_h256_sweep_h200.log\n?? artifacts/idm/idm_torch_shooter32_luma_temporal_conv_sweep_h200.log\n?? artifacts/idm/idm_torch_shooter32_motion_only_residual_sweep_h200.log\n?? artifacts/idm/idm_torch_shooter32_seq_button_softmax_residual_sweep_h200.log\n?? artifacts/idm/idm_torch_shooter32_seq_button_softmax_sweep_h200.log\n?? artifacts/idm/idm_torch_shooter32_seq_button_softmax_sweep_h200_rerun.json\n?? artifacts/idm/idm_torch_shooter32_seq_button_softmax_sweep_h200_rerun.log\n?? artifacts/idm/idm_torch_shooter32_seq_history_sweep_h200.log\n?? artifacts/idm/idm_torch_shooter32_surface_motion_sweep_h200.log\n?? artifacts/idm/idm_torch_shooter32_sweep_h200.log\n?? artifacts/idm/idm_torch_shooter64_surface_motion_sweep_h200.log\n?? artifacts/idm/idm_video_pair_d2e_full_raw112_keysoftmax_paper_target_summary.json\n?? artifacts/idm/idm_video_pair_d2e_full_raw112_paper_target_summary.json\n?? artifacts/mlxp/g005_exactset_history_b0e1b1_idle_stop.json\n?? artifacts/pod_untracked_backup/\n?? artifacts/sources/d2e_full_corpus_decode_summary_accel64.json\n?? artifacts/sources/d2e_full_corpus_probe_fast_summary.json\n?? artifacts/sources/d2e_full_corpus_probe_summary.json\n?? artifacts/sources/d2e_full_corpus_shard_0.log\n?? artifacts/sources/d2e_full_corpus_shard_1.log\n?? artifacts/sources/d2e_full_corpus_shard_10.log\n?? artifacts/sources/d2e_full_corpus_shard_11.log\n?? artifacts/sources/d2e_full_corpus_shard_12.log\n?? artifacts/sources/d2e_full_corpus_shard_13.log\n?? artifacts/sources/d2e_full_corpus_shard_14.log\n?? artifacts/sources/d2e_full_corpus_shard_15.log\n?? artifacts/sources/d2e_full_corpus_shard_16.log\n?? artifacts/sources/d2e_full_corpus_shard_17.log\n?? artifacts/sources/d2e_full_corpus_shard_18.log\n?? artifacts/sources/d2e_full_corpus_shard_19.log\n?? artifacts/sources/d2e_full_corpus_shard_2.log\n?? artifacts/sources/d2e_full_corpus_shard_20.log\n?? artifacts/sources/d2e_full_corpus_shard_21.log\n?? artifacts/sources/d2e_full_corpus_shard_22.log\n?? artifacts/sources/d2e_full_corpus_shard_23.log\n?? artifacts/sources/d2e_full_corpus_shard_24.log\n?? artifacts/sources/d2e_full_corpus_shard_25.log\n?? artifacts/sources/d2e_full_corpus_shard_26.log\n?? artifacts/sources/d2e_full_corpus_shard_27.log\n?? artifacts/sources/d2e_full_corpus_shard_28.log\n?? artifacts/sources/d2e_full_corpus_shard_29.log\n?? artifacts/sources/d2e_full_corpus_shard_3.log\n?? artifacts/sources/d2e_full_corpus_shard_30.log\n?? artifacts/sources/d2e_full_corpus_shard_31.log\n?? artifacts/sources/d2e_full_corpus_shard_32.log\n?? artifacts/sources/d2e_full_corpus_shard_33.log\n?? artifacts/sources/d2e_full_corpus_shard_34.log\n?? artifacts/sources/d2e_full_corpus_shard_35.log\n?? artifacts/sources/d2e_full_corpus_shard_36.log\n?? artifacts/sources/d2e_full_corpus_shard_37.log\n?? artifacts/sources/d2e_full_corpus_shard_38.log\n?? artifacts/sources/d2e_full_corpus_shard_39.log\n?? artifacts/sources/d2e_full_corpus_shard_4.log\n?? artifacts/sources/d2e_full_corpus_shard_40.log\n?? artifacts/sources/d2e_full_corpus_shard_41.log\n?? artifacts/sources/d2e_full_corpus_shard_42.log\n?? artifacts/sources/d2e_full_corpus_shard_43.log\n?? artifacts/sources/d2e_full_corpus_shard_44.log\n?? artifacts/sources/d2e_full_corpus_shard_45.log\n?? artifacts/sources/d2e_full_corpus_shard_46.log\n?? artifacts/sources/d2e_full_corpus_shard_47.log\n?? artifacts/sources/d2e_full_corpus_shard_48.log\n?? artifacts/sources/d2e_full_corpus_shard_49.log\n?? artifacts/sources/d2e_full_corpus_shard_5.log\n?? artifacts/sources/d2e_full_corpus_shard_50.log\n?? artifacts/sources/d2e_full_corpus_shard_51.log\n?? artifacts/sources/d2e_full_corpus_shard_52.log\n?? artifacts/sources/d2e_full_corpus_shard_53.log\n?? artifacts/sources/d2e_full_corpus_shard_54.log\n?? artifacts/sources/d2e_full_corpus_shard_55.log\n?? artifacts/sources/d2e_full_corpus_shard_56.log\n?? artifacts/sources/d2e_full_corpus_shard_57.log\n?? artifacts/sources/d2e_full_corpus_shard_58.log\n?? artifacts/sources/d2e_full_corpus_shard_59.log\n?? artifacts/sources/d2e_full_corpus_shard_6.log\n?? artifacts/sources/d2e_full_corpus_shard_60.log\n?? artifacts/sources/d2e_full_corpus_shard_61.log\n?? artifacts/sources/d2e_full_corpus_shard_62.log\n?? artifacts/sources/d2e_full_corpus_shard_63.log\n?? artifacts/sources/d2e_full_corpus_shard_7.log\n?? artifacts/sources/d2e_full_corpus_shard_8.log\n?? artifacts/sources/d2e_full_corpus_shard_9.log\n?? artifacts/sources/decode_d2e_shooter64_h200.log\n?? artifacts/sources/g003_accel64/\n?? artifacts/sources/g003_restart_archive_20260521T161028Z/\n?? artifacts/sources/g003_restart_archive_20260521T161637Z/",
  "log_path": "artifacts/idm/g005_idm_video_stack_luma96_offsets012_keysoftmax_checkpoint_recovery.log",
  "log_sha256": "f62b1e054622fc62237749e55f8034c30c8003257af3ca0859fa32480a4173e2",
  "metrics": {
    "failure_count": 16669849,
    "keyboard": {
      "accuracy": 0.012811058105499986,
      "num_examples": 3017081,
      "status": "computed"
    },
    "mouse_button": {
      "accuracy": 0.059433041880012166,
      "exact_true_positive_examples": 45141,
      "f1": 0.044285253896334184,
      "false_negative_examples": 714386,
      "false_positive_examples": 1233979,
      "no_button_examples": 15939119,
      "no_button_false_positive_examples": 1190662,
      "no_button_false_positive_rate": 0.07470061551080709,
      "num_examples": 759527,
      "precision": 0.03529066858465195,
      "predicted_examples": 1279120,
      "recall": 0.059433041880012166,
      "status": "computed"
    },
    "mouse_move": {
      "num_values": 14661338,
      "pearson": 0.01160921716119565,
      "scale_ratio": 90.44694599265104,
      "status": "computed"
    },
    "num_examples": 16698646,
    "schema": "metrics.v1",
    "stage": "fdm_eval"
  },
  "output_dir": "outputs/idm_video_stack_d2e_full_luma96_offsets012_keysoftmax_paper_target",
  "paper_metrics_rows": null,
  "paper_metrics_status": null,
  "paper_target_config": "configs/eval/g005_idm_video_stack_luma96_offsets012_keysoftmax_paper_target.yaml",
  "prediction_cuda_devices": "0,1,2,3",
  "prediction_parts_dir": "outputs/idm_video_stack_d2e_full_luma96_offsets012_keysoftmax_paper_target/prediction_parts",
  "prediction_rows": 16698646,
  "prediction_summary": "artifacts/idm/g005_idm_video_stack_luma96_offsets012_keysoftmax_prediction_summary.json",
  "prediction_summary_exists": true,
  "prediction_workers": 16,
  "schema": "g005_idm_video_stack_luma96_offsets012_keysoftmax_checkpoint_recovery_run.v1",
  "split_stats_status": null,
  "status": "fail",
  "wall_clock_seconds": 3559,
  "wandb_run_id": "94tvlf40",
  "wandb_run_url": "https://wandb.ai/pjh6029-seoul-national-university/fdm-d2e-reproduction/runs/94tvlf40",
  "wandb_sidecar_log_path": "artifacts/idm/g005_idm_video_stack_luma96_offsets012_keysoftmax_prediction_wandb_sidecar.log",
  "wandb_sidecar_status": "running",
  "wandb_sidecar_status_path": "artifacts/idm/g005_idm_video_stack_luma96_offsets012_keysoftmax_prediction_wandb_sidecar_status.json"
}
