{
  "action_loss": 0.9806815931278624,
  "button_event_loss": 0.4289824170821752,
  "calibration_rows": 2000,
  "diagnostic_ground_truth_examples": 50,
  "diagnostic_predicted_examples": 0,
  "exact_button_tp": 0,
  "family_budget_status": "pass",
  "family_budgets": {
    "keyboard": {
      "keyboard_key_accuracy": 0.0,
      "mouse_button_accuracy": 0.0,
      "mouse_button_f1": 0.0,
      "mouse_move_pearson_x": null,
      "mouse_move_pearson_y": null,
      "no_button_false_positive_rate": 0.0,
      "predicted_non_noop_tokens": 331,
      "score": 0.0,
      "threshold": 0.04288056113407947
    },
    "mouse_button": {
      "keyboard_key_accuracy": 0.0,
      "mouse_button_accuracy": 0.015625,
      "mouse_button_f1": 0.03125,
      "mouse_move_pearson_x": null,
      "mouse_move_pearson_y": null,
      "no_button_false_positive_rate": 0.0005159958720330237,
      "predicted_non_noop_tokens": 3,
      "score": 0.02390625,
      "threshold": 0.04855256379698403
    },
    "mouse_move": {
      "keyboard_key_accuracy": 0.0,
      "mouse_button_accuracy": 0.0,
      "mouse_button_f1": 0.0,
      "mouse_move_pearson_x": 0.07115393592327564,
      "mouse_move_pearson_y": 0.0033881234402589203,
      "no_button_false_positive_rate": 0.0,
      "predicted_non_noop_tokens": 686,
      "score": 0.03727102968176728,
      "threshold": 0.665470011478126
    }
  },
  "fit_rows": 78000,
  "key_event_loss": 0.8580903922105447,
  "keyboard_key_accuracy": 0.01042054335690361,
  "keyboard_strict_accuracy": 0.01736745886654479,
  "mouse_button_accuracy": 0.0,
  "mouse_button_f1_strict": 0.0,
  "mouse_move_pearson_x": 0.02968279912722567,
  "mouse_move_pearson_y": null,
  "no_button_fpr": 0.0,
  "retrieval_prior_rows": 78000,
  "retrieval_prior_status": "pass",
  "semantic_overlap": 0,
  "target_rows": 5000,
  "temporal_window": 7,
  "train_loss": 1.839123274416762,
  "train_rows": 80000,
  "video_pretrain_loss": 0.011000622523518709,
  "video_reconstruction_loss": 0.00739930120540353,
  "vocab_size": 148,
  "wall_clock_seconds": 839.5506527423859
}
