Downloading wandb (26.0MiB)
 Downloaded wandb
Installed 20 packages in 122ms
wandb: [wandb.login()] Loaded credentials for https://api.wandb.ai from WANDB_API_KEY.
wandb: Currently logged in as: pjh6029 (pjh6029-seoul-national-university) to https://api.wandb.ai. Use `wandb login --relogin` to force relogin
wandb: setting up run d47njrxw
wandb: Tracking run with wandb version 0.27.0
wandb: Run data is saved locally in outputs/wandb/wandb/run-20260525_084531-d47njrxw
wandb: Run `wandb offline` to turn off syncing.
wandb: Syncing run g005-video-stack-luma96-offsets012-4xh200
wandb: ‚≠źÔłŹ View project at https://wandb.ai/pjh6029-seoul-national-university/fdm-d2e-reproduction
wandb: ūüöÄ View run at https://wandb.ai/pjh6029-seoul-national-university/fdm-d2e-reproduction/runs/d47njrxw
wandb: WARNING Tried to log to step 8 that is less than the current step 19. Steps must be monotonically increasing, so this data will be ignored. See https://wandb.me/define-metric to log data out of order.
wandb: WARNING Tried to log to step 9 that is less than the current step 34. Steps must be monotonically increasing, so this data will be ignored. See https://wandb.me/define-metric to log data out of order.
wandb: WARNING Tried to log to step 10 that is less than the current step 49. Steps must be monotonically increasing, so this data will be ignored. See https://wandb.me/define-metric to log data out of order.
wandb: updating run metadata
wandb: uploading history steps 50-50, summary
wandb: 
wandb: Run history:
wandb:        gpu/0/memory_used_mib ‚ĖĀ‚ĖĀ‚ĖĀ‚ĖĀ‚ĖĀ‚ĖĀ‚ĖĀ‚ĖĀ‚ĖĀ‚ĖĀ‚ĖĀ‚ĖĀ‚ĖĀ‚ĖĀ‚ĖĀ‚ĖĀ‚ĖĀ‚ĖĀ‚ĖĀ‚ĖĀ‚Ėą‚Ėą
wandb:           gpu/0/power_draw_w ‚Ėá‚Ėá‚ĖÜ‚Ėą‚Ėá‚Ėá‚Ėá‚Ėá‚Ėá‚ĖÜ‚Ėá‚Ėá‚Ėá‚Ėá‚Ėą‚Ėá‚ĖÜ‚ĖÜ‚Ėá‚Ėá‚ĖĀ‚ĖĀ
wandb:    gpu/0/utilization_gpu_pct ‚ĖÜ‚ĖÖ‚Ėą‚ĖÜ‚Ėą‚ĖĄ‚ĖÉ‚ĖÜ‚Ėá‚ĖĄ‚ĖÜ‚ĖÜ‚ĖÜ‚ĖÜ‚ĖĄ‚ĖÜ‚ĖÜ‚ĖÜ‚ĖĄ‚ĖÖ‚ĖĀ‚ĖĀ
wandb: gpu/0/utilization_memory_pct ‚Ėą‚ĖÖ‚ĖÖ‚Ėá‚Ėā‚ĖÖ‚ĖÖ‚ĖÖ‚ĖĄ‚ĖÖ‚Ėą‚Ėą‚Ėá‚ĖÖ‚ĖÜ‚Ėá‚ĖÖ‚ĖĄ‚ĖÖ‚Ėá‚ĖĀ‚ĖĀ
wandb:        gpu/1/memory_used_mib ‚Ėą‚Ėą‚Ėą‚Ėą‚Ėą‚Ėą‚Ėą‚Ėą‚Ėą‚Ėą‚Ėą‚Ėą‚Ėą‚Ėą‚Ėą‚Ėą‚Ėą‚Ėą‚Ėą‚Ėą‚Ėą‚Ėą‚Ėą‚Ėą‚Ėą‚Ėą‚Ėą‚Ėą‚Ėą‚Ėą‚Ėą‚Ėą‚Ėą‚Ėą‚ĖĀ‚ĖĀ
wandb:           gpu/1/power_draw_w ‚Ėá‚Ėá‚Ėá‚Ėá‚Ėá‚ĖÜ‚Ėá‚Ėą‚Ėá‚Ėą‚Ėá‚Ėą‚Ėá‚Ėá‚Ėą‚Ėá‚Ėá‚Ėą‚Ėá‚Ėá‚Ėą‚Ėá‚Ėá‚Ėá‚Ėá‚Ėą‚Ėą‚Ėá‚Ėą‚Ėá‚Ėá‚Ėá‚Ėą‚Ėá‚ĖĀ‚ĖĀ
wandb:    gpu/1/utilization_gpu_pct ‚Ėá‚ĖĀ‚ĖÜ‚Ėą‚ĖÜ‚ĖÜ‚ĖÜ‚ĖÜ‚ĖÖ‚ĖÜ‚ĖĄ‚ĖÖ‚Ėā‚ĖÜ‚ĖÜ‚ĖÜ‚ĖĄ‚ĖĄ‚ĖĀ‚ĖĄ‚ĖÖ‚Ėą‚ĖÜ‚Ėą‚ĖÜ‚ĖĄ‚ĖÜ‚ĖÜ‚ĖÖ‚ĖÜ‚Ėą‚ĖÜ‚ĖÜ‚ĖÜ‚ĖĀ‚ĖĀ
wandb: gpu/1/utilization_memory_pct ‚ĖÖ‚ĖĀ‚ĖĄ‚ĖĄ‚Ėā‚ĖĀ‚ĖÖ‚ĖÉ‚ĖÖ‚ĖÖ‚ĖÖ‚ĖÜ‚ĖÉ‚Ėą‚ĖÉ‚ĖÖ‚ĖÖ‚ĖÖ‚ĖĀ‚ĖÖ‚Ėá‚ĖÖ‚ĖÖ‚ĖĄ‚ĖÖ‚ĖÖ‚ĖÜ‚ĖĄ‚ĖÜ‚ĖÖ‚ĖÖ‚ĖÖ‚ĖÜ‚Ėá‚ĖĀ‚ĖĀ
wandb:        gpu/2/memory_used_mib ‚Ėą‚Ėą‚Ėą‚Ėą‚Ėą‚Ėą‚Ėą‚Ėą‚Ėą‚Ėą‚Ėą‚Ėą‚Ėą‚Ėą‚Ėą‚Ėą‚Ėą‚Ėą‚Ėą‚Ėą‚Ėą‚Ėą‚Ėą‚Ėą‚Ėą‚Ėą‚Ėą‚Ėą‚Ėą‚Ėą‚Ėą‚Ėą‚Ėą‚Ėą‚Ėą‚Ėą‚Ėą‚ĖĀ‚ĖĀ
wandb:           gpu/2/power_draw_w ‚Ėá‚ĖÜ‚Ėą‚Ėá‚Ėá‚Ėá‚ĖÜ‚Ėá‚Ėá‚Ėá‚Ėá‚Ėą‚ĖÜ‚Ėá‚Ėą‚Ėá‚Ėá‚Ėá‚Ėá‚Ėá‚Ėá‚Ėá‚Ėá‚Ėą‚Ėá‚Ėá‚Ėá‚Ėá‚Ėą‚Ėą‚Ėá‚Ėá‚ĖÜ‚Ėá‚Ėá‚Ėá‚Ėá‚ĖĀ‚ĖĀ
wandb:                          +29 ...
wandb: 
wandb: Run summary:
wandb:        gpu/0/memory_used_mib 20077
wandb:           gpu/0/power_draw_w 163.71
wandb:    gpu/0/utilization_gpu_pct 0
wandb: gpu/0/utilization_memory_pct 0
wandb:        gpu/1/memory_used_mib 4
wandb:           gpu/1/power_draw_w 75.58
wandb:    gpu/1/utilization_gpu_pct 0
wandb: gpu/1/utilization_memory_pct 0
wandb:        gpu/2/memory_used_mib 4
wandb:           gpu/2/power_draw_w 77.56
wandb:                          +29 ...
wandb: 
wandb: ūüöÄ View run g005-video-stack-luma96-offsets012-4xh200 at: https://wandb.ai/pjh6029-seoul-national-university/fdm-d2e-reproduction/runs/d47njrxw
wandb: ‚≠źÔłŹ View project at: https://wandb.ai/pjh6029-seoul-national-university/fdm-d2e-reproduction
wandb: Synced 5 W&B file(s), 0 media file(s), 0 artifact file(s) and 0 other file(s)
wandb: Find logs at: outputs/wandb/wandb/run-20260525_084531-d47njrxw/logs
