started_at=2026-05-24T10:11:07+00:00
git_head=31ffc65b0c761b733a392ac8ef7b1140f780ec33
source_config=configs/model/idm_video_pair_d2e_full_raw112_paper_target.yaml
target_config=configs/model/idm_video_pair_d2e_full_raw112_keysoftmax_paper_target.yaml
output=artifacts/idm/g005_video_pair_raw112_keysoftmax_train_cache_migration_summary.json
progress_output=artifacts/idm/g005_video_pair_raw112_keysoftmax_train_cache_migration_progress.json
splits=train
{
  "schema": "video_idm_keysoftmax_cache_migration_summary.v1",
  "source_stats_path": "outputs/idm_video_pair_d2e_full_raw112_paper_target/video_idm_stats.json",
  "splits": [
    "train"
  ],
  "status": "pass",
  "target_cache": {
    "bytes": 0,
    "manifest_paths": [],
    "rows": 0
  },
  "target_category_vocab": 2,
  "target_keyboard_classes": 2374,
  "target_stats_path": "outputs/idm_video_pair_d2e_full_raw112_keysoftmax_paper_target/video_idm_stats.json",
  "train_cache": {
    "bytes": 327595466,
    "manifest_paths": [
      "outputs/idm_video_pair_d2e_full_raw112_keysoftmax_paper_target/video_cache/train/train_core-31891f4358c024f15bef.manifest.json",
      "outputs/idm_video_pair_d2e_full_raw112_keysoftmax_paper_target/video_cache/train/train_core-168d3a5362a0cdd3deb0.manifest.json",
      "outputs/idm_video_pair_d2e_full_raw112_keysoftmax_paper_target/video_cache/train/train_core-8aa89b1ce9a0097e1373.manifest.json",
      "outputs/idm_video_pair_d2e_full_raw112_keysoftmax_paper_target/video_cache/train/train_core-00058c19dd778deef53b.manifest.json",
      "outputs/idm_video_pair_d2e_full_raw112_keysoftmax_paper_target/video_cache/train/train_core-dff5d03766d8c7732c65.manifest.json",
      "outputs/idm_video_pair_d2e_full_raw112_keysoftmax_paper_target/video_cache/train/train_core-043f836cc3cc7d924414.manifest.json",
      "outputs/idm_video_pair_d2e_full_raw112_keysoftmax_paper_target/video_cache/train/train_core-926ff0071700798b6a3f.manifest.json",
      "outputs/idm_video_pair_d2e_full_raw112_keysoftmax_paper_target/video_cache/train/train_core-8a18c285625fd13e23df.manifest.json",
      "outputs/idm_video_pair_d2e_full_raw112_keysoftmax_paper_target/video_cache/train/train_core-960d39b249aae32fe228.manifest.json",
      "outputs/idm_video_pair_d2e_full_raw112_keysoftmax_paper_target/video_cache/train/train_core-d72b925d7a2d86b5c4f2.manifest.json",
      "outputs/idm_video_pair_d2e_full_raw112_keysoftmax_paper_target/video_cache/train/train_core-173b2a1ff03398c02128.manifest.json",
      "outputs/idm_video_pair_d2e_full_raw112_keysoftmax_paper_target/video_cache/train/train_core-32365329597b9eccfed7.manifest.json",
      "outputs/idm_video_pair_d2e_full_raw112_keysoftmax_paper_target/video_cache/train/train_core-9378a4dee9002e54f223.manifest.json",
      "outputs/idm_video_pair_d2e_full_raw112_keysoftmax_paper_target/video_cache/train/train_core-cca6382d3f17043fb5a9.manifest.json",
      "outputs/idm_video_pair_d2e_full_raw112_keysoftmax_paper_target/video_cache/train/train_core-d946d3e5d27afb6333ba.manifest.json",
      "outputs/idm_video_pair_d2e_full_raw112_keysoftmax_paper_target/video_cache/train/train_core-fcd823e28dfe00561930.manifest.json",
      "outputs/idm_video_pair_d2e_full_raw112_keysoftmax_paper_target/video_cache/train/train_core-4c4f606551780006255c.manifest.json",
      "outputs/idm_video_pair_d2e_full_raw112_keysoftmax_paper_target/video_cache/train/train_core-a42ae8a38db52e6374c2.manifest.json",
      "outputs/idm_video_pair_d2e_full_raw112_keysoftmax_paper_target/video_cache/train/train_core-c782edc4381efcafb343.manifest.json",
      "outputs/idm_video_pair_d2e_full_raw112_keysoftmax_paper_target/video_cache/train/train_core-690370be7f23bd1e658c.manifest.json",
      "outputs/idm_video_pair_d2e_full_raw112_keysoftmax_paper_target/video_cache/train/train_core-f8f59099325d08983712.manifest.json",
      "outputs/idm_video_pair_d2e_full_raw112_keysoftmax_paper_target/video_cache/train/train_core-3a244001161339f5b520.manifest.json",
      "outputs/idm_video_pair_d2e_full_raw112_keysoftmax_paper_target/video_cache/train/train_core-1f08fa0cf2b3f898c5a8.manifest.json",
      "outputs/idm_video_pair_d2e_full_raw112_keysoftmax_paper_target/video_cache/train/train_core-684b20e4a2174abc831b.manifest.json",
      "outputs/idm_video_pair_d2e_full_raw112_keysoftmax_paper_target/video_cache/train/train_core-2a918b4a82eac1510dc5.manifest.json",
      "outputs/idm_video_pair_d2e_full_raw112_keysoftmax_paper_target/video_cache/train/train_core-b221db700685f6afe826.manifest.json",
      "outputs/idm_video_pair_d2e_full_raw112_keysoftmax_paper_target/video_cache/train/train_core-7fc298303bd3d94d14f1.manifest.json",
      "outputs/idm_video_pair_d2e_full_raw112_keysoftmax_paper_target/video_cache/train/train_core-bb7611357708f8fe09ce.manifest.json",
      "outputs/idm_video_pair_d2e_full_raw112_keysoftmax_paper_target/video_cache/train/train_core-35b20716817ca2d2fa08.manifest.json",
      "outputs/idm_video_pair_d2e_full_raw112_keysoftmax_paper_target/video_cache/train/train_core-208e6b349ee26669b58b.manifest.json",
      "outputs/idm_video_pair_d2e_full_raw112_keysoftmax_paper_target/video_cache/train/train_core-1480abb246040e0e938c.manifest.json",
      "outputs/idm_video_pair_d2e_full_raw112_keysoftmax_paper_target/video_cache/train/train_core-862b454bb3b57c6e6706.manifest.json",
      "outputs/idm_video_pair_d2e_full_raw112_keysoftmax_paper_target/video_cache/train/train_core-677331986749a6458333.manifest.json",
      "outputs/idm_video_pair_d2e_full_raw112_keysoftmax_paper_target/video_cache/train/train_core-8a0b3378f7b92434fb17.manifest.json",
      "outputs/idm_video_pair_d2e_full_raw112_keysoftmax_paper_target/video_cache/train/train_core-4c24a4cca48b7b55a04e.manifest.json",
      "outputs/idm_video_pair_d2e_full_raw112_keysoftmax_paper_target/video_cache/train/train_core-aae42847d5a9e22e707e.manifest.json",
      "outputs/idm_video_pair_d2e_full_raw112_keysoftmax_paper_target/video_cache/train/train_core-7464309caadf9d0d0451.manifest.json",
      "outputs/idm_video_pair_d2e_full_raw112_keysoftmax_paper_target/video_cache/train/train_core-d4f744069481d703b71f.manifest.json",
      "outputs/idm_video_pair_d2e_full_raw112_keysoftmax_paper_target/video_cache/train/train_core-60c17bcbfda66c8c145b.manifest.json",
      "outputs/idm_video_pair_d2e_full_raw112_keysoftmax_paper_target/video_cache/train/train_core-5b75bf685630175f72da.manifest.json",
      "outputs/idm_video_pair_d2e_full_raw112_keysoftmax_paper_target/video_cache/train/train_core-e5a465768925c4c34d40.manifest.json",
      "outputs/idm_video_pair_d2e_full_raw112_keysoftmax_paper_target/video_cache/train/train_core-18855b6561bc2132a80c.manifest.json",
      "outputs/idm_video_pair_d2e_full_raw112_keysoftmax_paper_target/video_cache/train/train_core-0471a59700f0a1608c4d.manifest.json",
      "outputs/idm_video_pair_d2e_full_raw112_keysoftmax_paper_target/video_cache/train/train_core-42defc51d30cb695ce4d.manifest.json",
      "outputs/idm_video_pair_d2e_full_raw112_keysoftmax_paper_target/video_cache/train/train_core-f152c86775b577383289.manifest.json",
      "outputs/idm_video_pair_d2e_full_raw112_keysoftmax_paper_target/video_cache/train/train_core-8e1cbfea74b35df2f61c.manifest.json",
      "outputs/idm_video_pair_d2e_full_raw112_keysoftmax_paper_target/video_cache/train/train_core-39e66c4a6f3338409910.manifest.json",
      "outputs/idm_video_pair_d2e_full_raw112_keysoftmax_paper_target/video_cache/train/train_core-e67f59e8f80a62ea124d.manifest.json",
      "outputs/idm_video_pair_d2e_full_raw112_keysoftmax_paper_target/video_cache/train/train_core-773723d35574ee895d68.manifest.json",
      "outputs/idm_video_pair_d2e_full_raw112_keysoftmax_paper_target/video_cache/train/train_core-33aee46e389c87667d9c.manifest.json",
      "outputs/idm_video_pair_d2e_full_raw112_keysoftmax_paper_target/video_cache/train/train_core-859d2294168140307c35.manifest.json",
      "outputs/idm_video_pair_d2e_full_raw112_keysoftmax_paper_target/video_cache/train/train_core-17b91f581719d4a2bc1e.manifest.json",
      "outputs/idm_video_pair_d2e_full_raw112_keysoftmax_paper_target/video_cache/train/train_core-3ffc6e6090e161e81ccd.manifest.json",
      "outputs/idm_video_pair_d2e_full_raw112_keysoftmax_paper_target/video_cache/train/train_core-959105b769a4321610d2.manifest.json",
      "outputs/idm_video_pair_d2e_full_raw112_keysoftmax_paper_target/video_cache/train/train_core-2f7cb2eb1007f1513efe.manifest.json",
      "outputs/idm_video_pair_d2e_full_raw112_keysoftmax_paper_target/video_cache/train/train_core-02538392962de6cbc838.manifest.json",
      "outputs/idm_video_pair_d2e_full_raw112_keysoftmax_paper_target/video_cache/train/train_core-d4ef5c27c459c2ee1f80.manifest.json",
      "outputs/idm_video_pair_d2e_full_raw112_keysoftmax_paper_target/video_cache/train/train_core-c8cefe15725afe7b8bdc.manifest.json",
      "outputs/idm_video_pair_d2e_full_raw112_keysoftmax_paper_target/video_cache/train/train_core-c701bbe8d5e4080db864.manifest.json",
      "outputs/idm_video_pair_d2e_full_raw112_keysoftmax_paper_target/video_cache/train/train_core-41dfed88458998d97f0f.manifest.json",
      "outputs/idm_video_pair_d2e_full_raw112_keysoftmax_paper_target/video_cache/train/train_core-6524ae21d3fdd97ccb18.manifest.json",
      "outputs/idm_video_pair_d2e_full_raw112_keysoftmax_paper_target/video_cache/train/train_core-efe58b13fc63bcf24b2b.manifest.json",
      "outputs/idm_video_pair_d2e_full_raw112_keysoftmax_paper_target/video_cache/train/train_core-d3178c5c0ea2e331808a.manifest.json",
      "outputs/idm_video_pair_d2e_full_raw112_keysoftmax_paper_target/video_cache/train/train_core-00d1eb5a2fcbf2409603.manifest.json"
    ],
    "rows": 19211006
  }
}
finished_at=2026-05-24T11:31:31+00:00
