{
  "action_loss": 0.9792985123497111,
  "button_event_loss": 0.43202137168248494,
  "calibration_rows": 2000,
  "diagnostic_ground_truth_examples": 50,
  "diagnostic_predicted_examples": 0,
  "exact_button_tp": 0,
  "family_budget_status": "pass",
  "family_budgets": {
    "keyboard": {
      "keyboard_key_accuracy": 0.03466204506065858,
      "mouse_button_accuracy": 0.0,
      "mouse_button_f1": 0.0,
      "mouse_move_pearson_x": null,
      "mouse_move_pearson_y": null,
      "no_button_false_positive_rate": 0.0,
      "predicted_non_noop_tokens": 380,
      "score": 0.04577315617176969,
      "threshold": 0.06697393469512462
    },
    "mouse_button": null,
    "mouse_move": {
      "keyboard_key_accuracy": 0.0,
      "mouse_button_accuracy": 0.0,
      "mouse_button_f1": 0.0,
      "mouse_move_pearson_x": null,
      "mouse_move_pearson_y": null,
      "no_button_false_positive_rate": 0.0,
      "predicted_non_noop_tokens": 0,
      "score": 0.0,
      "threshold": 1.1
    }
  },
  "fit_rows": 78000,
  "key_event_loss": 0.8560434994942102,
  "keyboard_key_accuracy": 0.0,
  "keyboard_strict_accuracy": 0.0,
  "mouse_button_accuracy": 0.0,
  "mouse_button_f1_strict": 0.0,
  "mouse_move_pearson_x": null,
  "mouse_move_pearson_y": null,
  "no_button_fpr": 0.0,
  "semantic_overlap": 0,
  "target_rows": 5000,
  "temporal_window": 7,
  "train_loss": 1.8397418221208204,
  "train_rows": 80000,
  "video_pretrain_loss": 0.011203197251718778,
  "video_reconstruction_loss": 0.007369055169992722,
  "vocab_size": 148,
  "wall_clock_seconds": 803.2176995277405
}
