=== start g005_idm_temporal_masked_diffusion_raw96_patch_axisclass_realvideo_statectx_train320k_stratcal_noadapt_predict24k 2026-05-31T03:18:12+00:00 ===
{
  "metrics_path": "outputs/g005_idm_temporal_masked_diffusion_raw96_patch_axisclass_realvideo_statectx_train320k_stratcal_noadapt_predict24k/paper_metrics.json",
  "status": "pass",
  "summary_path": "artifacts/idm/g005_idm_temporal_masked_diffusion_raw96_patch_axisclass_realvideo_statectx_train320k_stratcal_noadapt_predict24k_summary.json",
  "target_rows": 24000
}
{
  "compact_summary": "artifacts/idm/g005_idm_temporal_masked_diffusion_raw96_patch_axisclass_realvideo_statectx_train320k_stratcal_noadapt_predict24k_compact_summary.json",
  "observed": {
    "keyboard_key_accuracy": 0.5070531400966184,
    "mouse_button_accuracy": 0.6907216494845361,
    "mouse_button_f1": 0.8017777777777778,
    "mouse_move_pearson_x": 0.6235339427480717,
    "mouse_move_pearson_y": 0.6645501092688513,
    "no_button_false_positive_rate": 0.004349123779473841
  },
  "status": "nonterminal_negative_probe"
}
wandb: [wandb.login()] Loaded credentials for https://api.wandb.ai from WANDB_API_KEY.
wandb: Currently logged in as: pjh6029 (pjh6029-seoul-national-university) to https://api.wandb.ai. Use `wandb login --relogin` to force relogin
wandb: setting up run t0xcy3r6
wandb: Tracking run with wandb version 0.27.0
wandb: Run data is saved locally in outputs/wandb/wandb/run-20260531_040736-t0xcy3r6
wandb: Run `wandb offline` to turn off syncing.
wandb: Syncing run g005_idm_temporal_masked_diffusion_raw96_patch_axisclass_realvideo_statectx_train320k_stratcal_noadapt_predict24k
wandb: ⭐️ View project at https://wandb.ai/pjh6029-seoul-national-university/fdm-d2e-reproduction
wandb: 🚀 View run at https://wandb.ai/pjh6029-seoul-national-university/fdm-d2e-reproduction/runs/t0xcy3r6
wandb: updating run metadata; uploading artifact g005_idm_temporal_masked_diffusion_raw96_patch_axisclass_realvideo_statectx_train320k_stratcal_noadapt_predict24k-evidence
wandb: uploading artifact g005_idm_temporal_masked_diffusion_raw96_patch_axisclass_realvideo_statectx_train320k_stratcal_noadapt_predict24k-evidence
wandb: uploading wandb-metadata.json; uploading requirements.txt; uploading wandb-summary.json; uploading config.yaml
wandb: uploading history steps 0-0, summary
wandb:
wandb: Run history:
wandb:                                                                            g005_idm_temporal_masked_diffusion_raw96_patch_axisclass_realvideo_statectx_train320k_stratcal_noadapt_predict24k_summary/calibration_rows ▁
wandb: g005_idm_temporal_masked_diffusion_raw96_patch_axisclass_realvideo_statectx_train320k_stratcal_noadapt_predict24k_summary/candidate_family_diagnostics/calibration/families/keyboard/all_family_candidate_score/count ▁
wandb:   g005_idm_temporal_masked_diffusion_raw96_patch_axisclass_realvideo_statectx_train320k_stratcal_noadapt_predict24k_summary/candidate_family_diagnostics/calibration/families/keyboard/all_family_candidate_score/max ▁
wandb:  g005_idm_temporal_masked_diffusion_raw96_patch_axisclass_realvideo_statectx_train320k_stratcal_noadapt_predict24k_summary/candidate_family_diagnostics/calibration/families/keyboard/all_family_candidate_score/mean ▁
wandb:   g005_idm_temporal_masked_diffusion_raw96_patch_axisclass_realvideo_statectx_train320k_stratcal_noadapt_predict24k_summary/candidate_family_diagnostics/calibration/families/keyboard/all_family_candidate_score/min ▁
wandb:   g005_idm_temporal_masked_diffusion_raw96_patch_axisclass_realvideo_statectx_train320k_stratcal_noadapt_predict24k_summary/candidate_family_diagnostics/calibration/families/keyboard/all_family_candidate_score/p50 ▁
wandb:   g005_idm_temporal_masked_diffusion_raw96_patch_axisclass_realvideo_statectx_train320k_stratcal_noadapt_predict24k_summary/candidate_family_diagnostics/calibration/families/keyboard/all_family_candidate_score/p90 ▁
wandb:   g005_idm_temporal_masked_diffusion_raw96_patch_axisclass_realvideo_statectx_train320k_stratcal_noadapt_predict24k_summary/candidate_family_diagnostics/calibration/families/keyboard/all_family_candidate_score/p99 ▁
wandb:               g005_idm_temporal_masked_diffusion_raw96_patch_axisclass_realvideo_statectx_train320k_stratcal_noadapt_predict24k_summary/candidate_family_diagnostics/calibration/families/keyboard/candidate_row_rate ▁
wandb:       g005_idm_temporal_masked_diffusion_raw96_patch_axisclass_realvideo_statectx_train320k_stratcal_noadapt_predict24k_summary/candidate_family_diagnostics/calibration/families/keyboard/exact_candidate_rank/count ▁
wandb:                                                                                                                                                                                                                  +246 ...
wandb:
wandb: Run summary:
wandb:                                                                            g005_idm_temporal_masked_diffusion_raw96_patch_axisclass_realvideo_statectx_train320k_stratcal_noadapt_predict24k_summary/calibration_rows 2400
wandb: g005_idm_temporal_masked_diffusion_raw96_patch_axisclass_realvideo_statectx_train320k_stratcal_noadapt_predict24k_summary/candidate_family_diagnostics/calibration/families/keyboard/all_family_candidate_score/count 62202
wandb:   g005_idm_temporal_masked_diffusion_raw96_patch_axisclass_realvideo_statectx_train320k_stratcal_noadapt_predict24k_summary/candidate_family_diagnostics/calibration/families/keyboard/all_family_candidate_score/max 0.99922
wandb:  g005_idm_temporal_masked_diffusion_raw96_patch_axisclass_realvideo_statectx_train320k_stratcal_noadapt_predict24k_summary/candidate_family_diagnostics/calibration/families/keyboard/all_family_candidate_score/mean 0.14632
wandb:   g005_idm_temporal_masked_diffusion_raw96_patch_axisclass_realvideo_statectx_train320k_stratcal_noadapt_predict24k_summary/candidate_family_diagnostics/calibration/families/keyboard/all_family_candidate_score/min 3e-05
wandb:   g005_idm_temporal_masked_diffusion_raw96_patch_axisclass_realvideo_statectx_train320k_stratcal_noadapt_predict24k_summary/candidate_family_diagnostics/calibration/families/keyboard/all_family_candidate_score/p50 0.01509
wandb:   g005_idm_temporal_masked_diffusion_raw96_patch_axisclass_realvideo_statectx_train320k_stratcal_noadapt_predict24k_summary/candidate_family_diagnostics/calibration/families/keyboard/all_family_candidate_score/p90 0.64245
wandb:   g005_idm_temporal_masked_diffusion_raw96_patch_axisclass_realvideo_statectx_train320k_stratcal_noadapt_predict24k_summary/candidate_family_diagnostics/calibration/families/keyboard/all_family_candidate_score/p99 0.98646
wandb:               g005_idm_temporal_masked_diffusion_raw96_patch_axisclass_realvideo_statectx_train320k_stratcal_noadapt_predict24k_summary/candidate_family_diagnostics/calibration/families/keyboard/candidate_row_rate 1
wandb:       g005_idm_temporal_masked_diffusion_raw96_patch_axisclass_realvideo_statectx_train320k_stratcal_noadapt_predict24k_summary/candidate_family_diagnostics/calibration/families/keyboard/exact_candidate_rank/count 695
wandb:                                                                                                                                                                                                                  +246 ...
wandb:
wandb: 🚀 View run g005_idm_temporal_masked_diffusion_raw96_patch_axisclass_realvideo_statectx_train320k_stratcal_noadapt_predict24k at: https://wandb.ai/pjh6029-seoul-national-university/fdm-d2e-reproduction/runs/t0xcy3r6
wandb: ⭐️ View project at: https://wandb.ai/pjh6029-seoul-national-university/fdm-d2e-reproduction
wandb: Synced 4 W&B file(s), 0 media file(s), 4 artifact file(s) and 0 other file(s)
wandb: Find logs at: outputs/wandb/wandb/run-20260531_040736-t0xcy3r6/logs
{"status": "complete", "wandb_run_url": "https://wandb.ai/pjh6029-seoul-national-university/fdm-d2e-reproduction/runs/t0xcy3r6"}
=== done g005_idm_temporal_masked_diffusion_raw96_patch_axisclass_realvideo_statectx_train320k_stratcal_noadapt_predict24k code=0 2026-05-31T04:07:44+00:00 ===
=== start g005_idm_temporal_masked_diffusion_raw96_patch_axisclass_realvideo_statectx_train320k_stratcal_adapt_relaxed_predict24k 2026-05-31T04:07:44+00:00 ===
{
  "metrics_path": "outputs/g005_idm_temporal_masked_diffusion_raw96_patch_axisclass_realvideo_statectx_train320k_stratcal_adapt_relaxed_predict24k/paper_metrics.json",
  "status": "pass",
  "summary_path": "artifacts/idm/g005_idm_temporal_masked_diffusion_raw96_patch_axisclass_realvideo_statectx_train320k_stratcal_adapt_relaxed_predict24k_summary.json",
  "target_rows": 24000
}
{
  "compact_summary": "artifacts/idm/g005_idm_temporal_masked_diffusion_raw96_patch_axisclass_realvideo_statectx_train320k_stratcal_adapt_relaxed_predict24k_compact_summary.json",
  "observed": {
    "keyboard_key_accuracy": 0.5070531400966184,
    "mouse_button_accuracy": 0.6118881118881119,
    "mouse_button_f1": 0.743047830923248,
    "mouse_move_pearson_x": 0.6235339427480717,
    "mouse_move_pearson_y": 0.6645501092688513,
    "no_button_false_positive_rate": 0.0
  },
  "status": "nonterminal_negative_probe"
}
wandb: [wandb.login()] Loaded credentials for https://api.wandb.ai from WANDB_API_KEY.
wandb: Currently logged in as: pjh6029 (pjh6029-seoul-national-university) to https://api.wandb.ai. Use `wandb login --relogin` to force relogin
wandb: setting up run ybepdc24
wandb: Tracking run with wandb version 0.27.0
wandb: Run data is saved locally in outputs/wandb/wandb/run-20260531_045826-ybepdc24
wandb: Run `wandb offline` to turn off syncing.
wandb: Syncing run g005_idm_temporal_masked_diffusion_raw96_patch_axisclass_realvideo_statectx_train320k_stratcal_adapt_relaxed_predict24k
wandb: ⭐️ View project at https://wandb.ai/pjh6029-seoul-national-university/fdm-d2e-reproduction
wandb: 🚀 View run at https://wandb.ai/pjh6029-seoul-national-university/fdm-d2e-reproduction/runs/ybepdc24
wandb: updating run metadata; uploading artifact g005_idm_temporal_masked_diffusion_raw96_patch_axisclass_realvideo_statectx_train320k_stratcal_adapt_relaxed_predict24k-evidence
wandb: uploading artifact g005_idm_temporal_masked_diffusion_raw96_patch_axisclass_realvideo_statectx_train320k_stratcal_adapt_relaxed_predict24k-evidence
wandb: uploading wandb-summary.json
wandb: uploading history steps 0-0, summary
wandb:
wandb: Run history:
wandb:                                                                            g005_idm_temporal_masked_diffusion_raw96_patch_axisclass_realvideo_statectx_train320k_stratcal_adapt_relaxed_predict24k_summary/calibration_rows ▁
wandb: g005_idm_temporal_masked_diffusion_raw96_patch_axisclass_realvideo_statectx_train320k_stratcal_adapt_relaxed_predict24k_summary/candidate_family_diagnostics/calibration/families/keyboard/all_family_candidate_score/count ▁
wandb:   g005_idm_temporal_masked_diffusion_raw96_patch_axisclass_realvideo_statectx_train320k_stratcal_adapt_relaxed_predict24k_summary/candidate_family_diagnostics/calibration/families/keyboard/all_family_candidate_score/max ▁
wandb:  g005_idm_temporal_masked_diffusion_raw96_patch_axisclass_realvideo_statectx_train320k_stratcal_adapt_relaxed_predict24k_summary/candidate_family_diagnostics/calibration/families/keyboard/all_family_candidate_score/mean ▁
wandb:   g005_idm_temporal_masked_diffusion_raw96_patch_axisclass_realvideo_statectx_train320k_stratcal_adapt_relaxed_predict24k_summary/candidate_family_diagnostics/calibration/families/keyboard/all_family_candidate_score/min ▁
wandb:   g005_idm_temporal_masked_diffusion_raw96_patch_axisclass_realvideo_statectx_train320k_stratcal_adapt_relaxed_predict24k_summary/candidate_family_diagnostics/calibration/families/keyboard/all_family_candidate_score/p50 ▁
wandb:   g005_idm_temporal_masked_diffusion_raw96_patch_axisclass_realvideo_statectx_train320k_stratcal_adapt_relaxed_predict24k_summary/candidate_family_diagnostics/calibration/families/keyboard/all_family_candidate_score/p90 ▁
wandb:   g005_idm_temporal_masked_diffusion_raw96_patch_axisclass_realvideo_statectx_train320k_stratcal_adapt_relaxed_predict24k_summary/candidate_family_diagnostics/calibration/families/keyboard/all_family_candidate_score/p99 ▁
wandb:               g005_idm_temporal_masked_diffusion_raw96_patch_axisclass_realvideo_statectx_train320k_stratcal_adapt_relaxed_predict24k_summary/candidate_family_diagnostics/calibration/families/keyboard/candidate_row_rate ▁
wandb:       g005_idm_temporal_masked_diffusion_raw96_patch_axisclass_realvideo_statectx_train320k_stratcal_adapt_relaxed_predict24k_summary/candidate_family_diagnostics/calibration/families/keyboard/exact_candidate_rank/count ▁
wandb:                                                                                                                                                                                                                        +246 ...
wandb:
wandb: Run summary:
wandb:                                                                            g005_idm_temporal_masked_diffusion_raw96_patch_axisclass_realvideo_statectx_train320k_stratcal_adapt_relaxed_predict24k_summary/calibration_rows 2400
wandb: g005_idm_temporal_masked_diffusion_raw96_patch_axisclass_realvideo_statectx_train320k_stratcal_adapt_relaxed_predict24k_summary/candidate_family_diagnostics/calibration/families/keyboard/all_family_candidate_score/count 62202
wandb:   g005_idm_temporal_masked_diffusion_raw96_patch_axisclass_realvideo_statectx_train320k_stratcal_adapt_relaxed_predict24k_summary/candidate_family_diagnostics/calibration/families/keyboard/all_family_candidate_score/max 0.99922
wandb:  g005_idm_temporal_masked_diffusion_raw96_patch_axisclass_realvideo_statectx_train320k_stratcal_adapt_relaxed_predict24k_summary/candidate_family_diagnostics/calibration/families/keyboard/all_family_candidate_score/mean 0.14632
wandb:   g005_idm_temporal_masked_diffusion_raw96_patch_axisclass_realvideo_statectx_train320k_stratcal_adapt_relaxed_predict24k_summary/candidate_family_diagnostics/calibration/families/keyboard/all_family_candidate_score/min 3e-05
wandb:   g005_idm_temporal_masked_diffusion_raw96_patch_axisclass_realvideo_statectx_train320k_stratcal_adapt_relaxed_predict24k_summary/candidate_family_diagnostics/calibration/families/keyboard/all_family_candidate_score/p50 0.01509
wandb:   g005_idm_temporal_masked_diffusion_raw96_patch_axisclass_realvideo_statectx_train320k_stratcal_adapt_relaxed_predict24k_summary/candidate_family_diagnostics/calibration/families/keyboard/all_family_candidate_score/p90 0.64245
wandb:   g005_idm_temporal_masked_diffusion_raw96_patch_axisclass_realvideo_statectx_train320k_stratcal_adapt_relaxed_predict24k_summary/candidate_family_diagnostics/calibration/families/keyboard/all_family_candidate_score/p99 0.98646
wandb:               g005_idm_temporal_masked_diffusion_raw96_patch_axisclass_realvideo_statectx_train320k_stratcal_adapt_relaxed_predict24k_summary/candidate_family_diagnostics/calibration/families/keyboard/candidate_row_rate 1
wandb:       g005_idm_temporal_masked_diffusion_raw96_patch_axisclass_realvideo_statectx_train320k_stratcal_adapt_relaxed_predict24k_summary/candidate_family_diagnostics/calibration/families/keyboard/exact_candidate_rank/count 695
wandb:                                                                                                                                                                                                                        +246 ...
wandb:
wandb: 🚀 View run g005_idm_temporal_masked_diffusion_raw96_patch_axisclass_realvideo_statectx_train320k_stratcal_adapt_relaxed_predict24k at: https://wandb.ai/pjh6029-seoul-national-university/fdm-d2e-reproduction/runs/ybepdc24
wandb: ⭐️ View project at: https://wandb.ai/pjh6029-seoul-national-university/fdm-d2e-reproduction
wandb: Synced 4 W&B file(s), 0 media file(s), 4 artifact file(s) and 0 other file(s)
wandb: Find logs at: outputs/wandb/wandb/run-20260531_045826-ybepdc24/logs
{"status": "complete", "wandb_run_url": "https://wandb.ai/pjh6029-seoul-national-university/fdm-d2e-reproduction/runs/ybepdc24"}
=== done g005_idm_temporal_masked_diffusion_raw96_patch_axisclass_realvideo_statectx_train320k_stratcal_adapt_relaxed_predict24k code=0 2026-05-31T04:58:35+00:00 ===
{
  "status": "nonterminal_negative_probe",
  "summary": "artifacts/idm/g005_statectx_train320k_stratcal_sweeps_summary.json",
  "variants": [
    {
      "compact_summary": "artifacts/idm/g005_idm_temporal_masked_diffusion_raw96_patch_axisclass_realvideo_statectx_train320k_stratcal_noadapt_predict24k_compact_summary.json",
      "exit_code": 0,
      "model_slug": "g005_idm_temporal_masked_diffusion_raw96_patch_axisclass_realvideo_statectx_train320k_stratcal_noadapt_predict24k",
      "observed": {
        "keyboard_key_accuracy": 0.5070531400966184,
        "mouse_button_accuracy": 0.6907216494845361,
        "mouse_button_f1": 0.8017777777777778,
        "mouse_move_pearson_x": 0.6235339427480717,
        "mouse_move_pearson_y": 0.6645501092688513,
        "no_button_false_positive_rate": 0.004349123779473841
      },
      "passes": {
        "keyboard_key_accuracy": false,
        "mouse_button_accuracy": false,
        "mouse_button_f1_nonzero": true,
        "mouse_move_pearson_x": false,
        "mouse_move_pearson_y": false,
        "no_button_false_positive_rate": true
      },
      "status": "nonterminal_negative_probe"
    },
    {
      "compact_summary": "artifacts/idm/g005_idm_temporal_masked_diffusion_raw96_patch_axisclass_realvideo_statectx_train320k_stratcal_adapt_relaxed_predict24k_compact_summary.json",
      "exit_code": 0,
      "model_slug": "g005_idm_temporal_masked_diffusion_raw96_patch_axisclass_realvideo_statectx_train320k_stratcal_adapt_relaxed_predict24k",
      "observed": {
        "keyboard_key_accuracy": 0.5070531400966184,
        "mouse_button_accuracy": 0.6118881118881119,
        "mouse_button_f1": 0.743047830923248,
        "mouse_move_pearson_x": 0.6235339427480717,
        "mouse_move_pearson_y": 0.6645501092688513,
        "no_button_false_positive_rate": 0.0
      },
      "passes": {
        "keyboard_key_accuracy": false,
        "mouse_button_accuracy": false,
        "mouse_button_f1_nonzero": true,
        "mouse_move_pearson_x": false,
        "mouse_move_pearson_y": false,
        "no_button_false_positive_rate": true
      },
      "status": "nonterminal_negative_probe"
    }
  ]
}
