wandb: [wandb.login()] Loaded W&B credentials from redacted environment source.
wandb: Currently logged in as: pjh6029 (pjh6029-seoul-national-university) to https://api.wandb.ai. Use `wandb login --relogin` to force relogin
wandb: setting up run gonwgb2z
wandb: Tracking run with wandb version 0.27.0
wandb: Run data is saved locally in outputs/wandb/wandb/run-20260529_044049-gonwgb2z
wandb: Run `wandb offline` to turn off syncing.
wandb: Syncing run g005_idm_temporal_masked_diffusion_raw96_patch_rankaux_prefix80k
wandb: ⭐️ View project at https://wandb.ai/pjh6029-seoul-national-university/fdm-d2e-reproduction
wandb: 🚀 View run at https://wandb.ai/pjh6029-seoul-national-university/fdm-d2e-reproduction/runs/gonwgb2z
wandb: updating run metadata; uploading summary
wandb: uploading wandb-metadata.json; uploading requirements.txt; uploading wandb-summary.json
wandb: uploading history steps 0-0, summary
wandb: 
wandb: Run history:
wandb:        gpu/0/memory_used_mib ▁
wandb:           gpu/0/power_draw_w ▁
wandb:    gpu/0/utilization_gpu_pct ▁
wandb: gpu/0/utilization_memory_pct ▁
wandb:                 sidecar/loop ▁
wandb:                 sidecar/time ▁
wandb: 
wandb: Run summary:
wandb:        gpu/0/memory_used_mib 0
wandb:           gpu/0/power_draw_w 76.47
wandb:    gpu/0/utilization_gpu_pct 0
wandb: gpu/0/utilization_memory_pct 0
wandb:                 sidecar/loop 1
wandb:                 sidecar/time 1780029650.96891
wandb: 
wandb: 🚀 View run g005_idm_temporal_masked_diffusion_raw96_patch_rankaux_prefix80k at: https://wandb.ai/pjh6029-seoul-national-university/fdm-d2e-reproduction/runs/gonwgb2z
wandb: ⭐️ View project at: https://wandb.ai/pjh6029-seoul-national-university/fdm-d2e-reproduction
wandb: Synced 4 W&B file(s), 0 media file(s), 0 artifact file(s) and 0 other file(s)
wandb: Find logs at: outputs/wandb/wandb/run-20260529_044049-gonwgb2z/logs
