wandb: [wandb.login()] Loaded credentials for https://api.wandb.ai from WANDB_API_KEY.
wandb: Currently logged in as: pjh6029 (pjh6029-seoul-national-university) to https://api.wandb.ai. Use `wandb login --relogin` to force relogin
wandb: setting up run 94tvlf40
wandb: Tracking run with wandb version 0.27.0
wandb: Run data is saved locally in outputs/wandb/wandb/run-20260525_151922-94tvlf40
wandb: Run `wandb offline` to turn off syncing.
wandb: Syncing run g005-video-stack-luma96-target-prediction
wandb: ⭐️ View project at https://wandb.ai/pjh6029-seoul-national-university/fdm-d2e-reproduction
wandb: 🚀 View run at https://wandb.ai/pjh6029-seoul-national-university/fdm-d2e-reproduction/runs/94tvlf40
wandb: updating run metadata
wandb: uploading wandb-summary.json; uploading config.yaml
wandb: uploading history steps 60-60, summary
wandb: 
wandb: Run history:
wandb:  prediction/canonical_prediction_bytes ▁▁▁▁▁▁▁▁▁▁▁▁▁▁▁▁▁▁▁▁▁▁▁▁▁▁▁▁▁▁▁▁▁▁▁▁▁▁▁█
wandb: prediction/canonical_pseudolabel_bytes ▁▁▁▁▁▁▁▁▁▁▁▁▁▁▁▁▁▁▁▁▁▁▁▁▁▁▁▁▁▁▁▁▁▁▁▁▁▁▁█
wandb:       prediction/part_prediction_bytes ▁▁▁▂▂▂▃▃▃▃▄▄▄▄▄▅▅▅▅▅▆▇▇▇▇▇██████████████
wandb:       prediction/part_prediction_count ▁███████████████████████████████████████
wandb:      prediction/part_pseudolabel_bytes ▁▁▁▂▂▃▃▃▃▃▄▄▄▄▅▅▅▅▆▆▇▇▇▇▇▇██████████████
wandb:      prediction/part_pseudolabel_count ▁▁▁▁▁▁▁▁▁▁▁▁▁▁▁▁▁▁▁▁▁▁▁▁▁▁▁▁▁▁▁▁▁▁▁▁▁▁▁▁
wandb:              prediction/target_records ▁
wandb:                           sidecar/loop ▁▁▁▁▁▂▂▂▂▂▃▃▃▃▃▃▄▄▄▄▅▅▅▅▅▅▆▆▆▆▆▆▇▇▇▇████
wandb:                           sidecar/time ▁▁▁▁▁▂▂▂▂▃▃▃▃▃▃▃▄▄▄▄▅▅▅▅▅▅▅▆▆▆▆▇▇▇▇▇▇▇██
wandb: 
wandb: Run summary:
wandb:  prediction/canonical_prediction_bytes 5676148984
wandb: prediction/canonical_pseudolabel_bytes 9747172104
wandb:       prediction/part_prediction_bytes 5676148984
wandb:       prediction/part_prediction_count 16
wandb:      prediction/part_pseudolabel_bytes 9747172104
wandb:      prediction/part_pseudolabel_count 16
wandb:             prediction/process_running False
wandb:     prediction/recovery_summary_exists True
wandb:              prediction/summary_exists True
wandb:              prediction/target_records 16698646
wandb:                                     +2 ...
wandb: 
wandb: 🚀 View run g005-video-stack-luma96-target-prediction at: https://wandb.ai/pjh6029-seoul-national-university/fdm-d2e-reproduction/runs/94tvlf40
wandb: ⭐️ View project at: https://wandb.ai/pjh6029-seoul-national-university/fdm-d2e-reproduction
wandb: Synced 4 W&B file(s), 0 media file(s), 0 artifact file(s) and 0 other file(s)
wandb: Find logs at: outputs/wandb/wandb/run-20260525_151922-94tvlf40/logs
