Using CPython 3.11.11 interpreter at: /opt/conda/bin/python3
Creating virtual environment at: .venv
   Building fdm-d2e @ file:///mnt/ddn/prod-runs/jeonghunpark/code/continuous-gui-poc/fdm-d2e-reproduction-code-deb1ec0
      Built fdm-d2e @ file:///mnt/ddn/prod-runs/jeonghunpark/code/continuous-gui-poc/fdm-d2e-reproduction-code-deb1ec0
warning: Failed to hardlink files; falling back to full copy. This may lead to degraded performance.
         If the cache and target directories are on different filesystems, hardlinking may not be supported.
         If this is intentional, set `export UV_LINK_MODE=copy` or use `--link-mode=copy` to suppress this warning.
Installed 78 packages in 1m 09s
{
  "status": "pass",
  "rows": 320000,
  "output": "outputs/data/d2e_event_state_duration_hierarchical_prefix320k/train_core.jsonl",
  "output_order": {
    "rows": 320000,
    "recordings": 14,
    "per_recording_timestamp_violations": 0,
    "violation_examples": [],
    "top_recordings": [
      [
        "d2e_480p:Euro_Truck_Simulator_2/recording_20250820_175200_Euro_Truck_Simulator_2_8073a659",
        79175
      ],
      [
        "d2e_480p:Stardew_Valley/recording_20250906_030419__1581832a_split_01",
        38594
      ],
      [
        "d2e_original:Raft/recording_20250908_182315__502c6112_split_00",
        31657
      ],
      [
        "d2e_480p:Brotato/recording_20250905_170110__ae176151",
        28021
      ],
      [
        "d2e_480p:Brotato/recording_20250904_132203__7d3a59fe",
        25873
      ],
      [
        "d2e_480p:Dinkum/recording_20250914_125445__248fe9a9",
        23746
      ],
      [
        "d2e_480p:Apex_Legends/0805_01",
        23420
      ],
      [
        "d2e_original:Cyberpunk_2077/recording_20250904_030624__aba299b7_split_01",
        20199
      ],
      [
        "d2e_original:Grounded/recording_20250911_093608__b2bb0680_split_00",
        11115
      ],
      [
        "d2e_original:Stardew_Valley/recording_20250829_021459__767e344b",
        10302
      ]
    ],
    "split_tag_counts": {}
  }
}
{
  "status": "pass",
  "rows": 320000,
  "output": "outputs/data/d2e_event_state_duration_hierarchical_prefix320k/target_all_eval.jsonl",
  "output_order": {
    "rows": 320000,
    "recordings": 22,
    "per_recording_timestamp_violations": 0,
    "violation_examples": [],
    "top_recordings": [
      [
        "d2e_480p:Rainbow_Six/recording_20250815_223000_Rainbow_Six_4c4e6223",
        115168
      ],
      [
        "d2e_480p:Euro_Truck_Simulator_2/recording_20250820_175200_Euro_Truck_Simulator_2_8073a659",
        53570
      ],
      [
        "d2e_480p:Apex_Legends/0805_02",
        25942
      ],
      [
        "d2e_original:Battlefield_6_Open_Beta/battlefield6beta_20250817_2236_7",
        20592
      ],
      [
        "d2e_480p:Rainbow_Six/recording_20250815_223547_Rainbow_Six_d7e2f885",
        15738
      ],
      [
        "d2e_original:Eternal_Return/0826_01",
        13789
      ],
      [
        "d2e_480p:Stardew_Valley/recording_20250906_030419__1581832a_split_01",
        9649
      ],
      [
        "d2e_original:Monster_Hunter_Wilds/recording_20250831_142517__e47dac8b_split_10",
        8701
      ],
      [
        "d2e_original:Raft/recording_20250908_182315__502c6112_split_00",
        7914
      ],
      [
        "d2e_480p:Brotato/recording_20250905_170110__ae176151",
        7005
      ]
    ],
    "split_tag_counts": {
      "heldout_game": 144695,
      "heldout_recording": 85542,
      "temporal": 156284
    }
  }
}
[W527 20:45:23.854506479 socket.cpp:764] [c10d] The client socket cannot be initialized to connect to [localhost]:43897 (errno: 97 - Address family not supported by protocol).
[W527 20:45:23.858604327 socket.cpp:764] [c10d] The client socket cannot be initialized to connect to [::ffff:127.0.0.1]:43897 (errno: 97 - Address family not supported by protocol).
[W527 20:45:23.862354303 socket.cpp:764] [c10d] The client socket cannot be initialized to connect to [::ffff:127.0.0.1]:43897 (errno: 97 - Address family not supported by protocol).
[W527 20:45:23.103444968 socket.cpp:764] [c10d] The client socket cannot be initialized to connect to [::ffff:198.18.84.31]:38701 (errno: 97 - Address family not supported by protocol).
trained streaming IDM: model=streaming_idm_d2e_full_event_state_duration_hierarchical_prefix320k device=cuda train=320000 target=320000 metrics=outputs/idm_streaming_d2e_full_event_state_duration_hierarchical_prefix320k/metrics.json
g005 paper metrics: status=pass rows=320000 output=artifacts/idm/g005_idm_event_state_duration_hierarchical_prefix320k_paper_metrics.json
