{
  "metrics_path": "outputs/g005_idm_temporal_masked_diffusion_raw96_patch_axisclass_realvideo_statectx_train320k_keyrerank_blend025_predict24k/paper_metrics.json",
  "status": "pass",
  "summary_path": "artifacts/idm/g005_idm_temporal_masked_diffusion_raw96_patch_axisclass_realvideo_statectx_train320k_keyrerank_blend025_predict24k_summary.json",
  "target_rows": 24000
}
{
  "compact_summary": "artifacts/idm/g005_idm_temporal_masked_diffusion_raw96_patch_axisclass_realvideo_statectx_train320k_keyrerank_blend025_predict24k_compact_summary.json",
  "observed": {
    "keyboard_key_accuracy": 0.39575766380938543,
    "mouse_button_accuracy": 0.6907216494845361,
    "mouse_button_f1": 0.8017777777777778,
    "mouse_move_pearson_x": 0.6235339427480717,
    "mouse_move_pearson_y": 0.6645501092688513,
    "no_button_false_positive_rate": 0.004349123779473841
  },
  "status": "nonterminal_negative_probe"
}
wandb: [wandb.login()] Loaded credentials for https://api.wandb.ai from WANDB_API_KEY.
wandb: Currently logged in as: pjh6029 (pjh6029-seoul-national-university) to https://api.wandb.ai. Use `wandb login --relogin` to force relogin
wandb: setting up run jgaqr6l7
wandb: Tracking run with wandb version 0.27.0
wandb: Run data is saved locally in outputs/wandb/wandb/run-20260531_093559-jgaqr6l7
wandb: Run `wandb offline` to turn off syncing.
wandb: Syncing run g005_idm_temporal_masked_diffusion_raw96_patch_axisclass_realvideo_statectx_train320k_keyrerank_blend025_predict24k
wandb: ⭐️ View project at https://wandb.ai/pjh6029-seoul-national-university/fdm-d2e-reproduction
wandb: 🚀 View run at https://wandb.ai/pjh6029-seoul-national-university/fdm-d2e-reproduction/runs/jgaqr6l7
wandb: updating run metadata; uploading artifact g005_idm_temporal_masked_diffusion_raw96_patch_axisclass_realvideo_statectx_train320k_keyrerank_blend025_predict24k-evidence
wandb: uploading artifact g005_idm_temporal_masked_diffusion_raw96_patch_axisclass_realvideo_statectx_train320k_keyrerank_blend025_predict24k-evidence
wandb: uploading wandb-summary.json
wandb: uploading history steps 0-0, summary
wandb: 
wandb: Run history:
wandb:                                                                            g005_idm_temporal_masked_diffusion_raw96_patch_axisclass_realvideo_statectx_train320k_keyrerank_blend025_predict24k_summary/calibration_rows ▁
wandb: g005_idm_temporal_masked_diffusion_raw96_patch_axisclass_realvideo_statectx_train320k_keyrerank_blend025_predict24k_summary/candidate_family_diagnostics/calibration/families/keyboard/all_family_candidate_score/count ▁
wandb:   g005_idm_temporal_masked_diffusion_raw96_patch_axisclass_realvideo_statectx_train320k_keyrerank_blend025_predict24k_summary/candidate_family_diagnostics/calibration/families/keyboard/all_family_candidate_score/max ▁
wandb:  g005_idm_temporal_masked_diffusion_raw96_patch_axisclass_realvideo_statectx_train320k_keyrerank_blend025_predict24k_summary/candidate_family_diagnostics/calibration/families/keyboard/all_family_candidate_score/mean ▁
wandb:   g005_idm_temporal_masked_diffusion_raw96_patch_axisclass_realvideo_statectx_train320k_keyrerank_blend025_predict24k_summary/candidate_family_diagnostics/calibration/families/keyboard/all_family_candidate_score/min ▁
wandb:   g005_idm_temporal_masked_diffusion_raw96_patch_axisclass_realvideo_statectx_train320k_keyrerank_blend025_predict24k_summary/candidate_family_diagnostics/calibration/families/keyboard/all_family_candidate_score/p50 ▁
wandb:   g005_idm_temporal_masked_diffusion_raw96_patch_axisclass_realvideo_statectx_train320k_keyrerank_blend025_predict24k_summary/candidate_family_diagnostics/calibration/families/keyboard/all_family_candidate_score/p90 ▁
wandb:   g005_idm_temporal_masked_diffusion_raw96_patch_axisclass_realvideo_statectx_train320k_keyrerank_blend025_predict24k_summary/candidate_family_diagnostics/calibration/families/keyboard/all_family_candidate_score/p99 ▁
wandb:               g005_idm_temporal_masked_diffusion_raw96_patch_axisclass_realvideo_statectx_train320k_keyrerank_blend025_predict24k_summary/candidate_family_diagnostics/calibration/families/keyboard/candidate_row_rate ▁
wandb:       g005_idm_temporal_masked_diffusion_raw96_patch_axisclass_realvideo_statectx_train320k_keyrerank_blend025_predict24k_summary/candidate_family_diagnostics/calibration/families/keyboard/exact_candidate_rank/count ▁
wandb:                                                                                                                                                                                                                    +246 ...
wandb: 
wandb: Run summary:
wandb:                                                                            g005_idm_temporal_masked_diffusion_raw96_patch_axisclass_realvideo_statectx_train320k_keyrerank_blend025_predict24k_summary/calibration_rows 2400
wandb: g005_idm_temporal_masked_diffusion_raw96_patch_axisclass_realvideo_statectx_train320k_keyrerank_blend025_predict24k_summary/candidate_family_diagnostics/calibration/families/keyboard/all_family_candidate_score/count 62202
wandb:   g005_idm_temporal_masked_diffusion_raw96_patch_axisclass_realvideo_statectx_train320k_keyrerank_blend025_predict24k_summary/candidate_family_diagnostics/calibration/families/keyboard/all_family_candidate_score/max 0.99804
wandb:  g005_idm_temporal_masked_diffusion_raw96_patch_axisclass_realvideo_statectx_train320k_keyrerank_blend025_predict24k_summary/candidate_family_diagnostics/calibration/families/keyboard/all_family_candidate_score/mean 0.18642
wandb:   g005_idm_temporal_masked_diffusion_raw96_patch_axisclass_realvideo_statectx_train320k_keyrerank_blend025_predict24k_summary/candidate_family_diagnostics/calibration/families/keyboard/all_family_candidate_score/min 0.00754
wandb:   g005_idm_temporal_masked_diffusion_raw96_patch_axisclass_realvideo_statectx_train320k_keyrerank_blend025_predict24k_summary/candidate_family_diagnostics/calibration/families/keyboard/all_family_candidate_score/p50 0.09074
wandb:   g005_idm_temporal_masked_diffusion_raw96_patch_axisclass_realvideo_statectx_train320k_keyrerank_blend025_predict24k_summary/candidate_family_diagnostics/calibration/families/keyboard/all_family_candidate_score/p90 0.54866
wandb:   g005_idm_temporal_masked_diffusion_raw96_patch_axisclass_realvideo_statectx_train320k_keyrerank_blend025_predict24k_summary/candidate_family_diagnostics/calibration/families/keyboard/all_family_candidate_score/p99 0.96974
wandb:               g005_idm_temporal_masked_diffusion_raw96_patch_axisclass_realvideo_statectx_train320k_keyrerank_blend025_predict24k_summary/candidate_family_diagnostics/calibration/families/keyboard/candidate_row_rate 1
wandb:       g005_idm_temporal_masked_diffusion_raw96_patch_axisclass_realvideo_statectx_train320k_keyrerank_blend025_predict24k_summary/candidate_family_diagnostics/calibration/families/keyboard/exact_candidate_rank/count 695
wandb:                                                                                                                                                                                                                    +246 ...
wandb: 
wandb: 🚀 View run g005_idm_temporal_masked_diffusion_raw96_patch_axisclass_realvideo_statectx_train320k_keyrerank_blend025_predict24k at: https://wandb.ai/pjh6029-seoul-national-university/fdm-d2e-reproduction/runs/jgaqr6l7
wandb: ⭐️ View project at: https://wandb.ai/pjh6029-seoul-national-university/fdm-d2e-reproduction
wandb: Synced 4 W&B file(s), 0 media file(s), 4 artifact file(s) and 0 other file(s)
wandb: Find logs at: outputs/wandb/wandb/run-20260531_093559-jgaqr6l7/logs
{"status": "complete", "wandb_run_url": "https://wandb.ai/pjh6029-seoul-national-university/fdm-d2e-reproduction/runs/jgaqr6l7"}
