{
  "metrics_path": "outputs/idm_temporal_masked_diffusion_d2e_raw96_patch_axisclass_realvideo_statectx_reranker_predict24k/paper_metrics.json",
  "status": "pass",
  "summary_path": "artifacts/idm/g005_idm_temporal_masked_diffusion_raw96_patch_axisclass_realvideo_statectx_reranker_predict24k_summary.json",
  "target_rows": 24000
}
{
  "compact_summary": "artifacts/idm/g005_idm_temporal_masked_diffusion_raw96_patch_axisclass_realvideo_statectx_reranker_predict24k_compact_summary.json",
  "observed": {
    "keyboard_key_accuracy": 0.15436645122501128,
    "mouse_button_accuracy": 0.011824324324324325,
    "mouse_button_f1": 0.024305555555555556,
    "mouse_move_pearson_x": 0.11381185505448885,
    "mouse_move_pearson_y": -0.04320073824203138,
    "no_button_false_positive_rate": 0.0007248539632456402
  },
  "status": "nonterminal_negative_probe"
}
wandb: [wandb.login()] Loaded credentials for https://api.wandb.ai from WANDB_API_KEY.
wandb: Currently logged in as: pjh6029 (pjh6029-seoul-national-university) to https://api.wandb.ai. Use `wandb login --relogin` to force relogin
wandb: setting up run i6oijrgf
wandb: Tracking run with wandb version 0.27.0
wandb: Run data is saved locally in outputs/wandb/wandb/run-20260531_014456-i6oijrgf
wandb: Run `wandb offline` to turn off syncing.
wandb: Syncing run g005_idm_temporal_masked_diffusion_raw96_patch_axisclass_realvideo_statectx_reranker_predict24k
wandb: ⭐️ View project at https://wandb.ai/pjh6029-seoul-national-university/fdm-d2e-reproduction
wandb: 🚀 View run at https://wandb.ai/pjh6029-seoul-national-university/fdm-d2e-reproduction/runs/i6oijrgf
wandb: updating run metadata; uploading artifact g005_idm_temporal_masked_diffusion_raw96_patch_axisclass_realvideo_statectx_reranker_predict24k-evidence
wandb: uploading artifact g005_idm_temporal_masked_diffusion_raw96_patch_axisclass_realvideo_statectx_reranker_predict24k-evidence
wandb: uploading history steps 0-0, summary
wandb: 
wandb: Run history:
wandb:                                                                            g005_idm_temporal_masked_diffusion_raw96_patch_axisclass_realvideo_statectx_reranker_predict24k_summary/calibration_rows ▁
wandb: g005_idm_temporal_masked_diffusion_raw96_patch_axisclass_realvideo_statectx_reranker_predict24k_summary/candidate_family_diagnostics/calibration/families/keyboard/all_family_candidate_score/count ▁
wandb:   g005_idm_temporal_masked_diffusion_raw96_patch_axisclass_realvideo_statectx_reranker_predict24k_summary/candidate_family_diagnostics/calibration/families/keyboard/all_family_candidate_score/max ▁
wandb:  g005_idm_temporal_masked_diffusion_raw96_patch_axisclass_realvideo_statectx_reranker_predict24k_summary/candidate_family_diagnostics/calibration/families/keyboard/all_family_candidate_score/mean ▁
wandb:   g005_idm_temporal_masked_diffusion_raw96_patch_axisclass_realvideo_statectx_reranker_predict24k_summary/candidate_family_diagnostics/calibration/families/keyboard/all_family_candidate_score/min ▁
wandb:   g005_idm_temporal_masked_diffusion_raw96_patch_axisclass_realvideo_statectx_reranker_predict24k_summary/candidate_family_diagnostics/calibration/families/keyboard/all_family_candidate_score/p50 ▁
wandb:   g005_idm_temporal_masked_diffusion_raw96_patch_axisclass_realvideo_statectx_reranker_predict24k_summary/candidate_family_diagnostics/calibration/families/keyboard/all_family_candidate_score/p90 ▁
wandb:   g005_idm_temporal_masked_diffusion_raw96_patch_axisclass_realvideo_statectx_reranker_predict24k_summary/candidate_family_diagnostics/calibration/families/keyboard/all_family_candidate_score/p99 ▁
wandb:               g005_idm_temporal_masked_diffusion_raw96_patch_axisclass_realvideo_statectx_reranker_predict24k_summary/candidate_family_diagnostics/calibration/families/keyboard/candidate_row_rate ▁
wandb:       g005_idm_temporal_masked_diffusion_raw96_patch_axisclass_realvideo_statectx_reranker_predict24k_summary/candidate_family_diagnostics/calibration/families/keyboard/exact_candidate_rank/count ▁
wandb:                                                                                                                                                                                                +246 ...
wandb: 
wandb: Run summary:
wandb:                                                                            g005_idm_temporal_masked_diffusion_raw96_patch_axisclass_realvideo_statectx_reranker_predict24k_summary/calibration_rows 800
wandb: g005_idm_temporal_masked_diffusion_raw96_patch_axisclass_realvideo_statectx_reranker_predict24k_summary/candidate_family_diagnostics/calibration/families/keyboard/all_family_candidate_score/count 111831
wandb:   g005_idm_temporal_masked_diffusion_raw96_patch_axisclass_realvideo_statectx_reranker_predict24k_summary/candidate_family_diagnostics/calibration/families/keyboard/all_family_candidate_score/max 0.99359
wandb:  g005_idm_temporal_masked_diffusion_raw96_patch_axisclass_realvideo_statectx_reranker_predict24k_summary/candidate_family_diagnostics/calibration/families/keyboard/all_family_candidate_score/mean 0.43957
wandb:   g005_idm_temporal_masked_diffusion_raw96_patch_axisclass_realvideo_statectx_reranker_predict24k_summary/candidate_family_diagnostics/calibration/families/keyboard/all_family_candidate_score/min 0.15747
wandb:   g005_idm_temporal_masked_diffusion_raw96_patch_axisclass_realvideo_statectx_reranker_predict24k_summary/candidate_family_diagnostics/calibration/families/keyboard/all_family_candidate_score/p50 0.43469
wandb:   g005_idm_temporal_masked_diffusion_raw96_patch_axisclass_realvideo_statectx_reranker_predict24k_summary/candidate_family_diagnostics/calibration/families/keyboard/all_family_candidate_score/p90 0.60538
wandb:   g005_idm_temporal_masked_diffusion_raw96_patch_axisclass_realvideo_statectx_reranker_predict24k_summary/candidate_family_diagnostics/calibration/families/keyboard/all_family_candidate_score/p99 0.94357
wandb:               g005_idm_temporal_masked_diffusion_raw96_patch_axisclass_realvideo_statectx_reranker_predict24k_summary/candidate_family_diagnostics/calibration/families/keyboard/candidate_row_rate 1
wandb:       g005_idm_temporal_masked_diffusion_raw96_patch_axisclass_realvideo_statectx_reranker_predict24k_summary/candidate_family_diagnostics/calibration/families/keyboard/exact_candidate_rank/count 562
wandb:                                                                                                                                                                                                +246 ...
wandb: 
wandb: 🚀 View run g005_idm_temporal_masked_diffusion_raw96_patch_axisclass_realvideo_statectx_reranker_predict24k at: https://wandb.ai/pjh6029-seoul-national-university/fdm-d2e-reproduction/runs/i6oijrgf
wandb: ⭐️ View project at: https://wandb.ai/pjh6029-seoul-national-university/fdm-d2e-reproduction
wandb: Synced 4 W&B file(s), 0 media file(s), 4 artifact file(s) and 0 other file(s)
wandb: Find logs at: outputs/wandb/wandb/run-20260531_014456-i6oijrgf/logs
{"status": "complete", "wandb_run_url": "https://wandb.ai/pjh6029-seoul-national-university/fdm-d2e-reproduction/runs/i6oijrgf"}
