started_at=2026-05-24T11:39:05+00:00
git_head=31ffc65b0c761b733a392ac8ef7b1140f780ec33
source_config=configs/model/idm_video_pair_d2e_full_raw112_paper_target.yaml
target_config=outputs/cluster/g005_keysoftmax_available_target_config.json
output=artifacts/idm/g005_keysoftmax_available_target_cache_migration_summary.json
progress_output=artifacts/idm/g005_keysoftmax_available_target_cache_migration_progress.json
splits=target
{
  "schema": "video_idm_keysoftmax_cache_migration_summary.v1",
  "source_stats_path": "outputs/idm_video_pair_d2e_full_raw112_paper_target/video_idm_stats.json",
  "splits": [
    "target"
  ],
  "status": "pass",
  "target_cache": {
    "bytes": 88088190,
    "manifest_paths": [
      "outputs/idm_video_pair_d2e_full_raw112_keysoftmax_paper_target/video_cache/target/target_all_eval-957f295d6f7fb99f1965.manifest.json",
      "outputs/idm_video_pair_d2e_full_raw112_keysoftmax_paper_target/video_cache/target/target_all_eval-81992d9f768b177ec496.manifest.json",
      "outputs/idm_video_pair_d2e_full_raw112_keysoftmax_paper_target/video_cache/target/target_all_eval-dfe3cad9f77090df37b0.manifest.json",
      "outputs/idm_video_pair_d2e_full_raw112_keysoftmax_paper_target/video_cache/target/target_all_eval-6f26e8003397adec85b1.manifest.json",
      "outputs/idm_video_pair_d2e_full_raw112_keysoftmax_paper_target/video_cache/target/target_all_eval-81aa166508bad3c13e21.manifest.json",
      "outputs/idm_video_pair_d2e_full_raw112_keysoftmax_paper_target/video_cache/target/target_all_eval-97aa588f3df5e29188b4.manifest.json",
      "outputs/idm_video_pair_d2e_full_raw112_keysoftmax_paper_target/video_cache/target/target_all_eval-f3e74df0006b76b7d745.manifest.json",
      "outputs/idm_video_pair_d2e_full_raw112_keysoftmax_paper_target/video_cache/target/target_all_eval-eb377c55defe3fb65143.manifest.json",
      "outputs/idm_video_pair_d2e_full_raw112_keysoftmax_paper_target/video_cache/target/target_all_eval-87e4cc2aef42988bcaa0.manifest.json",
      "outputs/idm_video_pair_d2e_full_raw112_keysoftmax_paper_target/video_cache/target/target_all_eval-d4da615c003d8880b969.manifest.json",
      "outputs/idm_video_pair_d2e_full_raw112_keysoftmax_paper_target/video_cache/target/target_all_eval-848c4a12f25250471ca1.manifest.json",
      "outputs/idm_video_pair_d2e_full_raw112_keysoftmax_paper_target/video_cache/target/target_all_eval-50eaf6dfb7f10d481f14.manifest.json",
      "outputs/idm_video_pair_d2e_full_raw112_keysoftmax_paper_target/video_cache/target/target_all_eval-f5013b1c1ef64f22864a.manifest.json",
      "outputs/idm_video_pair_d2e_full_raw112_keysoftmax_paper_target/video_cache/target/target_all_eval-c0711d399c71804706f6.manifest.json",
      "outputs/idm_video_pair_d2e_full_raw112_keysoftmax_paper_target/video_cache/target/target_all_eval-c7e03b3018976ed72b51.manifest.json",
      "outputs/idm_video_pair_d2e_full_raw112_keysoftmax_paper_target/video_cache/target/target_all_eval-d68ff33b425f4358da94.manifest.json",
      "outputs/idm_video_pair_d2e_full_raw112_keysoftmax_paper_target/video_cache/target/target_all_eval-eaf0bc1f43da15dbb12e.manifest.json",
      "outputs/idm_video_pair_d2e_full_raw112_keysoftmax_paper_target/video_cache/target/target_all_eval-28e6d09ea5f1d2c8de36.manifest.json",
      "outputs/idm_video_pair_d2e_full_raw112_keysoftmax_paper_target/video_cache/target/target_all_eval-ca1501438330dabd8c02.manifest.json",
      "outputs/idm_video_pair_d2e_full_raw112_keysoftmax_paper_target/video_cache/target/target_all_eval-9a4d024826c7dd4dc265.manifest.json",
      "outputs/idm_video_pair_d2e_full_raw112_keysoftmax_paper_target/video_cache/target/target_all_eval-3a4340b32e31eeaa58f6.manifest.json",
      "outputs/idm_video_pair_d2e_full_raw112_keysoftmax_paper_target/video_cache/target/target_all_eval-3f4d0c9add23a981e5a0.manifest.json",
      "outputs/idm_video_pair_d2e_full_raw112_keysoftmax_paper_target/video_cache/target/target_all_eval-40761db7a20b8d319b2e.manifest.json"
    ],
    "rows": 5165227
  },
  "target_category_vocab": 2,
  "target_keyboard_classes": 2374,
  "target_stats_path": "outputs/idm_video_pair_d2e_full_raw112_keysoftmax_paper_target/video_idm_stats.json",
  "train_cache": {
    "bytes": 0,
    "manifest_paths": [],
    "rows": 0
  }
}
finished_at=2026-05-24T11:58:42+00:00
{
  "claim_boundary": "Cache migration lifecycle evidence only; no training or model-quality claim.",
  "exit_code": 0,
  "git_head": "31ffc65b0c761b733a392ac8ef7b1140f780ec33",
  "git_status_short": "?? artifacts/aux/g005_aux_examples_atari_head_probe.json\n?? artifacts/aux/g005_aux_materialization_execute.log\n?? artifacts/aux/g005_aux_materialization_execute_summary.json\n?? artifacts/aux/g005_aux_materialization_watcher.log\n?? artifacts/aux/g005_d2e_aux_train_run.log\n?? artifacts/aux/g005_postrun_watcher.log\n?? artifacts/aux/g005_pre3868187_20260523T044702Z/\n?? artifacts/eval/g002_pvc_action_error_diagnostics_progress.json\n?? artifacts/eval/g002_pvc_action_error_diagnostics_smoke.json\n?? artifacts/eval/g006_gidm_manifest_runner_dry_run.json\n?? artifacts/eval/gidm_manifest_inference_logs/\n?? artifacts/fdm/fdm_bth05_gain_probe_cpu.json\n?? artifacts/fdm/fdm_bth05_gain_probe_cpu.log\n?? artifacts/fdm/fdm_bth05_gain_sweep_h200.json\n?? artifacts/fdm/fdm_bth05_gain_sweep_h200.log\n?? artifacts/fdm/fdm_bth05_pipeline_h200.log\n?? artifacts/fdm/fdm_bth05_regression_h200.log\n?? artifacts/fdm/fdm_knn_shooter64_surface_motion_cpu.log\n?? artifacts/fdm/fdm_knn_shooter64_surface_sweep_h200.log\n?? artifacts/fdm/fdm_regression_gain_probe_cpu.json\n?? artifacts/fdm/fdm_regression_gain_probe_cpu.log\n?? artifacts/fdm/fdm_shooter64_fulltrain_button_sweep_h200.log\n?? artifacts/fdm/fdm_shooter64_recall_beta_sweep_h200.log\n?? artifacts/fdm/fdm_shooter64_surface_motion_fulltrain_h200.log\n?? artifacts/fdm/fdm_shooter64_surface_motion_h200.log\n?? artifacts/fdm/g003_to_g004_chain.log\n?? artifacts/fdm/g003_to_g004_chain_watcher.log\n?? artifacts/fdm/g004_d2e_full_fdm_4xh200.launch.log\n?? artifacts/fdm/g004_d2e_full_fdm_4xh200.log\n?? artifacts/fdm/g004_d2e_full_fdm_4xh200.nohup.log\n?? artifacts/fdm/g004_d2e_full_fdm_4xh200_launcher.log\n?? artifacts/fdm/g004_gpu_idle_restart_backup_20260522T235357Z/\n?? artifacts/fdm/g004_postrun_watcher.log\n?? artifacts/fdm/g004_pull_conflict_backup_20260522T234011Z/\n?? artifacts/fdm/g004_serial_restart_backup_20260522T233926Z/\n?? artifacts/fdm/idm_predict_shooter64_train_from_selected_h200.log\n?? artifacts/idm/g003_accel64_attached_gpu_monitor.log\n?? artifacts/idm/g003_accel64_failed_training_timeout.json\n?? artifacts/idm/g003_accel64_integrated_finalization.log\n?? artifacts/idm/g003_accel64_launch.log\n?? artifacts/idm/g003_accel64_live_health.json\n?? artifacts/idm/g003_accel64_live_health_report.json\n?? artifacts/idm/g003_accel64_parallel_recover_idm_outputs.log\n?? artifacts/idm/g003_accel64_postrun_watcher.log\n?? artifacts/idm/g003_accel64_postrun_watcher_once_probe.json\n?? artifacts/idm/g003_accel64_postrun_watcher_summary.json\n?? artifacts/idm/g003_accel64_progress.json\n?? artifacts/idm/g003_accel64_promotion_backups/\n?? artifacts/idm/g003_accel64_recover_idm_outputs.log\n?? artifacts/idm/g003_accel64_resume_plan.json\n?? artifacts/idm/g003_accel64_shard_29_repair.json\n?? artifacts/idm/g003_accel64_training_resume.log\n?? artifacts/idm/g003_attached_gpu_monitor.log\n?? artifacts/idm/g003_canonical_stop_20260521T171444Z.json\n?? artifacts/idm/g003_d2e_full_idm_4xh200_gpu_monitor_accel64.csv\n?? artifacts/idm/g003_d2e_full_idm_4xh200_gpu_monitor_accel64_attached.json\n?? artifacts/idm/g003_d2e_full_idm_4xh200_gpu_monitor_attached.json\n?? artifacts/idm/g003_d2e_full_idm_run_accel64_isolated.log\n?? artifacts/idm/g003_d2e_full_idm_run_full_compact.log\n?? artifacts/idm/g003_d2e_full_idm_run_full_compact_parallel.json\n?? artifacts/idm/g003_d2e_full_idm_run_full_compact_parallel.log\n?? artifacts/idm/g003_full_idm_progress.json\n?? artifacts/idm/g003_live_health.json\n?? artifacts/idm/g003_postrun_watcher.log\n?? artifacts/idm/g003_postrun_watcher_summary.json\n?? artifacts/idm/g003_restart_20260521T161028Z.json\n?? artifacts/idm/g003_restart_20260521T161637Z.json\n?? artifacts/idm/g005_idm_paper_sum_4xh200.log\n?? artifacts/idm/g005_idm_paper_sum_4xh200_gpu_monitor.csv\n?? artifacts/idm/g005_idm_paper_sum_launcher.log\n?? artifacts/idm/g005_idm_video_pair_raw112_epoch12_closed_target_probe_paper_metrics_progress.json\n?? artifacts/idm/g005_idm_video_pair_raw112_epoch12_recal_fpr05_closed_target_probe_paper_metrics_progress.json\n?? artifacts/idm/g005_idm_video_pair_raw112_epoch12_recal_fpr08_closed_target_probe_paper_metrics_progress.json\n?? artifacts/idm/g005_idm_video_pair_raw112_epoch6_closed_target_probe_paper_metrics_progress.json\n?? artifacts/idm/g005_idm_video_pair_raw112_resume_to12_4xh200.log\n?? artifacts/idm/g005_idm_video_pair_raw112_resume_to6_4xh200.log\n?? artifacts/idm/g005_idm_video_pair_raw112_trainfirst_4xh200.log\n?? artifacts/idm/g005_keysoftmax_available_target_cache_migration.log\n?? artifacts/idm/g005_keysoftmax_available_target_cache_migration.nohup.log\n?? artifacts/idm/g005_keysoftmax_available_target_cache_migration_gpu_monitor.csv\n?? artifacts/idm/g005_keysoftmax_available_target_cache_migration_progress.json\n?? artifacts/idm/g005_keysoftmax_available_target_cache_migration_summary.json\n?? artifacts/idm/g005_keysoftmax_available_target_manifest.json\n?? artifacts/idm/g005_precompute_pause_governor.log\n?? artifacts/idm/g005_video_pair_raw112_cache_precompute.log\n?? artifacts/idm/g005_video_pair_raw112_cache_precompute_bounded.log\n?? artifacts/idm/g005_video_pair_raw112_cache_precompute_restart.log\n?? artifacts/idm/g005_video_pair_raw112_cache_to_prefix_train_watcher.log\n?? artifacts/idm/g005_video_pair_raw112_keysoftmax_cache_migration.log\n?? artifacts/idm/g005_video_pair_raw112_keysoftmax_cache_migration.nohup.log\n?? artifacts/idm/g005_video_pair_raw112_keysoftmax_cache_migration_gpu_monitor.csv\n?? artifacts/idm/g005_video_pair_raw112_keysoftmax_cache_migration_run.json\n?? artifacts/idm/g005_video_pair_raw112_keysoftmax_train_cache_migration.log\n?? artifacts/idm/g005_video_pair_raw112_keysoftmax_train_cache_migration.nohup.log\n?? artifacts/idm/g005_video_pair_raw112_keysoftmax_train_cache_migration_gpu_monitor.csv\n?? artifacts/idm/g005_video_pair_raw112_keysoftmax_train_cache_migration_progress.json\n?? artifacts/idm/g005_video_pair_raw112_keysoftmax_train_cache_migration_run.json\n?? artifacts/idm/g005_video_pair_raw112_keysoftmax_train_cache_migration_summary.json\n?? artifacts/idm/g4_h200_residual_runs.log\n?? artifacts/idm/g4_h200_richmotion16_run.log\n?? artifacts/idm/g4_h200_richmotion36_run.log\n?? artifacts/idm/g4_h200_richmotion36b_run.log\n?? artifacts/idm/g4_h200_shooter32_run.log\n?? artifacts/idm/idm_streaming_d2e_probe_summary.json\n?? artifacts/idm/idm_torch_apex16_capacity_sweep_h200.log\n?? artifacts/idm/idm_torch_apex16_sweep_h200.log\n?? artifacts/idm/idm_torch_shooter32_axis_softmax_motion_sweep_h200.log\n?? artifacts/idm/idm_torch_shooter32_focal_calibrated_sweep_h200.json\n?? artifacts/idm/idm_torch_shooter32_focal_calibrated_sweep_h200.log\n?? artifacts/idm/idm_torch_shooter32_grid8_group_calibrated_sweep_h200.json\n?? artifacts/idm/idm_torch_shooter32_grid8_group_calibrated_sweep_h200.log\n?? artifacts/idm/idm_torch_shooter32_grid8_time_group_calibrated_sweep_h200.log\n?? artifacts/idm/idm_torch_shooter32_luma_temporal_conv_h256_sweep_h200.log\n?? artifacts/idm/idm_torch_shooter32_luma_temporal_conv_sweep_h200.log\n?? artifacts/idm/idm_torch_shooter32_motion_only_residual_sweep_h200.log\n?? artifacts/idm/idm_torch_shooter32_seq_button_softmax_residual_sweep_h200.log\n?? artifacts/idm/idm_torch_shooter32_seq_button_softmax_sweep_h200.log\n?? artifacts/idm/idm_torch_shooter32_seq_button_softmax_sweep_h200_rerun.json\n?? artifacts/idm/idm_torch_shooter32_seq_button_softmax_sweep_h200_rerun.log\n?? artifacts/idm/idm_torch_shooter32_seq_history_sweep_h200.log\n?? artifacts/idm/idm_torch_shooter32_surface_motion_sweep_h200.log\n?? artifacts/idm/idm_torch_shooter32_sweep_h200.log\n?? artifacts/idm/idm_torch_shooter64_surface_motion_sweep_h200.log\n?? artifacts/idm/idm_video_pair_d2e_full_raw112_paper_target_summary.json\n?? artifacts/sources/d2e_full_corpus_decode_summary_accel64.json\n?? artifacts/sources/d2e_full_corpus_probe_fast_summary.json\n?? artifacts/sources/d2e_full_corpus_probe_summary.json\n?? artifacts/sources/d2e_full_corpus_shard_0.log\n?? artifacts/sources/d2e_full_corpus_shard_1.log\n?? artifacts/sources/d2e_full_corpus_shard_10.log\n?? artifacts/sources/d2e_full_corpus_shard_11.log\n?? artifacts/sources/d2e_full_corpus_shard_12.log\n?? artifacts/sources/d2e_full_corpus_shard_13.log\n?? artifacts/sources/d2e_full_corpus_shard_14.log\n?? artifacts/sources/d2e_full_corpus_shard_15.log\n?? artifacts/sources/d2e_full_corpus_shard_16.log\n?? artifacts/sources/d2e_full_corpus_shard_17.log\n?? artifacts/sources/d2e_full_corpus_shard_18.log\n?? artifacts/sources/d2e_full_corpus_shard_19.log\n?? artifacts/sources/d2e_full_corpus_shard_2.log\n?? artifacts/sources/d2e_full_corpus_shard_20.log\n?? artifacts/sources/d2e_full_corpus_shard_21.log\n?? artifacts/sources/d2e_full_corpus_shard_22.log\n?? artifacts/sources/d2e_full_corpus_shard_23.log\n?? artifacts/sources/d2e_full_corpus_shard_24.log\n?? artifacts/sources/d2e_full_corpus_shard_25.log\n?? artifacts/sources/d2e_full_corpus_shard_26.log\n?? artifacts/sources/d2e_full_corpus_shard_27.log\n?? artifacts/sources/d2e_full_corpus_shard_28.log\n?? artifacts/sources/d2e_full_corpus_shard_29.log\n?? artifacts/sources/d2e_full_corpus_shard_3.log\n?? artifacts/sources/d2e_full_corpus_shard_30.log\n?? artifacts/sources/d2e_full_corpus_shard_31.log\n?? artifacts/sources/d2e_full_corpus_shard_32.log\n?? artifacts/sources/d2e_full_corpus_shard_33.log\n?? artifacts/sources/d2e_full_corpus_shard_34.log\n?? artifacts/sources/d2e_full_corpus_shard_35.log\n?? artifacts/sources/d2e_full_corpus_shard_36.log\n?? artifacts/sources/d2e_full_corpus_shard_37.log\n?? artifacts/sources/d2e_full_corpus_shard_38.log\n?? artifacts/sources/d2e_full_corpus_shard_39.log\n?? artifacts/sources/d2e_full_corpus_shard_4.log\n?? artifacts/sources/d2e_full_corpus_shard_40.log\n?? artifacts/sources/d2e_full_corpus_shard_41.log\n?? artifacts/sources/d2e_full_corpus_shard_42.log\n?? artifacts/sources/d2e_full_corpus_shard_43.log\n?? artifacts/sources/d2e_full_corpus_shard_44.log\n?? artifacts/sources/d2e_full_corpus_shard_45.log\n?? artifacts/sources/d2e_full_corpus_shard_46.log\n?? artifacts/sources/d2e_full_corpus_shard_47.log\n?? artifacts/sources/d2e_full_corpus_shard_48.log\n?? artifacts/sources/d2e_full_corpus_shard_49.log\n?? artifacts/sources/d2e_full_corpus_shard_5.log\n?? artifacts/sources/d2e_full_corpus_shard_50.log\n?? artifacts/sources/d2e_full_corpus_shard_51.log\n?? artifacts/sources/d2e_full_corpus_shard_52.log\n?? artifacts/sources/d2e_full_corpus_shard_53.log\n?? artifacts/sources/d2e_full_corpus_shard_54.log\n?? artifacts/sources/d2e_full_corpus_shard_55.log\n?? artifacts/sources/d2e_full_corpus_shard_56.log\n?? artifacts/sources/d2e_full_corpus_shard_57.log\n?? artifacts/sources/d2e_full_corpus_shard_58.log\n?? artifacts/sources/d2e_full_corpus_shard_59.log\n?? artifacts/sources/d2e_full_corpus_shard_6.log\n?? artifacts/sources/d2e_full_corpus_shard_60.log\n?? artifacts/sources/d2e_full_corpus_shard_61.log\n?? artifacts/sources/d2e_full_corpus_shard_62.log\n?? artifacts/sources/d2e_full_corpus_shard_63.log\n?? artifacts/sources/d2e_full_corpus_shard_7.log\n?? artifacts/sources/d2e_full_corpus_shard_8.log\n?? artifacts/sources/d2e_full_corpus_shard_9.log\n?? artifacts/sources/decode_d2e_shooter64_h200.log\n?? artifacts/sources/g003_accel64/\n?? artifacts/sources/g003_restart_archive_20260521T161028Z/\n?? artifacts/sources/g003_restart_archive_20260521T161637Z/",
  "gpu_monitor_log": "artifacts/idm/g005_keysoftmax_available_target_cache_migration_gpu_monitor.csv",
  "gpu_monitor_sha256": "192f439ab86919bac7519306c028fcede1ca719bedf0f59ca98044cf5b8155f3",
  "gpu_monitor_status": {
    "rows": 40,
    "unique_gpu_indices": [
      "0"
    ]
  },
  "log_path": "artifacts/idm/g005_keysoftmax_available_target_cache_migration.log",
  "output": "artifacts/idm/g005_keysoftmax_available_target_cache_migration_summary.json",
  "pid_file": "outputs/cluster/g005_keysoftmax_available_target_cache_migration.pid",
  "progress_output": "artifacts/idm/g005_keysoftmax_available_target_cache_migration_progress.json",
  "progress_sha256": "2b9e0efe87c141becf85a94c8ad2dd724108d1ea5301425ff2e703ab1cfd3fe6",
  "schema": "g005_keysoftmax_cache_migration_run.v1",
  "source_config": "configs/model/idm_video_pair_d2e_full_raw112_paper_target.yaml",
  "splits": "target",
  "summary_sha256": "6a8e53fcaa87525c4cab1e080c633aae9d27227fb2761fd821f7a38231d67fc8",
  "summary_status": "pass",
  "target_cache_bytes": 88088190,
  "target_cache_rows": 5165227,
  "target_category_vocab": 2,
  "target_config": "outputs/cluster/g005_keysoftmax_available_target_config.json",
  "target_keyboard_classes": 2374,
  "train_cache_bytes": 0,
  "train_cache_rows": 0,
  "wall_clock_seconds": 1177
}
