wandb: [wandb.login()] Loaded credentials for https://api.wandb.ai from <wandb_api_key_env>.
wandb: Currently logged in as: pjh6029 (pjh6029-seoul-national-university) to https://api.wandb.ai. Use `wandb login --relogin` to force relogin
wandb: setting up run lg0okc2d
wandb: Tracking run with wandb version 0.27.0
wandb: Run data is saved locally in outputs/wandb/wandb/run-20260529_081609-lg0okc2d
wandb: Run `wandb offline` to turn off syncing.
wandb: Syncing run g005_idm_temporal_masked_diffusion_luma_longctx_slim_fast80k_epoch1
wandb: ‚≠źÔłŹ View project at https://wandb.ai/pjh6029-seoul-national-university/fdm-d2e-reproduction
wandb: ūüöÄ View run at https://wandb.ai/pjh6029-seoul-national-university/fdm-d2e-reproduction/runs/lg0okc2d
wandb: WARNING Tried to log to step 1 that is less than the current step 27. Steps must be monotonically increasing, so this data will be ignored. See https://wandb.me/define-metric to log data out of order.
wandb: updating run metadata
wandb: uploading output.log; uploading wandb-summary.json
wandb:
wandb: Run history:
wandb:        gpu/0/memory_used_mib ‚ĖĀ‚ĖĀ‚ĖĄ‚ĖĄ‚Ėą‚Ėą‚Ėą‚Ėą‚Ėą‚Ėą‚Ėą‚Ėą‚Ėą‚Ėą‚Ėą‚Ėą‚Ėą‚Ėą‚Ėą‚Ėą‚Ėą‚Ėą‚Ėą‚Ėą‚Ėą‚Ėą‚Ėą‚Ėą‚Ėą‚Ėą‚Ėą‚Ėą‚Ėą‚Ėą‚Ėą‚Ėą‚Ėą‚Ėą‚Ėą‚Ėą
wandb:           gpu/0/power_draw_w ‚ĖĀ‚ĖĀ‚ĖĄ‚ĖĄ‚ĖÜ‚Ėą‚Ėá‚Ėą‚ĖÜ‚Ėą‚ĖÜ‚ĖÜ‚Ėą‚Ėą‚Ėą‚Ėą‚Ėá‚Ėá‚Ėą‚Ėą‚Ėą‚Ėą‚Ėá‚Ėá‚Ėá‚Ėá‚Ėā‚Ėā‚Ėā‚Ėā‚Ėā‚ĖÉ‚Ėā‚Ėā‚Ėā‚ĖÉ‚ĖĄ‚ĖĄ‚ĖĄ‚ĖÖ
wandb:    gpu/0/utilization_gpu_pct ‚ĖĀ‚ĖĀ‚ĖÉ‚ĖĀ‚ĖĀ‚ĖĀ‚Ėą‚ĖĀ‚Ėą‚Ėą‚ĖÉ‚Ėą‚Ėą‚ĖĀ‚Ėą‚Ėą‚Ėą‚Ėā‚Ėą‚ĖĀ‚ĖĀ‚Ėą‚ĖĀ‚ĖÖ‚ĖÖ‚ĖÖ‚ĖĀ‚ĖĀ‚ĖĀ‚ĖĀ‚ĖĀ‚ĖĀ‚ĖĀ‚ĖĀ‚ĖĀ‚ĖĀ‚ĖĀ‚ĖĀ‚ĖĀ‚ĖĀ
wandb: gpu/0/utilization_memory_pct ‚ĖĀ‚ĖĀ‚ĖÉ‚ĖĀ‚ĖĀ‚ĖĀ‚Ėą‚ĖĀ‚Ėą‚ĖÖ‚ĖÉ‚Ėá‚ĖÖ‚ĖĀ‚ĖÜ‚ĖÜ‚Ėá‚ĖÉ‚ĖÜ‚ĖĀ‚ĖĀ‚ĖÜ‚ĖĀ‚ĖĄ‚ĖĄ‚ĖĄ‚ĖĀ‚ĖĀ‚ĖĀ‚ĖĀ‚ĖĀ‚ĖĀ‚ĖĀ‚ĖĀ‚ĖĀ‚ĖĀ‚ĖĀ‚ĖĀ‚ĖĀ‚ĖĀ
wandb:               rank/0/batches ‚Ėą‚Ėą‚Ėą‚Ėą‚Ėą‚Ėą‚Ėą‚Ėą‚Ėą‚Ėą‚Ėą‚Ėą‚Ėą‚Ėą‚Ėą‚Ėą‚Ėą‚Ėą‚Ėą‚Ėą‚Ėą‚Ėą‚Ėą‚Ėą‚Ėą‚ĖĀ‚ĖĀ‚ĖĀ‚ĖĀ‚ĖĀ‚ĖĀ‚ĖĀ‚ĖĀ‚ĖĀ‚ĖĀ‚ĖĀ‚ĖĀ
wandb:              rank/0/examples ‚ĖĀ‚Ėā‚ĖĀ‚ĖĀ‚Ėā‚Ėā‚Ėā‚Ėā‚ĖÉ‚ĖÉ‚ĖÉ‚ĖĄ‚ĖĄ‚ĖĄ‚ĖÖ‚ĖÖ‚ĖÖ‚ĖÜ‚ĖÜ‚ĖÜ‚Ėá‚Ėá‚Ėá‚Ėá‚Ėą‚ĖĀ‚ĖĀ‚ĖĀ‚ĖĀ‚ĖĀ‚ĖĀ‚ĖĀ‚ĖĀ‚ĖĀ‚ĖĀ‚ĖĀ‚ĖĀ
wandb:     rank/0/heartbeat_age_sec ‚ĖĀ‚ĖĀ‚ĖĀ‚ĖĀ‚ĖĀ‚ĖĀ‚Ėā‚Ėā‚Ėā‚Ėā‚Ėā‚Ėā‚ĖĀ‚ĖĀ‚ĖĀ‚ĖĀ‚ĖĀ‚ĖĀ‚ĖĀ‚ĖĀ‚Ėā‚ĖĀ‚Ėā‚Ėā‚ĖÉ‚ĖĄ‚ĖÖ‚ĖÜ‚Ėá‚Ėą‚ĖĀ‚ĖĀ‚ĖĀ‚ĖĀ‚ĖĀ‚ĖĀ‚ĖĀ‚ĖĀ‚ĖĀ‚ĖĀ
wandb:                  rank/0/loss ‚ĖĀ‚ĖĀ‚Ėą‚ĖÜ‚ĖÖ‚ĖÖ‚ĖÖ‚ĖÖ‚ĖÖ‚ĖÖ‚ĖÖ‚ĖÖ‚ĖĄ‚ĖĄ‚ĖĄ‚ĖĄ‚ĖĄ‚ĖĄ‚ĖĄ‚ĖĄ‚ĖĄ‚ĖĄ‚ĖĄ‚ĖĄ‚ĖĄ
wandb:                 sidecar/loop ‚ĖĀ‚ĖĀ‚ĖĀ‚ĖĀ‚Ėā‚Ėā‚Ėā‚Ėā‚Ėā‚Ėā‚ĖÉ‚ĖÉ‚ĖÉ‚ĖÉ‚ĖÉ‚ĖĄ‚ĖĄ‚ĖĄ‚ĖĄ‚ĖĄ‚ĖÖ‚ĖÖ‚ĖÖ‚ĖÖ‚ĖÖ‚ĖÖ‚ĖÜ‚ĖÜ‚ĖÜ‚ĖÜ‚ĖÜ‚Ėá‚Ėá‚Ėá‚Ėá‚Ėá‚Ėá‚Ėą‚Ėą‚Ėą
wandb:                 sidecar/time ‚ĖĀ‚ĖĀ‚ĖĀ‚ĖĀ‚Ėā‚Ėā‚Ėā‚Ėā‚Ėā‚Ėā‚Ėā‚ĖÉ‚ĖÉ‚ĖÉ‚ĖÉ‚ĖĄ‚ĖĄ‚ĖĄ‚ĖĄ‚ĖĄ‚ĖĄ‚ĖĄ‚ĖÖ‚ĖÖ‚ĖÖ‚ĖÖ‚ĖÖ‚ĖÖ‚ĖÖ‚ĖÜ‚ĖÜ‚ĖÜ‚Ėá‚Ėá‚Ėá‚Ėá‚Ėá‚Ėá‚Ėá‚Ėą
wandb:
wandb: Run summary:
wandb:        gpu/0/memory_used_mib 45427
wandb:           gpu/0/power_draw_w 231.04
wandb:    gpu/0/utilization_gpu_pct 0
wandb: gpu/0/utilization_memory_pct 0
wandb:               rank/0/batches 79
wandb:              rank/0/examples 5000
wandb:     rank/0/heartbeat_age_sec 20.86732
wandb:                 sidecar/loop 48
wandb:                 sidecar/time 1780043983.1889
wandb:
wandb: ūüöÄ View run g005_idm_temporal_masked_diffusion_luma_longctx_slim_fast80k_epoch1 at: https://wandb.ai/pjh6029-seoul-national-university/fdm-d2e-reproduction/runs/lg0okc2d
wandb: ‚≠źÔłŹ View project at: https://wandb.ai/pjh6029-seoul-national-university/fdm-d2e-reproduction
wandb: Synced 5 W&B file(s), 0 media file(s), 0 artifact file(s) and 0 other file(s)
wandb: Find logs at: outputs/wandb/wandb/run-20260529_081609-lg0okc2d/logs
