started_at=2026-05-25T06:50:36+00:00
git_head=2d52fadd1f9311c2742cab92c005e2ee26c54193
config=configs/model/idm_video_stack_d2e_full_luma96_offsets012_keysoftmax_paper_target.yaml
nproc_per_node=4
gpu_monitor_log=artifacts/idm/g005_idm_video_stack_luma96_offsets012_keysoftmax_4xh200_gpu_monitor.csv
mlxp_reservation_id=rsv-jeonghunpark-20260525-22e263
mlxp_reservation_end_at=2026-05-26T03:00:00+09:00
runtime_overrides=max_target_examples=none skip_prediction=1 epochs=none batch_size=none eval_batch_size=none
effective_config=outputs/cluster/g005_idm_video_stack_luma96_offsets012_keysoftmax_runtime_config.yaml
{"cuda_available": true, "cuda_device_count": 4, "cuda_visible_devices": null, "expected_gpus": 4, "hostname": "prod-rsv-jeonghunpark-20260525-22e263", "rank": 0, "schema": "cluster_gpu_smoke.v1", "status": "passed", "torch_imported": true, "torch_version": "2.12.0+cu130", "world_size": 1}
W0525 06:50:45.878000 277 torch/distributed/run.py:862] 
W0525 06:50:45.878000 277 torch/distributed/run.py:862] *****************************************
W0525 06:50:45.878000 277 torch/distributed/run.py:862] Setting OMP_NUM_THREADS environment variable for each process to be 1 in default, to avoid your system being overloaded, please further tune the variable for optimal performance in your application as needed. 
W0525 06:50:45.878000 277 torch/distributed/run.py:862] *****************************************
[W525 06:50:47.811292967 socket.cpp:764] [c10d] The client socket cannot be initialized to connect to [localhost]:34405 (errno: 97 - Address family not supported by protocol).
[W525 06:50:47.817452447 socket.cpp:764] [c10d] The client socket cannot be initialized to connect to [::ffff:127.0.0.1]:34405 (errno: 97 - Address family not supported by protocol).
[W525 06:50:47.820761622 socket.cpp:764] [c10d] The client socket cannot be initialized to connect to [::ffff:127.0.0.1]:34405 (errno: 97 - Address family not supported by protocol).
[W525 06:50:47.965076931 socket.cpp:764] [c10d] The client socket cannot be initialized to connect to [::ffff:198.18.84.78]:33075 (errno: 97 - Address family not supported by protocol).
[W525 06:50:50.286135690 socket.cpp:764] [c10d] The client socket cannot be initialized to connect to [::ffff:198.18.84.78]:33075 (errno: 97 - Address family not supported by protocol).
[W525 06:50:50.405181180 socket.cpp:764] [c10d] The client socket cannot be initialized to connect to [::ffff:198.18.84.78]:33075 (errno: 97 - Address family not supported by protocol).
[W525 06:50:50.411160298 socket.cpp:764] [c10d] The client socket cannot be initialized to connect to [::ffff:198.18.84.78]:33075 (errno: 97 - Address family not supported by protocol).
/mnt/ddn/prod-runs/jeonghunpark/code/continuous-gui-poc/fdm-d2e-reproduction/.venv/lib/python3.11/site-packages/torch/distributed/c10d_logger.py:83: UserWarning: barrier(): using the device under current context. You can specify `device_id` in `init_process_group` to mute this warning.
  return func(*args, **kwargs)
[rank0]:[W525 06:50:50.429357382 ProcessGroupNCCL.cpp:5324] Guessing device ID based on global rank. This can cause a hang if rank to GPU mapping is heterogeneous. You can specify device_id in init_process_group()
[W525 06:50:50.430654055 socket.cpp:764] [c10d] The client socket cannot be initialized to connect to [::ffff:198.18.84.78]:33075 (errno: 97 - Address family not supported by protocol).
/mnt/ddn/prod-runs/jeonghunpark/code/continuous-gui-poc/fdm-d2e-reproduction/.venv/lib/python3.11/site-packages/torch/distributed/c10d_logger.py:83: UserWarning: barrier(): using the device under current context. You can specify `device_id` in `init_process_group` to mute this warning.
  return func(*args, **kwargs)
/mnt/ddn/prod-runs/jeonghunpark/code/continuous-gui-poc/fdm-d2e-reproduction/.venv/lib/python3.11/site-packages/torch/distributed/c10d_logger.py:83: UserWarning: barrier(): using the device under current context. You can specify `device_id` in `init_process_group` to mute this warning.
  return func(*args, **kwargs)
/mnt/ddn/prod-runs/jeonghunpark/code/continuous-gui-poc/fdm-d2e-reproduction/.venv/lib/python3.11/site-packages/torch/distributed/c10d_logger.py:83: UserWarning: barrier(): using the device under current context. You can specify `device_id` in `init_process_group` to mute this warning.
  return func(*args, **kwargs)
/mnt/ddn/prod-runs/jeonghunpark/code/continuous-gui-poc/fdm-d2e-reproduction/.venv/lib/python3.11/site-packages/torch/distributed/c10d_logger.py:83: UserWarning: barrier(): using the device under current context. You can specify `device_id` in `init_process_group` to mute this warning.
  return func(*args, **kwargs)
/mnt/ddn/prod-runs/jeonghunpark/code/continuous-gui-poc/fdm-d2e-reproduction/.venv/lib/python3.11/site-packages/torch/distributed/c10d_logger.py:83: UserWarning: barrier(): using the device under current context. You can specify `device_id` in `init_process_group` to mute this warning.
  return func(*args, **kwargs)
/mnt/ddn/prod-runs/jeonghunpark/code/continuous-gui-poc/fdm-d2e-reproduction/.venv/lib/python3.11/site-packages/torch/distributed/c10d_logger.py:83: UserWarning: barrier(): using the device under current context. You can specify `device_id` in `init_process_group` to mute this warning.
  return func(*args, **kwargs)
/mnt/ddn/prod-runs/jeonghunpark/code/continuous-gui-poc/fdm-d2e-reproduction/.venv/lib/python3.11/site-packages/torch/distributed/c10d_logger.py:83: UserWarning: barrier(): using the device under current context. You can specify `device_id` in `init_process_group` to mute this warning.
  return func(*args, **kwargs)
/mnt/ddn/prod-runs/jeonghunpark/code/continuous-gui-poc/fdm-d2e-reproduction/.venv/lib/python3.11/site-packages/torch/distributed/c10d_logger.py:83: UserWarning: barrier(): using the device under current context. You can specify `device_id` in `init_process_group` to mute this warning.
  return func(*args, **kwargs)
/mnt/ddn/prod-runs/jeonghunpark/code/continuous-gui-poc/fdm-d2e-reproduction/.venv/lib/python3.11/site-packages/torch/distributed/c10d_logger.py:83: UserWarning: barrier(): using the device under current context. You can specify `device_id` in `init_process_group` to mute this warning.
  return func(*args, **kwargs)
/mnt/ddn/prod-runs/jeonghunpark/code/continuous-gui-poc/fdm-d2e-reproduction/.venv/lib/python3.11/site-packages/torch/distributed/c10d_logger.py:83: UserWarning: barrier(): using the device under current context. You can specify `device_id` in `init_process_group` to mute this warning.
  return func(*args, **kwargs)
video IDM worker complete: rank=2 world_size=4 status=worker_complete
video IDM worker complete: rank=3 world_size=4 status=worker_complete
video IDM worker complete: rank=1 world_size=4 status=worker_complete
trained video IDM: model=video_stack_idm_d2e_full_luma96_offsets012_keysoftmax_paper_target device=cuda:0 train=19211006 target=0 metrics=outputs/idm_video_stack_d2e_full_luma96_offsets012_keysoftmax_paper_target/metrics.json
finished_at=2026-05-25T09:28:34+00:00
