wandb: [wandb.login()] Loaded credentials for https://api.wandb.ai from WANDB_API_KEY.
wandb: Currently logged in as: pjh6029 (pjh6029-seoul-national-university) to https://api.wandb.ai. Use `wandb login --relogin` to force relogin
wandb: setting up run liod5qkt
wandb: Tracking run with wandb version 0.27.0
wandb: Run data is saved locally in outputs/wandb/wandb/run-20260531_054047-liod5qkt
wandb: Run `wandb offline` to turn off syncing.
wandb: Syncing run g005_idm_temporal_masked_diffusion_raw96_patch_axisclass_realvideo_statectx_public49_cache_train320k_target24k
wandb: ⭐️ View project at https://wandb.ai/pjh6029-seoul-national-university/fdm-d2e-reproduction
wandb: 🚀 View run at https://wandb.ai/pjh6029-seoul-national-university/fdm-d2e-reproduction/runs/liod5qkt
wandb: WARNING Tried to log to step 1 that is less than the current step 50. Steps must be monotonically increasing, so this data will be ignored. See https://wandb.me/define-metric to log data out of order.
wandb: WARNING Tried to log to step 2 that is less than the current step 50. Steps must be monotonically increasing, so this data will be ignored. See https://wandb.me/define-metric to log data out of order.
wandb: WARNING Tried to log to step 3 that is less than the current step 50. Steps must be monotonically increasing, so this data will be ignored. See https://wandb.me/define-metric to log data out of order.
wandb: WARNING Tried to log to step 4 that is less than the current step 50. Steps must be monotonically increasing, so this data will be ignored. See https://wandb.me/define-metric to log data out of order.
wandb: WARNING Tried to log to step 5 that is less than the current step 50. Steps must be monotonically increasing, so this data will be ignored. See https://wandb.me/define-metric to log data out of order.
wandb: WARNING Tried to log to step 6 that is less than the current step 50. Steps must be monotonically increasing, so this data will be ignored. See https://wandb.me/define-metric to log data out of order.
wandb: updating run metadata
wandb: uploading history steps 112-112, summary
wandb:
wandb: Run history:
wandb:        gpu/0/memory_used_mib ▁▅▅▆▆▆▆▆▆▆▆▆▆▆▆█████████████████████████
wandb:           gpu/0/power_draw_w ▁▁▁▇▇█████████████▂▂▂▂▅▆▂▂▄▂▂▂▂▃▂▂▂▃▂▄▂▂
wandb:    gpu/0/utilization_gpu_pct ▁▇▇▇▆▇▇▆▇▇█▇▇▆▇▇██▁▁▁▁▆▁▁▁▁▁▁▁▁▁▁▁▁▁▁▁▁▁
wandb: gpu/0/utilization_memory_pct ▁▁▁████▆▆▆▆▇▇▆▆▇▆▇▆▁▁▁▁▁▆▁▁▁▁▁▁▁▁▁▁▁▁▁▁▁
wandb:        gpu/1/memory_used_mib ▁▃▃▃▃████████████████████▁▁▁▁▁▁▁▁▁▁▁▁▁▁▁
wandb:           gpu/1/power_draw_w ▁▁▂▂▂██████████████▁▁▁▁▁▁▁▁▁▁▁▁▁▁▁▁▁▁▁▁▁
wandb:    gpu/1/utilization_gpu_pct ▁▁█▅▅▆▅▅▆▅▅▆▅▅▅▆▁▁▁▁▁▁▁▁▁▁▁▁▁▁▁▁▁▁▁▁▁▁▁▁
wandb: gpu/1/utilization_memory_pct ▁▁▁▁▁▇▇█▇▇▇▇▇▇▇▇▇▇▇▇▁▁▁▁▁▁▁▁▁▁▁▁▁▁▁▁▁▁▁▁
wandb:        gpu/2/memory_used_mib ▁▁▃▃███████████████▁▁▁▁▁▁▁▁▁▁▁▁▁▁▁▁▁▁▁▁▁
wandb:           gpu/2/power_draw_w ▁▁▂▂▂████████████▁▁▁▁▁▁▁▁▁▁▁▁▁▁▁▁▁▁▁▁▁▁▁
wandb:                          +24 ...
wandb:
wandb: Run summary:
wandb:        gpu/0/memory_used_mib 7743
wandb:           gpu/0/power_draw_w 118.2
wandb:    gpu/0/utilization_gpu_pct 0
wandb: gpu/0/utilization_memory_pct 0
wandb:        gpu/1/memory_used_mib 4
wandb:           gpu/1/power_draw_w 75.54
wandb:    gpu/1/utilization_gpu_pct 0
wandb: gpu/1/utilization_memory_pct 0
wandb:        gpu/2/memory_used_mib 4
wandb:           gpu/2/power_draw_w 82.85
wandb:                          +23 ...
wandb:
wandb: 🚀 View run g005_idm_temporal_masked_diffusion_raw96_patch_axisclass_realvideo_statectx_public49_cache_train320k_target24k at: https://wandb.ai/pjh6029-seoul-national-university/fdm-d2e-reproduction/runs/liod5qkt
wandb: ⭐️ View project at: https://wandb.ai/pjh6029-seoul-national-university/fdm-d2e-reproduction
wandb: Synced 5 W&B file(s), 0 media file(s), 0 artifact file(s) and 0 other file(s)
wandb: Find logs at: outputs/wandb/wandb/run-20260531_054047-liod5qkt/logs
