started_at=2026-05-24T13:42:11+00:00
git_head=0bfa03b8beab967f6b2e43393a16faf831a10c6d
config=configs/model/idm_streaming_d2e_full_luma_pair_exactset_history_paper_target.yaml
workers=32
summary=artifacts/idm/g005_idm_exactset_history_precompute_summary.json
progress=artifacts/idm/g005_idm_exactset_history_precompute_progress.json
precomputed streaming IDM stats: path=outputs/idm_streaming_d2e_full_luma_pair_exactset_history_paper_target/streaming_stats.json examples=19211006 input_dim=1583
{
  "bytes": 122272052607,
  "cache_dir": "outputs/idm_streaming_d2e_full_luma_pair_exactset_history_paper_target/train_cache",
  "claim_boundary": "Standalone cache precompute prepares streaming IDM DDP input; it is not model-quality evidence.",
  "config": "configs/model/idm_streaming_d2e_full_luma_pair_exactset_history_paper_target.yaml",
  "force_rebuild": false,
  "manifest_count": 64,
  "manifest_paths": [
    "outputs/idm_streaming_d2e_full_luma_pair_exactset_history_paper_target/train_cache/train_core-7716bbb3cca4d9f67884.manifest.json",
    "outputs/idm_streaming_d2e_full_luma_pair_exactset_history_paper_target/train_cache/train_core-5c23f98ea8a60f539d75.manifest.json",
    "outputs/idm_streaming_d2e_full_luma_pair_exactset_history_paper_target/train_cache/train_core-2dba7dc4fc86878e43e3.manifest.json",
    "outputs/idm_streaming_d2e_full_luma_pair_exactset_history_paper_target/train_cache/train_core-095fa303761086082b0f.manifest.json",
    "outputs/idm_streaming_d2e_full_luma_pair_exactset_history_paper_target/train_cache/train_core-2786581aa24eb905c446.manifest.json",
    "outputs/idm_streaming_d2e_full_luma_pair_exactset_history_paper_target/train_cache/train_core-e9a82ec0fcc51560b94e.manifest.json",
    "outputs/idm_streaming_d2e_full_luma_pair_exactset_history_paper_target/train_cache/train_core-ef7dae423701ac5ce3ab.manifest.json",
    "outputs/idm_streaming_d2e_full_luma_pair_exactset_history_paper_target/train_cache/train_core-3534121cd5e5db103671.manifest.json",
    "outputs/idm_streaming_d2e_full_luma_pair_exactset_history_paper_target/train_cache/train_core-8b997bb1eb5288cf8430.manifest.json",
    "outputs/idm_streaming_d2e_full_luma_pair_exactset_history_paper_target/train_cache/train_core-9ed35c72076baa19ed3e.manifest.json",
    "outputs/idm_streaming_d2e_full_luma_pair_exactset_history_paper_target/train_cache/train_core-da63ba4674421948e4a3.manifest.json",
    "outputs/idm_streaming_d2e_full_luma_pair_exactset_history_paper_target/train_cache/train_core-fd3eb97dd1bebc1b0763.manifest.json",
    "outputs/idm_streaming_d2e_full_luma_pair_exactset_history_paper_target/train_cache/train_core-968672f506ed20b02908.manifest.json",
    "outputs/idm_streaming_d2e_full_luma_pair_exactset_history_paper_target/train_cache/train_core-c21146928ffdc6770bdf.manifest.json",
    "outputs/idm_streaming_d2e_full_luma_pair_exactset_history_paper_target/train_cache/train_core-874112a68ac197691a4a.manifest.json",
    "outputs/idm_streaming_d2e_full_luma_pair_exactset_history_paper_target/train_cache/train_core-075592bce958066ad894.manifest.json",
    "outputs/idm_streaming_d2e_full_luma_pair_exactset_history_paper_target/train_cache/train_core-b5fbb0374c524e243a42.manifest.json",
    "outputs/idm_streaming_d2e_full_luma_pair_exactset_history_paper_target/train_cache/train_core-a068917500df1cd1f5db.manifest.json",
    "outputs/idm_streaming_d2e_full_luma_pair_exactset_history_paper_target/train_cache/train_core-1f54f63256d3de6a1c9a.manifest.json",
    "outputs/idm_streaming_d2e_full_luma_pair_exactset_history_paper_target/train_cache/train_core-b9403320347c33774298.manifest.json",
    "outputs/idm_streaming_d2e_full_luma_pair_exactset_history_paper_target/train_cache/train_core-ddf1d5eb92870b581ac5.manifest.json",
    "outputs/idm_streaming_d2e_full_luma_pair_exactset_history_paper_target/train_cache/train_core-3b5f0a2dd3d38b3e6984.manifest.json",
    "outputs/idm_streaming_d2e_full_luma_pair_exactset_history_paper_target/train_cache/train_core-beb498b06204c6b59407.manifest.json",
    "outputs/idm_streaming_d2e_full_luma_pair_exactset_history_paper_target/train_cache/train_core-37de22f93992a259d7b5.manifest.json",
    "outputs/idm_streaming_d2e_full_luma_pair_exactset_history_paper_target/train_cache/train_core-74e65ca623e9bad5a2af.manifest.json",
    "outputs/idm_streaming_d2e_full_luma_pair_exactset_history_paper_target/train_cache/train_core-2aa555635df73c4de039.manifest.json",
    "outputs/idm_streaming_d2e_full_luma_pair_exactset_history_paper_target/train_cache/train_core-e744230d90f82dabed71.manifest.json",
    "outputs/idm_streaming_d2e_full_luma_pair_exactset_history_paper_target/train_cache/train_core-2aff955e4e0cba385ba4.manifest.json",
    "outputs/idm_streaming_d2e_full_luma_pair_exactset_history_paper_target/train_cache/train_core-ae241e40b25242fbbeff.manifest.json",
    "outputs/idm_streaming_d2e_full_luma_pair_exactset_history_paper_target/train_cache/train_core-2964e046cc9ac2c29bd1.manifest.json",
    "outputs/idm_streaming_d2e_full_luma_pair_exactset_history_paper_target/train_cache/train_core-a9e21c5428d1357015af.manifest.json",
    "outputs/idm_streaming_d2e_full_luma_pair_exactset_history_paper_target/train_cache/train_core-6e23070a6877a91cdb40.manifest.json",
    "outputs/idm_streaming_d2e_full_luma_pair_exactset_history_paper_target/train_cache/train_core-da47fd02e5afde565cb7.manifest.json",
    "outputs/idm_streaming_d2e_full_luma_pair_exactset_history_paper_target/train_cache/train_core-c1e05c70cb40de70cc46.manifest.json",
    "outputs/idm_streaming_d2e_full_luma_pair_exactset_history_paper_target/train_cache/train_core-310c1f00c1a203c85863.manifest.json",
    "outputs/idm_streaming_d2e_full_luma_pair_exactset_history_paper_target/train_cache/train_core-3b5d209ff9dc49cca613.manifest.json",
    "outputs/idm_streaming_d2e_full_luma_pair_exactset_history_paper_target/train_cache/train_core-e0e8ef1f4af83bc26069.manifest.json",
    "outputs/idm_streaming_d2e_full_luma_pair_exactset_history_paper_target/train_cache/train_core-ba4829e24f8c67117159.manifest.json",
    "outputs/idm_streaming_d2e_full_luma_pair_exactset_history_paper_target/train_cache/train_core-04f9ea6348c44cc1802e.manifest.json",
    "outputs/idm_streaming_d2e_full_luma_pair_exactset_history_paper_target/train_cache/train_core-0065a56f469a7f56a0ac.manifest.json",
    "outputs/idm_streaming_d2e_full_luma_pair_exactset_history_paper_target/train_cache/train_core-fe73b783d47b52926b26.manifest.json",
    "outputs/idm_streaming_d2e_full_luma_pair_exactset_history_paper_target/train_cache/train_core-075893b567809c6e2266.manifest.json",
    "outputs/idm_streaming_d2e_full_luma_pair_exactset_history_paper_target/train_cache/train_core-5f5ed54d7173aed826fa.manifest.json",
    "outputs/idm_streaming_d2e_full_luma_pair_exactset_history_paper_target/train_cache/train_core-19bb6159871d5fe55485.manifest.json",
    "outputs/idm_streaming_d2e_full_luma_pair_exactset_history_paper_target/train_cache/train_core-ea42f1b8b26686f17e92.manifest.json",
    "outputs/idm_streaming_d2e_full_luma_pair_exactset_history_paper_target/train_cache/train_core-6d2256eccf05a07ea388.manifest.json",
    "outputs/idm_streaming_d2e_full_luma_pair_exactset_history_paper_target/train_cache/train_core-d5312b8ad222d3ba5efc.manifest.json",
    "outputs/idm_streaming_d2e_full_luma_pair_exactset_history_paper_target/train_cache/train_core-9e0d1c5e7107fcec74ca.manifest.json",
    "outputs/idm_streaming_d2e_full_luma_pair_exactset_history_paper_target/train_cache/train_core-027569b437bf9a8eef30.manifest.json",
    "outputs/idm_streaming_d2e_full_luma_pair_exactset_history_paper_target/train_cache/train_core-4bfe3910317ecda8be67.manifest.json",
    "outputs/idm_streaming_d2e_full_luma_pair_exactset_history_paper_target/train_cache/train_core-e6aaba6530dd101ef7b7.manifest.json",
    "outputs/idm_streaming_d2e_full_luma_pair_exactset_history_paper_target/train_cache/train_core-0b57c982fed53f01ebd8.manifest.json",
    "outputs/idm_streaming_d2e_full_luma_pair_exactset_history_paper_target/train_cache/train_core-694d1fbebff829c0f222.manifest.json",
    "outputs/idm_streaming_d2e_full_luma_pair_exactset_history_paper_target/train_cache/train_core-220d2a2010a8ff38b83a.manifest.json",
    "outputs/idm_streaming_d2e_full_luma_pair_exactset_history_paper_target/train_cache/train_core-80c858dd260046950c25.manifest.json",
    "outputs/idm_streaming_d2e_full_luma_pair_exactset_history_paper_target/train_cache/train_core-97aa309885a906b9d221.manifest.json",
    "outputs/idm_streaming_d2e_full_luma_pair_exactset_history_paper_target/train_cache/train_core-88f78a430b3f312864e1.manifest.json",
    "outputs/idm_streaming_d2e_full_luma_pair_exactset_history_paper_target/train_cache/train_core-13da2a1e189fab03439c.manifest.json",
    "outputs/idm_streaming_d2e_full_luma_pair_exactset_history_paper_target/train_cache/train_core-0163aab8975a906fc93b.manifest.json",
    "outputs/idm_streaming_d2e_full_luma_pair_exactset_history_paper_target/train_cache/train_core-6846e74c083afc72ce71.manifest.json",
    "outputs/idm_streaming_d2e_full_luma_pair_exactset_history_paper_target/train_cache/train_core-2949852dc50c39147cbd.manifest.json",
    "outputs/idm_streaming_d2e_full_luma_pair_exactset_history_paper_target/train_cache/train_core-a70470e4402e9e308a50.manifest.json",
    "outputs/idm_streaming_d2e_full_luma_pair_exactset_history_paper_target/train_cache/train_core-96ae7561a6d3c6b5d260.manifest.json",
    "outputs/idm_streaming_d2e_full_luma_pair_exactset_history_paper_target/train_cache/train_core-67bd81c0758b592bb8fb.manifest.json"
  ],
  "record_paths": 64,
  "rows": 19211006,
  "schema": "streaming_idm_training_cache_precompute_summary.v1",
  "stats_path": "outputs/idm_streaming_d2e_full_luma_pair_exactset_history_paper_target/streaming_stats.json",
  "stats_precomputed": false,
  "status": "pass",
  "validate_only": false,
  "wall_clock_seconds": 3624.817614555359,
  "workers": 32
}
{
  "bytes": 122272052607,
  "cache_dir": "outputs/idm_streaming_d2e_full_luma_pair_exactset_history_paper_target/train_cache",
  "claim_boundary": "Standalone cache precompute prepares streaming IDM DDP input; it is not model-quality evidence.",
  "config": "configs/model/idm_streaming_d2e_full_luma_pair_exactset_history_paper_target.yaml",
  "force_rebuild": false,
  "manifest_count": 64,
  "manifest_paths": [
    "outputs/idm_streaming_d2e_full_luma_pair_exactset_history_paper_target/train_cache/train_core-7716bbb3cca4d9f67884.manifest.json",
    "outputs/idm_streaming_d2e_full_luma_pair_exactset_history_paper_target/train_cache/train_core-5c23f98ea8a60f539d75.manifest.json",
    "outputs/idm_streaming_d2e_full_luma_pair_exactset_history_paper_target/train_cache/train_core-2dba7dc4fc86878e43e3.manifest.json",
    "outputs/idm_streaming_d2e_full_luma_pair_exactset_history_paper_target/train_cache/train_core-095fa303761086082b0f.manifest.json",
    "outputs/idm_streaming_d2e_full_luma_pair_exactset_history_paper_target/train_cache/train_core-2786581aa24eb905c446.manifest.json",
    "outputs/idm_streaming_d2e_full_luma_pair_exactset_history_paper_target/train_cache/train_core-e9a82ec0fcc51560b94e.manifest.json",
    "outputs/idm_streaming_d2e_full_luma_pair_exactset_history_paper_target/train_cache/train_core-ef7dae423701ac5ce3ab.manifest.json",
    "outputs/idm_streaming_d2e_full_luma_pair_exactset_history_paper_target/train_cache/train_core-3534121cd5e5db103671.manifest.json",
    "outputs/idm_streaming_d2e_full_luma_pair_exactset_history_paper_target/train_cache/train_core-8b997bb1eb5288cf8430.manifest.json",
    "outputs/idm_streaming_d2e_full_luma_pair_exactset_history_paper_target/train_cache/train_core-9ed35c72076baa19ed3e.manifest.json",
    "outputs/idm_streaming_d2e_full_luma_pair_exactset_history_paper_target/train_cache/train_core-da63ba4674421948e4a3.manifest.json",
    "outputs/idm_streaming_d2e_full_luma_pair_exactset_history_paper_target/train_cache/train_core-fd3eb97dd1bebc1b0763.manifest.json",
    "outputs/idm_streaming_d2e_full_luma_pair_exactset_history_paper_target/train_cache/train_core-968672f506ed20b02908.manifest.json",
    "outputs/idm_streaming_d2e_full_luma_pair_exactset_history_paper_target/train_cache/train_core-c21146928ffdc6770bdf.manifest.json",
    "outputs/idm_streaming_d2e_full_luma_pair_exactset_history_paper_target/train_cache/train_core-874112a68ac197691a4a.manifest.json",
    "outputs/idm_streaming_d2e_full_luma_pair_exactset_history_paper_target/train_cache/train_core-075592bce958066ad894.manifest.json",
    "outputs/idm_streaming_d2e_full_luma_pair_exactset_history_paper_target/train_cache/train_core-b5fbb0374c524e243a42.manifest.json",
    "outputs/idm_streaming_d2e_full_luma_pair_exactset_history_paper_target/train_cache/train_core-a068917500df1cd1f5db.manifest.json",
    "outputs/idm_streaming_d2e_full_luma_pair_exactset_history_paper_target/train_cache/train_core-1f54f63256d3de6a1c9a.manifest.json",
    "outputs/idm_streaming_d2e_full_luma_pair_exactset_history_paper_target/train_cache/train_core-b9403320347c33774298.manifest.json",
    "outputs/idm_streaming_d2e_full_luma_pair_exactset_history_paper_target/train_cache/train_core-ddf1d5eb92870b581ac5.manifest.json",
    "outputs/idm_streaming_d2e_full_luma_pair_exactset_history_paper_target/train_cache/train_core-3b5f0a2dd3d38b3e6984.manifest.json",
    "outputs/idm_streaming_d2e_full_luma_pair_exactset_history_paper_target/train_cache/train_core-beb498b06204c6b59407.manifest.json",
    "outputs/idm_streaming_d2e_full_luma_pair_exactset_history_paper_target/train_cache/train_core-37de22f93992a259d7b5.manifest.json",
    "outputs/idm_streaming_d2e_full_luma_pair_exactset_history_paper_target/train_cache/train_core-74e65ca623e9bad5a2af.manifest.json",
    "outputs/idm_streaming_d2e_full_luma_pair_exactset_history_paper_target/train_cache/train_core-2aa555635df73c4de039.manifest.json",
    "outputs/idm_streaming_d2e_full_luma_pair_exactset_history_paper_target/train_cache/train_core-e744230d90f82dabed71.manifest.json",
    "outputs/idm_streaming_d2e_full_luma_pair_exactset_history_paper_target/train_cache/train_core-2aff955e4e0cba385ba4.manifest.json",
    "outputs/idm_streaming_d2e_full_luma_pair_exactset_history_paper_target/train_cache/train_core-ae241e40b25242fbbeff.manifest.json",
    "outputs/idm_streaming_d2e_full_luma_pair_exactset_history_paper_target/train_cache/train_core-2964e046cc9ac2c29bd1.manifest.json",
    "outputs/idm_streaming_d2e_full_luma_pair_exactset_history_paper_target/train_cache/train_core-a9e21c5428d1357015af.manifest.json",
    "outputs/idm_streaming_d2e_full_luma_pair_exactset_history_paper_target/train_cache/train_core-6e23070a6877a91cdb40.manifest.json",
    "outputs/idm_streaming_d2e_full_luma_pair_exactset_history_paper_target/train_cache/train_core-da47fd02e5afde565cb7.manifest.json",
    "outputs/idm_streaming_d2e_full_luma_pair_exactset_history_paper_target/train_cache/train_core-c1e05c70cb40de70cc46.manifest.json",
    "outputs/idm_streaming_d2e_full_luma_pair_exactset_history_paper_target/train_cache/train_core-310c1f00c1a203c85863.manifest.json",
    "outputs/idm_streaming_d2e_full_luma_pair_exactset_history_paper_target/train_cache/train_core-3b5d209ff9dc49cca613.manifest.json",
    "outputs/idm_streaming_d2e_full_luma_pair_exactset_history_paper_target/train_cache/train_core-e0e8ef1f4af83bc26069.manifest.json",
    "outputs/idm_streaming_d2e_full_luma_pair_exactset_history_paper_target/train_cache/train_core-ba4829e24f8c67117159.manifest.json",
    "outputs/idm_streaming_d2e_full_luma_pair_exactset_history_paper_target/train_cache/train_core-04f9ea6348c44cc1802e.manifest.json",
    "outputs/idm_streaming_d2e_full_luma_pair_exactset_history_paper_target/train_cache/train_core-0065a56f469a7f56a0ac.manifest.json",
    "outputs/idm_streaming_d2e_full_luma_pair_exactset_history_paper_target/train_cache/train_core-fe73b783d47b52926b26.manifest.json",
    "outputs/idm_streaming_d2e_full_luma_pair_exactset_history_paper_target/train_cache/train_core-075893b567809c6e2266.manifest.json",
    "outputs/idm_streaming_d2e_full_luma_pair_exactset_history_paper_target/train_cache/train_core-5f5ed54d7173aed826fa.manifest.json",
    "outputs/idm_streaming_d2e_full_luma_pair_exactset_history_paper_target/train_cache/train_core-19bb6159871d5fe55485.manifest.json",
    "outputs/idm_streaming_d2e_full_luma_pair_exactset_history_paper_target/train_cache/train_core-ea42f1b8b26686f17e92.manifest.json",
    "outputs/idm_streaming_d2e_full_luma_pair_exactset_history_paper_target/train_cache/train_core-6d2256eccf05a07ea388.manifest.json",
    "outputs/idm_streaming_d2e_full_luma_pair_exactset_history_paper_target/train_cache/train_core-d5312b8ad222d3ba5efc.manifest.json",
    "outputs/idm_streaming_d2e_full_luma_pair_exactset_history_paper_target/train_cache/train_core-9e0d1c5e7107fcec74ca.manifest.json",
    "outputs/idm_streaming_d2e_full_luma_pair_exactset_history_paper_target/train_cache/train_core-027569b437bf9a8eef30.manifest.json",
    "outputs/idm_streaming_d2e_full_luma_pair_exactset_history_paper_target/train_cache/train_core-4bfe3910317ecda8be67.manifest.json",
    "outputs/idm_streaming_d2e_full_luma_pair_exactset_history_paper_target/train_cache/train_core-e6aaba6530dd101ef7b7.manifest.json",
    "outputs/idm_streaming_d2e_full_luma_pair_exactset_history_paper_target/train_cache/train_core-0b57c982fed53f01ebd8.manifest.json",
    "outputs/idm_streaming_d2e_full_luma_pair_exactset_history_paper_target/train_cache/train_core-694d1fbebff829c0f222.manifest.json",
    "outputs/idm_streaming_d2e_full_luma_pair_exactset_history_paper_target/train_cache/train_core-220d2a2010a8ff38b83a.manifest.json",
    "outputs/idm_streaming_d2e_full_luma_pair_exactset_history_paper_target/train_cache/train_core-80c858dd260046950c25.manifest.json",
    "outputs/idm_streaming_d2e_full_luma_pair_exactset_history_paper_target/train_cache/train_core-97aa309885a906b9d221.manifest.json",
    "outputs/idm_streaming_d2e_full_luma_pair_exactset_history_paper_target/train_cache/train_core-88f78a430b3f312864e1.manifest.json",
    "outputs/idm_streaming_d2e_full_luma_pair_exactset_history_paper_target/train_cache/train_core-13da2a1e189fab03439c.manifest.json",
    "outputs/idm_streaming_d2e_full_luma_pair_exactset_history_paper_target/train_cache/train_core-0163aab8975a906fc93b.manifest.json",
    "outputs/idm_streaming_d2e_full_luma_pair_exactset_history_paper_target/train_cache/train_core-6846e74c083afc72ce71.manifest.json",
    "outputs/idm_streaming_d2e_full_luma_pair_exactset_history_paper_target/train_cache/train_core-2949852dc50c39147cbd.manifest.json",
    "outputs/idm_streaming_d2e_full_luma_pair_exactset_history_paper_target/train_cache/train_core-a70470e4402e9e308a50.manifest.json",
    "outputs/idm_streaming_d2e_full_luma_pair_exactset_history_paper_target/train_cache/train_core-96ae7561a6d3c6b5d260.manifest.json",
    "outputs/idm_streaming_d2e_full_luma_pair_exactset_history_paper_target/train_cache/train_core-67bd81c0758b592bb8fb.manifest.json"
  ],
  "record_paths": 64,
  "rows": 19211006,
  "schema": "streaming_idm_training_cache_precompute_summary.v1",
  "stats_path": "outputs/idm_streaming_d2e_full_luma_pair_exactset_history_paper_target/streaming_stats.json",
  "stats_precomputed": false,
  "status": "pass",
  "validate_only": true,
  "wall_clock_seconds": 0.9451761245727539,
  "workers": 32
}
finished_at=2026-05-24T16:08:21+00:00
